[2025-01-12 16:20:32,355][utils.py][line:63][INFO] Hyperparameters:
[2025-01-12 16:20:32,355][utils.py][line:65][INFO] batch_size: 16
[2025-01-12 16:20:32,355][utils.py][line:65][INFO] data_root: data
[2025-01-12 16:20:32,355][utils.py][line:65][INFO] dataset: mmfi27
[2025-01-12 16:20:32,355][utils.py][line:65][INFO] num_workers: 8
[2025-01-12 16:20:32,355][utils.py][line:65][INFO] cuda_id: 0
[2025-01-12 16:20:32,355][utils.py][line:65][INFO] seed: 10
[2025-01-12 16:20:32,355][utils.py][line:65][INFO] half_iid: 1
[2025-01-12 16:20:32,355][utils.py][line:65][INFO] n_epochs: 20
[2025-01-12 16:20:32,355][utils.py][line:65][INFO] n_warmup_epochs: 0
[2025-01-12 16:20:32,355][utils.py][line:65][INFO] n_tasks: 9
[2025-01-12 16:20:32,355][utils.py][line:65][INFO] log_path: /data1/smy1/lr/work2_compress/fixhead/mmfi_short/log/
[2025-01-12 16:20:32,356][utils.py][line:65][INFO] lr: 0.0001
[2025-01-12 16:20:37,713][utils.py][line:72][INFO] Model's state_dict:
[2025-01-12 16:20:37,714][utils.py][line:74][INFO] Layer: encoder_0.weight | Size: torch.Size([128, 342, 10]) | Total Parameters: 437760
[2025-01-12 16:20:37,714][utils.py][line:74][INFO] Layer: encoder_1.weight | Size: torch.Size([128, 342, 10]) | Total Parameters: 437760
[2025-01-12 16:20:37,714][utils.py][line:74][INFO] Layer: transformer.model.layers.self_attn.qkv.weight | Size: torch.Size([1026, 342]) | Total Parameters: 350892
[2025-01-12 16:20:37,714][utils.py][line:74][INFO] Layer: transformer.model.layers.self_attn.conPerfix.up.weight | Size: torch.Size([684, 256]) | Total Parameters: 175104
[2025-01-12 16:20:37,714][utils.py][line:74][INFO] Layer: transformer.model.layers.self_attn.prev_conPerfix.up.weight | Size: torch.Size([684, 256]) | Total Parameters: 175104
[2025-01-12 16:20:37,714][utils.py][line:74][INFO] Layer: transformer.model.layers.self_attn.proj.weight | Size: torch.Size([342, 342]) | Total Parameters: 116964
[2025-01-12 16:20:37,714][utils.py][line:74][INFO] Layer: transformer.model.layers.self_attn.conPerfix.down.weight | Size: torch.Size([256, 342]) | Total Parameters: 87552
[2025-01-12 16:20:37,714][utils.py][line:74][INFO] Layer: transformer.model.layers.self_attn.prev_conPerfix.down.weight | Size: torch.Size([256, 342]) | Total Parameters: 87552
[2025-01-12 16:20:37,714][utils.py][line:74][INFO] Layer: feats.0.weight | Size: torch.Size([27, 342]) | Total Parameters: 9234
[2025-01-12 16:20:37,714][utils.py][line:74][INFO] Layer: feats.1.weight | Size: torch.Size([27, 342]) | Total Parameters: 9234
[2025-01-12 16:20:37,714][utils.py][line:74][INFO] Layer: feats.2.weight | Size: torch.Size([27, 342]) | Total Parameters: 9234
[2025-01-12 16:20:37,714][utils.py][line:74][INFO] Layer: feats.3.weight | Size: torch.Size([27, 342]) | Total Parameters: 9234
[2025-01-12 16:20:37,714][utils.py][line:74][INFO] Layer: feats.4.weight | Size: torch.Size([27, 342]) | Total Parameters: 9234
[2025-01-12 16:20:37,714][utils.py][line:74][INFO] Layer: feats.5.weight | Size: torch.Size([27, 342]) | Total Parameters: 9234
[2025-01-12 16:20:37,714][utils.py][line:74][INFO] Layer: pos_encoding.embedding | Size: torch.Size([10, 342]) | Total Parameters: 3420
[2025-01-12 16:20:37,714][utils.py][line:74][INFO] Layer: transformer.model.layers.feed_forward.layer2.weight | Size: torch.Size([40, 40]) | Total Parameters: 1600
[2025-01-12 16:20:37,715][utils.py][line:74][INFO] Layer: transformer.model.layers.feed_forward.layer3.weight | Size: torch.Size([40, 40]) | Total Parameters: 1600
[2025-01-12 16:20:37,715][utils.py][line:74][INFO] Layer: transformer.model.layers.self_attn.conPerfix.up.bias | Size: torch.Size([684]) | Total Parameters: 684
[2025-01-12 16:20:37,715][utils.py][line:74][INFO] Layer: transformer.model.layers.self_attn.prev_conPerfix.up.bias | Size: torch.Size([684]) | Total Parameters: 684
[2025-01-12 16:20:37,715][utils.py][line:74][INFO] Layer: transformer.model.layers.feed_forward.layer1.weight | Size: torch.Size([40, 10]) | Total Parameters: 400
[2025-01-12 16:20:37,715][utils.py][line:74][INFO] Layer: transformer.model.layers.feed_forward.layer4.weight | Size: torch.Size([10, 40]) | Total Parameters: 400
[2025-01-12 16:20:37,715][utils.py][line:74][INFO] Layer: transformer.model.layers.self_attn.proj.bias | Size: torch.Size([342]) | Total Parameters: 342
[2025-01-12 16:20:37,715][utils.py][line:74][INFO] Layer: transformer.model.layers.sublayer.0.norm.a_2 | Size: torch.Size([342]) | Total Parameters: 342
[2025-01-12 16:20:37,715][utils.py][line:74][INFO] Layer: transformer.model.layers.sublayer.0.norm.b_2 | Size: torch.Size([342]) | Total Parameters: 342
[2025-01-12 16:20:37,715][utils.py][line:74][INFO] Layer: transformer.model.layers.sublayer.1.norm.a_2 | Size: torch.Size([342]) | Total Parameters: 342
[2025-01-12 16:20:37,715][utils.py][line:74][INFO] Layer: transformer.model.layers.sublayer.1.norm.b_2 | Size: torch.Size([342]) | Total Parameters: 342
[2025-01-12 16:20:37,715][utils.py][line:74][INFO] Layer: transformer.model.norm.a_2 | Size: torch.Size([342]) | Total Parameters: 342
[2025-01-12 16:20:37,715][utils.py][line:74][INFO] Layer: transformer.model.norm.b_2 | Size: torch.Size([342]) | Total Parameters: 342
[2025-01-12 16:20:37,715][utils.py][line:74][INFO] Layer: transformer.model.layers.self_attn.conPerfix.down.bias | Size: torch.Size([256]) | Total Parameters: 256
[2025-01-12 16:20:37,715][utils.py][line:74][INFO] Layer: transformer.model.layers.self_attn.prev_conPerfix.down.bias | Size: torch.Size([256]) | Total Parameters: 256
[2025-01-12 16:20:37,715][utils.py][line:74][INFO] Layer: encoder_0.bias | Size: torch.Size([128]) | Total Parameters: 128
[2025-01-12 16:20:37,715][utils.py][line:74][INFO] Layer: encoder_1.bias | Size: torch.Size([128]) | Total Parameters: 128
[2025-01-12 16:20:37,715][utils.py][line:74][INFO] Layer: transformer.model.layers.feed_forward.layer1.bias | Size: torch.Size([40]) | Total Parameters: 40
[2025-01-12 16:20:37,715][utils.py][line:74][INFO] Layer: transformer.model.layers.feed_forward.layer2.bias | Size: torch.Size([40]) | Total Parameters: 40
[2025-01-12 16:20:37,715][utils.py][line:74][INFO] Layer: transformer.model.layers.feed_forward.layer3.bias | Size: torch.Size([40]) | Total Parameters: 40
[2025-01-12 16:20:37,715][utils.py][line:74][INFO] Layer: feats.0.bias | Size: torch.Size([27]) | Total Parameters: 27
[2025-01-12 16:20:37,715][utils.py][line:74][INFO] Layer: feats.1.bias | Size: torch.Size([27]) | Total Parameters: 27
[2025-01-12 16:20:37,715][utils.py][line:74][INFO] Layer: feats.2.bias | Size: torch.Size([27]) | Total Parameters: 27
[2025-01-12 16:20:37,715][utils.py][line:74][INFO] Layer: feats.3.bias | Size: torch.Size([27]) | Total Parameters: 27
[2025-01-12 16:20:37,715][utils.py][line:74][INFO] Layer: feats.4.bias | Size: torch.Size([27]) | Total Parameters: 27
[2025-01-12 16:20:37,716][utils.py][line:74][INFO] Layer: feats.5.bias | Size: torch.Size([27]) | Total Parameters: 27
[2025-01-12 16:20:37,716][utils.py][line:74][INFO] Layer: transformer.model.layers.feed_forward.layer4.bias | Size: torch.Size([10]) | Total Parameters: 10
[2025-01-12 16:20:37,716][utils.py][line:74][INFO] Layer: pos_encoding.mu | Size: torch.Size([1, 10]) | Total Parameters: 10
[2025-01-12 16:20:37,716][utils.py][line:74][INFO] Layer: pos_encoding.sigma | Size: torch.Size([1, 10]) | Total Parameters: 10
[2025-01-12 16:20:37,716][utils.py][line:76][INFO] Total number of parameters: 1936354
[2025-01-12 16:20:37,717][utils.py][line:88][INFO] init model GPU Memory Allocated: 7.43 MB, Reserved: 24.00 MB, Max Allocated: 7.43 MB, Max Reserved: 24.00 MB
[2025-01-12 16:20:46,072][main.py][line:71][INFO] 
>>> Task #0 --> Model Training
[2025-01-12 16:20:47,596][main.py][line:84][INFO] Task 3. Time 1.52
[2025-01-12 16:20:51,039][method.py][line:155][INFO] 
Accuracy:100	76	95	58	0	0	0	0	0	Avg Acc: 82.50
[2025-01-12 16:20:52,600][main.py][line:84][INFO] Task 3. Time 6.53
[2025-01-12 16:20:56,323][method.py][line:155][INFO] 
Accuracy:100	80	96	85	0	0	0	0	0	Avg Acc: 90.42
[2025-01-12 16:20:57,893][main.py][line:84][INFO] Task 3. Time 11.82
[2025-01-12 16:21:01,363][method.py][line:155][INFO] 
Accuracy:100	83	98	76	0	0	0	0	0	Avg Acc: 89.58
[2025-01-12 16:21:02,879][main.py][line:84][INFO] Task 3. Time 16.81
[2025-01-12 16:21:06,589][method.py][line:155][INFO] 
Accuracy:100	86	98	83	0	0	0	0	0	Avg Acc: 92.08
[2025-01-12 16:21:08,152][main.py][line:84][INFO] Task 3. Time 22.08
[2025-01-12 16:21:11,877][method.py][line:155][INFO] 
Accuracy:100	88	96	83	0	0	0	0	0	Avg Acc: 92.08
[2025-01-12 16:21:13,612][main.py][line:84][INFO] Task 3. Time 27.54
[2025-01-12 16:21:17,142][method.py][line:155][INFO] 
Accuracy:100	88	100	86	0	0	0	0	0	Avg Acc: 93.75
[2025-01-12 16:21:18,581][main.py][line:84][INFO] Task 3. Time 32.51
[2025-01-12 16:21:21,994][method.py][line:155][INFO] 
Accuracy:100	88	98	85	0	0	0	0	0	Avg Acc: 92.92
[2025-01-12 16:21:23,464][main.py][line:84][INFO] Task 3. Time 37.39
[2025-01-12 16:21:27,178][method.py][line:155][INFO] 
Accuracy:100	90	98	90	0	0	0	0	0	Avg Acc: 94.58
[2025-01-12 16:21:28,736][main.py][line:84][INFO] Task 3. Time 42.66
[2025-01-12 16:21:32,110][method.py][line:155][INFO] 
Accuracy:100	86	98	88	0	0	0	0	0	Avg Acc: 93.33
[2025-01-12 16:21:33,625][main.py][line:84][INFO] Task 3. Time 47.55
[2025-01-12 16:21:37,377][method.py][line:155][INFO] 
Accuracy:100	90	98	86	0	0	0	0	0	Avg Acc: 93.75
[2025-01-12 16:21:38,810][main.py][line:84][INFO] Task 3. Time 52.74
[2025-01-12 16:21:42,147][method.py][line:155][INFO] 
Accuracy:100	86	98	90	0	0	0	0	0	Avg Acc: 93.75
[2025-01-12 16:21:43,537][main.py][line:84][INFO] Task 3. Time 57.47
[2025-01-12 16:21:47,221][method.py][line:155][INFO] 
Accuracy:100	88	98	90	0	0	0	0	0	Avg Acc: 94.17
[2025-01-12 16:21:48,751][main.py][line:84][INFO] Task 3. Time 62.68
[2025-01-12 16:21:52,326][method.py][line:155][INFO] 
Accuracy:100	88	98	88	0	0	0	0	0	Avg Acc: 93.75
[2025-01-12 16:21:53,809][main.py][line:84][INFO] Task 3. Time 67.74
[2025-01-12 16:21:57,835][method.py][line:155][INFO] 
Accuracy:100	90	98	88	0	0	0	0	0	Avg Acc: 94.17
[2025-01-12 16:21:59,441][main.py][line:84][INFO] Task 3. Time 73.37
[2025-01-12 16:22:03,316][method.py][line:155][INFO] 
Accuracy:100	86	98	86	0	0	0	0	0	Avg Acc: 92.92
[2025-01-12 16:22:04,887][main.py][line:84][INFO] Task 3. Time 78.82
[2025-01-12 16:22:08,859][method.py][line:155][INFO] 
Accuracy:100	88	98	90	0	0	0	0	0	Avg Acc: 94.17
[2025-01-12 16:22:10,393][main.py][line:84][INFO] Task 3. Time 84.32
[2025-01-12 16:22:14,134][method.py][line:155][INFO] 
Accuracy:100	88	98	88	0	0	0	0	0	Avg Acc: 93.75
[2025-01-12 16:22:15,806][main.py][line:84][INFO] Task 3. Time 89.73
[2025-01-12 16:22:19,651][method.py][line:155][INFO] 
Accuracy:100	90	98	90	0	0	0	0	0	Avg Acc: 94.58
[2025-01-12 16:22:21,301][main.py][line:84][INFO] Task 3. Time 95.23
[2025-01-12 16:22:25,359][method.py][line:155][INFO] 
Accuracy:100	90	98	90	0	0	0	0	0	Avg Acc: 94.58
[2025-01-12 16:22:26,918][main.py][line:84][INFO] Task 3. Time 100.85
[2025-01-12 16:22:30,841][method.py][line:155][INFO] 
Accuracy:100	88	98	88	0	0	0	0	0	Avg Acc: 93.75
[2025-01-12 16:22:30,853][utils.py][line:88][INFO] End training-3 GPU Memory Allocated: 20.67 MB, Reserved: 56.00 MB, Max Allocated: 32.18 MB, Max Reserved: 56.00 MB
[2025-01-12 16:22:31,908][main.py][line:105][INFO] x0. indices [0, 1, 2, 3, 4, 5, 6, 7, 8, 9]
[2025-01-12 16:22:31,908][main.py][line:105][INFO] x1. indices [36, 22, 28, 17, 14, 19, 39]
[2025-01-12 16:22:31,908][main.py][line:105][INFO] x2. indices [27, 2, 14, 37, 22, 13, 30]
[2025-01-12 16:22:31,908][main.py][line:105][INFO] x3. indices [36, 26, 12, 33, 38, 23, 35]
[2025-01-12 16:22:31,909][main.py][line:105][INFO] x4. indices [0, 9]
[2025-01-12 16:22:31,912][main.py][line:71][INFO] 
>>> Task #1 --> Model Training
[2025-01-12 16:22:33,153][main.py][line:84][INFO] Task 4. Time 1.24
[2025-01-12 16:22:39,015][method.py][line:155][INFO] 
Accuracy:100	80	91	55	65	0	0	0	0	Avg Acc: 78.33
[2025-01-12 16:22:40,267][main.py][line:84][INFO] Task 4. Time 8.36
[2025-01-12 16:22:46,186][method.py][line:155][INFO] 
Accuracy:100	78	91	56	65	0	0	0	0	Avg Acc: 78.33
[2025-01-12 16:22:47,390][main.py][line:84][INFO] Task 4. Time 15.48
[2025-01-12 16:22:53,573][method.py][line:155][INFO] 
Accuracy:100	80	91	56	65	0	0	0	0	Avg Acc: 78.67
[2025-01-12 16:22:54,702][main.py][line:84][INFO] Task 4. Time 22.79
[2025-01-12 16:23:00,980][method.py][line:155][INFO] 
Accuracy:100	80	91	56	65	0	0	0	0	Avg Acc: 78.67
[2025-01-12 16:23:02,178][main.py][line:84][INFO] Task 4. Time 30.27
[2025-01-12 16:23:08,104][method.py][line:155][INFO] 
Accuracy:100	80	91	58	65	0	0	0	0	Avg Acc: 79.00
[2025-01-12 16:23:09,280][main.py][line:84][INFO] Task 4. Time 37.37
[2025-01-12 16:23:15,929][method.py][line:155][INFO] 
Accuracy:100	80	91	58	65	0	0	0	0	Avg Acc: 79.00
[2025-01-12 16:23:17,136][main.py][line:84][INFO] Task 4. Time 45.22
[2025-01-12 16:23:22,763][method.py][line:155][INFO] 
Accuracy:100	80	91	58	65	0	0	0	0	Avg Acc: 79.00
[2025-01-12 16:23:23,898][main.py][line:84][INFO] Task 4. Time 51.99
[2025-01-12 16:23:29,558][method.py][line:155][INFO] 
Accuracy:100	80	91	58	65	0	0	0	0	Avg Acc: 79.00
[2025-01-12 16:23:30,681][main.py][line:84][INFO] Task 4. Time 58.77
[2025-01-12 16:23:36,367][method.py][line:155][INFO] 
Accuracy:100	80	91	58	65	0	0	0	0	Avg Acc: 79.00
[2025-01-12 16:23:37,619][main.py][line:84][INFO] Task 4. Time 65.71
[2025-01-12 16:23:43,997][method.py][line:155][INFO] 
Accuracy:100	80	91	58	65	0	0	0	0	Avg Acc: 79.00
[2025-01-12 16:23:45,264][main.py][line:84][INFO] Task 4. Time 73.35
[2025-01-12 16:23:51,162][method.py][line:155][INFO] 
Accuracy:100	78	91	58	65	0	0	0	0	Avg Acc: 78.67
[2025-01-12 16:23:52,336][main.py][line:84][INFO] Task 4. Time 80.42
[2025-01-12 16:23:58,092][method.py][line:155][INFO] 
Accuracy:100	78	91	56	65	0	0	0	0	Avg Acc: 78.33
[2025-01-12 16:23:59,280][main.py][line:84][INFO] Task 4. Time 87.37
[2025-01-12 16:24:05,516][method.py][line:155][INFO] 
Accuracy:100	78	93	56	65	0	0	0	0	Avg Acc: 78.67
[2025-01-12 16:24:06,821][main.py][line:84][INFO] Task 4. Time 94.91
[2025-01-12 16:24:12,643][method.py][line:155][INFO] 
Accuracy:100	78	93	56	65	0	0	0	0	Avg Acc: 78.67
[2025-01-12 16:24:13,727][main.py][line:84][INFO] Task 4. Time 101.82
[2025-01-12 16:24:19,656][method.py][line:155][INFO] 
Accuracy:100	78	93	56	65	0	0	0	0	Avg Acc: 78.67
[2025-01-12 16:24:20,794][main.py][line:84][INFO] Task 4. Time 108.88
[2025-01-12 16:24:26,672][method.py][line:155][INFO] 
Accuracy:100	78	93	56	65	0	0	0	0	Avg Acc: 78.67
[2025-01-12 16:24:27,829][main.py][line:84][INFO] Task 4. Time 115.92
[2025-01-12 16:24:33,998][method.py][line:155][INFO] 
Accuracy:100	78	93	56	65	0	0	0	0	Avg Acc: 78.67
[2025-01-12 16:24:35,214][main.py][line:84][INFO] Task 4. Time 123.30
[2025-01-12 16:24:41,068][method.py][line:155][INFO] 
Accuracy:100	78	93	56	65	0	0	0	0	Avg Acc: 78.67
[2025-01-12 16:24:42,398][main.py][line:84][INFO] Task 4. Time 130.49
[2025-01-12 16:24:48,469][method.py][line:155][INFO] 
Accuracy:100	78	93	56	65	0	0	0	0	Avg Acc: 78.67
[2025-01-12 16:24:49,621][main.py][line:84][INFO] Task 4. Time 137.71
[2025-01-12 16:24:55,458][method.py][line:155][INFO] 
Accuracy:100	78	93	56	65	0	0	0	0	Avg Acc: 78.67
[2025-01-12 16:24:55,470][utils.py][line:88][INFO] End training-4 GPU Memory Allocated: 25.58 MB, Reserved: 62.00 MB, Max Allocated: 43.38 MB, Max Reserved: 62.00 MB
[2025-01-12 16:24:57,295][main.py][line:105][INFO] x0. indices [0, 1, 2, 3, 4, 5, 6, 7, 8, 9]
[2025-01-12 16:24:57,296][main.py][line:105][INFO] x1. indices [ 0  1  2  3  4  5  6  7  9 10 11 12 13 14 15 16 17 18 19 20 21 22 23 24
 25 26 27 28 29 30 31 32 33 34 35 36 37 38 39]
[2025-01-12 16:24:57,296][main.py][line:105][INFO] x2. indices [ 0  1  2  4  5  6  7  8  9 10 11 12 13 14 15 16 18 19 20 22 23 24 25 26
 27 28 29 30 31 32 33 34 35 36 37 38 39]
[2025-01-12 16:24:57,297][main.py][line:105][INFO] x3. indices [ 0  1  2  3  4  5  7  8  9 10 12 13 14 15 16 17 18 19 20 22 23 24 26 28
 29 30 31 32 33 34 35 36 37 38 39]
[2025-01-12 16:24:57,297][main.py][line:105][INFO] x4. indices [0 1 2 3 4 5 6 7 8 9]
[2025-01-12 16:24:57,305][main.py][line:71][INFO] 
>>> Task #2 --> Model Training
[2025-01-12 16:24:59,585][main.py][line:84][INFO] Task 5. Time 2.28
[2025-01-12 16:25:06,577][method.py][line:155][INFO] 
Accuracy:100	80	91	56	65	68	0	0	0	Avg Acc: 76.94
[2025-01-12 16:25:08,803][main.py][line:84][INFO] Task 5. Time 11.50
[2025-01-12 16:25:16,046][method.py][line:155][INFO] 
Accuracy:100	80	91	58	61	68	0	0	0	Avg Acc: 76.67
[2025-01-12 16:25:18,260][main.py][line:84][INFO] Task 5. Time 20.95
[2025-01-12 16:25:24,950][method.py][line:155][INFO] 
Accuracy:100	80	91	60	63	68	0	0	0	Avg Acc: 77.22
[2025-01-12 16:25:27,081][main.py][line:84][INFO] Task 5. Time 29.78
[2025-01-12 16:25:35,418][method.py][line:155][INFO] 
Accuracy:100	80	91	58	63	68	0	0	0	Avg Acc: 76.94
[2025-01-12 16:25:37,577][main.py][line:84][INFO] Task 5. Time 40.27
[2025-01-12 16:25:47,135][method.py][line:155][INFO] 
Accuracy:100	80	91	58	63	68	0	0	0	Avg Acc: 76.94
[2025-01-12 16:25:49,385][main.py][line:84][INFO] Task 5. Time 52.08
[2025-01-12 16:25:58,938][method.py][line:155][INFO] 
Accuracy:100	80	91	58	63	68	0	0	0	Avg Acc: 76.94
[2025-01-12 16:26:01,113][main.py][line:84][INFO] Task 5. Time 63.81
[2025-01-12 16:26:10,647][method.py][line:155][INFO] 
Accuracy:100	80	91	58	63	68	0	0	0	Avg Acc: 76.94
[2025-01-12 16:26:12,850][main.py][line:84][INFO] Task 5. Time 75.55
[2025-01-12 16:26:22,627][method.py][line:155][INFO] 
Accuracy:100	80	91	58	63	68	0	0	0	Avg Acc: 76.94
[2025-01-12 16:26:24,804][main.py][line:84][INFO] Task 5. Time 87.50
[2025-01-12 16:26:34,124][method.py][line:155][INFO] 
Accuracy:100	80	91	58	63	68	0	0	0	Avg Acc: 76.94
[2025-01-12 16:26:36,251][main.py][line:84][INFO] Task 5. Time 98.95
[2025-01-12 16:26:45,798][method.py][line:155][INFO] 
Accuracy:100	80	91	56	63	68	0	0	0	Avg Acc: 76.67
[2025-01-12 16:26:48,018][main.py][line:84][INFO] Task 5. Time 110.71
[2025-01-12 16:26:57,506][method.py][line:155][INFO] 
Accuracy:100	80	91	56	61	68	0	0	0	Avg Acc: 76.39
[2025-01-12 16:26:59,645][main.py][line:84][INFO] Task 5. Time 122.34
[2025-01-12 16:27:09,268][method.py][line:155][INFO] 
Accuracy:100	80	91	56	58	68	0	0	0	Avg Acc: 75.83
[2025-01-12 16:27:11,370][main.py][line:84][INFO] Task 5. Time 134.06
[2025-01-12 16:27:21,109][method.py][line:155][INFO] 
Accuracy:100	80	91	56	58	68	0	0	0	Avg Acc: 75.83
[2025-01-12 16:27:23,237][main.py][line:84][INFO] Task 5. Time 145.93
[2025-01-12 16:27:33,021][method.py][line:155][INFO] 
Accuracy:100	80	91	56	58	68	0	0	0	Avg Acc: 75.83
[2025-01-12 16:27:35,195][main.py][line:84][INFO] Task 5. Time 157.89
[2025-01-12 16:27:44,837][method.py][line:155][INFO] 
Accuracy:100	80	91	56	58	68	0	0	0	Avg Acc: 75.83
[2025-01-12 16:27:46,873][main.py][line:84][INFO] Task 5. Time 169.57
[2025-01-12 16:27:57,052][method.py][line:155][INFO] 
Accuracy:100	80	91	56	58	68	0	0	0	Avg Acc: 75.83
[2025-01-12 16:27:59,219][main.py][line:84][INFO] Task 5. Time 181.91
[2025-01-12 16:28:06,583][method.py][line:155][INFO] 
Accuracy:100	81	91	56	58	68	0	0	0	Avg Acc: 76.11
[2025-01-12 16:28:08,746][main.py][line:84][INFO] Task 5. Time 191.44
[2025-01-12 16:28:16,135][method.py][line:155][INFO] 
Accuracy:100	81	91	56	58	68	0	0	0	Avg Acc: 76.11
[2025-01-12 16:28:18,418][main.py][line:84][INFO] Task 5. Time 201.11
[2025-01-12 16:28:26,057][method.py][line:155][INFO] 
Accuracy:100	81	91	56	58	68	0	0	0	Avg Acc: 76.11
[2025-01-12 16:28:28,335][main.py][line:84][INFO] Task 5. Time 211.03
[2025-01-12 16:28:35,503][method.py][line:155][INFO] 
Accuracy:100	81	91	56	58	68	0	0	0	Avg Acc: 76.11
[2025-01-12 16:28:35,514][utils.py][line:88][INFO] End training-5 GPU Memory Allocated: 25.91 MB, Reserved: 64.00 MB, Max Allocated: 45.14 MB, Max Reserved: 64.00 MB
[2025-01-12 16:28:37,366][main.py][line:105][INFO] x0. indices [0, 1, 2, 3, 4, 5, 6, 7, 8, 9]
[2025-01-12 16:28:37,367][main.py][line:105][INFO] x1. indices [ 0  1  2  3  4  5  6  7  8  9 10 11 12 13 14 15 16 17 18 19 20 21 22 23
 24 25 26 27 28 29 30 31 32 33 34 35 36 37 38 39]
[2025-01-12 16:28:37,367][main.py][line:105][INFO] x2. indices [ 0  1  2  3  4  5  6  7  8  9 10 11 12 13 14 15 16 17 18 19 20 21 22 23
 24 25 26 27 28 29 30 31 32 33 34 35 36 37 38 39]
[2025-01-12 16:28:37,368][main.py][line:105][INFO] x3. indices [ 0  1  2  3  4  5  7  8  9 10 12 13 14 15 16 17 18 19 20 22 23 24 26 28
 29 30 31 32 33 34 35 36 37 38 39]
[2025-01-12 16:28:37,368][main.py][line:105][INFO] x4. indices [0 1 2 3 4 5 6 7 8 9]
[2025-01-12 16:28:37,372][main.py][line:71][INFO] 
>>> Task #3 --> Model Training
[2025-01-12 16:28:39,768][main.py][line:84][INFO] Task 6. Time 2.40
[2025-01-12 16:28:48,144][method.py][line:155][INFO] 
Accuracy:100	80	91	55	65	68	33	0	0	Avg Acc: 70.48
[2025-01-12 16:28:50,303][main.py][line:84][INFO] Task 6. Time 12.93
[2025-01-12 16:28:58,802][method.py][line:155][INFO] 
Accuracy:100	80	91	53	56	68	28	0	0	Avg Acc: 68.33
[2025-01-12 16:29:01,038][main.py][line:84][INFO] Task 6. Time 23.67
[2025-01-12 16:29:09,788][method.py][line:155][INFO] 
Accuracy:100	78	91	53	65	68	28	0	0	Avg Acc: 69.29
[2025-01-12 16:29:12,205][main.py][line:84][INFO] Task 6. Time 34.83
[2025-01-12 16:29:20,727][method.py][line:155][INFO] 
Accuracy:100	78	91	53	65	68	30	0	0	Avg Acc: 69.52
[2025-01-12 16:29:22,976][main.py][line:84][INFO] Task 6. Time 45.60
[2025-01-12 16:29:31,353][method.py][line:155][INFO] 
Accuracy:100	78	91	53	65	68	30	0	0	Avg Acc: 69.52
[2025-01-12 16:29:33,590][main.py][line:84][INFO] Task 6. Time 56.22
[2025-01-12 16:29:42,149][method.py][line:155][INFO] 
Accuracy:100	78	91	53	65	68	28	0	0	Avg Acc: 69.29
[2025-01-12 16:29:44,450][main.py][line:84][INFO] Task 6. Time 67.08
[2025-01-12 16:29:53,020][method.py][line:155][INFO] 
Accuracy:100	78	91	53	65	68	30	0	0	Avg Acc: 69.52
[2025-01-12 16:29:55,330][main.py][line:84][INFO] Task 6. Time 77.96
[2025-01-12 16:30:03,631][method.py][line:155][INFO] 
Accuracy:100	78	91	53	65	68	30	0	0	Avg Acc: 69.52
[2025-01-12 16:30:05,900][main.py][line:84][INFO] Task 6. Time 88.53
[2025-01-12 16:30:14,505][method.py][line:155][INFO] 
Accuracy:100	78	91	53	65	68	30	0	0	Avg Acc: 69.52
[2025-01-12 16:30:16,786][main.py][line:84][INFO] Task 6. Time 99.41
[2025-01-12 16:30:25,259][method.py][line:155][INFO] 
Accuracy:100	78	91	53	65	68	30	0	0	Avg Acc: 69.52
[2025-01-12 16:30:27,530][main.py][line:84][INFO] Task 6. Time 110.16
[2025-01-12 16:30:36,151][method.py][line:155][INFO] 
Accuracy:100	78	91	53	65	68	30	0	0	Avg Acc: 69.52
[2025-01-12 16:30:38,409][main.py][line:84][INFO] Task 6. Time 121.04
[2025-01-12 16:30:47,040][method.py][line:155][INFO] 
Accuracy:100	78	91	55	65	68	30	0	0	Avg Acc: 69.76
[2025-01-12 16:30:49,336][main.py][line:84][INFO] Task 6. Time 131.96
[2025-01-12 16:30:57,655][method.py][line:155][INFO] 
Accuracy:100	78	91	55	65	68	30	0	0	Avg Acc: 69.76
[2025-01-12 16:30:59,944][main.py][line:84][INFO] Task 6. Time 142.57
[2025-01-12 16:31:08,461][method.py][line:155][INFO] 
Accuracy:100	78	91	55	65	68	30	0	0	Avg Acc: 69.76
[2025-01-12 16:31:10,714][main.py][line:84][INFO] Task 6. Time 153.34
[2025-01-12 16:31:18,665][method.py][line:155][INFO] 
Accuracy:100	78	91	55	65	68	30	0	0	Avg Acc: 69.76
[2025-01-12 16:31:20,854][main.py][line:84][INFO] Task 6. Time 163.48
[2025-01-12 16:31:28,740][method.py][line:155][INFO] 
Accuracy:100	78	91	55	65	68	30	0	0	Avg Acc: 69.76
[2025-01-12 16:31:30,988][main.py][line:84][INFO] Task 6. Time 173.62
[2025-01-12 16:31:38,668][method.py][line:155][INFO] 
Accuracy:100	78	91	55	65	68	30	0	0	Avg Acc: 69.76
[2025-01-12 16:31:40,880][main.py][line:84][INFO] Task 6. Time 183.51
[2025-01-12 16:31:49,336][method.py][line:155][INFO] 
Accuracy:100	78	91	55	65	68	30	0	0	Avg Acc: 69.76
[2025-01-12 16:31:51,561][main.py][line:84][INFO] Task 6. Time 194.19
[2025-01-12 16:31:59,579][method.py][line:155][INFO] 
Accuracy:100	78	93	55	65	68	30	0	0	Avg Acc: 70.00
[2025-01-12 16:32:01,855][main.py][line:84][INFO] Task 6. Time 204.48
[2025-01-12 16:32:10,102][method.py][line:155][INFO] 
Accuracy:100	78	93	55	65	68	30	0	0	Avg Acc: 70.00
[2025-01-12 16:32:10,111][utils.py][line:88][INFO] End training-6 GPU Memory Allocated: 26.80 MB, Reserved: 64.00 MB, Max Allocated: 45.92 MB, Max Reserved: 64.00 MB
[2025-01-12 16:32:11,985][main.py][line:105][INFO] x0. indices [0, 1, 2, 3, 4, 5, 6, 7, 8, 9]
[2025-01-12 16:32:11,986][main.py][line:105][INFO] x1. indices [ 0  1  2  3  4  5  6  7  8  9 10 11 12 13 14 15 16 17 18 19 20 21 22 23
 24 25 26 27 28 29 30 31 32 33 34 35 36 37 38 39]
[2025-01-12 16:32:11,986][main.py][line:105][INFO] x2. indices [ 0  1  2  3  4  5  6  7  8  9 10 11 12 13 14 15 16 17 18 19 20 21 22 23
 24 25 26 27 28 29 30 31 32 33 34 35 36 37 38 39]
[2025-01-12 16:32:11,986][main.py][line:105][INFO] x3. indices [ 0  1  2  3  4  5  6  7  8  9 10 12 13 14 15 16 17 18 19 20 22 23 24 25
 26 28 29 30 31 32 33 34 35 36 37 38 39]
[2025-01-12 16:32:11,986][main.py][line:105][INFO] x4. indices [0 1 2 3 4 5 6 7 8 9]
[2025-01-12 16:32:11,992][main.py][line:71][INFO] 
>>> Task #4 --> Model Training
[2025-01-12 16:32:14,452][main.py][line:84][INFO] Task 7. Time 2.46
[2025-01-12 16:32:23,523][method.py][line:155][INFO] 
Accuracy:100	76	91	51	61	68	28	35	0	Avg Acc: 64.17
[2025-01-12 16:32:25,692][main.py][line:84][INFO] Task 7. Time 13.70
[2025-01-12 16:32:34,965][method.py][line:155][INFO] 
Accuracy:100	73	91	53	61	60	28	38	0	Avg Acc: 63.33
[2025-01-12 16:32:37,272][main.py][line:84][INFO] Task 7. Time 25.28
[2025-01-12 16:32:46,618][method.py][line:155][INFO] 
Accuracy:100	73	91	53	61	61	28	38	0	Avg Acc: 63.54
[2025-01-12 16:32:48,972][main.py][line:84][INFO] Task 7. Time 36.98
[2025-01-12 16:32:58,140][method.py][line:155][INFO] 
Accuracy:100	73	91	53	65	68	28	36	0	Avg Acc: 64.58
[2025-01-12 16:33:00,423][main.py][line:84][INFO] Task 7. Time 48.43
[2025-01-12 16:33:10,112][method.py][line:155][INFO] 
Accuracy:100	73	91	53	65	68	26	36	0	Avg Acc: 64.38
[2025-01-12 16:33:12,552][main.py][line:84][INFO] Task 7. Time 60.56
[2025-01-12 16:33:22,199][method.py][line:155][INFO] 
Accuracy:100	75	91	51	65	68	26	38	0	Avg Acc: 64.58
[2025-01-12 16:33:24,470][main.py][line:84][INFO] Task 7. Time 72.48
[2025-01-12 16:33:33,225][method.py][line:155][INFO] 
Accuracy:100	75	91	51	65	68	28	41	0	Avg Acc: 65.21
[2025-01-12 16:33:35,482][main.py][line:84][INFO] Task 7. Time 83.49
[2025-01-12 16:33:44,361][method.py][line:155][INFO] 
Accuracy:100	75	91	51	65	68	31	45	0	Avg Acc: 66.04
[2025-01-12 16:33:46,716][main.py][line:84][INFO] Task 7. Time 94.72
[2025-01-12 16:33:55,866][method.py][line:155][INFO] 
Accuracy:100	75	91	51	65	68	31	41	0	Avg Acc: 65.62
[2025-01-12 16:33:58,074][main.py][line:84][INFO] Task 7. Time 106.08
[2025-01-12 16:34:07,392][method.py][line:155][INFO] 
Accuracy:100	75	91	51	65	68	31	40	0	Avg Acc: 65.42
[2025-01-12 16:34:09,679][main.py][line:84][INFO] Task 7. Time 117.69
[2025-01-12 16:34:19,364][method.py][line:155][INFO] 
Accuracy:100	75	91	51	65	68	31	46	0	Avg Acc: 66.25
[2025-01-12 16:34:21,702][main.py][line:84][INFO] Task 7. Time 129.71
[2025-01-12 16:34:30,896][method.py][line:155][INFO] 
Accuracy:100	76	91	51	65	68	31	46	0	Avg Acc: 66.46
[2025-01-12 16:34:33,127][main.py][line:84][INFO] Task 7. Time 141.14
[2025-01-12 16:34:42,428][method.py][line:155][INFO] 
Accuracy:100	76	91	51	65	68	31	46	0	Avg Acc: 66.46
[2025-01-12 16:34:44,682][main.py][line:84][INFO] Task 7. Time 152.69
[2025-01-12 16:34:53,510][method.py][line:155][INFO] 
Accuracy:100	76	91	51	65	68	31	46	0	Avg Acc: 66.46
[2025-01-12 16:34:55,814][main.py][line:84][INFO] Task 7. Time 163.82
[2025-01-12 16:35:05,702][method.py][line:155][INFO] 
Accuracy:100	76	91	51	65	68	31	46	0	Avg Acc: 66.46
[2025-01-12 16:35:08,125][main.py][line:84][INFO] Task 7. Time 176.13
[2025-01-12 16:35:17,350][method.py][line:155][INFO] 
Accuracy:100	76	91	51	65	68	30	40	0	Avg Acc: 65.42
[2025-01-12 16:35:19,572][main.py][line:84][INFO] Task 7. Time 187.58
[2025-01-12 16:35:28,296][method.py][line:155][INFO] 
Accuracy:100	76	91	51	65	70	30	46	0	Avg Acc: 66.46
[2025-01-12 16:35:30,577][main.py][line:84][INFO] Task 7. Time 198.58
[2025-01-12 16:35:39,732][method.py][line:155][INFO] 
Accuracy:100	76	91	53	65	68	31	48	0	Avg Acc: 66.88
[2025-01-12 16:35:41,962][main.py][line:84][INFO] Task 7. Time 209.97
[2025-01-12 16:35:51,030][method.py][line:155][INFO] 
Accuracy:100	76	91	51	65	70	30	40	0	Avg Acc: 65.62
[2025-01-12 16:35:53,304][main.py][line:84][INFO] Task 7. Time 221.31
[2025-01-12 16:36:03,472][method.py][line:155][INFO] 
Accuracy:100	76	91	51	65	70	28	46	0	Avg Acc: 66.25
[2025-01-12 16:36:03,482][utils.py][line:88][INFO] End training-7 GPU Memory Allocated: 26.13 MB, Reserved: 66.00 MB, Max Allocated: 46.36 MB, Max Reserved: 66.00 MB
[2025-01-12 16:36:05,401][main.py][line:105][INFO] x0. indices [0, 1, 2, 3, 4, 5, 6, 7, 8, 9]
[2025-01-12 16:36:05,402][main.py][line:105][INFO] x1. indices [ 0  1  2  3  4  5  6  7  8  9 10 11 12 13 14 15 16 17 18 19 20 21 22 23
 24 25 26 27 28 29 30 31 32 33 34 35 36 37 38 39]
[2025-01-12 16:36:05,402][main.py][line:105][INFO] x2. indices [ 0  1  2  3  4  5  6  7  8  9 10 11 12 13 14 15 16 17 18 19 20 21 22 23
 24 25 26 27 28 29 30 31 32 33 34 35 36 37 38 39]
[2025-01-12 16:36:05,403][main.py][line:105][INFO] x3. indices [ 0  1  2  3  4  5  6  7  8  9 10 12 13 14 15 16 17 18 19 20 22 23 24 25
 26 28 29 30 31 32 33 34 35 36 37 38 39]
[2025-01-12 16:36:05,403][main.py][line:105][INFO] x4. indices [0 1 2 3 4 5 6 7 8 9]
[2025-01-12 16:36:05,407][main.py][line:71][INFO] 
>>> Task #5 --> Model Training
[2025-01-12 16:36:07,697][main.py][line:84][INFO] Task 8. Time 2.29
[2025-01-12 16:36:21,354][method.py][line:155][INFO] 
Accuracy:100	71	91	51	58	63	28	45	43	Avg Acc: 61.48
[2025-01-12 16:36:23,623][main.py][line:84][INFO] Task 8. Time 18.22
[2025-01-12 16:36:37,791][method.py][line:155][INFO] 
Accuracy:98	71	91	51	41	43	21	46	46	Avg Acc: 57.04
[2025-01-12 16:36:39,983][main.py][line:84][INFO] Task 8. Time 34.58
[2025-01-12 16:36:53,616][method.py][line:155][INFO] 
Accuracy:98	70	91	51	48	36	16	46	48	Avg Acc: 56.48
[2025-01-12 16:36:55,934][main.py][line:84][INFO] Task 8. Time 50.53
[2025-01-12 16:37:09,763][method.py][line:155][INFO] 
Accuracy:98	71	91	51	53	36	15	38	53	Avg Acc: 56.67
[2025-01-12 16:37:12,082][main.py][line:84][INFO] Task 8. Time 66.68
[2025-01-12 16:37:26,597][method.py][line:155][INFO] 
Accuracy:98	71	91	51	58	36	15	38	58	Avg Acc: 57.78
[2025-01-12 16:37:28,899][main.py][line:84][INFO] Task 8. Time 83.49
[2025-01-12 16:37:43,176][method.py][line:155][INFO] 
Accuracy:98	71	91	51	61	36	15	40	53	Avg Acc: 57.78
[2025-01-12 16:37:45,447][main.py][line:84][INFO] Task 8. Time 100.04
[2025-01-12 16:37:59,493][method.py][line:155][INFO] 
Accuracy:98	71	91	51	61	36	15	40	56	Avg Acc: 58.15
[2025-01-12 16:38:01,861][main.py][line:84][INFO] Task 8. Time 116.45
[2025-01-12 16:38:16,007][method.py][line:155][INFO] 
Accuracy:98	71	91	51	61	36	15	40	53	Avg Acc: 57.78
[2025-01-12 16:38:18,318][main.py][line:84][INFO] Task 8. Time 132.91
[2025-01-12 16:38:32,182][method.py][line:155][INFO] 
Accuracy:98	71	91	51	63	36	15	40	58	Avg Acc: 58.52
[2025-01-12 16:38:34,499][main.py][line:84][INFO] Task 8. Time 149.09
[2025-01-12 16:38:45,192][method.py][line:155][INFO] 
Accuracy:98	71	91	51	63	36	13	40	58	Avg Acc: 58.33
[2025-01-12 16:38:47,586][main.py][line:84][INFO] Task 8. Time 162.18
[2025-01-12 16:38:58,729][method.py][line:155][INFO] 
Accuracy:98	71	91	53	63	36	13	38	58	Avg Acc: 58.33
[2025-01-12 16:39:01,013][main.py][line:84][INFO] Task 8. Time 175.61
[2025-01-12 16:39:11,603][method.py][line:155][INFO] 
Accuracy:98	71	91	53	63	36	15	38	58	Avg Acc: 58.52
[2025-01-12 16:39:13,745][main.py][line:84][INFO] Task 8. Time 188.34
[2025-01-12 16:39:24,417][method.py][line:155][INFO] 
Accuracy:98	73	91	53	65	36	15	38	60	Avg Acc: 59.07
[2025-01-12 16:39:26,704][main.py][line:84][INFO] Task 8. Time 201.30
[2025-01-12 16:39:37,034][method.py][line:155][INFO] 
Accuracy:98	73	91	53	65	36	15	38	56	Avg Acc: 58.70
[2025-01-12 16:39:39,243][main.py][line:84][INFO] Task 8. Time 213.84
[2025-01-12 16:39:50,179][method.py][line:155][INFO] 
Accuracy:98	73	91	53	65	36	16	38	53	Avg Acc: 58.52
[2025-01-12 16:39:52,597][main.py][line:84][INFO] Task 8. Time 227.19
[2025-01-12 16:40:03,421][method.py][line:155][INFO] 
Accuracy:98	73	91	53	65	36	15	38	60	Avg Acc: 59.07
[2025-01-12 16:40:05,655][main.py][line:84][INFO] Task 8. Time 240.25
[2025-01-12 16:40:16,334][method.py][line:155][INFO] 
Accuracy:100	73	91	53	65	36	15	38	58	Avg Acc: 59.07
[2025-01-12 16:40:18,603][main.py][line:84][INFO] Task 8. Time 253.20
[2025-01-12 16:40:29,154][method.py][line:155][INFO] 
Accuracy:100	73	91	53	65	36	18	38	58	Avg Acc: 59.44
[2025-01-12 16:40:31,409][main.py][line:84][INFO] Task 8. Time 266.00
[2025-01-12 16:40:41,708][method.py][line:155][INFO] 
Accuracy:100	73	91	53	63	36	18	38	60	Avg Acc: 59.44
[2025-01-12 16:40:44,057][main.py][line:84][INFO] Task 8. Time 278.65
[2025-01-12 16:40:54,796][method.py][line:155][INFO] 
Accuracy:100	73	91	53	63	38	16	36	58	Avg Acc: 59.07
[2025-01-12 16:40:54,809][utils.py][line:88][INFO] End training-8 GPU Memory Allocated: 27.02 MB, Reserved: 66.00 MB, Max Allocated: 46.36 MB, Max Reserved: 66.00 MB
[2025-01-12 16:40:56,738][main.py][line:105][INFO] x0. indices [0, 1, 2, 3, 4, 5, 6, 7, 8, 9]
[2025-01-12 16:40:56,738][main.py][line:105][INFO] x1. indices [ 0  1  2  3  4  5  6  7  8  9 10 11 12 13 14 15 16 17 18 19 20 21 22 23
 24 25 26 27 28 29 30 31 32 33 34 35 36 37 38 39]
[2025-01-12 16:40:56,739][main.py][line:105][INFO] x2. indices [ 0  1  2  3  4  5  6  7  8  9 10 11 12 13 14 15 16 17 18 19 20 21 22 23
 24 25 26 27 28 29 30 31 32 33 34 35 36 37 38 39]
[2025-01-12 16:40:56,739][main.py][line:105][INFO] x3. indices [ 0  1  2  3  4  5  6  7  8  9 10 12 13 14 15 16 17 18 19 20 22 23 24 25
 26 28 29 30 31 32 33 34 35 36 37 38 39]
[2025-01-12 16:40:56,739][main.py][line:105][INFO] x4. indices [0 1 2 3 4 5 6 7 8 9]
[2025-01-12 16:40:56,743][main.py][line:120][INFO] 
Final Results
[2025-01-12 16:40:56,743][main.py][line:121][INFO] Acc:[94.58, 79.0, 77.22, 70.48, 66.88, 61.48]- Avg Acc:74.94
