[2025-06-30 17:02:00,210][utils.py][line:63][INFO] Hyperparameters:
[2025-06-30 17:02:00,210][utils.py][line:65][INFO] config_path: utils/config.yaml
[2025-06-30 17:02:00,210][utils.py][line:65][INFO] batch_size: 16
[2025-06-30 17:02:00,210][utils.py][line:65][INFO] n_epochs: 20
[2025-06-30 17:02:00,210][utils.py][line:65][INFO] n_warmup_epochs: 20
[2025-06-30 17:02:00,210][utils.py][line:65][INFO] lr: 0.00001
[2025-06-30 17:02:00,210][utils.py][line:65][INFO] seed: 10
[2025-06-30 17:02:00,210][utils.py][line:65][INFO] cuda_id: 0
[2025-06-30 17:02:00,210][utils.py][line:65][INFO] num_workers: 8
[2025-06-30 17:02:00,210][utils.py][line:65][INFO] n_tasks: 9
[2025-06-30 17:02:00,210][utils.py][line:65][INFO] half_iid: 1
[2025-06-30 17:02:00,210][utils.py][line:65][INFO] data_root: data
[2025-06-30 17:02:00,210][utils.py][line:65][INFO] log_path: log/
[2025-06-30 17:02:00,210][utils.py][line:65][INFO] lgcl_enabled: True
[2025-06-30 17:02:00,210][utils.py][line:65][INFO] alpha: 0.1
[2025-06-30 17:02:00,211][utils.py][line:65][INFO] beta: 0.05
[2025-06-30 17:02:00,211][utils.py][line:65][INFO] clip_model_name: /data1/rsl/consense-0629/mmfi_short/clip-vit-base-patch32
[2025-06-30 17:02:00,211][utils.py][line:65][INFO] dataset: mmfi27
[2025-06-30 17:02:00,211][utils.py][line:65][INFO] class_names: ['stretching and relaxing', 'horizontal chest expansion', 'vertical chest expansion', 'twisting body to the left', 'twisting body to the right', 'marching in place', 'extending left limb', 'extending right limb', 'lunge toward left-front', 'lunge toward right-front', 'extending both limbs', 'squat', 'raising left hand', 'raising right hand', 'lunge toward left side', 'lunge toward right side', 'waving left hand', 'waving right hand', 'picking up things', 'throwing toward left side', 'throwing toward right side', 'kicking toward left side', 'kicking toward right side', 'extending left side of the body', 'extending right side of the body', 'jumping up', 'bowing']
[2025-06-30 17:02:01,745][utils.py][line:72][INFO] Model's state_dict:
[2025-06-30 17:02:01,746][utils.py][line:74][INFO] Layer: encoder_0.weight | Size: torch.Size([128, 342, 10]) | Total Parameters: 437760
[2025-06-30 17:02:01,746][utils.py][line:74][INFO] Layer: encoder_1.weight | Size: torch.Size([128, 342, 10]) | Total Parameters: 437760
[2025-06-30 17:02:01,746][utils.py][line:74][INFO] Layer: transformer.model.layers.self_attn.qkv.weight | Size: torch.Size([1026, 342]) | Total Parameters: 350892
[2025-06-30 17:02:01,746][utils.py][line:74][INFO] Layer: transformer.model.layers.self_attn.conPerfix.up.weight | Size: torch.Size([684, 256]) | Total Parameters: 175104
[2025-06-30 17:02:01,746][utils.py][line:74][INFO] Layer: transformer.model.layers.self_attn.prev_conPerfix.up.weight | Size: torch.Size([684, 256]) | Total Parameters: 175104
[2025-06-30 17:02:01,746][utils.py][line:74][INFO] Layer: feature_projection.weight | Size: torch.Size([512, 342]) | Total Parameters: 175104
[2025-06-30 17:02:01,746][utils.py][line:74][INFO] Layer: transformer.model.layers.self_attn.proj.weight | Size: torch.Size([342, 342]) | Total Parameters: 116964
[2025-06-30 17:02:01,746][utils.py][line:74][INFO] Layer: transformer.model.layers.self_attn.conPerfix.down.weight | Size: torch.Size([256, 342]) | Total Parameters: 87552
[2025-06-30 17:02:01,746][utils.py][line:74][INFO] Layer: transformer.model.layers.self_attn.prev_conPerfix.down.weight | Size: torch.Size([256, 342]) | Total Parameters: 87552
[2025-06-30 17:02:01,746][utils.py][line:74][INFO] Layer: feats.0.weight | Size: torch.Size([27, 342]) | Total Parameters: 9234
[2025-06-30 17:02:01,746][utils.py][line:74][INFO] Layer: feats.1.weight | Size: torch.Size([27, 342]) | Total Parameters: 9234
[2025-06-30 17:02:01,746][utils.py][line:74][INFO] Layer: feats.2.weight | Size: torch.Size([27, 342]) | Total Parameters: 9234
[2025-06-30 17:02:01,746][utils.py][line:74][INFO] Layer: feats.3.weight | Size: torch.Size([27, 342]) | Total Parameters: 9234
[2025-06-30 17:02:01,746][utils.py][line:74][INFO] Layer: feats.4.weight | Size: torch.Size([27, 342]) | Total Parameters: 9234
[2025-06-30 17:02:01,746][utils.py][line:74][INFO] Layer: feats.5.weight | Size: torch.Size([27, 342]) | Total Parameters: 9234
[2025-06-30 17:02:01,746][utils.py][line:74][INFO] Layer: pos_encoding.embedding | Size: torch.Size([10, 342]) | Total Parameters: 3420
[2025-06-30 17:02:01,746][utils.py][line:74][INFO] Layer: transformer.model.layers.feed_forward.layer2.weight | Size: torch.Size([40, 40]) | Total Parameters: 1600
[2025-06-30 17:02:01,746][utils.py][line:74][INFO] Layer: transformer.model.layers.feed_forward.layer3.weight | Size: torch.Size([40, 40]) | Total Parameters: 1600
[2025-06-30 17:02:01,746][utils.py][line:74][INFO] Layer: transformer.model.layers.self_attn.conPerfix.up.bias | Size: torch.Size([684]) | Total Parameters: 684
[2025-06-30 17:02:01,746][utils.py][line:74][INFO] Layer: transformer.model.layers.self_attn.prev_conPerfix.up.bias | Size: torch.Size([684]) | Total Parameters: 684
[2025-06-30 17:02:01,746][utils.py][line:74][INFO] Layer: feature_projection.bias | Size: torch.Size([512]) | Total Parameters: 512
[2025-06-30 17:02:01,746][utils.py][line:74][INFO] Layer: transformer.model.layers.feed_forward.layer1.weight | Size: torch.Size([40, 10]) | Total Parameters: 400
[2025-06-30 17:02:01,746][utils.py][line:74][INFO] Layer: transformer.model.layers.feed_forward.layer4.weight | Size: torch.Size([10, 40]) | Total Parameters: 400
[2025-06-30 17:02:01,746][utils.py][line:74][INFO] Layer: transformer.model.layers.self_attn.proj.bias | Size: torch.Size([342]) | Total Parameters: 342
[2025-06-30 17:02:01,746][utils.py][line:74][INFO] Layer: transformer.model.layers.sublayer.0.norm.a_2 | Size: torch.Size([342]) | Total Parameters: 342
[2025-06-30 17:02:01,746][utils.py][line:74][INFO] Layer: transformer.model.layers.sublayer.0.norm.b_2 | Size: torch.Size([342]) | Total Parameters: 342
[2025-06-30 17:02:01,746][utils.py][line:74][INFO] Layer: transformer.model.layers.sublayer.1.norm.a_2 | Size: torch.Size([342]) | Total Parameters: 342
[2025-06-30 17:02:01,746][utils.py][line:74][INFO] Layer: transformer.model.layers.sublayer.1.norm.b_2 | Size: torch.Size([342]) | Total Parameters: 342
[2025-06-30 17:02:01,746][utils.py][line:74][INFO] Layer: transformer.model.norm.a_2 | Size: torch.Size([342]) | Total Parameters: 342
[2025-06-30 17:02:01,747][utils.py][line:74][INFO] Layer: transformer.model.norm.b_2 | Size: torch.Size([342]) | Total Parameters: 342
[2025-06-30 17:02:01,747][utils.py][line:74][INFO] Layer: transformer.model.layers.self_attn.conPerfix.down.bias | Size: torch.Size([256]) | Total Parameters: 256
[2025-06-30 17:02:01,747][utils.py][line:74][INFO] Layer: transformer.model.layers.self_attn.prev_conPerfix.down.bias | Size: torch.Size([256]) | Total Parameters: 256
[2025-06-30 17:02:01,747][utils.py][line:74][INFO] Layer: encoder_0.bias | Size: torch.Size([128]) | Total Parameters: 128
[2025-06-30 17:02:01,747][utils.py][line:74][INFO] Layer: encoder_1.bias | Size: torch.Size([128]) | Total Parameters: 128
[2025-06-30 17:02:01,747][utils.py][line:74][INFO] Layer: transformer.model.layers.feed_forward.layer1.bias | Size: torch.Size([40]) | Total Parameters: 40
[2025-06-30 17:02:01,747][utils.py][line:74][INFO] Layer: transformer.model.layers.feed_forward.layer2.bias | Size: torch.Size([40]) | Total Parameters: 40
[2025-06-30 17:02:01,747][utils.py][line:74][INFO] Layer: transformer.model.layers.feed_forward.layer3.bias | Size: torch.Size([40]) | Total Parameters: 40
[2025-06-30 17:02:01,747][utils.py][line:74][INFO] Layer: feats.0.bias | Size: torch.Size([27]) | Total Parameters: 27
[2025-06-30 17:02:01,747][utils.py][line:74][INFO] Layer: feats.1.bias | Size: torch.Size([27]) | Total Parameters: 27
[2025-06-30 17:02:01,747][utils.py][line:74][INFO] Layer: feats.2.bias | Size: torch.Size([27]) | Total Parameters: 27
[2025-06-30 17:02:01,747][utils.py][line:74][INFO] Layer: feats.3.bias | Size: torch.Size([27]) | Total Parameters: 27
[2025-06-30 17:02:01,747][utils.py][line:74][INFO] Layer: feats.4.bias | Size: torch.Size([27]) | Total Parameters: 27
[2025-06-30 17:02:01,747][utils.py][line:74][INFO] Layer: feats.5.bias | Size: torch.Size([27]) | Total Parameters: 27
[2025-06-30 17:02:01,747][utils.py][line:74][INFO] Layer: transformer.model.layers.feed_forward.layer4.bias | Size: torch.Size([10]) | Total Parameters: 10
[2025-06-30 17:02:01,747][utils.py][line:74][INFO] Layer: pos_encoding.mu | Size: torch.Size([1, 10]) | Total Parameters: 10
[2025-06-30 17:02:01,747][utils.py][line:74][INFO] Layer: pos_encoding.sigma | Size: torch.Size([1, 10]) | Total Parameters: 10
[2025-06-30 17:02:01,747][utils.py][line:76][INFO] Total number of parameters: 2111970
[2025-06-30 17:02:01,748][utils.py][line:88][INFO] init model GPU Memory Allocated: 249.06 MB, Reserved: 270.00 MB, Max Allocated: 249.06 MB, Max Reserved: 270.00 MB
[2025-06-30 17:02:03,958][main.py][line:74][INFO] Prototypes computed and assigned to the model.
[2025-06-30 17:02:03,959][main.py][line:90][INFO] 
>>> Task #0 --> Model Training
[2025-06-30 17:02:05,680][main.py][line:103][INFO] Task 3. Time 1.72
[2025-06-30 17:02:06,698][method.py][line:181][INFO] 
Accuracy:96	71	91	61	0	0	0	0	0	Avg Acc: 80.42
[2025-06-30 17:02:08,263][main.py][line:103][INFO] Task 3. Time 4.30
[2025-06-30 17:02:09,443][method.py][line:181][INFO] 
Accuracy:100	86	93	80	0	0	0	0	0	Avg Acc: 90.00
[2025-06-30 17:02:10,942][main.py][line:103][INFO] Task 3. Time 6.98
[2025-06-30 17:02:12,030][method.py][line:181][INFO] 
Accuracy:100	83	98	71	0	0	0	0	0	Avg Acc: 88.33
[2025-06-30 17:02:13,607][main.py][line:103][INFO] Task 3. Time 9.65
[2025-06-30 17:02:14,941][method.py][line:181][INFO] 
Accuracy:100	85	98	85	0	0	0	0	0	Avg Acc: 92.08
[2025-06-30 17:02:16,665][main.py][line:103][INFO] Task 3. Time 12.71
[2025-06-30 17:02:17,789][method.py][line:181][INFO] 
Accuracy:100	90	98	78	0	0	0	0	0	Avg Acc: 91.67
[2025-06-30 17:02:19,299][main.py][line:103][INFO] Task 3. Time 15.34
[2025-06-30 17:02:20,422][method.py][line:181][INFO] 
Accuracy:100	88	98	85	0	0	0	0	0	Avg Acc: 92.92
[2025-06-30 17:02:21,950][main.py][line:103][INFO] Task 3. Time 17.99
[2025-06-30 17:02:23,038][method.py][line:181][INFO] 
Accuracy:100	88	98	85	0	0	0	0	0	Avg Acc: 92.92
[2025-06-30 17:02:24,667][main.py][line:103][INFO] Task 3. Time 20.71
[2025-06-30 17:02:25,751][method.py][line:181][INFO] 
Accuracy:100	88	98	86	0	0	0	0	0	Avg Acc: 93.33
[2025-06-30 17:02:27,368][main.py][line:103][INFO] Task 3. Time 23.41
[2025-06-30 17:02:28,471][method.py][line:181][INFO] 
Accuracy:100	86	98	80	0	0	0	0	0	Avg Acc: 91.25
[2025-06-30 17:02:30,018][main.py][line:103][INFO] Task 3. Time 26.06
[2025-06-30 17:02:31,177][method.py][line:181][INFO] 
Accuracy:100	88	98	83	0	0	0	0	0	Avg Acc: 92.50
[2025-06-30 17:02:32,703][main.py][line:103][INFO] Task 3. Time 28.74
[2025-06-30 17:02:33,741][method.py][line:181][INFO] 
Accuracy:100	86	98	91	0	0	0	0	0	Avg Acc: 94.17
[2025-06-30 17:02:35,276][main.py][line:103][INFO] Task 3. Time 31.32
[2025-06-30 17:02:36,409][method.py][line:181][INFO] 
Accuracy:100	88	98	85	0	0	0	0	0	Avg Acc: 92.92
[2025-06-30 17:02:38,029][main.py][line:103][INFO] Task 3. Time 34.07
[2025-06-30 17:02:39,205][method.py][line:181][INFO] 
Accuracy:100	88	98	90	0	0	0	0	0	Avg Acc: 94.17
[2025-06-30 17:02:40,880][main.py][line:103][INFO] Task 3. Time 36.92
[2025-06-30 17:02:41,972][method.py][line:181][INFO] 
Accuracy:100	86	98	86	0	0	0	0	0	Avg Acc: 92.92
[2025-06-30 17:02:43,558][main.py][line:103][INFO] Task 3. Time 39.60
[2025-06-30 17:02:44,697][method.py][line:181][INFO] 
Accuracy:100	88	98	83	0	0	0	0	0	Avg Acc: 92.50
[2025-06-30 17:02:46,225][main.py][line:103][INFO] Task 3. Time 42.27
[2025-06-30 17:02:47,376][method.py][line:181][INFO] 
Accuracy:100	86	98	85	0	0	0	0	0	Avg Acc: 92.50
[2025-06-30 17:02:48,983][main.py][line:103][INFO] Task 3. Time 45.02
[2025-06-30 17:02:50,095][method.py][line:181][INFO] 
Accuracy:100	90	98	88	0	0	0	0	0	Avg Acc: 94.17
[2025-06-30 17:02:51,673][main.py][line:103][INFO] Task 3. Time 47.71
[2025-06-30 17:02:52,569][method.py][line:181][INFO] 
Accuracy:100	88	98	91	0	0	0	0	0	Avg Acc: 94.58
[2025-06-30 17:02:54,108][main.py][line:103][INFO] Task 3. Time 50.15
[2025-06-30 17:02:55,256][method.py][line:181][INFO] 
Accuracy:100	90	98	86	0	0	0	0	0	Avg Acc: 93.75
[2025-06-30 17:02:56,846][main.py][line:103][INFO] Task 3. Time 52.89
[2025-06-30 17:02:58,076][method.py][line:181][INFO] 
Accuracy:100	90	98	86	0	0	0	0	0	Avg Acc: 93.75
[2025-06-30 17:02:59,730][main.py][line:103][INFO] Task 3. Time 55.77
[2025-06-30 17:03:00,766][method.py][line:181][INFO] 
Accuracy:100	90	98	88	0	0	0	0	0	Avg Acc: 94.17
[2025-06-30 17:03:02,334][main.py][line:103][INFO] Task 3. Time 58.38
[2025-06-30 17:03:03,462][method.py][line:181][INFO] 
Accuracy:100	90	98	86	0	0	0	0	0	Avg Acc: 93.75
[2025-06-30 17:03:05,105][main.py][line:103][INFO] Task 3. Time 61.15
[2025-06-30 17:03:06,224][method.py][line:181][INFO] 
Accuracy:100	86	98	90	0	0	0	0	0	Avg Acc: 93.75
[2025-06-30 17:03:07,645][main.py][line:103][INFO] Task 3. Time 63.69
[2025-06-30 17:03:08,767][method.py][line:181][INFO] 
Accuracy:100	90	98	85	0	0	0	0	0	Avg Acc: 93.33
[2025-06-30 17:03:10,332][main.py][line:103][INFO] Task 3. Time 66.37
[2025-06-30 17:03:11,375][method.py][line:181][INFO] 
Accuracy:100	88	98	90	0	0	0	0	0	Avg Acc: 94.17
[2025-06-30 17:03:12,678][main.py][line:103][INFO] Task 3. Time 68.72
[2025-06-30 17:03:14,012][method.py][line:181][INFO] 
Accuracy:100	90	98	86	0	0	0	0	0	Avg Acc: 93.75
[2025-06-30 17:03:15,701][main.py][line:103][INFO] Task 3. Time 71.74
[2025-06-30 17:03:17,066][method.py][line:181][INFO] 
Accuracy:100	90	98	86	0	0	0	0	0	Avg Acc: 93.75
[2025-06-30 17:03:18,924][main.py][line:103][INFO] Task 3. Time 74.96
[2025-06-30 17:03:19,985][method.py][line:181][INFO] 
Accuracy:100	90	98	90	0	0	0	0	0	Avg Acc: 94.58
[2025-06-30 17:03:21,508][main.py][line:103][INFO] Task 3. Time 77.55
[2025-06-30 17:03:22,608][method.py][line:181][INFO] 
Accuracy:100	90	98	88	0	0	0	0	0	Avg Acc: 94.17
[2025-06-30 17:03:24,274][main.py][line:103][INFO] Task 3. Time 80.31
[2025-06-30 17:03:25,527][method.py][line:181][INFO] 
Accuracy:100	90	98	88	0	0	0	0	0	Avg Acc: 94.17
[2025-06-30 17:03:26,969][main.py][line:103][INFO] Task 3. Time 83.01
[2025-06-30 17:03:28,052][method.py][line:181][INFO] 
Accuracy:100	90	98	88	0	0	0	0	0	Avg Acc: 94.17
[2025-06-30 17:03:29,700][main.py][line:103][INFO] Task 3. Time 85.74
[2025-06-30 17:03:30,759][method.py][line:181][INFO] 
Accuracy:100	90	98	88	0	0	0	0	0	Avg Acc: 94.17
[2025-06-30 17:03:32,304][main.py][line:103][INFO] Task 3. Time 88.35
[2025-06-30 17:03:33,267][method.py][line:181][INFO] 
Accuracy:100	88	98	88	0	0	0	0	0	Avg Acc: 93.75
[2025-06-30 17:03:34,687][main.py][line:103][INFO] Task 3. Time 90.73
[2025-06-30 17:03:35,812][method.py][line:181][INFO] 
Accuracy:100	90	98	88	0	0	0	0	0	Avg Acc: 94.17
[2025-06-30 17:03:37,517][main.py][line:103][INFO] Task 3. Time 93.56
[2025-06-30 17:03:38,622][method.py][line:181][INFO] 
Accuracy:100	88	98	88	0	0	0	0	0	Avg Acc: 93.75
[2025-06-30 17:03:40,210][main.py][line:103][INFO] Task 3. Time 96.25
[2025-06-30 17:03:41,605][method.py][line:181][INFO] 
Accuracy:100	88	98	88	0	0	0	0	0	Avg Acc: 93.75
[2025-06-30 17:03:43,179][main.py][line:103][INFO] Task 3. Time 99.22
[2025-06-30 17:03:44,279][method.py][line:181][INFO] 
Accuracy:100	90	98	91	0	0	0	0	0	Avg Acc: 95.00
[2025-06-30 17:03:45,882][main.py][line:103][INFO] Task 3. Time 101.92
[2025-06-30 17:03:46,927][method.py][line:181][INFO] 
Accuracy:100	90	98	90	0	0	0	0	0	Avg Acc: 94.58
[2025-06-30 17:03:48,540][main.py][line:103][INFO] Task 3. Time 104.58
[2025-06-30 17:03:49,690][method.py][line:181][INFO] 
Accuracy:100	90	98	90	0	0	0	0	0	Avg Acc: 94.58
[2025-06-30 17:03:51,226][main.py][line:103][INFO] Task 3. Time 107.27
[2025-06-30 17:03:52,372][method.py][line:181][INFO] 
Accuracy:100	90	98	88	0	0	0	0	0	Avg Acc: 94.17
[2025-06-30 17:03:52,387][utils.py][line:88][INFO] End training-3 GPU Memory Allocated: 290.99 MB, Reserved: 310.00 MB, Max Allocated: 294.93 MB, Max Reserved: 310.00 MB
[2025-06-30 17:03:52,821][main.py][line:125][INFO] x0. indices [0, 1, 2, 3, 4, 5, 6, 7, 8, 9]
[2025-06-30 17:03:52,821][main.py][line:125][INFO] x1. indices [np.int64(36), np.int64(22), np.int64(28), np.int64(17), np.int64(14), np.int64(39), np.int64(19)]
[2025-06-30 17:03:52,821][main.py][line:125][INFO] x2. indices [np.int64(2), np.int64(27), np.int64(14), np.int64(37), np.int64(22), np.int64(30), np.int64(13)]
[2025-06-30 17:03:52,821][main.py][line:125][INFO] x3. indices [np.int64(36), np.int64(26), np.int64(12), np.int64(33), np.int64(38), np.int64(23), np.int64(35)]
[2025-06-30 17:03:52,821][main.py][line:125][INFO] x4. indices [np.int64(0), np.int64(9)]
[2025-06-30 17:03:52,827][main.py][line:90][INFO] 
>>> Task #1 --> Model Training
[2025-06-30 17:03:56,041][main.py][line:103][INFO] Task 4. Time 3.21
[2025-06-30 17:03:59,593][method.py][line:181][INFO] 
Accuracy:100	76	91	58	91	0	0	0	0	Avg Acc: 83.67
[2025-06-30 17:04:02,883][main.py][line:103][INFO] Task 4. Time 10.06
[2025-06-30 17:04:06,097][method.py][line:181][INFO] 
Accuracy:100	61	63	53	91	0	0	0	0	Avg Acc: 74.00
[2025-06-30 17:04:09,227][main.py][line:103][INFO] Task 4. Time 16.40
[2025-06-30 17:04:13,083][method.py][line:181][INFO] 
Accuracy:100	55	63	48	95	0	0	0	0	Avg Acc: 72.33
[2025-06-30 17:04:16,038][main.py][line:103][INFO] Task 4. Time 23.21
[2025-06-30 17:04:19,630][method.py][line:181][INFO] 
Accuracy:100	56	63	48	98	0	0	0	0	Avg Acc: 73.33
[2025-06-30 17:04:22,879][main.py][line:103][INFO] Task 4. Time 30.05
[2025-06-30 17:04:26,564][method.py][line:181][INFO] 
Accuracy:100	56	63	48	98	0	0	0	0	Avg Acc: 73.33
[2025-06-30 17:04:29,540][main.py][line:103][INFO] Task 4. Time 36.71
[2025-06-30 17:04:33,166][method.py][line:181][INFO] 
Accuracy:100	56	63	46	100	0	0	0	0	Avg Acc: 73.33
[2025-06-30 17:04:36,460][main.py][line:103][INFO] Task 4. Time 43.63
[2025-06-30 17:04:40,045][method.py][line:181][INFO] 
Accuracy:100	56	63	45	100	0	0	0	0	Avg Acc: 73.00
[2025-06-30 17:04:43,138][main.py][line:103][INFO] Task 4. Time 50.31
[2025-06-30 17:04:46,803][method.py][line:181][INFO] 
Accuracy:100	56	63	43	100	0	0	0	0	Avg Acc: 72.67
[2025-06-30 17:04:50,037][main.py][line:103][INFO] Task 4. Time 57.21
[2025-06-30 17:04:53,489][method.py][line:181][INFO] 
Accuracy:100	55	63	43	100	0	0	0	0	Avg Acc: 72.33
[2025-06-30 17:04:56,745][main.py][line:103][INFO] Task 4. Time 63.92
[2025-06-30 17:05:00,488][method.py][line:181][INFO] 
Accuracy:100	53	61	41	100	0	0	0	0	Avg Acc: 71.33
[2025-06-30 17:05:03,921][main.py][line:103][INFO] Task 4. Time 71.09
[2025-06-30 17:05:07,555][method.py][line:181][INFO] 
Accuracy:100	53	60	41	100	0	0	0	0	Avg Acc: 71.00
[2025-06-30 17:05:10,529][main.py][line:103][INFO] Task 4. Time 77.70
[2025-06-30 17:05:14,342][method.py][line:181][INFO] 
Accuracy:100	53	60	41	100	0	0	0	0	Avg Acc: 71.00
[2025-06-30 17:05:17,765][main.py][line:103][INFO] Task 4. Time 84.94
[2025-06-30 17:05:21,654][method.py][line:181][INFO] 
Accuracy:100	53	60	41	100	0	0	0	0	Avg Acc: 71.00
[2025-06-30 17:05:24,940][main.py][line:103][INFO] Task 4. Time 92.11
[2025-06-30 17:05:28,583][method.py][line:181][INFO] 
Accuracy:100	53	60	40	100	0	0	0	0	Avg Acc: 70.67
[2025-06-30 17:05:31,919][main.py][line:103][INFO] Task 4. Time 99.09
[2025-06-30 17:05:35,017][method.py][line:181][INFO] 
Accuracy:100	53	60	40	100	0	0	0	0	Avg Acc: 70.67
[2025-06-30 17:05:38,444][main.py][line:103][INFO] Task 4. Time 105.62
[2025-06-30 17:05:41,929][method.py][line:181][INFO] 
Accuracy:98	53	60	38	100	0	0	0	0	Avg Acc: 70.00
[2025-06-30 17:05:45,207][main.py][line:103][INFO] Task 4. Time 112.38
[2025-06-30 17:05:49,196][method.py][line:181][INFO] 
Accuracy:98	53	60	38	100	0	0	0	0	Avg Acc: 70.00
[2025-06-30 17:05:52,459][main.py][line:103][INFO] Task 4. Time 119.63
[2025-06-30 17:05:55,952][method.py][line:181][INFO] 
Accuracy:98	53	60	38	100	0	0	0	0	Avg Acc: 70.00
[2025-06-30 17:05:59,308][main.py][line:103][INFO] Task 4. Time 126.48
[2025-06-30 17:06:03,042][method.py][line:181][INFO] 
Accuracy:98	53	60	38	100	0	0	0	0	Avg Acc: 70.00
[2025-06-30 17:06:06,308][main.py][line:103][INFO] Task 4. Time 133.48
[2025-06-30 17:06:10,048][method.py][line:181][INFO] 
Accuracy:98	53	60	36	100	0	0	0	0	Avg Acc: 69.67
[2025-06-30 17:06:10,063][utils.py][line:88][INFO] End training-4 GPU Memory Allocated: 294.00 MB, Reserved: 318.00 MB, Max Allocated: 305.40 MB, Max Reserved: 318.00 MB
[2025-06-30 17:06:10,739][main.py][line:125][INFO] x0. indices [0, 1, 2, 3, 4, 5, 6, 7, 8, 9]
[2025-06-30 17:06:10,740][main.py][line:125][INFO] x1. indices [ 0  2  3  4  5  6  7  8  9 10 11 12 14 15 16 17 18 19 20 21 22 23 24 25
 26 27 28 29 30 31 32 33 34 35 36 37 38 39]
[2025-06-30 17:06:10,740][main.py][line:125][INFO] x2. indices [ 0  1  2  3  4  5  6  7  8  9 10 11 12 13 14 15 16 17 18 19 20 22 23 24
 25 27 28 29 30 31 33 34 35 36 37 38 39]
[2025-06-30 17:06:10,740][main.py][line:125][INFO] x3. indices [ 1  2  3  4  5  6  7  9 12 13 15 17 18 20 22 23 24 26 28 29 30 31 32 33
 34 35 36 37 38 39]
[2025-06-30 17:06:10,741][main.py][line:125][INFO] x4. indices [0 1 2 3 4 5 6 7 8 9]
[2025-06-30 17:06:10,746][main.py][line:90][INFO] 
>>> Task #2 --> Model Training
[2025-06-30 17:06:24,359][main.py][line:103][INFO] Task 5. Time 13.61
[2025-06-30 17:06:28,320][method.py][line:181][INFO] 
Accuracy:100	78	93	56	68	88	0	0	0	Avg Acc: 80.83
[2025-06-30 17:06:42,926][main.py][line:103][INFO] Task 5. Time 32.18
[2025-06-30 17:06:47,375][method.py][line:181][INFO] 
Accuracy:100	78	91	55	53	96	0	0	0	Avg Acc: 79.17
[2025-06-30 17:07:02,278][main.py][line:103][INFO] Task 5. Time 51.53
[2025-06-30 17:07:06,395][method.py][line:181][INFO] 
Accuracy:100	78	88	55	51	96	0	0	0	Avg Acc: 78.33
[2025-06-30 17:07:20,952][main.py][line:103][INFO] Task 5. Time 70.21
[2025-06-30 17:07:24,785][method.py][line:181][INFO] 
Accuracy:100	75	85	51	51	96	0	0	0	Avg Acc: 76.67
[2025-06-30 17:07:38,993][main.py][line:103][INFO] Task 5. Time 88.25
[2025-06-30 17:07:43,200][method.py][line:181][INFO] 
Accuracy:100	73	85	51	50	96	0	0	0	Avg Acc: 76.11
[2025-06-30 17:07:57,137][main.py][line:103][INFO] Task 5. Time 106.39
[2025-06-30 17:08:01,521][method.py][line:181][INFO] 
Accuracy:100	73	83	51	46	96	0	0	0	Avg Acc: 75.28
[2025-06-30 17:08:16,687][main.py][line:103][INFO] Task 5. Time 125.94
[2025-06-30 17:08:21,135][method.py][line:181][INFO] 
Accuracy:100	73	83	51	46	96	0	0	0	Avg Acc: 75.28
[2025-06-30 17:08:34,554][main.py][line:103][INFO] Task 5. Time 143.81
[2025-06-30 17:08:39,078][method.py][line:181][INFO] 
Accuracy:100	71	83	51	46	96	0	0	0	Avg Acc: 75.00
[2025-06-30 17:08:53,317][main.py][line:103][INFO] Task 5. Time 162.57
[2025-06-30 17:08:57,699][method.py][line:181][INFO] 
Accuracy:100	71	83	51	46	96	0	0	0	Avg Acc: 75.00
[2025-06-30 17:09:13,064][main.py][line:103][INFO] Task 5. Time 182.32
[2025-06-30 17:09:17,477][method.py][line:181][INFO] 
Accuracy:100	71	81	51	45	96	0	0	0	Avg Acc: 74.44
[2025-06-30 17:09:31,416][main.py][line:103][INFO] Task 5. Time 200.67
[2025-06-30 17:09:35,974][method.py][line:181][INFO] 
Accuracy:100	73	81	51	45	96	0	0	0	Avg Acc: 74.72
[2025-06-30 17:09:49,871][main.py][line:103][INFO] Task 5. Time 219.13
[2025-06-30 17:09:54,216][method.py][line:181][INFO] 
Accuracy:100	73	81	50	45	96	0	0	0	Avg Acc: 74.44
[2025-06-30 17:10:06,724][main.py][line:103][INFO] Task 5. Time 235.98
[2025-06-30 17:10:10,840][method.py][line:181][INFO] 
Accuracy:100	73	81	50	43	96	0	0	0	Avg Acc: 74.17
[2025-06-30 17:10:24,700][main.py][line:103][INFO] Task 5. Time 253.95
[2025-06-30 17:10:28,887][method.py][line:181][INFO] 
Accuracy:100	73	81	50	43	96	0	0	0	Avg Acc: 74.17
[2025-06-30 17:10:42,966][main.py][line:103][INFO] Task 5. Time 272.22
[2025-06-30 17:10:47,381][method.py][line:181][INFO] 
Accuracy:100	73	81	48	43	96	0	0	0	Avg Acc: 73.89
[2025-06-30 17:10:59,491][main.py][line:103][INFO] Task 5. Time 288.75
[2025-06-30 17:11:03,896][method.py][line:181][INFO] 
Accuracy:100	73	80	48	41	96	0	0	0	Avg Acc: 73.33
[2025-06-30 17:11:17,668][main.py][line:103][INFO] Task 5. Time 306.92
[2025-06-30 17:11:22,283][method.py][line:181][INFO] 
Accuracy:100	73	80	48	41	96	0	0	0	Avg Acc: 73.33
[2025-06-30 17:11:36,020][main.py][line:103][INFO] Task 5. Time 325.27
[2025-06-30 17:11:40,589][method.py][line:181][INFO] 
Accuracy:100	73	80	48	41	96	0	0	0	Avg Acc: 73.33
[2025-06-30 17:11:55,767][main.py][line:103][INFO] Task 5. Time 345.02
[2025-06-30 17:12:00,135][method.py][line:181][INFO] 
Accuracy:100	71	80	48	41	96	0	0	0	Avg Acc: 73.06
[2025-06-30 17:12:13,834][main.py][line:103][INFO] Task 5. Time 363.09
[2025-06-30 17:12:17,880][method.py][line:181][INFO] 
Accuracy:100	71	78	48	41	96	0	0	0	Avg Acc: 72.78
[2025-06-30 17:12:17,893][utils.py][line:88][INFO] End training-5 GPU Memory Allocated: 294.26 MB, Reserved: 320.00 MB, Max Allocated: 306.60 MB, Max Reserved: 320.00 MB
[2025-06-30 17:12:18,564][main.py][line:125][INFO] x0. indices [0, 1, 2, 3, 4, 5, 6, 7, 8, 9]
[2025-06-30 17:12:18,564][main.py][line:125][INFO] x1. indices [ 0  2  3  4  5  6  7  8  9 10 11 12 13 14 15 16 17 18 19 20 21 22 23 24
 25 26 27 28 29 30 31 32 33 34 35 36 37 38 39]
[2025-06-30 17:12:18,565][main.py][line:125][INFO] x2. indices [ 0  1  2  3  4  5  6  7  8  9 10 11 12 13 14 15 16 17 18 19 20 21 22 23
 24 25 26 27 28 29 30 31 32 33 34 35 36 37 38 39]
[2025-06-30 17:12:18,565][main.py][line:125][INFO] x3. indices [ 0  1  2  3  4  5  6  7  9 10 12 13 14 15 16 17 18 19 20 22 23 24 26 28
 29 30 31 32 33 34 35 36 37 38 39]
[2025-06-30 17:12:18,565][main.py][line:125][INFO] x4. indices [0 1 2 3 4 5 6 7 8 9]
[2025-06-30 17:12:18,571][main.py][line:90][INFO] 
>>> Task #3 --> Model Training
[2025-06-30 17:12:34,623][main.py][line:103][INFO] Task 6. Time 16.05
[2025-06-30 17:12:39,710][method.py][line:181][INFO] 
Accuracy:100	78	91	55	71	65	60	0	0	Avg Acc: 74.52
[2025-06-30 17:12:55,888][main.py][line:103][INFO] Task 6. Time 37.32
[2025-06-30 17:13:01,035][method.py][line:181][INFO] 
Accuracy:100	78	91	55	51	23	78	0	0	Avg Acc: 68.33
[2025-06-30 17:13:17,481][main.py][line:103][INFO] Task 6. Time 58.91
[2025-06-30 17:13:22,711][method.py][line:181][INFO] 
Accuracy:100	78	91	55	25	1	76	0	0	Avg Acc: 61.19
[2025-06-30 17:13:38,494][main.py][line:103][INFO] Task 6. Time 79.92
[2025-06-30 17:13:43,300][method.py][line:181][INFO] 
Accuracy:100	75	91	55	21	1	80	0	0	Avg Acc: 60.71
[2025-06-30 17:13:59,301][main.py][line:103][INFO] Task 6. Time 100.73
[2025-06-30 17:14:04,282][method.py][line:181][INFO] 
Accuracy:100	75	91	53	25	0	85	0	0	Avg Acc: 61.43
[2025-06-30 17:14:20,401][main.py][line:103][INFO] Task 6. Time 121.83
[2025-06-30 17:14:25,260][method.py][line:181][INFO] 
Accuracy:100	75	90	53	13	0	78	0	0	Avg Acc: 58.57
[2025-06-30 17:14:38,730][main.py][line:103][INFO] Task 6. Time 140.16
[2025-06-30 17:14:43,640][method.py][line:181][INFO] 
Accuracy:100	75	88	53	26	0	90	0	0	Avg Acc: 61.90
[2025-06-30 17:15:00,048][main.py][line:103][INFO] Task 6. Time 161.48
[2025-06-30 17:15:05,606][method.py][line:181][INFO] 
Accuracy:100	73	88	53	26	0	90	0	0	Avg Acc: 61.67
[2025-06-30 17:15:21,981][main.py][line:103][INFO] Task 6. Time 183.41
[2025-06-30 17:15:27,513][method.py][line:181][INFO] 
Accuracy:100	73	88	53	20	0	90	0	0	Avg Acc: 60.71
[2025-06-30 17:15:44,526][main.py][line:103][INFO] Task 6. Time 205.95
[2025-06-30 17:15:49,376][method.py][line:181][INFO] 
Accuracy:100	73	88	53	20	0	90	0	0	Avg Acc: 60.71
[2025-06-30 17:16:05,612][main.py][line:103][INFO] Task 6. Time 227.04
[2025-06-30 17:16:10,841][method.py][line:181][INFO] 
Accuracy:100	73	88	53	20	1	91	0	0	Avg Acc: 61.19
[2025-06-30 17:16:24,830][main.py][line:103][INFO] Task 6. Time 246.26
[2025-06-30 17:16:30,186][method.py][line:181][INFO] 
Accuracy:100	73	88	53	20	1	91	0	0	Avg Acc: 61.19
[2025-06-30 17:16:46,424][main.py][line:103][INFO] Task 6. Time 267.85
[2025-06-30 17:16:51,326][method.py][line:181][INFO] 
Accuracy:100	73	88	53	15	0	91	0	0	Avg Acc: 60.24
[2025-06-30 17:17:07,571][main.py][line:103][INFO] Task 6. Time 289.00
[2025-06-30 17:17:12,493][method.py][line:181][INFO] 
Accuracy:100	73	88	53	16	0	95	0	0	Avg Acc: 60.95
[2025-06-30 17:17:29,628][main.py][line:103][INFO] Task 6. Time 311.06
[2025-06-30 17:17:34,766][method.py][line:181][INFO] 
Accuracy:100	73	88	53	13	0	91	0	0	Avg Acc: 60.00
[2025-06-30 17:17:48,506][main.py][line:103][INFO] Task 6. Time 329.93
[2025-06-30 17:17:53,726][method.py][line:181][INFO] 
Accuracy:100	73	88	53	11	0	95	0	0	Avg Acc: 60.24
[2025-06-30 17:18:08,984][main.py][line:103][INFO] Task 6. Time 350.41
[2025-06-30 17:18:13,987][method.py][line:181][INFO] 
Accuracy:100	73	88	53	10	0	93	0	0	Avg Acc: 59.76
[2025-06-30 17:18:30,639][main.py][line:103][INFO] Task 6. Time 372.07
[2025-06-30 17:18:36,126][method.py][line:181][INFO] 
Accuracy:100	73	88	53	3	0	95	0	0	Avg Acc: 59.05
[2025-06-30 17:18:52,624][main.py][line:103][INFO] Task 6. Time 394.05
[2025-06-30 17:18:56,963][method.py][line:181][INFO] 
Accuracy:100	73	88	53	8	0	95	0	0	Avg Acc: 59.76
[2025-06-30 17:19:12,420][main.py][line:103][INFO] Task 6. Time 413.85
[2025-06-30 17:19:17,494][method.py][line:181][INFO] 
Accuracy:100	73	88	53	3	0	95	0	0	Avg Acc: 59.05
[2025-06-30 17:19:17,507][utils.py][line:88][INFO] End training-6 GPU Memory Allocated: 294.32 MB, Reserved: 320.00 MB, Max Allocated: 306.60 MB, Max Reserved: 320.00 MB
[2025-06-30 17:19:18,208][main.py][line:125][INFO] x0. indices [0, 1, 2, 3, 4, 5, 6, 7, 8, 9]
[2025-06-30 17:19:18,209][main.py][line:125][INFO] x1. indices [ 0  1  2  3  4  5  6  7  8  9 10 11 12 13 14 15 16 17 18 19 20 21 22 23
 24 25 26 27 28 29 30 31 32 33 34 35 36 37 38 39]
[2025-06-30 17:19:18,209][main.py][line:125][INFO] x2. indices [ 0  1  2  3  4  5  6  7  8  9 10 11 12 13 14 15 16 17 18 19 20 21 22 23
 24 25 26 27 28 29 30 31 32 33 34 35 36 37 38 39]
[2025-06-30 17:19:18,209][main.py][line:125][INFO] x3. indices [ 0  1  2  3  4  5  6  7  8  9 10 12 13 14 15 16 17 18 19 20 22 23 24 26
 28 29 30 31 32 33 34 35 36 37 38 39]
[2025-06-30 17:19:18,210][main.py][line:125][INFO] x4. indices [0 1 2 3 4 5 6 7 8 9]
[2025-06-30 17:19:18,216][main.py][line:90][INFO] 
>>> Task #4 --> Model Training
[2025-06-30 17:19:34,545][main.py][line:103][INFO] Task 7. Time 16.33
[2025-06-30 17:19:40,515][method.py][line:181][INFO] 
Accuracy:100	81	91	56	61	68	46	41	0	Avg Acc: 68.54
[2025-06-30 17:19:54,901][main.py][line:103][INFO] Task 7. Time 36.69
[2025-06-30 17:20:00,599][method.py][line:181][INFO] 
Accuracy:100	83	91	56	30	68	25	66	0	Avg Acc: 65.21
[2025-06-30 17:20:18,009][main.py][line:103][INFO] Task 7. Time 59.79
[2025-06-30 17:20:23,729][method.py][line:181][INFO] 
Accuracy:100	83	91	55	30	36	6	70	0	Avg Acc: 59.17
[2025-06-30 17:20:39,658][main.py][line:103][INFO] Task 7. Time 81.44
[2025-06-30 17:20:44,579][method.py][line:181][INFO] 
Accuracy:100	81	90	55	30	33	6	70	0	Avg Acc: 58.33
[2025-06-30 17:20:59,961][main.py][line:103][INFO] Task 7. Time 101.75
[2025-06-30 17:21:06,334][method.py][line:181][INFO] 
Accuracy:100	81	90	55	30	28	1	71	0	Avg Acc: 57.29
[2025-06-30 17:21:20,447][main.py][line:103][INFO] Task 7. Time 122.23
[2025-06-30 17:21:26,418][method.py][line:181][INFO] 
Accuracy:100	81	90	53	28	20	0	66	0	Avg Acc: 55.00
[2025-06-30 17:21:44,076][main.py][line:103][INFO] Task 7. Time 145.86
[2025-06-30 17:21:49,968][method.py][line:181][INFO] 
Accuracy:100	81	90	53	28	13	0	73	0	Avg Acc: 55.00
[2025-06-30 17:22:05,852][main.py][line:103][INFO] Task 7. Time 167.64
[2025-06-30 17:22:11,190][method.py][line:181][INFO] 
Accuracy:100	81	90	53	28	5	0	76	0	Avg Acc: 54.38
[2025-06-30 17:22:26,894][main.py][line:103][INFO] Task 7. Time 188.68
[2025-06-30 17:22:32,688][method.py][line:181][INFO] 
Accuracy:100	81	90	53	28	3	0	65	0	Avg Acc: 52.71
[2025-06-30 17:22:48,045][main.py][line:103][INFO] Task 7. Time 209.83
[2025-06-30 17:22:54,166][method.py][line:181][INFO] 
Accuracy:100	81	90	53	26	1	0	73	0	Avg Acc: 53.33
[2025-06-30 17:23:12,254][main.py][line:103][INFO] Task 7. Time 234.04
[2025-06-30 17:23:18,238][method.py][line:181][INFO] 
Accuracy:100	81	90	53	40	1	0	66	0	Avg Acc: 54.17
[2025-06-30 17:24:00,108][main.py][line:103][INFO] Task 7. Time 281.89
[2025-06-30 17:24:25,878][method.py][line:181][INFO] 
Accuracy:100	81	90	53	35	0	0	75	0	Avg Acc: 54.38
[2025-06-30 17:25:13,004][main.py][line:103][INFO] Task 7. Time 354.79
[2025-06-30 17:25:44,970][method.py][line:181][INFO] 
Accuracy:100	81	90	53	30	0	0	65	0	Avg Acc: 52.50
[2025-06-30 17:26:06,637][main.py][line:103][INFO] Task 7. Time 408.42
[2025-06-30 17:26:12,089][method.py][line:181][INFO] 
Accuracy:100	81	90	53	30	3	0	68	0	Avg Acc: 53.33
[2025-06-30 17:26:27,168][main.py][line:103][INFO] Task 7. Time 428.95
[2025-06-30 17:26:33,061][method.py][line:181][INFO] 
Accuracy:100	81	90	53	26	0	0	78	0	Avg Acc: 53.75
[2025-06-30 17:26:49,361][main.py][line:103][INFO] Task 7. Time 451.15
[2025-06-30 17:26:55,234][method.py][line:181][INFO] 
Accuracy:100	81	90	53	23	0	0	78	0	Avg Acc: 53.33
[2025-06-30 17:27:08,241][main.py][line:103][INFO] Task 7. Time 470.02
[2025-06-30 17:27:14,368][method.py][line:181][INFO] 
Accuracy:100	81	90	53	26	1	0	71	0	Avg Acc: 53.12
[2025-06-30 17:27:31,589][main.py][line:103][INFO] Task 7. Time 493.37
[2025-06-30 17:27:37,889][method.py][line:181][INFO] 
Accuracy:100	81	90	53	23	0	0	75	0	Avg Acc: 52.92
[2025-06-30 17:27:54,992][main.py][line:103][INFO] Task 7. Time 516.78
[2025-06-30 17:28:00,800][method.py][line:181][INFO] 
Accuracy:100	81	90	53	20	0	0	81	0	Avg Acc: 53.33
[2025-06-30 17:28:13,939][main.py][line:103][INFO] Task 7. Time 535.72
[2025-06-30 17:28:19,847][method.py][line:181][INFO] 
Accuracy:100	81	90	53	18	0	0	83	0	Avg Acc: 53.33
[2025-06-30 17:28:19,862][utils.py][line:88][INFO] End training-7 GPU Memory Allocated: 293.92 MB, Reserved: 320.00 MB, Max Allocated: 307.15 MB, Max Reserved: 320.00 MB
[2025-06-30 17:28:20,590][main.py][line:125][INFO] x0. indices [0, 1, 2, 3, 4, 5, 6, 7, 8, 9]
[2025-06-30 17:28:20,591][main.py][line:125][INFO] x1. indices [ 0  1  2  3  4  5  6  7  8  9 10 11 12 13 14 15 16 17 18 19 20 21 22 23
 24 25 26 27 28 29 30 31 32 33 34 35 36 37 38 39]
[2025-06-30 17:28:20,591][main.py][line:125][INFO] x2. indices [ 0  1  2  3  4  5  6  7  8  9 10 11 12 13 14 15 16 17 18 19 20 21 22 23
 24 25 26 27 28 29 30 31 32 33 34 35 36 37 38 39]
[2025-06-30 17:28:20,591][main.py][line:125][INFO] x3. indices [ 0  1  2  3  4  5  6  7  8  9 10 12 13 14 15 16 17 18 19 20 22 23 24 26
 28 29 30 31 32 33 34 35 36 37 38 39]
[2025-06-30 17:28:20,591][main.py][line:125][INFO] x4. indices [0 1 2 3 4 5 6 7 8 9]
[2025-06-30 17:28:20,595][main.py][line:90][INFO] 
>>> Task #5 --> Model Training
[2025-06-30 17:28:36,791][main.py][line:103][INFO] Task 8. Time 16.20
[2025-06-30 17:28:43,112][method.py][line:181][INFO] 
Accuracy:100	78	90	56	61	61	45	45	41	Avg Acc: 64.44
[2025-06-30 17:28:57,637][main.py][line:103][INFO] Task 8. Time 37.04
[2025-06-30 17:29:04,167][method.py][line:181][INFO] 
Accuracy:100	78	90	56	61	38	31	45	45	Avg Acc: 60.74
[2025-06-30 17:29:20,320][main.py][line:103][INFO] Task 8. Time 59.72
[2025-06-30 17:29:26,916][method.py][line:181][INFO] 
Accuracy:100	78	88	56	61	10	26	28	53	Avg Acc: 55.93
[2025-06-30 17:29:45,420][main.py][line:103][INFO] Task 8. Time 84.83
[2025-06-30 17:29:52,260][method.py][line:181][INFO] 
Accuracy:100	78	88	56	55	5	25	23	58	Avg Acc: 54.44
[2025-06-30 17:30:53,987][main.py][line:103][INFO] Task 8. Time 153.39
[2025-06-30 17:31:12,537][method.py][line:181][INFO] 
Accuracy:100	78	88	56	46	5	10	23	58	Avg Acc: 51.85
[2025-06-30 17:32:01,609][main.py][line:103][INFO] Task 8. Time 221.01
[2025-06-30 17:32:27,843][method.py][line:181][INFO] 
Accuracy:100	78	88	56	43	5	1	23	61	Avg Acc: 50.93
[2025-06-30 17:33:09,314][main.py][line:103][INFO] Task 8. Time 288.72
[2025-06-30 17:33:15,708][method.py][line:181][INFO] 
Accuracy:100	78	88	56	43	5	0	21	61	Avg Acc: 50.56
[2025-06-30 17:33:57,288][main.py][line:103][INFO] Task 8. Time 336.69
[2025-06-30 17:34:04,000][method.py][line:181][INFO] 
Accuracy:100	80	88	56	40	5	0	21	70	Avg Acc: 51.30
[2025-06-30 17:34:45,394][main.py][line:103][INFO] Task 8. Time 384.80
[2025-06-30 17:34:52,144][method.py][line:181][INFO] 
Accuracy:100	80	88	55	40	5	0	21	68	Avg Acc: 50.93
[2025-06-30 17:35:34,745][main.py][line:103][INFO] Task 8. Time 434.15
[2025-06-30 17:35:52,720][method.py][line:181][INFO] 
Accuracy:100	81	88	55	40	5	1	21	71	Avg Acc: 51.67
[2025-06-30 17:36:26,548][main.py][line:103][INFO] Task 8. Time 485.95
[2025-06-30 17:36:51,914][method.py][line:181][INFO] 
Accuracy:100	83	88	55	40	5	1	23	75	Avg Acc: 52.41
[2025-06-30 17:37:20,657][main.py][line:103][INFO] Task 8. Time 540.06
[2025-06-30 17:37:53,602][method.py][line:181][INFO] 
Accuracy:100	83	88	55	40	5	1	25	73	Avg Acc: 52.41
[2025-06-30 17:38:30,163][main.py][line:103][INFO] Task 8. Time 609.57
[2025-06-30 17:38:38,027][method.py][line:181][INFO] 
Accuracy:100	83	88	55	41	5	1	25	75	Avg Acc: 52.78
[2025-06-30 17:38:59,790][main.py][line:103][INFO] Task 8. Time 639.19
[2025-06-30 17:39:07,418][method.py][line:181][INFO] 
Accuracy:100	83	88	55	40	5	1	25	81	Avg Acc: 53.33
[2025-06-30 17:39:29,375][main.py][line:103][INFO] Task 8. Time 668.78
[2025-06-30 17:39:37,118][method.py][line:181][INFO] 
Accuracy:100	83	88	55	41	5	1	25	76	Avg Acc: 52.96
[2025-06-30 17:39:59,057][main.py][line:103][INFO] Task 8. Time 698.46
[2025-06-30 17:40:07,234][method.py][line:181][INFO] 
Accuracy:100	83	88	55	41	5	1	25	80	Avg Acc: 53.33
[2025-06-30 17:40:29,917][main.py][line:103][INFO] Task 8. Time 729.32
[2025-06-30 17:40:37,649][method.py][line:181][INFO] 
Accuracy:100	85	88	55	41	5	1	26	78	Avg Acc: 53.52
[2025-06-30 17:40:59,119][main.py][line:103][INFO] Task 8. Time 758.52
[2025-06-30 17:41:07,238][method.py][line:181][INFO] 
Accuracy:100	85	88	55	43	5	0	26	81	Avg Acc: 53.89
[2025-06-30 17:41:29,988][main.py][line:103][INFO] Task 8. Time 789.39
[2025-06-30 17:41:37,670][method.py][line:181][INFO] 
Accuracy:100	85	88	55	43	5	0	26	78	Avg Acc: 53.52
[2025-06-30 17:42:00,949][main.py][line:103][INFO] Task 8. Time 820.35
[2025-06-30 17:42:09,004][method.py][line:181][INFO] 
Accuracy:100	85	88	55	41	5	0	26	81	Avg Acc: 53.70
[2025-06-30 17:42:09,014][utils.py][line:88][INFO] End training-8 GPU Memory Allocated: 293.99 MB, Reserved: 320.00 MB, Max Allocated: 307.15 MB, Max Reserved: 320.00 MB
[2025-06-30 17:42:09,645][main.py][line:125][INFO] x0. indices [0, 1, 2, 3, 4, 5, 6, 7, 8, 9]
[2025-06-30 17:42:09,646][main.py][line:125][INFO] x1. indices [ 0  1  2  3  4  5  6  7  8  9 10 11 12 13 14 15 16 17 18 19 20 21 22 23
 24 25 26 27 28 29 30 31 32 33 34 35 36 37 38 39]
[2025-06-30 17:42:09,647][main.py][line:125][INFO] x2. indices [ 0  1  2  3  4  5  6  7  8  9 10 11 12 13 14 15 16 17 18 19 20 21 22 23
 24 25 26 27 28 29 30 31 32 33 34 35 36 37 38 39]
[2025-06-30 17:42:09,647][main.py][line:125][INFO] x3. indices [ 0  1  2  3  4  5  6  7  8  9 10 12 13 14 15 16 17 18 19 20 22 23 24 25
 26 28 29 30 31 32 33 34 35 36 37 38 39]
[2025-06-30 17:42:09,647][main.py][line:125][INFO] x4. indices [0 1 2 3 4 5 6 7 8 9]
[2025-06-30 17:42:09,653][main.py][line:140][INFO] 
Final Results
[2025-06-30 17:42:09,653][main.py][line:141][INFO] Acc:[np.float64(95.0), np.float64(83.67), np.float64(80.83), np.float64(74.52), np.float64(68.54), np.float64(64.44)]- Avg Acc:77.83
