[2025-01-12 16:14:14,193][utils.py][line:63][INFO] Hyperparameters:
[2025-01-12 16:14:14,193][utils.py][line:65][INFO] batch_size: 16
[2025-01-12 16:14:14,193][utils.py][line:65][INFO] data_root: data
[2025-01-12 16:14:14,193][utils.py][line:65][INFO] dataset: mmfi27
[2025-01-12 16:14:14,193][utils.py][line:65][INFO] num_workers: 8
[2025-01-12 16:14:14,193][utils.py][line:65][INFO] cuda_id: 0
[2025-01-12 16:14:14,193][utils.py][line:65][INFO] seed: 10
[2025-01-12 16:14:14,193][utils.py][line:65][INFO] half_iid: 1
[2025-01-12 16:14:14,193][utils.py][line:65][INFO] n_epochs: 20
[2025-01-12 16:14:14,193][utils.py][line:65][INFO] n_warmup_epochs: 0
[2025-01-12 16:14:14,193][utils.py][line:65][INFO] n_tasks: 9
[2025-01-12 16:14:14,193][utils.py][line:65][INFO] log_path: /data1/smy1/lr/work2_compress/fixhead/mmfi_short/log/
[2025-01-12 16:14:14,193][utils.py][line:65][INFO] lr: 0.0001
[2025-01-12 16:14:20,147][utils.py][line:72][INFO] Model's state_dict:
[2025-01-12 16:14:20,147][utils.py][line:74][INFO] Layer: encoder_0.weight | Size: torch.Size([128, 342, 10]) | Total Parameters: 437760
[2025-01-12 16:14:20,147][utils.py][line:74][INFO] Layer: encoder_1.weight | Size: torch.Size([128, 342, 10]) | Total Parameters: 437760
[2025-01-12 16:14:20,147][utils.py][line:74][INFO] Layer: transformer.model.layers.self_attn.qkv.weight | Size: torch.Size([1026, 342]) | Total Parameters: 350892
[2025-01-12 16:14:20,147][utils.py][line:74][INFO] Layer: transformer.model.layers.self_attn.conPerfix.up.weight | Size: torch.Size([684, 256]) | Total Parameters: 175104
[2025-01-12 16:14:20,147][utils.py][line:74][INFO] Layer: transformer.model.layers.self_attn.prev_conPerfix.up.weight | Size: torch.Size([684, 256]) | Total Parameters: 175104
[2025-01-12 16:14:20,147][utils.py][line:74][INFO] Layer: transformer.model.layers.self_attn.proj.weight | Size: torch.Size([342, 342]) | Total Parameters: 116964
[2025-01-12 16:14:20,147][utils.py][line:74][INFO] Layer: transformer.model.layers.self_attn.conPerfix.down.weight | Size: torch.Size([256, 342]) | Total Parameters: 87552
[2025-01-12 16:14:20,147][utils.py][line:74][INFO] Layer: transformer.model.layers.self_attn.prev_conPerfix.down.weight | Size: torch.Size([256, 342]) | Total Parameters: 87552
[2025-01-12 16:14:20,147][utils.py][line:74][INFO] Layer: feats.0.weight | Size: torch.Size([27, 342]) | Total Parameters: 9234
[2025-01-12 16:14:20,147][utils.py][line:74][INFO] Layer: feats.1.weight | Size: torch.Size([27, 342]) | Total Parameters: 9234
[2025-01-12 16:14:20,147][utils.py][line:74][INFO] Layer: feats.2.weight | Size: torch.Size([27, 342]) | Total Parameters: 9234
[2025-01-12 16:14:20,149][utils.py][line:74][INFO] Layer: feats.3.weight | Size: torch.Size([27, 342]) | Total Parameters: 9234
[2025-01-12 16:14:20,149][utils.py][line:74][INFO] Layer: feats.4.weight | Size: torch.Size([27, 342]) | Total Parameters: 9234
[2025-01-12 16:14:20,149][utils.py][line:74][INFO] Layer: feats.5.weight | Size: torch.Size([27, 342]) | Total Parameters: 9234
[2025-01-12 16:14:20,149][utils.py][line:74][INFO] Layer: pos_encoding.embedding | Size: torch.Size([10, 342]) | Total Parameters: 3420
[2025-01-12 16:14:20,149][utils.py][line:74][INFO] Layer: transformer.model.layers.feed_forward.layer2.weight | Size: torch.Size([40, 40]) | Total Parameters: 1600
[2025-01-12 16:14:20,149][utils.py][line:74][INFO] Layer: transformer.model.layers.feed_forward.layer3.weight | Size: torch.Size([40, 40]) | Total Parameters: 1600
[2025-01-12 16:14:20,149][utils.py][line:74][INFO] Layer: transformer.model.layers.self_attn.conPerfix.up.bias | Size: torch.Size([684]) | Total Parameters: 684
[2025-01-12 16:14:20,149][utils.py][line:74][INFO] Layer: transformer.model.layers.self_attn.prev_conPerfix.up.bias | Size: torch.Size([684]) | Total Parameters: 684
[2025-01-12 16:14:20,149][utils.py][line:74][INFO] Layer: transformer.model.layers.feed_forward.layer1.weight | Size: torch.Size([40, 10]) | Total Parameters: 400
[2025-01-12 16:14:20,149][utils.py][line:74][INFO] Layer: transformer.model.layers.feed_forward.layer4.weight | Size: torch.Size([10, 40]) | Total Parameters: 400
[2025-01-12 16:14:20,149][utils.py][line:74][INFO] Layer: transformer.model.layers.self_attn.proj.bias | Size: torch.Size([342]) | Total Parameters: 342
[2025-01-12 16:14:20,149][utils.py][line:74][INFO] Layer: transformer.model.layers.sublayer.0.norm.a_2 | Size: torch.Size([342]) | Total Parameters: 342
[2025-01-12 16:14:20,149][utils.py][line:74][INFO] Layer: transformer.model.layers.sublayer.0.norm.b_2 | Size: torch.Size([342]) | Total Parameters: 342
[2025-01-12 16:14:20,149][utils.py][line:74][INFO] Layer: transformer.model.layers.sublayer.1.norm.a_2 | Size: torch.Size([342]) | Total Parameters: 342
[2025-01-12 16:14:20,149][utils.py][line:74][INFO] Layer: transformer.model.layers.sublayer.1.norm.b_2 | Size: torch.Size([342]) | Total Parameters: 342
[2025-01-12 16:14:20,149][utils.py][line:74][INFO] Layer: transformer.model.norm.a_2 | Size: torch.Size([342]) | Total Parameters: 342
[2025-01-12 16:14:20,149][utils.py][line:74][INFO] Layer: transformer.model.norm.b_2 | Size: torch.Size([342]) | Total Parameters: 342
[2025-01-12 16:14:20,149][utils.py][line:74][INFO] Layer: transformer.model.layers.self_attn.conPerfix.down.bias | Size: torch.Size([256]) | Total Parameters: 256
[2025-01-12 16:14:20,149][utils.py][line:74][INFO] Layer: transformer.model.layers.self_attn.prev_conPerfix.down.bias | Size: torch.Size([256]) | Total Parameters: 256
[2025-01-12 16:14:20,149][utils.py][line:74][INFO] Layer: encoder_0.bias | Size: torch.Size([128]) | Total Parameters: 128
[2025-01-12 16:14:20,149][utils.py][line:74][INFO] Layer: encoder_1.bias | Size: torch.Size([128]) | Total Parameters: 128
[2025-01-12 16:14:20,149][utils.py][line:74][INFO] Layer: transformer.model.layers.feed_forward.layer1.bias | Size: torch.Size([40]) | Total Parameters: 40
[2025-01-12 16:14:20,149][utils.py][line:74][INFO] Layer: transformer.model.layers.feed_forward.layer2.bias | Size: torch.Size([40]) | Total Parameters: 40
[2025-01-12 16:14:20,149][utils.py][line:74][INFO] Layer: transformer.model.layers.feed_forward.layer3.bias | Size: torch.Size([40]) | Total Parameters: 40
[2025-01-12 16:14:20,149][utils.py][line:74][INFO] Layer: feats.0.bias | Size: torch.Size([27]) | Total Parameters: 27
[2025-01-12 16:14:20,149][utils.py][line:74][INFO] Layer: feats.1.bias | Size: torch.Size([27]) | Total Parameters: 27
[2025-01-12 16:14:20,150][utils.py][line:74][INFO] Layer: feats.2.bias | Size: torch.Size([27]) | Total Parameters: 27
[2025-01-12 16:14:20,150][utils.py][line:74][INFO] Layer: feats.3.bias | Size: torch.Size([27]) | Total Parameters: 27
[2025-01-12 16:14:20,150][utils.py][line:74][INFO] Layer: feats.4.bias | Size: torch.Size([27]) | Total Parameters: 27
[2025-01-12 16:14:20,150][utils.py][line:74][INFO] Layer: feats.5.bias | Size: torch.Size([27]) | Total Parameters: 27
[2025-01-12 16:14:20,150][utils.py][line:74][INFO] Layer: transformer.model.layers.feed_forward.layer4.bias | Size: torch.Size([10]) | Total Parameters: 10
[2025-01-12 16:14:20,150][utils.py][line:74][INFO] Layer: pos_encoding.mu | Size: torch.Size([1, 10]) | Total Parameters: 10
[2025-01-12 16:14:20,150][utils.py][line:74][INFO] Layer: pos_encoding.sigma | Size: torch.Size([1, 10]) | Total Parameters: 10
[2025-01-12 16:14:20,150][utils.py][line:76][INFO] Total number of parameters: 1936354
[2025-01-12 16:14:20,151][utils.py][line:88][INFO] init model GPU Memory Allocated: 7.43 MB, Reserved: 24.00 MB, Max Allocated: 7.43 MB, Max Reserved: 24.00 MB
[2025-01-12 16:14:23,926][main.py][line:71][INFO] 
>>> Task #0 --> Model Training
[2025-01-12 16:14:24,902][main.py][line:84][INFO] Task 3. Time 0.98
[2025-01-12 16:14:26,455][method.py][line:155][INFO] 
Accuracy:100	76	95	58	0	0	0	0	0	Avg Acc: 82.50
[2025-01-12 16:14:27,420][main.py][line:84][INFO] Task 3. Time 3.49
[2025-01-12 16:14:29,045][method.py][line:155][INFO] 
Accuracy:100	80	96	85	0	0	0	0	0	Avg Acc: 90.42
[2025-01-12 16:14:30,098][main.py][line:84][INFO] Task 3. Time 6.17
[2025-01-12 16:14:31,622][method.py][line:155][INFO] 
Accuracy:100	83	98	76	0	0	0	0	0	Avg Acc: 89.58
[2025-01-12 16:14:32,654][main.py][line:84][INFO] Task 3. Time 8.73
[2025-01-12 16:14:34,215][method.py][line:155][INFO] 
Accuracy:100	86	98	83	0	0	0	0	0	Avg Acc: 92.08
[2025-01-12 16:14:35,247][main.py][line:84][INFO] Task 3. Time 11.32
[2025-01-12 16:14:36,764][method.py][line:155][INFO] 
Accuracy:100	88	96	83	0	0	0	0	0	Avg Acc: 92.08
[2025-01-12 16:14:37,759][main.py][line:84][INFO] Task 3. Time 13.83
[2025-01-12 16:14:39,287][method.py][line:155][INFO] 
Accuracy:100	88	100	86	0	0	0	0	0	Avg Acc: 93.75
[2025-01-12 16:14:40,278][main.py][line:84][INFO] Task 3. Time 16.35
[2025-01-12 16:14:41,689][method.py][line:155][INFO] 
Accuracy:100	88	98	85	0	0	0	0	0	Avg Acc: 92.92
[2025-01-12 16:14:42,632][main.py][line:84][INFO] Task 3. Time 18.71
[2025-01-12 16:14:44,116][method.py][line:155][INFO] 
Accuracy:100	90	98	90	0	0	0	0	0	Avg Acc: 94.58
[2025-01-12 16:14:45,153][main.py][line:84][INFO] Task 3. Time 21.23
[2025-01-12 16:14:46,702][method.py][line:155][INFO] 
Accuracy:100	86	98	88	0	0	0	0	0	Avg Acc: 93.33
[2025-01-12 16:14:47,687][main.py][line:84][INFO] Task 3. Time 23.76
[2025-01-12 16:14:49,280][method.py][line:155][INFO] 
Accuracy:100	90	98	86	0	0	0	0	0	Avg Acc: 93.75
[2025-01-12 16:14:50,237][main.py][line:84][INFO] Task 3. Time 26.31
[2025-01-12 16:14:51,707][method.py][line:155][INFO] 
Accuracy:100	86	98	90	0	0	0	0	0	Avg Acc: 93.75
[2025-01-12 16:14:52,659][main.py][line:84][INFO] Task 3. Time 28.73
[2025-01-12 16:14:54,253][method.py][line:155][INFO] 
Accuracy:100	88	98	90	0	0	0	0	0	Avg Acc: 94.17
[2025-01-12 16:14:55,295][main.py][line:84][INFO] Task 3. Time 31.37
[2025-01-12 16:14:56,880][method.py][line:155][INFO] 
Accuracy:100	88	98	88	0	0	0	0	0	Avg Acc: 93.75
[2025-01-12 16:14:57,855][main.py][line:84][INFO] Task 3. Time 33.93
[2025-01-12 16:14:59,447][method.py][line:155][INFO] 
Accuracy:100	90	98	88	0	0	0	0	0	Avg Acc: 94.17
[2025-01-12 16:15:00,412][main.py][line:84][INFO] Task 3. Time 36.49
[2025-01-12 16:15:01,878][method.py][line:155][INFO] 
Accuracy:100	86	98	86	0	0	0	0	0	Avg Acc: 92.92
[2025-01-12 16:15:02,939][main.py][line:84][INFO] Task 3. Time 39.01
[2025-01-12 16:15:04,462][method.py][line:155][INFO] 
Accuracy:100	88	98	90	0	0	0	0	0	Avg Acc: 94.17
[2025-01-12 16:15:05,469][main.py][line:84][INFO] Task 3. Time 41.54
[2025-01-12 16:15:07,050][method.py][line:155][INFO] 
Accuracy:100	88	98	88	0	0	0	0	0	Avg Acc: 93.75
[2025-01-12 16:15:08,015][main.py][line:84][INFO] Task 3. Time 44.09
[2025-01-12 16:15:09,528][method.py][line:155][INFO] 
Accuracy:100	90	98	90	0	0	0	0	0	Avg Acc: 94.58
[2025-01-12 16:15:10,509][main.py][line:84][INFO] Task 3. Time 46.58
[2025-01-12 16:15:12,118][method.py][line:155][INFO] 
Accuracy:100	90	98	90	0	0	0	0	0	Avg Acc: 94.58
[2025-01-12 16:15:13,117][main.py][line:84][INFO] Task 3. Time 49.19
[2025-01-12 16:15:14,649][method.py][line:155][INFO] 
Accuracy:100	88	98	88	0	0	0	0	0	Avg Acc: 93.75
[2025-01-12 16:15:14,659][utils.py][line:88][INFO] End training-3 GPU Memory Allocated: 20.67 MB, Reserved: 56.00 MB, Max Allocated: 32.18 MB, Max Reserved: 56.00 MB
[2025-01-12 16:15:15,159][main.py][line:105][INFO] x0. indices [0, 1, 2, 3, 4, 5, 6, 7, 8, 9]
[2025-01-12 16:15:15,159][main.py][line:105][INFO] x1. indices [36, 22, 28, 17, 14, 19, 39]
[2025-01-12 16:15:15,159][main.py][line:105][INFO] x2. indices [27, 2, 14, 37, 22, 13, 30]
[2025-01-12 16:15:15,159][main.py][line:105][INFO] x3. indices [36, 26, 12, 33, 38, 23, 35]
[2025-01-12 16:15:15,159][main.py][line:105][INFO] x4. indices [0, 9]
[2025-01-12 16:15:15,163][main.py][line:71][INFO] 
>>> Task #1 --> Model Training
[2025-01-12 16:15:15,886][main.py][line:84][INFO] Task 4. Time 0.72
[2025-01-12 16:15:22,204][method.py][line:155][INFO] 
Accuracy:100	80	93	63	13	0	0	0	0	Avg Acc: 70.00
[2025-01-12 16:15:22,883][main.py][line:84][INFO] Task 4. Time 7.72
[2025-01-12 16:15:28,835][method.py][line:155][INFO] 
Accuracy:100	78	93	63	13	0	0	0	0	Avg Acc: 69.67
[2025-01-12 16:15:29,503][main.py][line:84][INFO] Task 4. Time 14.34
[2025-01-12 16:15:35,685][method.py][line:155][INFO] 
Accuracy:100	80	93	65	13	0	0	0	0	Avg Acc: 70.33
[2025-01-12 16:15:36,387][main.py][line:84][INFO] Task 4. Time 21.22
[2025-01-12 16:15:42,735][method.py][line:155][INFO] 
Accuracy:100	80	93	65	13	0	0	0	0	Avg Acc: 70.33
[2025-01-12 16:15:43,464][main.py][line:84][INFO] Task 4. Time 28.30
[2025-01-12 16:15:49,503][method.py][line:155][INFO] 
Accuracy:100	80	93	66	13	0	0	0	0	Avg Acc: 70.67
[2025-01-12 16:15:50,231][main.py][line:84][INFO] Task 4. Time 35.07
[2025-01-12 16:15:56,504][method.py][line:155][INFO] 
Accuracy:100	80	93	68	13	0	0	0	0	Avg Acc: 71.00
[2025-01-12 16:15:57,231][main.py][line:84][INFO] Task 4. Time 42.07
[2025-01-12 16:16:03,166][method.py][line:155][INFO] 
Accuracy:100	80	93	68	13	0	0	0	0	Avg Acc: 71.00
[2025-01-12 16:16:03,882][main.py][line:84][INFO] Task 4. Time 48.72
[2025-01-12 16:16:10,150][method.py][line:155][INFO] 
Accuracy:100	80	93	68	13	0	0	0	0	Avg Acc: 71.00
[2025-01-12 16:16:10,883][main.py][line:84][INFO] Task 4. Time 55.72
[2025-01-12 16:16:17,347][method.py][line:155][INFO] 
Accuracy:100	80	93	68	13	0	0	0	0	Avg Acc: 71.00
[2025-01-12 16:16:18,204][main.py][line:84][INFO] Task 4. Time 63.04
[2025-01-12 16:16:24,184][method.py][line:155][INFO] 
Accuracy:100	80	93	68	11	0	0	0	0	Avg Acc: 70.67
[2025-01-12 16:16:24,917][main.py][line:84][INFO] Task 4. Time 69.75
[2025-01-12 16:16:30,899][method.py][line:155][INFO] 
Accuracy:100	78	93	68	11	0	0	0	0	Avg Acc: 70.33
[2025-01-12 16:16:31,620][main.py][line:84][INFO] Task 4. Time 76.46
[2025-01-12 16:16:37,769][method.py][line:155][INFO] 
Accuracy:100	78	93	66	11	0	0	0	0	Avg Acc: 70.00
[2025-01-12 16:16:38,511][main.py][line:84][INFO] Task 4. Time 83.35
[2025-01-12 16:16:44,707][method.py][line:155][INFO] 
Accuracy:100	78	95	66	11	0	0	0	0	Avg Acc: 70.33
[2025-01-12 16:16:45,404][main.py][line:84][INFO] Task 4. Time 90.24
[2025-01-12 16:16:51,675][method.py][line:155][INFO] 
Accuracy:100	78	95	65	11	0	0	0	0	Avg Acc: 70.00
[2025-01-12 16:16:52,374][main.py][line:84][INFO] Task 4. Time 97.21
[2025-01-12 16:16:58,180][method.py][line:155][INFO] 
Accuracy:100	78	95	65	10	0	0	0	0	Avg Acc: 69.67
[2025-01-12 16:16:59,052][main.py][line:84][INFO] Task 4. Time 103.89
[2025-01-12 16:17:02,970][method.py][line:155][INFO] 
Accuracy:100	78	95	65	10	0	0	0	0	Avg Acc: 69.67
[2025-01-12 16:17:03,786][main.py][line:84][INFO] Task 4. Time 108.62
[2025-01-12 16:17:07,683][method.py][line:155][INFO] 
Accuracy:100	78	95	65	10	0	0	0	0	Avg Acc: 69.67
[2025-01-12 16:17:08,451][main.py][line:84][INFO] Task 4. Time 113.29
