[2025-07-01 14:02:21,318][utils.py][line:63][INFO] Hyperparameters:
[2025-07-01 14:02:21,318][utils.py][line:65][INFO] config_path: utils/config.yaml
[2025-07-01 14:02:21,318][utils.py][line:65][INFO] batch_size: 16
[2025-07-01 14:02:21,318][utils.py][line:65][INFO] n_epochs: 20
[2025-07-01 14:02:21,318][utils.py][line:65][INFO] n_warmup_epochs: 20
[2025-07-01 14:02:21,318][utils.py][line:65][INFO] lr: 0.0001
[2025-07-01 14:02:21,318][utils.py][line:65][INFO] seed: 10
[2025-07-01 14:02:21,318][utils.py][line:65][INFO] cuda_id: 0
[2025-07-01 14:02:21,318][utils.py][line:65][INFO] num_workers: 8
[2025-07-01 14:02:21,319][utils.py][line:65][INFO] n_tasks: 9
[2025-07-01 14:02:21,319][utils.py][line:65][INFO] half_iid: 1
[2025-07-01 14:02:21,319][utils.py][line:65][INFO] data_root: data
[2025-07-01 14:02:21,319][utils.py][line:65][INFO] log_path: log/
[2025-07-01 14:02:21,319][utils.py][line:65][INFO] lgcl_enabled: True
[2025-07-01 14:02:21,319][utils.py][line:65][INFO] alpha: 0.1
[2025-07-01 14:02:21,319][utils.py][line:65][INFO] beta: 0.05
[2025-07-01 14:02:21,319][utils.py][line:65][INFO] clip_model_name: /data1/rsl/consense-0629/mmfi_short/clip-vit-base-patch32
[2025-07-01 14:02:21,319][utils.py][line:65][INFO] dataset: mmfi27
[2025-07-01 14:02:21,319][utils.py][line:65][INFO] class_names: ['stretching and relaxing', 'horizontal chest expansion', 'vertical chest expansion', 'twisting body to the left', 'twisting body to the right', 'marching in place', 'extending left limb', 'extending right limb', 'lunge toward left-front', 'lunge toward right-front', 'extending both limbs', 'squat', 'raising left hand', 'raising right hand', 'lunge toward left side', 'lunge toward right side', 'waving left hand', 'waving right hand', 'picking up things', 'throwing toward left side', 'throwing toward right side', 'kicking toward left side', 'kicking toward right side', 'extending left side of the body', 'extending right side of the body', 'jumping up', 'bowing']
[2025-07-01 14:02:23,524][utils.py][line:72][INFO] Model's state_dict:
[2025-07-01 14:02:23,524][utils.py][line:74][INFO] Layer: encoder_0.weight | Size: torch.Size([128, 342, 10]) | Total Parameters: 437760
[2025-07-01 14:02:23,524][utils.py][line:74][INFO] Layer: encoder_1.weight | Size: torch.Size([128, 342, 10]) | Total Parameters: 437760
[2025-07-01 14:02:23,524][utils.py][line:74][INFO] Layer: transformer.model.layers.self_attn.qkv.weight | Size: torch.Size([1026, 342]) | Total Parameters: 350892
[2025-07-01 14:02:23,524][utils.py][line:74][INFO] Layer: transformer.model.layers.self_attn.conPerfix.up.weight | Size: torch.Size([684, 256]) | Total Parameters: 175104
[2025-07-01 14:02:23,524][utils.py][line:74][INFO] Layer: transformer.model.layers.self_attn.prev_conPerfix.up.weight | Size: torch.Size([684, 256]) | Total Parameters: 175104
[2025-07-01 14:02:23,524][utils.py][line:74][INFO] Layer: feature_projection.weight | Size: torch.Size([512, 342]) | Total Parameters: 175104
[2025-07-01 14:02:23,524][utils.py][line:74][INFO] Layer: transformer.model.layers.self_attn.proj.weight | Size: torch.Size([342, 342]) | Total Parameters: 116964
[2025-07-01 14:02:23,525][utils.py][line:74][INFO] Layer: transformer.model.layers.self_attn.conPerfix.down.weight | Size: torch.Size([256, 342]) | Total Parameters: 87552
[2025-07-01 14:02:23,525][utils.py][line:74][INFO] Layer: transformer.model.layers.self_attn.prev_conPerfix.down.weight | Size: torch.Size([256, 342]) | Total Parameters: 87552
[2025-07-01 14:02:23,525][utils.py][line:74][INFO] Layer: feats.0.weight | Size: torch.Size([27, 342]) | Total Parameters: 9234
[2025-07-01 14:02:23,525][utils.py][line:74][INFO] Layer: feats.1.weight | Size: torch.Size([27, 342]) | Total Parameters: 9234
[2025-07-01 14:02:23,525][utils.py][line:74][INFO] Layer: feats.2.weight | Size: torch.Size([27, 342]) | Total Parameters: 9234
[2025-07-01 14:02:23,525][utils.py][line:74][INFO] Layer: feats.3.weight | Size: torch.Size([27, 342]) | Total Parameters: 9234
[2025-07-01 14:02:23,525][utils.py][line:74][INFO] Layer: feats.4.weight | Size: torch.Size([27, 342]) | Total Parameters: 9234
[2025-07-01 14:02:23,525][utils.py][line:74][INFO] Layer: feats.5.weight | Size: torch.Size([27, 342]) | Total Parameters: 9234
[2025-07-01 14:02:23,525][utils.py][line:74][INFO] Layer: pos_encoding.embedding | Size: torch.Size([10, 342]) | Total Parameters: 3420
[2025-07-01 14:02:23,525][utils.py][line:74][INFO] Layer: transformer.model.layers.feed_forward.layer2.weight | Size: torch.Size([40, 40]) | Total Parameters: 1600
[2025-07-01 14:02:23,525][utils.py][line:74][INFO] Layer: transformer.model.layers.feed_forward.layer3.weight | Size: torch.Size([40, 40]) | Total Parameters: 1600
[2025-07-01 14:02:23,525][utils.py][line:74][INFO] Layer: transformer.model.layers.self_attn.conPerfix.up.bias | Size: torch.Size([684]) | Total Parameters: 684
[2025-07-01 14:02:23,525][utils.py][line:74][INFO] Layer: transformer.model.layers.self_attn.prev_conPerfix.up.bias | Size: torch.Size([684]) | Total Parameters: 684
[2025-07-01 14:02:23,525][utils.py][line:74][INFO] Layer: feature_projection.bias | Size: torch.Size([512]) | Total Parameters: 512
[2025-07-01 14:02:23,525][utils.py][line:74][INFO] Layer: transformer.model.layers.feed_forward.layer1.weight | Size: torch.Size([40, 10]) | Total Parameters: 400
[2025-07-01 14:02:23,525][utils.py][line:74][INFO] Layer: transformer.model.layers.feed_forward.layer4.weight | Size: torch.Size([10, 40]) | Total Parameters: 400
[2025-07-01 14:02:23,525][utils.py][line:74][INFO] Layer: transformer.model.layers.self_attn.proj.bias | Size: torch.Size([342]) | Total Parameters: 342
[2025-07-01 14:02:23,525][utils.py][line:74][INFO] Layer: transformer.model.layers.sublayer.0.norm.a_2 | Size: torch.Size([342]) | Total Parameters: 342
[2025-07-01 14:02:23,525][utils.py][line:74][INFO] Layer: transformer.model.layers.sublayer.0.norm.b_2 | Size: torch.Size([342]) | Total Parameters: 342
[2025-07-01 14:02:23,525][utils.py][line:74][INFO] Layer: transformer.model.layers.sublayer.1.norm.a_2 | Size: torch.Size([342]) | Total Parameters: 342
[2025-07-01 14:02:23,525][utils.py][line:74][INFO] Layer: transformer.model.layers.sublayer.1.norm.b_2 | Size: torch.Size([342]) | Total Parameters: 342
[2025-07-01 14:02:23,525][utils.py][line:74][INFO] Layer: transformer.model.norm.a_2 | Size: torch.Size([342]) | Total Parameters: 342
[2025-07-01 14:02:23,525][utils.py][line:74][INFO] Layer: transformer.model.norm.b_2 | Size: torch.Size([342]) | Total Parameters: 342
[2025-07-01 14:02:23,525][utils.py][line:74][INFO] Layer: transformer.model.layers.self_attn.conPerfix.down.bias | Size: torch.Size([256]) | Total Parameters: 256
[2025-07-01 14:02:23,525][utils.py][line:74][INFO] Layer: transformer.model.layers.self_attn.prev_conPerfix.down.bias | Size: torch.Size([256]) | Total Parameters: 256
[2025-07-01 14:02:23,525][utils.py][line:74][INFO] Layer: encoder_0.bias | Size: torch.Size([128]) | Total Parameters: 128
[2025-07-01 14:02:23,525][utils.py][line:74][INFO] Layer: encoder_1.bias | Size: torch.Size([128]) | Total Parameters: 128
[2025-07-01 14:02:23,525][utils.py][line:74][INFO] Layer: transformer.model.layers.feed_forward.layer1.bias | Size: torch.Size([40]) | Total Parameters: 40
[2025-07-01 14:02:23,525][utils.py][line:74][INFO] Layer: transformer.model.layers.feed_forward.layer2.bias | Size: torch.Size([40]) | Total Parameters: 40
[2025-07-01 14:02:23,525][utils.py][line:74][INFO] Layer: transformer.model.layers.feed_forward.layer3.bias | Size: torch.Size([40]) | Total Parameters: 40
[2025-07-01 14:02:23,525][utils.py][line:74][INFO] Layer: feats.0.bias | Size: torch.Size([27]) | Total Parameters: 27
[2025-07-01 14:02:23,526][utils.py][line:74][INFO] Layer: feats.1.bias | Size: torch.Size([27]) | Total Parameters: 27
[2025-07-01 14:02:23,526][utils.py][line:74][INFO] Layer: feats.2.bias | Size: torch.Size([27]) | Total Parameters: 27
[2025-07-01 14:02:23,526][utils.py][line:74][INFO] Layer: feats.3.bias | Size: torch.Size([27]) | Total Parameters: 27
[2025-07-01 14:02:23,526][utils.py][line:74][INFO] Layer: feats.4.bias | Size: torch.Size([27]) | Total Parameters: 27
[2025-07-01 14:02:23,526][utils.py][line:74][INFO] Layer: feats.5.bias | Size: torch.Size([27]) | Total Parameters: 27
[2025-07-01 14:02:23,526][utils.py][line:74][INFO] Layer: transformer.model.layers.feed_forward.layer4.bias | Size: torch.Size([10]) | Total Parameters: 10
[2025-07-01 14:02:23,526][utils.py][line:74][INFO] Layer: pos_encoding.mu | Size: torch.Size([1, 10]) | Total Parameters: 10
[2025-07-01 14:02:23,526][utils.py][line:74][INFO] Layer: pos_encoding.sigma | Size: torch.Size([1, 10]) | Total Parameters: 10
[2025-07-01 14:02:23,526][utils.py][line:76][INFO] Total number of parameters: 2111970
[2025-07-01 14:02:23,527][utils.py][line:88][INFO] init model GPU Memory Allocated: 249.06 MB, Reserved: 270.00 MB, Max Allocated: 249.06 MB, Max Reserved: 270.00 MB
[2025-07-01 14:02:25,759][main.py][line:74][INFO] Prototypes computed and assigned to the model.
[2025-07-01 14:02:25,761][main.py][line:90][INFO] 
>>> Task #0 --> Model Training
[2025-07-01 14:02:28,513][main.py][line:103][INFO] Task 3. Time 2.75
[2025-07-01 14:02:29,661][method.py][line:181][INFO] 
Accuracy:96	71	91	61	0	0	0	0	0	Avg Acc: 80.42
[2025-07-01 14:02:32,275][main.py][line:103][INFO] Task 3. Time 6.51
[2025-07-01 14:02:33,378][method.py][line:181][INFO] 
Accuracy:100	86	93	80	0	0	0	0	0	Avg Acc: 90.00
[2025-07-01 14:02:35,925][main.py][line:103][INFO] Task 3. Time 10.16
[2025-07-01 14:02:37,123][method.py][line:181][INFO] 
Accuracy:100	83	98	71	0	0	0	0	0	Avg Acc: 88.33
[2025-07-01 14:02:39,713][main.py][line:103][INFO] Task 3. Time 13.95
[2025-07-01 14:02:40,852][method.py][line:181][INFO] 
Accuracy:100	85	98	85	0	0	0	0	0	Avg Acc: 92.08
[2025-07-01 14:02:43,522][main.py][line:103][INFO] Task 3. Time 17.76
[2025-07-01 14:02:44,708][method.py][line:181][INFO] 
Accuracy:100	90	98	78	0	0	0	0	0	Avg Acc: 91.67
[2025-07-01 14:02:47,268][main.py][line:103][INFO] Task 3. Time 21.51
[2025-07-01 14:02:48,533][method.py][line:181][INFO] 
Accuracy:100	88	98	85	0	0	0	0	0	Avg Acc: 92.92
[2025-07-01 14:02:51,200][main.py][line:103][INFO] Task 3. Time 25.44
[2025-07-01 14:02:52,407][method.py][line:181][INFO] 
Accuracy:100	88	98	85	0	0	0	0	0	Avg Acc: 92.92
[2025-07-01 14:02:54,958][main.py][line:103][INFO] Task 3. Time 29.20
[2025-07-01 14:02:56,108][method.py][line:181][INFO] 
Accuracy:100	88	98	86	0	0	0	0	0	Avg Acc: 93.33
[2025-07-01 14:02:58,755][main.py][line:103][INFO] Task 3. Time 32.99
[2025-07-01 14:03:00,112][method.py][line:181][INFO] 
Accuracy:100	86	98	80	0	0	0	0	0	Avg Acc: 91.25
[2025-07-01 14:03:02,749][main.py][line:103][INFO] Task 3. Time 36.99
[2025-07-01 14:03:03,832][method.py][line:181][INFO] 
Accuracy:100	88	98	83	0	0	0	0	0	Avg Acc: 92.50
[2025-07-01 14:03:06,390][main.py][line:103][INFO] Task 3. Time 40.63
[2025-07-01 14:03:07,634][method.py][line:181][INFO] 
Accuracy:100	86	98	91	0	0	0	0	0	Avg Acc: 94.17
[2025-07-01 14:03:10,514][main.py][line:103][INFO] Task 3. Time 44.75
[2025-07-01 14:03:11,630][method.py][line:181][INFO] 
Accuracy:100	88	98	85	0	0	0	0	0	Avg Acc: 92.92
[2025-07-01 14:03:14,215][main.py][line:103][INFO] Task 3. Time 48.45
[2025-07-01 14:03:15,272][method.py][line:181][INFO] 
Accuracy:100	88	98	90	0	0	0	0	0	Avg Acc: 94.17
[2025-07-01 14:03:17,772][main.py][line:103][INFO] Task 3. Time 52.01
[2025-07-01 14:03:18,866][method.py][line:181][INFO] 
Accuracy:100	86	98	86	0	0	0	0	0	Avg Acc: 92.92
[2025-07-01 14:03:21,276][main.py][line:103][INFO] Task 3. Time 55.51
[2025-07-01 14:03:22,561][method.py][line:181][INFO] 
Accuracy:100	88	98	83	0	0	0	0	0	Avg Acc: 92.50
[2025-07-01 14:03:25,171][main.py][line:103][INFO] Task 3. Time 59.41
[2025-07-01 14:03:26,395][method.py][line:181][INFO] 
Accuracy:100	86	98	85	0	0	0	0	0	Avg Acc: 92.50
[2025-07-01 14:03:29,055][main.py][line:103][INFO] Task 3. Time 63.29
[2025-07-01 14:03:30,149][method.py][line:181][INFO] 
Accuracy:100	90	98	88	0	0	0	0	0	Avg Acc: 94.17
[2025-07-01 14:03:32,513][main.py][line:103][INFO] Task 3. Time 66.75
[2025-07-01 14:03:33,653][method.py][line:181][INFO] 
Accuracy:100	88	98	91	0	0	0	0	0	Avg Acc: 94.58
[2025-07-01 14:03:36,025][main.py][line:103][INFO] Task 3. Time 70.26
[2025-07-01 14:03:37,122][method.py][line:181][INFO] 
Accuracy:100	90	98	86	0	0	0	0	0	Avg Acc: 93.75
[2025-07-01 14:03:39,565][main.py][line:103][INFO] Task 3. Time 73.80
[2025-07-01 14:03:40,735][method.py][line:181][INFO] 
Accuracy:100	90	98	86	0	0	0	0	0	Avg Acc: 93.75
[2025-07-01 14:03:43,126][main.py][line:103][INFO] Task 3. Time 77.36
[2025-07-01 14:03:44,197][method.py][line:181][INFO] 
Accuracy:100	90	98	88	0	0	0	0	0	Avg Acc: 94.17
[2025-07-01 14:03:46,551][main.py][line:103][INFO] Task 3. Time 80.79
[2025-07-01 14:03:47,605][method.py][line:181][INFO] 
Accuracy:100	90	98	86	0	0	0	0	0	Avg Acc: 93.75
[2025-07-01 14:03:50,008][main.py][line:103][INFO] Task 3. Time 84.25
[2025-07-01 14:03:51,139][method.py][line:181][INFO] 
Accuracy:100	86	98	90	0	0	0	0	0	Avg Acc: 93.75
[2025-07-01 14:03:53,602][main.py][line:103][INFO] Task 3. Time 87.84
[2025-07-01 14:03:54,754][method.py][line:181][INFO] 
Accuracy:100	90	98	85	0	0	0	0	0	Avg Acc: 93.33
[2025-07-01 14:03:57,231][main.py][line:103][INFO] Task 3. Time 91.47
[2025-07-01 14:03:58,343][method.py][line:181][INFO] 
Accuracy:100	88	98	90	0	0	0	0	0	Avg Acc: 94.17
[2025-07-01 14:04:00,773][main.py][line:103][INFO] Task 3. Time 95.01
[2025-07-01 14:04:01,797][method.py][line:181][INFO] 
Accuracy:100	90	98	86	0	0	0	0	0	Avg Acc: 93.75
[2025-07-01 14:04:04,225][main.py][line:103][INFO] Task 3. Time 98.46
[2025-07-01 14:04:05,251][method.py][line:181][INFO] 
Accuracy:100	90	98	86	0	0	0	0	0	Avg Acc: 93.75
[2025-07-01 14:04:07,644][main.py][line:103][INFO] Task 3. Time 101.88
[2025-07-01 14:04:08,791][method.py][line:181][INFO] 
Accuracy:100	90	98	90	0	0	0	0	0	Avg Acc: 94.58
[2025-07-01 14:04:11,209][main.py][line:103][INFO] Task 3. Time 105.45
[2025-07-01 14:04:12,339][method.py][line:181][INFO] 
Accuracy:100	90	98	88	0	0	0	0	0	Avg Acc: 94.17
[2025-07-01 14:04:14,802][main.py][line:103][INFO] Task 3. Time 109.04
[2025-07-01 14:04:16,046][method.py][line:181][INFO] 
Accuracy:100	90	98	88	0	0	0	0	0	Avg Acc: 94.17
[2025-07-01 14:04:18,568][main.py][line:103][INFO] Task 3. Time 112.81
[2025-07-01 14:04:19,709][method.py][line:181][INFO] 
Accuracy:100	90	98	88	0	0	0	0	0	Avg Acc: 94.17
[2025-07-01 14:04:22,134][main.py][line:103][INFO] Task 3. Time 116.37
[2025-07-01 14:04:23,306][method.py][line:181][INFO] 
Accuracy:100	90	98	88	0	0	0	0	0	Avg Acc: 94.17
[2025-07-01 14:04:25,804][main.py][line:103][INFO] Task 3. Time 120.04
[2025-07-01 14:04:26,818][method.py][line:181][INFO] 
Accuracy:100	88	98	88	0	0	0	0	0	Avg Acc: 93.75
[2025-07-01 14:04:29,390][main.py][line:103][INFO] Task 3. Time 123.63
[2025-07-01 14:04:30,579][method.py][line:181][INFO] 
Accuracy:100	90	98	88	0	0	0	0	0	Avg Acc: 94.17
[2025-07-01 14:04:32,968][main.py][line:103][INFO] Task 3. Time 127.21
[2025-07-01 14:04:34,042][method.py][line:181][INFO] 
Accuracy:100	88	98	88	0	0	0	0	0	Avg Acc: 93.75
[2025-07-01 14:04:36,507][main.py][line:103][INFO] Task 3. Time 130.75
[2025-07-01 14:04:37,611][method.py][line:181][INFO] 
Accuracy:100	88	98	88	0	0	0	0	0	Avg Acc: 93.75
[2025-07-01 14:04:39,985][main.py][line:103][INFO] Task 3. Time 134.22
[2025-07-01 14:04:41,032][method.py][line:181][INFO] 
Accuracy:100	90	98	91	0	0	0	0	0	Avg Acc: 95.00
[2025-07-01 14:04:43,418][main.py][line:103][INFO] Task 3. Time 137.66
[2025-07-01 14:04:44,598][method.py][line:181][INFO] 
Accuracy:100	90	98	90	0	0	0	0	0	Avg Acc: 94.58
[2025-07-01 14:04:46,989][main.py][line:103][INFO] Task 3. Time 141.23
[2025-07-01 14:04:48,266][method.py][line:181][INFO] 
Accuracy:100	90	98	90	0	0	0	0	0	Avg Acc: 94.58
[2025-07-01 14:04:50,823][main.py][line:103][INFO] Task 3. Time 145.06
[2025-07-01 14:04:51,881][method.py][line:181][INFO] 
Accuracy:100	90	98	88	0	0	0	0	0	Avg Acc: 94.17
[2025-07-01 14:04:51,892][utils.py][line:88][INFO] End training-3 GPU Memory Allocated: 290.99 MB, Reserved: 310.00 MB, Max Allocated: 294.93 MB, Max Reserved: 310.00 MB
[2025-07-01 14:04:52,498][main.py][line:125][INFO] x0. indices [0, 1, 2, 3, 4, 5, 6, 7, 8, 9]
[2025-07-01 14:04:52,498][main.py][line:125][INFO] x1. indices [np.int64(36), np.int64(22), np.int64(28), np.int64(17), np.int64(14), np.int64(39), np.int64(19)]
[2025-07-01 14:04:52,498][main.py][line:125][INFO] x2. indices [np.int64(2), np.int64(27), np.int64(14), np.int64(37), np.int64(22), np.int64(30), np.int64(13)]
[2025-07-01 14:04:52,498][main.py][line:125][INFO] x3. indices [np.int64(36), np.int64(26), np.int64(12), np.int64(33), np.int64(38), np.int64(23), np.int64(35)]
[2025-07-01 14:04:52,498][main.py][line:125][INFO] x4. indices [np.int64(0), np.int64(9)]
[2025-07-01 14:04:52,537][main.py][line:90][INFO] 
>>> Task #1 --> Model Training
[2025-07-01 14:05:36,294][main.py][line:103][INFO] Task 4. Time 43.76
[2025-07-01 14:06:13,731][method.py][line:181][INFO] 
Accuracy:100	76	91	58	91	0	0	0	0	Avg Acc: 83.67
[2025-07-01 14:06:56,937][main.py][line:103][INFO] Task 4. Time 124.40
[2025-07-01 14:07:35,314][method.py][line:181][INFO] 
Accuracy:100	61	63	53	91	0	0	0	0	Avg Acc: 74.00
[2025-07-01 14:08:19,056][main.py][line:103][INFO] Task 4. Time 206.52
[2025-07-01 14:08:58,249][method.py][line:181][INFO] 
Accuracy:100	55	63	48	95	0	0	0	0	Avg Acc: 72.33
[2025-07-01 14:09:44,120][main.py][line:103][INFO] Task 4. Time 291.58
[2025-07-01 14:10:21,504][method.py][line:181][INFO] 
Accuracy:100	56	63	48	98	0	0	0	0	Avg Acc: 73.33
[2025-07-01 14:11:04,549][main.py][line:103][INFO] Task 4. Time 372.01
[2025-07-01 14:11:32,016][method.py][line:181][INFO] 
Accuracy:100	56	63	48	98	0	0	0	0	Avg Acc: 73.33
[2025-07-01 14:11:49,782][main.py][line:103][INFO] Task 4. Time 417.24
[2025-07-01 14:12:07,818][method.py][line:181][INFO] 
Accuracy:100	56	63	46	100	0	0	0	0	Avg Acc: 73.33
[2025-07-01 14:12:28,153][main.py][line:103][INFO] Task 4. Time 455.62
[2025-07-01 14:12:47,047][method.py][line:181][INFO] 
Accuracy:100	56	63	45	100	0	0	0	0	Avg Acc: 73.00
[2025-07-01 14:13:02,361][main.py][line:103][INFO] Task 4. Time 489.82
[2025-07-01 14:13:20,313][method.py][line:181][INFO] 
Accuracy:100	56	63	43	100	0	0	0	0	Avg Acc: 72.67
[2025-07-01 14:13:40,085][main.py][line:103][INFO] Task 4. Time 527.55
[2025-07-01 14:13:57,953][method.py][line:181][INFO] 
Accuracy:100	55	63	43	100	0	0	0	0	Avg Acc: 72.33
[2025-07-01 14:14:13,103][main.py][line:103][INFO] Task 4. Time 560.57
[2025-07-01 14:14:30,092][method.py][line:181][INFO] 
Accuracy:100	53	61	41	100	0	0	0	0	Avg Acc: 71.33
[2025-07-01 14:14:50,497][main.py][line:103][INFO] Task 4. Time 597.96
[2025-07-01 14:15:09,372][method.py][line:181][INFO] 
Accuracy:100	53	60	41	100	0	0	0	0	Avg Acc: 71.00
[2025-07-01 14:15:24,895][main.py][line:103][INFO] Task 4. Time 632.36
[2025-07-01 14:15:43,770][method.py][line:181][INFO] 
Accuracy:100	53	60	41	100	0	0	0	0	Avg Acc: 71.00
[2025-07-01 14:16:05,215][main.py][line:103][INFO] Task 4. Time 672.68
[2025-07-01 14:16:22,297][method.py][line:181][INFO] 
Accuracy:100	53	60	41	100	0	0	0	0	Avg Acc: 71.00
[2025-07-01 14:16:39,803][main.py][line:103][INFO] Task 4. Time 707.27
[2025-07-01 14:16:58,162][method.py][line:181][INFO] 
Accuracy:100	53	60	40	100	0	0	0	0	Avg Acc: 70.67
[2025-07-01 14:17:19,161][main.py][line:103][INFO] Task 4. Time 746.62
[2025-07-01 14:17:34,797][method.py][line:181][INFO] 
Accuracy:100	53	60	40	100	0	0	0	0	Avg Acc: 70.67
[2025-07-01 14:17:54,851][main.py][line:103][INFO] Task 4. Time 782.31
[2025-07-01 14:18:12,831][method.py][line:181][INFO] 
Accuracy:98	53	60	38	100	0	0	0	0	Avg Acc: 70.00
[2025-07-01 14:18:34,141][main.py][line:103][INFO] Task 4. Time 821.60
[2025-07-01 14:18:46,447][method.py][line:181][INFO] 
Accuracy:98	53	60	38	100	0	0	0	0	Avg Acc: 70.00
[2025-07-01 14:19:06,167][main.py][line:103][INFO] Task 4. Time 853.63
[2025-07-01 14:19:23,914][method.py][line:181][INFO] 
Accuracy:98	53	60	38	100	0	0	0	0	Avg Acc: 70.00
[2025-07-01 14:19:43,124][main.py][line:103][INFO] Task 4. Time 890.59
[2025-07-01 14:19:57,046][method.py][line:181][INFO] 
Accuracy:98	53	60	38	100	0	0	0	0	Avg Acc: 70.00
[2025-07-01 14:20:16,576][main.py][line:103][INFO] Task 4. Time 924.04
[2025-07-01 14:20:35,056][method.py][line:181][INFO] 
Accuracy:98	53	60	36	100	0	0	0	0	Avg Acc: 69.67
[2025-07-01 14:20:35,067][utils.py][line:88][INFO] End training-4 GPU Memory Allocated: 294.00 MB, Reserved: 318.00 MB, Max Allocated: 305.40 MB, Max Reserved: 318.00 MB
[2025-07-01 14:20:35,669][main.py][line:125][INFO] x0. indices [0, 1, 2, 3, 4, 5, 6, 7, 8, 9]
[2025-07-01 14:20:35,670][main.py][line:125][INFO] x1. indices [ 0  2  3  4  5  6  7  8  9 10 11 12 14 15 16 17 18 19 20 21 22 23 24 25
 26 27 28 29 30 31 32 33 34 35 36 37 38 39]
[2025-07-01 14:20:35,670][main.py][line:125][INFO] x2. indices [ 0  1  2  3  4  5  6  7  8  9 10 11 12 13 14 15 16 17 18 19 20 22 23 24
 25 27 28 29 30 31 33 34 35 36 37 38 39]
[2025-07-01 14:20:35,670][main.py][line:125][INFO] x3. indices [ 1  2  3  4  5  6  7  9 12 13 15 17 18 20 22 23 24 26 28 29 30 31 32 33
 34 35 36 37 38 39]
[2025-07-01 14:20:35,671][main.py][line:125][INFO] x4. indices [0 1 2 3 4 5 6 7 8 9]
[2025-07-01 14:20:35,696][main.py][line:90][INFO] 
>>> Task #2 --> Model Training
[2025-07-01 14:22:22,678][main.py][line:103][INFO] Task 5. Time 106.98
[2025-07-01 14:22:44,291][method.py][line:181][INFO] 
Accuracy:100	78	93	56	68	88	0	0	0	Avg Acc: 80.83
[2025-07-01 14:24:29,321][main.py][line:103][INFO] Task 5. Time 233.63
[2025-07-01 14:24:51,219][method.py][line:181][INFO] 
Accuracy:100	78	91	55	53	96	0	0	0	Avg Acc: 79.17
[2025-07-01 14:26:36,333][main.py][line:103][INFO] Task 5. Time 360.64
[2025-07-01 14:26:57,646][method.py][line:181][INFO] 
Accuracy:100	78	88	55	51	96	0	0	0	Avg Acc: 78.33
[2025-07-01 14:28:46,612][main.py][line:103][INFO] Task 5. Time 490.92
[2025-07-01 14:29:06,272][method.py][line:181][INFO] 
Accuracy:100	75	85	51	51	96	0	0	0	Avg Acc: 76.67
[2025-07-01 14:30:58,790][main.py][line:103][INFO] Task 5. Time 623.09
[2025-07-01 14:31:17,223][method.py][line:181][INFO] 
Accuracy:100	73	85	51	50	96	0	0	0	Avg Acc: 76.11
[2025-07-01 14:33:09,075][main.py][line:103][INFO] Task 5. Time 753.38
[2025-07-01 14:33:28,035][method.py][line:181][INFO] 
Accuracy:100	73	83	51	46	96	0	0	0	Avg Acc: 75.28
[2025-07-01 14:35:19,742][main.py][line:103][INFO] Task 5. Time 884.05
[2025-07-01 14:35:38,342][method.py][line:181][INFO] 
Accuracy:100	73	83	51	46	96	0	0	0	Avg Acc: 75.28
[2025-07-01 14:37:27,111][main.py][line:103][INFO] Task 5. Time 1011.42
[2025-07-01 14:37:46,535][method.py][line:181][INFO] 
Accuracy:100	71	83	51	46	96	0	0	0	Avg Acc: 75.00
[2025-07-01 14:39:37,563][main.py][line:103][INFO] Task 5. Time 1141.87
[2025-07-01 14:39:59,103][method.py][line:181][INFO] 
Accuracy:100	71	83	51	46	96	0	0	0	Avg Acc: 75.00
[2025-07-01 14:41:49,640][main.py][line:103][INFO] Task 5. Time 1273.94
[2025-07-01 14:42:11,287][method.py][line:181][INFO] 
Accuracy:100	71	81	51	45	96	0	0	0	Avg Acc: 74.44
[2025-07-01 14:43:55,513][main.py][line:103][INFO] Task 5. Time 1399.82
[2025-07-01 14:44:18,060][method.py][line:181][INFO] 
Accuracy:100	73	81	51	45	96	0	0	0	Avg Acc: 74.72
[2025-07-01 14:46:06,823][main.py][line:103][INFO] Task 5. Time 1531.13
[2025-07-01 14:46:29,227][method.py][line:181][INFO] 
Accuracy:100	73	81	50	45	96	0	0	0	Avg Acc: 74.44
[2025-07-01 14:48:01,448][main.py][line:103][INFO] Task 5. Time 1645.75
[2025-07-01 14:48:05,761][method.py][line:181][INFO] 
Accuracy:100	73	81	50	43	96	0	0	0	Avg Acc: 74.17
[2025-07-01 14:48:18,133][main.py][line:103][INFO] Task 5. Time 1662.44
[2025-07-01 14:48:23,075][method.py][line:181][INFO] 
Accuracy:100	73	81	50	43	96	0	0	0	Avg Acc: 74.17
[2025-07-01 14:48:36,784][main.py][line:103][INFO] Task 5. Time 1681.09
[2025-07-01 14:48:40,965][method.py][line:181][INFO] 
Accuracy:100	73	81	48	43	96	0	0	0	Avg Acc: 73.89
[2025-07-01 14:48:53,007][main.py][line:103][INFO] Task 5. Time 1697.31
[2025-07-01 14:48:57,040][method.py][line:181][INFO] 
Accuracy:100	73	80	48	41	96	0	0	0	Avg Acc: 73.33
[2025-07-01 14:49:11,648][main.py][line:103][INFO] Task 5. Time 1715.95
[2025-07-01 14:49:15,454][method.py][line:181][INFO] 
Accuracy:100	73	80	48	41	96	0	0	0	Avg Acc: 73.33
[2025-07-01 14:49:30,102][main.py][line:103][INFO] Task 5. Time 1734.41
[2025-07-01 14:49:34,536][method.py][line:181][INFO] 
Accuracy:100	73	80	48	41	96	0	0	0	Avg Acc: 73.33
[2025-07-01 14:49:48,946][main.py][line:103][INFO] Task 5. Time 1753.25
[2025-07-01 14:49:53,257][method.py][line:181][INFO] 
Accuracy:100	71	80	48	41	96	0	0	0	Avg Acc: 73.06
[2025-07-01 14:50:08,104][main.py][line:103][INFO] Task 5. Time 1772.41
[2025-07-01 14:50:12,118][method.py][line:181][INFO] 
Accuracy:100	71	78	48	41	96	0	0	0	Avg Acc: 72.78
[2025-07-01 14:50:12,154][utils.py][line:88][INFO] End training-5 GPU Memory Allocated: 294.26 MB, Reserved: 320.00 MB, Max Allocated: 306.60 MB, Max Reserved: 320.00 MB
[2025-07-01 14:50:12,752][main.py][line:125][INFO] x0. indices [0, 1, 2, 3, 4, 5, 6, 7, 8, 9]
[2025-07-01 14:50:12,753][main.py][line:125][INFO] x1. indices [ 0  2  3  4  5  6  7  8  9 10 11 12 13 14 15 16 17 18 19 20 21 22 23 24
 25 26 27 28 29 30 31 32 33 34 35 36 37 38 39]
[2025-07-01 14:50:12,753][main.py][line:125][INFO] x2. indices [ 0  1  2  3  4  5  6  7  8  9 10 11 12 13 14 15 16 17 18 19 20 21 22 23
 24 25 26 27 28 29 30 31 32 33 34 35 36 37 38 39]
[2025-07-01 14:50:12,753][main.py][line:125][INFO] x3. indices [ 0  1  2  3  4  5  6  7  9 10 12 13 14 15 16 17 18 19 20 22 23 24 26 28
 29 30 31 32 33 34 35 36 37 38 39]
[2025-07-01 14:50:12,754][main.py][line:125][INFO] x4. indices [0 1 2 3 4 5 6 7 8 9]
[2025-07-01 14:50:12,760][main.py][line:90][INFO] 
>>> Task #3 --> Model Training
[2025-07-01 14:50:27,021][main.py][line:103][INFO] Task 6. Time 14.26
[2025-07-01 14:50:31,720][method.py][line:181][INFO] 
Accuracy:100	78	91	55	71	65	60	0	0	Avg Acc: 74.52
[2025-07-01 14:50:47,227][main.py][line:103][INFO] Task 6. Time 34.47
[2025-07-01 14:50:51,990][method.py][line:181][INFO] 
Accuracy:100	78	91	55	51	23	78	0	0	Avg Acc: 68.33
[2025-07-01 14:51:07,159][main.py][line:103][INFO] Task 6. Time 54.40
[2025-07-01 14:51:12,228][method.py][line:181][INFO] 
Accuracy:100	78	91	55	25	1	76	0	0	Avg Acc: 61.19
[2025-07-01 14:51:26,253][main.py][line:103][INFO] Task 6. Time 73.49
[2025-07-01 14:51:31,313][method.py][line:181][INFO] 
Accuracy:100	75	91	55	21	1	80	0	0	Avg Acc: 60.71
[2025-07-01 14:51:46,311][main.py][line:103][INFO] Task 6. Time 93.55
[2025-07-01 14:51:51,477][method.py][line:181][INFO] 
Accuracy:100	75	91	53	25	0	85	0	0	Avg Acc: 61.43
[2025-07-01 14:52:08,105][main.py][line:103][INFO] Task 6. Time 115.35
[2025-07-01 14:52:12,574][method.py][line:181][INFO] 
Accuracy:100	75	90	53	13	0	78	0	0	Avg Acc: 58.57
[2025-07-01 14:52:27,503][main.py][line:103][INFO] Task 6. Time 134.74
[2025-07-01 14:52:32,415][method.py][line:181][INFO] 
Accuracy:100	75	88	53	26	0	90	0	0	Avg Acc: 61.90
[2025-07-01 14:52:47,915][main.py][line:103][INFO] Task 6. Time 155.16
[2025-07-01 14:52:52,918][method.py][line:181][INFO] 
Accuracy:100	73	88	53	26	0	90	0	0	Avg Acc: 61.67
[2025-07-01 14:53:09,462][main.py][line:103][INFO] Task 6. Time 176.70
[2025-07-01 14:53:14,450][method.py][line:181][INFO] 
Accuracy:100	73	88	53	20	0	90	0	0	Avg Acc: 60.71
[2025-07-01 14:53:28,802][main.py][line:103][INFO] Task 6. Time 196.04
[2025-07-01 14:53:33,846][method.py][line:181][INFO] 
Accuracy:100	73	88	53	20	0	90	0	0	Avg Acc: 60.71
[2025-07-01 14:53:49,602][main.py][line:103][INFO] Task 6. Time 216.84
[2025-07-01 14:53:54,509][method.py][line:181][INFO] 
Accuracy:100	73	88	53	20	1	91	0	0	Avg Acc: 61.19
[2025-07-01 14:54:09,543][main.py][line:103][INFO] Task 6. Time 236.78
[2025-07-01 14:54:14,742][method.py][line:181][INFO] 
Accuracy:100	73	88	53	20	1	91	0	0	Avg Acc: 61.19
[2025-07-01 14:54:31,034][main.py][line:103][INFO] Task 6. Time 258.27
[2025-07-01 14:54:36,071][method.py][line:181][INFO] 
Accuracy:100	73	88	53	15	0	91	0	0	Avg Acc: 60.24
[2025-07-01 14:54:51,412][main.py][line:103][INFO] Task 6. Time 278.65
[2025-07-01 14:54:56,452][method.py][line:181][INFO] 
Accuracy:100	73	88	53	16	0	95	0	0	Avg Acc: 60.95
[2025-07-01 14:55:11,390][main.py][line:103][INFO] Task 6. Time 298.63
[2025-07-01 14:55:16,566][method.py][line:181][INFO] 
Accuracy:100	73	88	53	13	0	91	0	0	Avg Acc: 60.00
[2025-07-01 14:55:31,662][main.py][line:103][INFO] Task 6. Time 318.90
[2025-07-01 14:55:36,496][method.py][line:181][INFO] 
Accuracy:100	73	88	53	11	0	95	0	0	Avg Acc: 60.24
[2025-07-01 14:55:52,508][main.py][line:103][INFO] Task 6. Time 339.75
[2025-07-01 14:55:57,612][method.py][line:181][INFO] 
Accuracy:100	73	88	53	10	0	93	0	0	Avg Acc: 59.76
[2025-07-01 14:56:14,354][main.py][line:103][INFO] Task 6. Time 361.59
[2025-07-01 14:56:19,466][method.py][line:181][INFO] 
Accuracy:100	73	88	53	3	0	95	0	0	Avg Acc: 59.05
[2025-07-01 14:56:35,005][main.py][line:103][INFO] Task 6. Time 382.25
[2025-07-01 14:56:40,013][method.py][line:181][INFO] 
Accuracy:100	73	88	53	8	0	95	0	0	Avg Acc: 59.76
[2025-07-01 14:56:56,335][main.py][line:103][INFO] Task 6. Time 403.58
[2025-07-01 14:57:00,874][method.py][line:181][INFO] 
Accuracy:100	73	88	53	3	0	95	0	0	Avg Acc: 59.05
[2025-07-01 14:57:00,886][utils.py][line:88][INFO] End training-6 GPU Memory Allocated: 294.32 MB, Reserved: 320.00 MB, Max Allocated: 306.60 MB, Max Reserved: 320.00 MB
[2025-07-01 14:57:01,531][main.py][line:125][INFO] x0. indices [0, 1, 2, 3, 4, 5, 6, 7, 8, 9]
[2025-07-01 14:57:01,532][main.py][line:125][INFO] x1. indices [ 0  1  2  3  4  5  6  7  8  9 10 11 12 13 14 15 16 17 18 19 20 21 22 23
 24 25 26 27 28 29 30 31 32 33 34 35 36 37 38 39]
[2025-07-01 14:57:01,533][main.py][line:125][INFO] x2. indices [ 0  1  2  3  4  5  6  7  8  9 10 11 12 13 14 15 16 17 18 19 20 21 22 23
 24 25 26 27 28 29 30 31 32 33 34 35 36 37 38 39]
[2025-07-01 14:57:01,533][main.py][line:125][INFO] x3. indices [ 0  1  2  3  4  5  6  7  8  9 10 12 13 14 15 16 17 18 19 20 22 23 24 26
 28 29 30 31 32 33 34 35 36 37 38 39]
[2025-07-01 14:57:01,533][main.py][line:125][INFO] x4. indices [0 1 2 3 4 5 6 7 8 9]
[2025-07-01 14:57:01,539][main.py][line:90][INFO] 
>>> Task #4 --> Model Training
[2025-07-01 14:57:16,648][main.py][line:103][INFO] Task 7. Time 15.11
[2025-07-01 14:57:22,243][method.py][line:181][INFO] 
Accuracy:100	81	91	56	61	68	46	41	0	Avg Acc: 68.54
[2025-07-01 14:57:38,088][main.py][line:103][INFO] Task 7. Time 36.55
[2025-07-01 14:57:43,970][method.py][line:181][INFO] 
Accuracy:100	83	91	56	30	68	25	66	0	Avg Acc: 65.21
[2025-07-01 14:58:00,201][main.py][line:103][INFO] Task 7. Time 58.66
[2025-07-01 14:58:05,212][method.py][line:181][INFO] 
Accuracy:100	83	91	55	30	36	6	70	0	Avg Acc: 59.17
[2025-07-01 14:58:17,732][main.py][line:103][INFO] Task 7. Time 76.19
[2025-07-01 14:58:22,878][method.py][line:181][INFO] 
Accuracy:100	81	90	55	30	33	6	70	0	Avg Acc: 58.33
[2025-07-01 14:58:38,754][main.py][line:103][INFO] Task 7. Time 97.21
[2025-07-01 14:58:44,266][method.py][line:181][INFO] 
Accuracy:100	81	90	55	30	28	1	71	0	Avg Acc: 57.29
[2025-07-01 14:58:59,455][main.py][line:103][INFO] Task 7. Time 117.92
[2025-07-01 14:59:05,186][method.py][line:181][INFO] 
Accuracy:100	81	90	53	28	20	0	66	0	Avg Acc: 55.00
[2025-07-01 14:59:21,367][main.py][line:103][INFO] Task 7. Time 139.83
[2025-07-01 14:59:26,757][method.py][line:181][INFO] 
Accuracy:100	81	90	53	28	13	0	73	0	Avg Acc: 55.00
[2025-07-01 14:59:42,255][main.py][line:103][INFO] Task 7. Time 160.72
[2025-07-01 14:59:48,173][method.py][line:181][INFO] 
Accuracy:100	81	90	53	28	5	0	76	0	Avg Acc: 54.38
[2025-07-01 15:00:01,738][main.py][line:103][INFO] Task 7. Time 180.20
[2025-07-01 15:00:07,052][method.py][line:181][INFO] 
Accuracy:100	81	90	53	28	3	0	65	0	Avg Acc: 52.71
[2025-07-01 15:00:23,382][main.py][line:103][INFO] Task 7. Time 201.84
[2025-07-01 15:00:29,512][method.py][line:181][INFO] 
Accuracy:100	81	90	53	26	1	0	73	0	Avg Acc: 53.33
[2025-07-01 15:00:44,946][main.py][line:103][INFO] Task 7. Time 223.41
[2025-07-01 15:00:50,144][method.py][line:181][INFO] 
Accuracy:100	81	90	53	40	1	0	66	0	Avg Acc: 54.17
[2025-07-01 15:01:06,823][main.py][line:103][INFO] Task 7. Time 245.28
[2025-07-01 15:01:12,681][method.py][line:181][INFO] 
Accuracy:100	81	90	53	35	0	0	75	0	Avg Acc: 54.38
[2025-07-01 15:01:28,237][main.py][line:103][INFO] Task 7. Time 266.70
[2025-07-01 15:01:33,869][method.py][line:181][INFO] 
Accuracy:100	81	90	53	30	0	0	65	0	Avg Acc: 52.50
[2025-07-01 15:01:49,656][main.py][line:103][INFO] Task 7. Time 288.12
[2025-07-01 15:01:55,104][method.py][line:181][INFO] 
Accuracy:100	81	90	53	30	3	0	68	0	Avg Acc: 53.33
[2025-07-01 15:02:11,854][main.py][line:103][INFO] Task 7. Time 310.32
[2025-07-01 15:02:17,773][method.py][line:181][INFO] 
Accuracy:100	81	90	53	26	0	0	78	0	Avg Acc: 53.75
[2025-07-01 15:02:32,180][main.py][line:103][INFO] Task 7. Time 330.64
[2025-07-01 15:02:38,065][method.py][line:181][INFO] 
Accuracy:100	81	90	53	23	0	0	78	0	Avg Acc: 53.33
[2025-07-01 15:02:54,160][main.py][line:103][INFO] Task 7. Time 352.62
[2025-07-01 15:02:59,687][method.py][line:181][INFO] 
Accuracy:100	81	90	53	26	1	0	71	0	Avg Acc: 53.12
[2025-07-01 15:03:15,961][main.py][line:103][INFO] Task 7. Time 374.42
[2025-07-01 15:03:21,679][method.py][line:181][INFO] 
Accuracy:100	81	90	53	23	0	0	75	0	Avg Acc: 52.92
[2025-07-01 15:03:39,029][main.py][line:103][INFO] Task 7. Time 397.49
[2025-07-01 15:03:44,898][method.py][line:181][INFO] 
Accuracy:100	81	90	53	20	0	0	81	0	Avg Acc: 53.33
[2025-07-01 15:03:59,413][main.py][line:103][INFO] Task 7. Time 417.87
[2025-07-01 15:04:05,358][method.py][line:181][INFO] 
Accuracy:100	81	90	53	18	0	0	83	0	Avg Acc: 53.33
[2025-07-01 15:04:05,371][utils.py][line:88][INFO] End training-7 GPU Memory Allocated: 293.92 MB, Reserved: 320.00 MB, Max Allocated: 307.15 MB, Max Reserved: 320.00 MB
[2025-07-01 15:04:06,004][main.py][line:125][INFO] x0. indices [0, 1, 2, 3, 4, 5, 6, 7, 8, 9]
[2025-07-01 15:04:06,004][main.py][line:125][INFO] x1. indices [ 0  1  2  3  4  5  6  7  8  9 10 11 12 13 14 15 16 17 18 19 20 21 22 23
 24 25 26 27 28 29 30 31 32 33 34 35 36 37 38 39]
[2025-07-01 15:04:06,005][main.py][line:125][INFO] x2. indices [ 0  1  2  3  4  5  6  7  8  9 10 11 12 13 14 15 16 17 18 19 20 21 22 23
 24 25 26 27 28 29 30 31 32 33 34 35 36 37 38 39]
[2025-07-01 15:04:06,005][main.py][line:125][INFO] x3. indices [ 0  1  2  3  4  5  6  7  8  9 10 12 13 14 15 16 17 18 19 20 22 23 24 26
 28 29 30 31 32 33 34 35 36 37 38 39]
[2025-07-01 15:04:06,005][main.py][line:125][INFO] x4. indices [0 1 2 3 4 5 6 7 8 9]
[2025-07-01 15:04:06,011][main.py][line:90][INFO] 
>>> Task #5 --> Model Training
[2025-07-01 15:04:22,742][main.py][line:103][INFO] Task 8. Time 16.73
[2025-07-01 15:04:29,607][method.py][line:181][INFO] 
Accuracy:100	78	90	56	61	61	45	45	41	Avg Acc: 64.44
[2025-07-01 15:04:45,850][main.py][line:103][INFO] Task 8. Time 39.84
[2025-07-01 15:04:52,216][method.py][line:181][INFO] 
Accuracy:100	78	90	56	61	38	31	45	45	Avg Acc: 60.74
[2025-07-01 15:05:08,414][main.py][line:103][INFO] Task 8. Time 62.40
[2025-07-01 15:05:14,640][method.py][line:181][INFO] 
Accuracy:100	78	88	56	61	10	26	28	53	Avg Acc: 55.93
[2025-07-01 15:05:29,607][main.py][line:103][INFO] Task 8. Time 83.60
[2025-07-01 15:05:35,764][method.py][line:181][INFO] 
Accuracy:100	78	88	56	55	5	25	23	58	Avg Acc: 54.44
[2025-07-01 15:05:51,447][main.py][line:103][INFO] Task 8. Time 105.44
[2025-07-01 15:05:57,746][method.py][line:181][INFO] 
Accuracy:100	78	88	56	46	5	10	23	58	Avg Acc: 51.85
[2025-07-01 15:06:11,440][main.py][line:103][INFO] Task 8. Time 125.43
[2025-07-01 15:06:17,915][method.py][line:181][INFO] 
Accuracy:100	78	88	56	43	5	1	23	61	Avg Acc: 50.93
[2025-07-01 15:06:33,703][main.py][line:103][INFO] Task 8. Time 147.69
[2025-07-01 15:06:40,360][method.py][line:181][INFO] 
Accuracy:100	78	88	56	43	5	0	21	61	Avg Acc: 50.56
[2025-07-01 15:06:54,940][main.py][line:103][INFO] Task 8. Time 168.93
[2025-07-01 15:07:01,232][method.py][line:181][INFO] 
Accuracy:100	80	88	56	40	5	0	21	70	Avg Acc: 51.30
[2025-07-01 15:07:17,755][main.py][line:103][INFO] Task 8. Time 191.74
[2025-07-01 15:07:24,391][method.py][line:181][INFO] 
Accuracy:100	80	88	55	40	5	0	21	68	Avg Acc: 50.93
[2025-07-01 15:07:40,999][main.py][line:103][INFO] Task 8. Time 214.99
[2025-07-01 15:07:47,407][method.py][line:181][INFO] 
Accuracy:100	81	88	55	40	5	1	21	71	Avg Acc: 51.67
[2025-07-01 15:08:00,373][main.py][line:103][INFO] Task 8. Time 234.36
[2025-07-01 15:08:06,559][method.py][line:181][INFO] 
Accuracy:100	83	88	55	40	5	1	23	75	Avg Acc: 52.41
[2025-07-01 15:08:22,963][main.py][line:103][INFO] Task 8. Time 256.95
[2025-07-01 15:08:29,176][method.py][line:181][INFO] 
Accuracy:100	83	88	55	40	5	1	25	73	Avg Acc: 52.41
[2025-07-01 15:08:42,342][main.py][line:103][INFO] Task 8. Time 276.33
[2025-07-01 15:08:48,714][method.py][line:181][INFO] 
Accuracy:100	83	88	55	41	5	1	25	75	Avg Acc: 52.78
[2025-07-01 15:09:04,552][main.py][line:103][INFO] Task 8. Time 298.54
[2025-07-01 15:09:10,905][method.py][line:181][INFO] 
Accuracy:100	83	88	55	40	5	1	25	81	Avg Acc: 53.33
[2025-07-01 15:09:27,434][main.py][line:103][INFO] Task 8. Time 321.42
[2025-07-01 15:09:34,216][method.py][line:181][INFO] 
Accuracy:100	83	88	55	41	5	1	25	76	Avg Acc: 52.96
[2025-07-01 15:09:50,199][main.py][line:103][INFO] Task 8. Time 344.19
[2025-07-01 15:09:56,595][method.py][line:181][INFO] 
Accuracy:100	83	88	55	41	5	1	25	80	Avg Acc: 53.33
[2025-07-01 15:10:12,053][main.py][line:103][INFO] Task 8. Time 366.04
[2025-07-01 15:10:18,382][method.py][line:181][INFO] 
Accuracy:100	85	88	55	41	5	1	26	78	Avg Acc: 53.52
[2025-07-01 15:10:34,794][main.py][line:103][INFO] Task 8. Time 388.78
[2025-07-01 15:10:41,109][method.py][line:181][INFO] 
Accuracy:100	85	88	55	43	5	0	26	81	Avg Acc: 53.89
[2025-07-01 15:10:57,239][main.py][line:103][INFO] Task 8. Time 411.23
[2025-07-01 15:11:03,548][method.py][line:181][INFO] 
Accuracy:100	85	88	55	43	5	0	26	78	Avg Acc: 53.52
[2025-07-01 15:11:21,027][main.py][line:103][INFO] Task 8. Time 435.02
[2025-07-01 15:11:28,491][method.py][line:181][INFO] 
Accuracy:100	85	88	55	41	5	0	26	81	Avg Acc: 53.70
[2025-07-01 15:11:28,501][utils.py][line:88][INFO] End training-8 GPU Memory Allocated: 293.99 MB, Reserved: 320.00 MB, Max Allocated: 307.15 MB, Max Reserved: 320.00 MB
[2025-07-01 15:11:29,342][main.py][line:125][INFO] x0. indices [0, 1, 2, 3, 4, 5, 6, 7, 8, 9]
[2025-07-01 15:11:29,343][main.py][line:125][INFO] x1. indices [ 0  1  2  3  4  5  6  7  8  9 10 11 12 13 14 15 16 17 18 19 20 21 22 23
 24 25 26 27 28 29 30 31 32 33 34 35 36 37 38 39]
[2025-07-01 15:11:29,343][main.py][line:125][INFO] x2. indices [ 0  1  2  3  4  5  6  7  8  9 10 11 12 13 14 15 16 17 18 19 20 21 22 23
 24 25 26 27 28 29 30 31 32 33 34 35 36 37 38 39]
[2025-07-01 15:11:29,344][main.py][line:125][INFO] x3. indices [ 0  1  2  3  4  5  6  7  8  9 10 12 13 14 15 16 17 18 19 20 22 23 24 25
 26 28 29 30 31 32 33 34 35 36 37 38 39]
[2025-07-01 15:11:29,344][main.py][line:125][INFO] x4. indices [0 1 2 3 4 5 6 7 8 9]
[2025-07-01 15:11:29,349][main.py][line:140][INFO] 
Final Results
[2025-07-01 15:11:29,349][main.py][line:141][INFO] Acc:[np.float64(95.0), np.float64(83.67), np.float64(80.83), np.float64(74.52), np.float64(68.54), np.float64(64.44)]- Avg Acc:77.83
