[2025-07-01 15:56:59,843][utils.py][line:63][INFO] Hyperparameters:
[2025-07-01 15:56:59,843][utils.py][line:65][INFO] config_path: utils/config.yaml
[2025-07-01 15:56:59,843][utils.py][line:65][INFO] batch_size: 16
[2025-07-01 15:56:59,843][utils.py][line:65][INFO] n_epochs: 20
[2025-07-01 15:56:59,843][utils.py][line:65][INFO] n_warmup_epochs: 20
[2025-07-01 15:56:59,843][utils.py][line:65][INFO] lr: 0.0001
[2025-07-01 15:56:59,843][utils.py][line:65][INFO] seed: 10
[2025-07-01 15:56:59,843][utils.py][line:65][INFO] cuda_id: 0
[2025-07-01 15:56:59,843][utils.py][line:65][INFO] num_workers: 8
[2025-07-01 15:56:59,843][utils.py][line:65][INFO] n_tasks: 9
[2025-07-01 15:56:59,843][utils.py][line:65][INFO] half_iid: 1
[2025-07-01 15:56:59,843][utils.py][line:65][INFO] data_root: data
[2025-07-01 15:56:59,843][utils.py][line:65][INFO] log_path: log/
[2025-07-01 15:56:59,843][utils.py][line:65][INFO] lgcl_enabled: True
[2025-07-01 15:56:59,843][utils.py][line:65][INFO] alpha: 0.2
[2025-07-01 15:56:59,843][utils.py][line:65][INFO] beta: 0.1
[2025-07-01 15:56:59,843][utils.py][line:65][INFO] clip_model_name: /data1/rsl/consense-0629/mmfi_short/clip-vit-base-patch32
[2025-07-01 15:56:59,843][utils.py][line:65][INFO] dataset: mmfi27
[2025-07-01 15:56:59,843][utils.py][line:65][INFO] class_names: ['stretching and relaxing', 'horizontal chest expansion', 'vertical chest expansion', 'twisting body to the left', 'twisting body to the right', 'marching in place', 'extending left limb', 'extending right limb', 'lunge toward left-front', 'lunge toward right-front', 'extending both limbs', 'squat', 'raising left hand', 'raising right hand', 'lunge toward left side', 'lunge toward right side', 'waving left hand', 'waving right hand', 'picking up things', 'throwing toward left side', 'throwing toward right side', 'kicking toward left side', 'kicking toward right side', 'extending left side of the body', 'extending right side of the body', 'jumping up', 'bowing']
[2025-07-01 15:57:01,129][utils.py][line:72][INFO] Model's state_dict:
[2025-07-01 15:57:01,129][utils.py][line:74][INFO] Layer: encoder_0.weight | Size: torch.Size([128, 342, 10]) | Total Parameters: 437760
[2025-07-01 15:57:01,129][utils.py][line:74][INFO] Layer: encoder_1.weight | Size: torch.Size([128, 342, 10]) | Total Parameters: 437760
[2025-07-01 15:57:01,129][utils.py][line:74][INFO] Layer: transformer.model.layers.self_attn.qkv.weight | Size: torch.Size([1026, 342]) | Total Parameters: 350892
[2025-07-01 15:57:01,129][utils.py][line:74][INFO] Layer: transformer.model.layers.self_attn.conPerfix.up.weight | Size: torch.Size([684, 256]) | Total Parameters: 175104
[2025-07-01 15:57:01,129][utils.py][line:74][INFO] Layer: transformer.model.layers.self_attn.prev_conPerfix.up.weight | Size: torch.Size([684, 256]) | Total Parameters: 175104
[2025-07-01 15:57:01,129][utils.py][line:74][INFO] Layer: feature_projection.weight | Size: torch.Size([512, 342]) | Total Parameters: 175104
[2025-07-01 15:57:01,129][utils.py][line:74][INFO] Layer: transformer.model.layers.self_attn.proj.weight | Size: torch.Size([342, 342]) | Total Parameters: 116964
[2025-07-01 15:57:01,129][utils.py][line:74][INFO] Layer: transformer.model.layers.self_attn.conPerfix.down.weight | Size: torch.Size([256, 342]) | Total Parameters: 87552
[2025-07-01 15:57:01,129][utils.py][line:74][INFO] Layer: transformer.model.layers.self_attn.prev_conPerfix.down.weight | Size: torch.Size([256, 342]) | Total Parameters: 87552
[2025-07-01 15:57:01,129][utils.py][line:74][INFO] Layer: feats.0.weight | Size: torch.Size([27, 342]) | Total Parameters: 9234
[2025-07-01 15:57:01,129][utils.py][line:74][INFO] Layer: feats.1.weight | Size: torch.Size([27, 342]) | Total Parameters: 9234
[2025-07-01 15:57:01,129][utils.py][line:74][INFO] Layer: feats.2.weight | Size: torch.Size([27, 342]) | Total Parameters: 9234
[2025-07-01 15:57:01,129][utils.py][line:74][INFO] Layer: feats.3.weight | Size: torch.Size([27, 342]) | Total Parameters: 9234
[2025-07-01 15:57:01,129][utils.py][line:74][INFO] Layer: feats.4.weight | Size: torch.Size([27, 342]) | Total Parameters: 9234
[2025-07-01 15:57:01,129][utils.py][line:74][INFO] Layer: feats.5.weight | Size: torch.Size([27, 342]) | Total Parameters: 9234
[2025-07-01 15:57:01,129][utils.py][line:74][INFO] Layer: pos_encoding.embedding | Size: torch.Size([10, 342]) | Total Parameters: 3420
[2025-07-01 15:57:01,129][utils.py][line:74][INFO] Layer: transformer.model.layers.feed_forward.layer2.weight | Size: torch.Size([40, 40]) | Total Parameters: 1600
[2025-07-01 15:57:01,129][utils.py][line:74][INFO] Layer: transformer.model.layers.feed_forward.layer3.weight | Size: torch.Size([40, 40]) | Total Parameters: 1600
[2025-07-01 15:57:01,129][utils.py][line:74][INFO] Layer: transformer.model.layers.self_attn.conPerfix.up.bias | Size: torch.Size([684]) | Total Parameters: 684
[2025-07-01 15:57:01,130][utils.py][line:74][INFO] Layer: transformer.model.layers.self_attn.prev_conPerfix.up.bias | Size: torch.Size([684]) | Total Parameters: 684
[2025-07-01 15:57:01,130][utils.py][line:74][INFO] Layer: feature_projection.bias | Size: torch.Size([512]) | Total Parameters: 512
[2025-07-01 15:57:01,130][utils.py][line:74][INFO] Layer: transformer.model.layers.feed_forward.layer1.weight | Size: torch.Size([40, 10]) | Total Parameters: 400
[2025-07-01 15:57:01,130][utils.py][line:74][INFO] Layer: transformer.model.layers.feed_forward.layer4.weight | Size: torch.Size([10, 40]) | Total Parameters: 400
[2025-07-01 15:57:01,130][utils.py][line:74][INFO] Layer: transformer.model.layers.self_attn.proj.bias | Size: torch.Size([342]) | Total Parameters: 342
[2025-07-01 15:57:01,130][utils.py][line:74][INFO] Layer: transformer.model.layers.sublayer.0.norm.a_2 | Size: torch.Size([342]) | Total Parameters: 342
[2025-07-01 15:57:01,130][utils.py][line:74][INFO] Layer: transformer.model.layers.sublayer.0.norm.b_2 | Size: torch.Size([342]) | Total Parameters: 342
[2025-07-01 15:57:01,130][utils.py][line:74][INFO] Layer: transformer.model.layers.sublayer.1.norm.a_2 | Size: torch.Size([342]) | Total Parameters: 342
[2025-07-01 15:57:01,130][utils.py][line:74][INFO] Layer: transformer.model.layers.sublayer.1.norm.b_2 | Size: torch.Size([342]) | Total Parameters: 342
[2025-07-01 15:57:01,130][utils.py][line:74][INFO] Layer: transformer.model.norm.a_2 | Size: torch.Size([342]) | Total Parameters: 342
[2025-07-01 15:57:01,130][utils.py][line:74][INFO] Layer: transformer.model.norm.b_2 | Size: torch.Size([342]) | Total Parameters: 342
[2025-07-01 15:57:01,130][utils.py][line:74][INFO] Layer: transformer.model.layers.self_attn.conPerfix.down.bias | Size: torch.Size([256]) | Total Parameters: 256
[2025-07-01 15:57:01,130][utils.py][line:74][INFO] Layer: transformer.model.layers.self_attn.prev_conPerfix.down.bias | Size: torch.Size([256]) | Total Parameters: 256
[2025-07-01 15:57:01,130][utils.py][line:74][INFO] Layer: encoder_0.bias | Size: torch.Size([128]) | Total Parameters: 128
[2025-07-01 15:57:01,130][utils.py][line:74][INFO] Layer: encoder_1.bias | Size: torch.Size([128]) | Total Parameters: 128
[2025-07-01 15:57:01,130][utils.py][line:74][INFO] Layer: transformer.model.layers.feed_forward.layer1.bias | Size: torch.Size([40]) | Total Parameters: 40
[2025-07-01 15:57:01,130][utils.py][line:74][INFO] Layer: transformer.model.layers.feed_forward.layer2.bias | Size: torch.Size([40]) | Total Parameters: 40
[2025-07-01 15:57:01,130][utils.py][line:74][INFO] Layer: transformer.model.layers.feed_forward.layer3.bias | Size: torch.Size([40]) | Total Parameters: 40
[2025-07-01 15:57:01,130][utils.py][line:74][INFO] Layer: feats.0.bias | Size: torch.Size([27]) | Total Parameters: 27
[2025-07-01 15:57:01,130][utils.py][line:74][INFO] Layer: feats.1.bias | Size: torch.Size([27]) | Total Parameters: 27
[2025-07-01 15:57:01,130][utils.py][line:74][INFO] Layer: feats.2.bias | Size: torch.Size([27]) | Total Parameters: 27
[2025-07-01 15:57:01,130][utils.py][line:74][INFO] Layer: feats.3.bias | Size: torch.Size([27]) | Total Parameters: 27
[2025-07-01 15:57:01,130][utils.py][line:74][INFO] Layer: feats.4.bias | Size: torch.Size([27]) | Total Parameters: 27
[2025-07-01 15:57:01,130][utils.py][line:74][INFO] Layer: feats.5.bias | Size: torch.Size([27]) | Total Parameters: 27
[2025-07-01 15:57:01,130][utils.py][line:74][INFO] Layer: transformer.model.layers.feed_forward.layer4.bias | Size: torch.Size([10]) | Total Parameters: 10
[2025-07-01 15:57:01,130][utils.py][line:74][INFO] Layer: pos_encoding.mu | Size: torch.Size([1, 10]) | Total Parameters: 10
[2025-07-01 15:57:01,130][utils.py][line:74][INFO] Layer: pos_encoding.sigma | Size: torch.Size([1, 10]) | Total Parameters: 10
[2025-07-01 15:57:01,131][utils.py][line:76][INFO] Total number of parameters: 2111970
[2025-07-01 15:57:01,131][utils.py][line:88][INFO] init model GPU Memory Allocated: 249.06 MB, Reserved: 270.00 MB, Max Allocated: 249.06 MB, Max Reserved: 270.00 MB
[2025-07-01 15:57:03,299][main.py][line:74][INFO] Prototypes computed and assigned to the model.
[2025-07-01 15:57:03,300][main.py][line:90][INFO] 
>>> Task #0 --> Model Training
[2025-07-01 15:57:05,062][main.py][line:103][INFO] Task 3. Time 1.76
[2025-07-01 15:57:06,087][method.py][line:181][INFO] 
Accuracy:96	71	91	60	0	0	0	0	0	Avg Acc: 80.00
[2025-07-01 15:57:07,607][main.py][line:103][INFO] Task 3. Time 4.31
[2025-07-01 15:57:08,712][method.py][line:181][INFO] 
Accuracy:100	85	93	80	0	0	0	0	0	Avg Acc: 89.58
[2025-07-01 15:57:10,433][main.py][line:103][INFO] Task 3. Time 7.13
[2025-07-01 15:57:11,471][method.py][line:181][INFO] 
Accuracy:100	83	98	71	0	0	0	0	0	Avg Acc: 88.33
[2025-07-01 15:57:12,961][main.py][line:103][INFO] Task 3. Time 9.66
[2025-07-01 15:57:14,087][method.py][line:181][INFO] 
Accuracy:100	85	98	86	0	0	0	0	0	Avg Acc: 92.50
[2025-07-01 15:57:15,706][main.py][line:103][INFO] Task 3. Time 12.41
[2025-07-01 15:57:16,600][method.py][line:181][INFO] 
Accuracy:100	88	98	76	0	0	0	0	0	Avg Acc: 90.83
[2025-07-01 15:57:18,219][main.py][line:103][INFO] Task 3. Time 14.92
[2025-07-01 15:57:19,487][method.py][line:181][INFO] 
Accuracy:100	88	98	85	0	0	0	0	0	Avg Acc: 92.92
[2025-07-01 15:57:21,121][main.py][line:103][INFO] Task 3. Time 17.82
[2025-07-01 15:57:22,202][method.py][line:181][INFO] 
Accuracy:100	88	98	83	0	0	0	0	0	Avg Acc: 92.50
[2025-07-01 15:57:23,842][main.py][line:103][INFO] Task 3. Time 20.54
[2025-07-01 15:57:24,868][method.py][line:181][INFO] 
Accuracy:100	88	98	86	0	0	0	0	0	Avg Acc: 93.33
[2025-07-01 15:57:26,526][main.py][line:103][INFO] Task 3. Time 23.23
[2025-07-01 15:57:27,577][method.py][line:181][INFO] 
Accuracy:100	86	98	80	0	0	0	0	0	Avg Acc: 91.25
[2025-07-01 15:57:29,213][main.py][line:103][INFO] Task 3. Time 25.91
[2025-07-01 15:57:30,400][method.py][line:181][INFO] 
Accuracy:100	88	98	83	0	0	0	0	0	Avg Acc: 92.50
[2025-07-01 15:57:31,962][main.py][line:103][INFO] Task 3. Time 28.66
[2025-07-01 15:57:33,124][method.py][line:181][INFO] 
Accuracy:100	86	98	91	0	0	0	0	0	Avg Acc: 94.17
[2025-07-01 15:57:34,675][main.py][line:103][INFO] Task 3. Time 31.37
[2025-07-01 15:57:35,706][method.py][line:181][INFO] 
Accuracy:100	88	98	85	0	0	0	0	0	Avg Acc: 92.92
[2025-07-01 15:57:37,659][main.py][line:103][INFO] Task 3. Time 34.36
[2025-07-01 15:57:38,700][method.py][line:181][INFO] 
Accuracy:100	88	98	90	0	0	0	0	0	Avg Acc: 94.17
[2025-07-01 15:57:40,435][main.py][line:103][INFO] Task 3. Time 37.13
[2025-07-01 15:57:41,522][method.py][line:181][INFO] 
Accuracy:100	86	98	85	0	0	0	0	0	Avg Acc: 92.50
[2025-07-01 15:57:43,138][main.py][line:103][INFO] Task 3. Time 39.84
[2025-07-01 15:57:44,163][method.py][line:181][INFO] 
Accuracy:100	88	98	83	0	0	0	0	0	Avg Acc: 92.50
[2025-07-01 15:57:45,664][main.py][line:103][INFO] Task 3. Time 42.36
[2025-07-01 15:57:46,628][method.py][line:181][INFO] 
Accuracy:100	86	98	85	0	0	0	0	0	Avg Acc: 92.50
[2025-07-01 15:57:48,344][main.py][line:103][INFO] Task 3. Time 45.04
[2025-07-01 15:57:49,450][method.py][line:181][INFO] 
Accuracy:100	90	98	86	0	0	0	0	0	Avg Acc: 93.75
[2025-07-01 15:57:51,126][main.py][line:103][INFO] Task 3. Time 47.83
[2025-07-01 15:57:52,226][method.py][line:181][INFO] 
Accuracy:100	88	98	91	0	0	0	0	0	Avg Acc: 94.58
[2025-07-01 15:57:53,965][main.py][line:103][INFO] Task 3. Time 50.66
[2025-07-01 15:57:55,019][method.py][line:181][INFO] 
Accuracy:100	90	98	86	0	0	0	0	0	Avg Acc: 93.75
[2025-07-01 15:57:56,662][main.py][line:103][INFO] Task 3. Time 53.36
[2025-07-01 15:57:57,752][method.py][line:181][INFO] 
Accuracy:100	90	98	85	0	0	0	0	0	Avg Acc: 93.33
[2025-07-01 15:57:59,340][main.py][line:103][INFO] Task 3. Time 56.04
[2025-07-01 15:58:00,489][method.py][line:181][INFO] 
Accuracy:100	90	98	88	0	0	0	0	0	Avg Acc: 94.17
[2025-07-01 15:58:02,065][main.py][line:103][INFO] Task 3. Time 58.76
[2025-07-01 15:58:03,184][method.py][line:181][INFO] 
Accuracy:100	90	98	86	0	0	0	0	0	Avg Acc: 93.75
[2025-07-01 15:58:04,942][main.py][line:103][INFO] Task 3. Time 61.64
[2025-07-01 15:58:06,033][method.py][line:181][INFO] 
Accuracy:100	86	98	90	0	0	0	0	0	Avg Acc: 93.75
[2025-07-01 15:58:07,684][main.py][line:103][INFO] Task 3. Time 64.38
[2025-07-01 15:58:08,760][method.py][line:181][INFO] 
Accuracy:100	90	98	85	0	0	0	0	0	Avg Acc: 93.33
[2025-07-01 15:58:10,242][main.py][line:103][INFO] Task 3. Time 66.94
[2025-07-01 15:58:11,182][method.py][line:181][INFO] 
Accuracy:100	88	98	90	0	0	0	0	0	Avg Acc: 94.17
[2025-07-01 15:58:12,795][main.py][line:103][INFO] Task 3. Time 69.49
[2025-07-01 15:58:13,903][method.py][line:181][INFO] 
Accuracy:100	90	98	86	0	0	0	0	0	Avg Acc: 93.75
[2025-07-01 15:58:15,550][main.py][line:103][INFO] Task 3. Time 72.25
[2025-07-01 15:58:16,509][method.py][line:181][INFO] 
Accuracy:100	90	98	86	0	0	0	0	0	Avg Acc: 93.75
[2025-07-01 15:58:17,887][main.py][line:103][INFO] Task 3. Time 74.59
[2025-07-01 15:58:19,038][method.py][line:181][INFO] 
Accuracy:100	90	98	90	0	0	0	0	0	Avg Acc: 94.58
[2025-07-01 15:58:20,790][main.py][line:103][INFO] Task 3. Time 77.49
[2025-07-01 15:58:21,884][method.py][line:181][INFO] 
Accuracy:100	90	98	88	0	0	0	0	0	Avg Acc: 94.17
[2025-07-01 15:58:23,549][main.py][line:103][INFO] Task 3. Time 80.25
[2025-07-01 15:58:24,609][method.py][line:181][INFO] 
Accuracy:100	90	98	86	0	0	0	0	0	Avg Acc: 93.75
[2025-07-01 15:58:26,254][main.py][line:103][INFO] Task 3. Time 82.95
[2025-07-01 15:58:27,477][method.py][line:181][INFO] 
Accuracy:100	90	98	86	0	0	0	0	0	Avg Acc: 93.75
[2025-07-01 15:58:29,046][main.py][line:103][INFO] Task 3. Time 85.75
[2025-07-01 15:58:30,134][method.py][line:181][INFO] 
Accuracy:100	90	98	88	0	0	0	0	0	Avg Acc: 94.17
[2025-07-01 15:58:31,636][main.py][line:103][INFO] Task 3. Time 88.34
[2025-07-01 15:58:32,654][method.py][line:181][INFO] 
Accuracy:100	88	98	86	0	0	0	0	0	Avg Acc: 93.33
[2025-07-01 15:58:34,368][main.py][line:103][INFO] Task 3. Time 91.07
[2025-07-01 15:58:35,333][method.py][line:181][INFO] 
Accuracy:100	90	98	86	0	0	0	0	0	Avg Acc: 93.75
[2025-07-01 15:58:36,850][main.py][line:103][INFO] Task 3. Time 93.55
[2025-07-01 15:58:37,849][method.py][line:181][INFO] 
Accuracy:100	88	98	88	0	0	0	0	0	Avg Acc: 93.75
[2025-07-01 15:58:39,454][main.py][line:103][INFO] Task 3. Time 96.15
[2025-07-01 15:58:40,577][method.py][line:181][INFO] 
Accuracy:100	88	98	88	0	0	0	0	0	Avg Acc: 93.75
[2025-07-01 15:58:42,179][main.py][line:103][INFO] Task 3. Time 98.88
[2025-07-01 15:58:43,313][method.py][line:181][INFO] 
Accuracy:100	90	98	91	0	0	0	0	0	Avg Acc: 95.00
[2025-07-01 15:58:44,987][main.py][line:103][INFO] Task 3. Time 101.69
[2025-07-01 15:58:46,074][method.py][line:181][INFO] 
Accuracy:100	90	98	90	0	0	0	0	0	Avg Acc: 94.58
[2025-07-01 15:58:47,598][main.py][line:103][INFO] Task 3. Time 104.30
[2025-07-01 15:58:48,647][method.py][line:181][INFO] 
Accuracy:100	90	98	90	0	0	0	0	0	Avg Acc: 94.58
[2025-07-01 15:58:50,343][main.py][line:103][INFO] Task 3. Time 107.04
[2025-07-01 15:58:51,533][method.py][line:181][INFO] 
Accuracy:100	90	98	88	0	0	0	0	0	Avg Acc: 94.17
[2025-07-01 15:58:51,541][utils.py][line:88][INFO] End training-3 GPU Memory Allocated: 290.99 MB, Reserved: 310.00 MB, Max Allocated: 294.93 MB, Max Reserved: 310.00 MB
[2025-07-01 15:58:52,042][main.py][line:125][INFO] x0. indices [0, 1, 2, 3, 4, 5, 6, 7, 8, 9]
[2025-07-01 15:58:52,042][main.py][line:125][INFO] x1. indices [np.int64(36), np.int64(22), np.int64(28), np.int64(17), np.int64(14), np.int64(39), np.int64(19)]
[2025-07-01 15:58:52,042][main.py][line:125][INFO] x2. indices [np.int64(2), np.int64(27), np.int64(14), np.int64(37), np.int64(22), np.int64(30), np.int64(9)]
[2025-07-01 15:58:52,042][main.py][line:125][INFO] x3. indices [np.int64(36), np.int64(26), np.int64(12), np.int64(33), np.int64(38), np.int64(23), np.int64(35)]
[2025-07-01 15:58:52,042][main.py][line:125][INFO] x4. indices [np.int64(0), np.int64(4)]
[2025-07-01 15:58:52,049][main.py][line:90][INFO] 
>>> Task #1 --> Model Training
[2025-07-01 15:58:56,382][main.py][line:103][INFO] Task 4. Time 4.33
[2025-07-01 15:59:00,494][method.py][line:181][INFO] 
Accuracy:100	76	91	56	90	0	0	0	0	Avg Acc: 83.00
[2025-07-01 15:59:04,266][main.py][line:103][INFO] Task 4. Time 12.22
[2025-07-01 15:59:08,520][method.py][line:181][INFO] 
Accuracy:100	65	65	51	91	0	0	0	0	Avg Acc: 74.67
[2025-07-01 15:59:12,936][main.py][line:103][INFO] Task 4. Time 20.89
[2025-07-01 15:59:17,410][method.py][line:181][INFO] 
Accuracy:100	58	63	48	95	0	0	0	0	Avg Acc: 73.00
[2025-07-01 15:59:21,768][main.py][line:103][INFO] Task 4. Time 29.72
[2025-07-01 15:59:25,833][method.py][line:181][INFO] 
Accuracy:100	56	63	46	96	0	0	0	0	Avg Acc: 72.67
[2025-07-01 15:59:30,143][main.py][line:103][INFO] Task 4. Time 38.09
[2025-07-01 15:59:33,984][method.py][line:181][INFO] 
Accuracy:100	56	63	45	98	0	0	0	0	Avg Acc: 72.67
[2025-07-01 15:59:37,903][main.py][line:103][INFO] Task 4. Time 45.85
[2025-07-01 15:59:41,950][method.py][line:181][INFO] 
Accuracy:100	56	63	45	100	0	0	0	0	Avg Acc: 73.00
[2025-07-01 15:59:45,919][main.py][line:103][INFO] Task 4. Time 53.87
[2025-07-01 15:59:50,345][method.py][line:181][INFO] 
Accuracy:100	56	63	45	100	0	0	0	0	Avg Acc: 73.00
[2025-07-01 15:59:54,297][main.py][line:103][INFO] Task 4. Time 62.25
[2025-07-01 15:59:58,322][method.py][line:181][INFO] 
Accuracy:100	56	63	45	100	0	0	0	0	Avg Acc: 73.00
[2025-07-01 16:00:02,413][main.py][line:103][INFO] Task 4. Time 70.36
[2025-07-01 16:00:06,575][method.py][line:181][INFO] 
Accuracy:100	55	63	41	100	0	0	0	0	Avg Acc: 72.00
[2025-07-01 16:00:10,180][main.py][line:103][INFO] Task 4. Time 78.13
[2025-07-01 16:00:14,416][method.py][line:181][INFO] 
Accuracy:100	55	63	41	100	0	0	0	0	Avg Acc: 72.00
[2025-07-01 16:00:18,476][main.py][line:103][INFO] Task 4. Time 86.43
[2025-07-01 16:00:22,949][method.py][line:181][INFO] 
Accuracy:100	55	61	41	100	0	0	0	0	Avg Acc: 71.67
[2025-07-01 16:00:26,903][main.py][line:103][INFO] Task 4. Time 94.85
[2025-07-01 16:00:31,309][method.py][line:181][INFO] 
Accuracy:100	55	63	41	100	0	0	0	0	Avg Acc: 72.00
[2025-07-01 16:00:35,513][main.py][line:103][INFO] Task 4. Time 103.46
[2025-07-01 16:00:39,933][method.py][line:181][INFO] 
Accuracy:100	55	61	40	100	0	0	0	0	Avg Acc: 71.33
[2025-07-01 16:00:44,109][main.py][line:103][INFO] Task 4. Time 112.06
[2025-07-01 16:00:47,811][method.py][line:181][INFO] 
Accuracy:100	55	61	40	100	0	0	0	0	Avg Acc: 71.33
[2025-07-01 16:00:52,246][main.py][line:103][INFO] Task 4. Time 120.20
[2025-07-01 16:00:57,028][method.py][line:181][INFO] 
Accuracy:100	55	60	40	100	0	0	0	0	Avg Acc: 71.00
[2025-07-01 16:01:01,481][main.py][line:103][INFO] Task 4. Time 129.43
[2025-07-01 16:01:05,608][method.py][line:181][INFO] 
Accuracy:100	55	60	40	100	0	0	0	0	Avg Acc: 71.00
[2025-07-01 16:01:09,023][main.py][line:103][INFO] Task 4. Time 136.97
[2025-07-01 16:01:13,256][method.py][line:181][INFO] 
Accuracy:98	55	60	40	100	0	0	0	0	Avg Acc: 70.67
[2025-07-01 16:01:17,322][main.py][line:103][INFO] Task 4. Time 145.27
[2025-07-01 16:01:21,787][method.py][line:181][INFO] 
Accuracy:98	55	60	38	100	0	0	0	0	Avg Acc: 70.33
[2025-07-01 16:01:25,981][main.py][line:103][INFO] Task 4. Time 153.93
[2025-07-01 16:01:30,342][method.py][line:181][INFO] 
Accuracy:98	55	60	38	100	0	0	0	0	Avg Acc: 70.33
[2025-07-01 16:01:34,462][main.py][line:103][INFO] Task 4. Time 162.41
[2025-07-01 16:01:39,006][method.py][line:181][INFO] 
Accuracy:98	55	60	36	100	0	0	0	0	Avg Acc: 70.00
[2025-07-01 16:01:39,019][utils.py][line:88][INFO] End training-4 GPU Memory Allocated: 294.00 MB, Reserved: 318.00 MB, Max Allocated: 305.40 MB, Max Reserved: 318.00 MB
[2025-07-01 16:01:39,678][main.py][line:125][INFO] x0. indices [0, 1, 2, 3, 4, 5, 6, 7, 8, 9]
[2025-07-01 16:01:39,679][main.py][line:125][INFO] x1. indices [ 0  1  2  3  4  5  6  7  8  9 10 11 12 13 14 15 16 17 18 19 20 21 22 23
 24 25 26 27 28 29 30 33 34 35 36 37 38 39]
[2025-07-01 16:01:39,679][main.py][line:125][INFO] x2. indices [ 0  1  2  3  4  5  6  7  8  9 10 11 12 14 15 16 18 19 20 21 22 23 24 25
 26 27 28 29 30 32 33 34 35 36 37 38]
[2025-07-01 16:01:39,680][main.py][line:125][INFO] x3. indices [ 0  1  2  3  4  5  6  7  8  9 12 13 15 17 19 20 22 23 24 26 28 29 31 32
 33 34 35 36 37 38 39]
[2025-07-01 16:01:39,680][main.py][line:125][INFO] x4. indices [0 1 2 3 4 5 6 7 8 9]
[2025-07-01 16:01:39,686][main.py][line:90][INFO] 
>>> Task #2 --> Model Training
[2025-07-01 16:01:55,579][main.py][line:103][INFO] Task 5. Time 15.89
[2025-07-01 16:02:00,077][method.py][line:181][INFO] 
Accuracy:100	80	91	56	68	86	0	0	0	Avg Acc: 80.56
[2025-07-01 16:02:14,182][main.py][line:103][INFO] Task 5. Time 34.50
[2025-07-01 16:02:18,706][method.py][line:181][INFO] 
Accuracy:100	78	91	53	51	96	0	0	0	Avg Acc: 78.61
[2025-07-01 16:02:32,379][main.py][line:103][INFO] Task 5. Time 52.69
[2025-07-01 16:02:36,795][method.py][line:181][INFO] 
Accuracy:100	75	76	50	51	96	0	0	0	Avg Acc: 75.00
[2025-07-01 16:02:45,974][main.py][line:103][INFO] Task 5. Time 66.29
[2025-07-01 16:02:49,587][method.py][line:181][INFO] 
Accuracy:100	75	75	48	46	96	0	0	0	Avg Acc: 73.61
[2025-07-01 16:03:03,612][main.py][line:103][INFO] Task 5. Time 83.93
[2025-07-01 16:03:07,791][method.py][line:181][INFO] 
Accuracy:100	73	75	48	46	96	0	0	0	Avg Acc: 73.33
[2025-07-01 16:03:21,020][main.py][line:103][INFO] Task 5. Time 101.33
[2025-07-01 16:03:24,916][method.py][line:181][INFO] 
Accuracy:100	73	71	46	45	96	0	0	0	Avg Acc: 72.22
[2025-07-01 16:03:38,473][main.py][line:103][INFO] Task 5. Time 118.79
[2025-07-01 16:03:42,640][method.py][line:181][INFO] 
Accuracy:100	71	71	45	43	96	0	0	0	Avg Acc: 71.39
[2025-07-01 16:03:56,979][main.py][line:103][INFO] Task 5. Time 137.29
[2025-07-01 16:04:01,185][method.py][line:181][INFO] 
Accuracy:100	71	71	45	43	96	0	0	0	Avg Acc: 71.39
[2025-07-01 16:04:15,259][main.py][line:103][INFO] Task 5. Time 155.57
[2025-07-01 16:04:19,669][method.py][line:181][INFO] 
Accuracy:100	71	70	45	43	96	0	0	0	Avg Acc: 71.11
[2025-07-01 16:04:34,647][main.py][line:103][INFO] Task 5. Time 174.96
[2025-07-01 16:04:38,841][method.py][line:181][INFO] 
Accuracy:100	71	66	43	43	96	0	0	0	Avg Acc: 70.28
[2025-07-01 16:04:51,939][main.py][line:103][INFO] Task 5. Time 192.25
[2025-07-01 16:04:56,253][method.py][line:181][INFO] 
Accuracy:100	71	65	43	41	96	0	0	0	Avg Acc: 69.72
[2025-07-01 16:05:09,963][main.py][line:103][INFO] Task 5. Time 210.28
[2025-07-01 16:05:14,193][method.py][line:181][INFO] 
Accuracy:100	71	63	43	41	96	0	0	0	Avg Acc: 69.44
[2025-07-01 16:05:28,401][main.py][line:103][INFO] Task 5. Time 228.71
[2025-07-01 16:05:32,194][method.py][line:181][INFO] 
Accuracy:98	71	63	43	41	96	0	0	0	Avg Acc: 69.17
[2025-07-01 16:05:46,759][main.py][line:103][INFO] Task 5. Time 247.07
[2025-07-01 16:05:50,943][method.py][line:181][INFO] 
Accuracy:96	70	58	43	41	96	0	0	0	Avg Acc: 67.78
[2025-07-01 16:06:02,695][main.py][line:103][INFO] Task 5. Time 263.01
[2025-07-01 16:06:06,842][method.py][line:181][INFO] 
Accuracy:96	70	58	43	41	96	0	0	0	Avg Acc: 67.78
[2025-07-01 16:06:21,369][main.py][line:103][INFO] Task 5. Time 281.68
[2025-07-01 16:06:25,540][method.py][line:181][INFO] 
Accuracy:95	70	58	43	41	96	0	0	0	Avg Acc: 67.50
[2025-07-01 16:06:38,800][main.py][line:103][INFO] Task 5. Time 299.11
[2025-07-01 16:06:43,053][method.py][line:181][INFO] 
Accuracy:95	70	58	43	41	96	0	0	0	Avg Acc: 67.50
[2025-07-01 16:06:57,163][main.py][line:103][INFO] Task 5. Time 317.48
[2025-07-01 16:07:01,064][method.py][line:181][INFO] 
Accuracy:95	70	58	43	41	96	0	0	0	Avg Acc: 67.50
[2025-07-01 16:07:14,704][main.py][line:103][INFO] Task 5. Time 335.02
[2025-07-01 16:07:18,953][method.py][line:181][INFO] 
Accuracy:95	70	58	43	41	96	0	0	0	Avg Acc: 67.50
[2025-07-01 16:07:32,945][main.py][line:103][INFO] Task 5. Time 353.26
[2025-07-01 16:07:37,184][method.py][line:181][INFO] 
Accuracy:95	70	58	43	41	96	0	0	0	Avg Acc: 67.50
[2025-07-01 16:07:37,199][utils.py][line:88][INFO] End training-5 GPU Memory Allocated: 294.26 MB, Reserved: 320.00 MB, Max Allocated: 306.60 MB, Max Reserved: 320.00 MB
[2025-07-01 16:07:37,860][main.py][line:125][INFO] x0. indices [0, 1, 2, 3, 4, 5, 6, 7, 8, 9]
[2025-07-01 16:07:37,860][main.py][line:125][INFO] x1. indices [ 0  1  2  3  4  5  6  7  8  9 10 11 12 13 14 15 16 17 18 19 20 21 22 23
 24 25 26 27 28 29 30 31 32 33 34 35 36 37 38 39]
[2025-07-01 16:07:37,861][main.py][line:125][INFO] x2. indices [ 0  1  2  3  4  5  6  7  8  9 10 11 12 13 14 15 16 17 18 19 20 21 22 23
 24 25 26 27 28 29 30 31 32 33 34 35 36 37 38]
[2025-07-01 16:07:37,861][main.py][line:125][INFO] x3. indices [ 0  1  2  3  4  5  6  7  8  9 10 12 13 15 16 17 18 19 20 22 23 24 26 28
 29 30 31 32 33 34 35 36 37 38 39]
[2025-07-01 16:07:37,861][main.py][line:125][INFO] x4. indices [0 1 2 3 4 5 6 7 8 9]
[2025-07-01 16:07:37,866][main.py][line:90][INFO] 
>>> Task #3 --> Model Training
[2025-07-01 16:07:50,700][main.py][line:103][INFO] Task 6. Time 12.83
[2025-07-01 16:07:55,843][method.py][line:181][INFO] 
Accuracy:100	78	91	55	71	61	61	0	0	Avg Acc: 74.29
[2025-07-01 16:08:11,188][main.py][line:103][INFO] Task 6. Time 33.32
[2025-07-01 16:08:16,197][method.py][line:181][INFO] 
Accuracy:100	80	90	55	38	30	78	0	0	Avg Acc: 67.38
[2025-07-01 16:08:32,375][main.py][line:103][INFO] Task 6. Time 54.51
[2025-07-01 16:08:37,449][method.py][line:181][INFO] 
Accuracy:100	76	81	53	23	3	81	0	0	Avg Acc: 60.00
[2025-07-01 16:08:51,878][main.py][line:103][INFO] Task 6. Time 74.01
[2025-07-01 16:08:56,235][method.py][line:181][INFO] 
Accuracy:100	73	80	51	15	3	81	0	0	Avg Acc: 57.86
[2025-07-01 16:09:12,861][main.py][line:103][INFO] Task 6. Time 95.00
[2025-07-01 16:09:17,877][method.py][line:181][INFO] 
Accuracy:100	73	80	51	20	1	85	0	0	Avg Acc: 58.81
[2025-07-01 16:09:33,650][main.py][line:103][INFO] Task 6. Time 115.78
[2025-07-01 16:09:38,616][method.py][line:181][INFO] 
Accuracy:100	73	80	53	15	1	81	0	0	Avg Acc: 57.86
[2025-07-01 16:09:55,499][main.py][line:103][INFO] Task 6. Time 137.63
[2025-07-01 16:10:00,602][method.py][line:181][INFO] 
Accuracy:100	73	78	51	16	1	91	0	0	Avg Acc: 59.05
[2025-07-01 16:10:15,431][main.py][line:103][INFO] Task 6. Time 157.57
[2025-07-01 16:10:20,052][method.py][line:181][INFO] 
Accuracy:100	73	80	51	16	1	90	0	0	Avg Acc: 59.05
[2025-07-01 16:10:35,228][main.py][line:103][INFO] Task 6. Time 177.36
[2025-07-01 16:10:40,139][method.py][line:181][INFO] 
Accuracy:100	73	78	51	15	1	91	0	0	Avg Acc: 58.81
[2025-07-01 16:10:56,505][main.py][line:103][INFO] Task 6. Time 198.64
[2025-07-01 16:11:01,845][method.py][line:181][INFO] 
Accuracy:100	73	80	53	11	1	91	0	0	Avg Acc: 58.81
[2025-07-01 16:11:17,915][main.py][line:103][INFO] Task 6. Time 220.05
[2025-07-01 16:11:23,114][method.py][line:181][INFO] 
Accuracy:100	73	78	53	3	3	90	0	0	Avg Acc: 57.38
[2025-07-01 16:11:37,945][main.py][line:103][INFO] Task 6. Time 240.08
[2025-07-01 16:11:42,996][method.py][line:181][INFO] 
Accuracy:100	73	78	51	1	1	91	0	0	Avg Acc: 56.90
[2025-07-01 16:11:58,129][main.py][line:103][INFO] Task 6. Time 260.26
[2025-07-01 16:12:03,200][method.py][line:181][INFO] 
Accuracy:100	73	78	51	0	1	93	0	0	Avg Acc: 56.90
[2025-07-01 16:12:18,028][main.py][line:103][INFO] Task 6. Time 280.16
[2025-07-01 16:12:22,919][method.py][line:181][INFO] 
Accuracy:100	73	78	51	0	0	93	0	0	Avg Acc: 56.67
[2025-07-01 16:12:39,522][main.py][line:103][INFO] Task 6. Time 301.66
[2025-07-01 16:12:44,810][method.py][line:181][INFO] 
Accuracy:100	73	78	51	0	0	93	0	0	Avg Acc: 56.67
[2025-07-01 16:12:59,502][main.py][line:103][INFO] Task 6. Time 321.64
[2025-07-01 16:13:04,173][method.py][line:181][INFO] 
Accuracy:100	73	78	51	0	0	95	0	0	Avg Acc: 56.90
[2025-07-01 16:13:18,533][main.py][line:103][INFO] Task 6. Time 340.67
[2025-07-01 16:13:23,609][method.py][line:181][INFO] 
Accuracy:100	73	76	51	0	0	95	0	0	Avg Acc: 56.67
[2025-07-01 16:13:39,279][main.py][line:103][INFO] Task 6. Time 361.41
[2025-07-01 16:13:43,962][method.py][line:181][INFO] 
Accuracy:100	73	76	50	0	0	93	0	0	Avg Acc: 56.19
[2025-07-01 16:13:59,714][main.py][line:103][INFO] Task 6. Time 381.85
[2025-07-01 16:14:04,672][method.py][line:181][INFO] 
Accuracy:100	73	76	51	0	0	93	0	0	Avg Acc: 56.43
[2025-07-01 16:14:20,584][main.py][line:103][INFO] Task 6. Time 402.72
[2025-07-01 16:14:25,365][method.py][line:181][INFO] 
Accuracy:98	73	76	50	0	0	95	0	0	Avg Acc: 56.19
[2025-07-01 16:14:25,379][utils.py][line:88][INFO] End training-6 GPU Memory Allocated: 294.32 MB, Reserved: 320.00 MB, Max Allocated: 306.60 MB, Max Reserved: 320.00 MB
[2025-07-01 16:14:25,995][main.py][line:125][INFO] x0. indices [0, 1, 2, 3, 4, 5, 6, 7, 8, 9]
[2025-07-01 16:14:25,995][main.py][line:125][INFO] x1. indices [ 0  1  2  3  4  5  6  7  8  9 10 11 12 13 14 15 16 17 18 19 20 21 22 23
 24 25 26 27 28 29 30 31 32 33 34 35 36 37 38 39]
[2025-07-01 16:14:25,996][main.py][line:125][INFO] x2. indices [ 0  1  2  3  4  5  6  7  8  9 10 11 12 13 14 15 16 17 18 19 20 21 22 23
 24 25 26 27 28 29 30 31 32 33 34 35 36 37 38 39]
[2025-07-01 16:14:25,996][main.py][line:125][INFO] x3. indices [ 0  1  2  3  4  5  6  7  8  9 10 12 13 15 16 17 18 19 20 22 23 24 26 28
 29 30 31 32 33 34 35 36 37 38 39]
[2025-07-01 16:14:25,996][main.py][line:125][INFO] x4. indices [0 1 2 3 4 5 6 7 8 9]
[2025-07-01 16:14:26,001][main.py][line:90][INFO] 
>>> Task #4 --> Model Training
[2025-07-01 16:14:42,363][main.py][line:103][INFO] Task 7. Time 16.36
[2025-07-01 16:14:47,903][method.py][line:181][INFO] 
Accuracy:100	81	91	55	61	66	48	46	0	Avg Acc: 68.96
[2025-07-01 16:15:03,040][main.py][line:103][INFO] Task 7. Time 37.04
[2025-07-01 16:15:08,787][method.py][line:181][INFO] 
Accuracy:100	81	91	53	30	68	23	66	0	Avg Acc: 64.38
[2025-07-01 16:15:25,325][main.py][line:103][INFO] Task 7. Time 59.32
[2025-07-01 16:15:31,316][method.py][line:181][INFO] 
Accuracy:100	81	90	53	28	51	6	71	0	Avg Acc: 60.42
[2025-07-01 16:15:46,077][main.py][line:103][INFO] Task 7. Time 80.08
[2025-07-01 16:15:51,924][method.py][line:181][INFO] 
Accuracy:100	78	90	53	30	35	3	71	0	Avg Acc: 57.71
[2025-07-01 16:16:08,434][main.py][line:103][INFO] Task 7. Time 102.43
[2025-07-01 16:16:14,171][method.py][line:181][INFO] 
Accuracy:100	78	90	53	26	31	0	73	0	Avg Acc: 56.67
[2025-07-01 16:16:30,086][main.py][line:103][INFO] Task 7. Time 124.08
[2025-07-01 16:16:35,489][method.py][line:181][INFO] 
Accuracy:100	78	90	51	25	31	0	66	0	Avg Acc: 55.42
[2025-07-01 16:16:51,157][main.py][line:103][INFO] Task 7. Time 145.16
[2025-07-01 16:16:56,875][method.py][line:181][INFO] 
Accuracy:100	83	90	51	26	31	0	73	0	Avg Acc: 57.08
[2025-07-01 16:17:13,839][main.py][line:103][INFO] Task 7. Time 167.84
[2025-07-01 16:17:19,425][method.py][line:181][INFO] 
Accuracy:100	80	88	51	16	26	0	71	0	Avg Acc: 54.38
[2025-07-01 16:17:36,200][main.py][line:103][INFO] Task 7. Time 190.20
[2025-07-01 16:17:41,877][method.py][line:181][INFO] 
Accuracy:100	81	88	51	16	21	0	70	0	Avg Acc: 53.75
[2025-07-01 16:17:58,907][main.py][line:103][INFO] Task 7. Time 212.91
[2025-07-01 16:18:04,122][method.py][line:181][INFO] 
Accuracy:100	81	88	51	10	21	0	76	0	Avg Acc: 53.75
[2025-07-01 16:18:20,504][main.py][line:103][INFO] Task 7. Time 234.50
[2025-07-01 16:18:25,949][method.py][line:181][INFO] 
Accuracy:100	81	86	51	8	25	0	66	0	Avg Acc: 52.50
[2025-07-01 16:18:41,159][main.py][line:103][INFO] Task 7. Time 255.16
[2025-07-01 16:18:46,833][method.py][line:181][INFO] 
Accuracy:100	81	85	51	3	11	0	80	0	Avg Acc: 51.67
[2025-07-01 16:19:01,550][main.py][line:103][INFO] Task 7. Time 275.55
[2025-07-01 16:19:07,494][method.py][line:181][INFO] 
Accuracy:100	81	85	51	1	10	0	65	0	Avg Acc: 49.38
[2025-07-01 16:19:23,403][main.py][line:103][INFO] Task 7. Time 297.40
[2025-07-01 16:19:29,494][method.py][line:181][INFO] 
Accuracy:100	81	85	51	1	13	0	70	0	Avg Acc: 50.42
[2025-07-01 16:19:45,033][main.py][line:103][INFO] Task 7. Time 319.03
[2025-07-01 16:19:49,708][method.py][line:181][INFO] 
Accuracy:100	81	86	51	0	10	0	80	0	Avg Acc: 51.25
[2025-07-01 16:20:06,656][main.py][line:103][INFO] Task 7. Time 340.65
[2025-07-01 16:20:12,309][method.py][line:181][INFO] 
Accuracy:100	81	85	51	0	5	0	80	0	Avg Acc: 50.42
[2025-07-01 16:20:29,137][main.py][line:103][INFO] Task 7. Time 363.14
[2025-07-01 16:20:34,604][method.py][line:181][INFO] 
Accuracy:100	81	86	51	0	5	0	73	0	Avg Acc: 49.79
[2025-07-01 16:20:50,578][main.py][line:103][INFO] Task 7. Time 384.58
[2025-07-01 16:20:56,337][method.py][line:181][INFO] 
Accuracy:100	81	86	51	0	3	0	76	0	Avg Acc: 50.00
[2025-07-01 16:21:09,233][main.py][line:103][INFO] Task 7. Time 403.23
[2025-07-01 16:21:14,952][method.py][line:181][INFO] 
Accuracy:100	81	85	50	0	3	0	83	0	Avg Acc: 50.42
[2025-07-01 16:21:31,003][main.py][line:103][INFO] Task 7. Time 425.00
[2025-07-01 16:21:37,296][method.py][line:181][INFO] 
Accuracy:100	81	85	50	0	3	0	81	0	Avg Acc: 50.21
[2025-07-01 16:21:37,307][utils.py][line:88][INFO] End training-7 GPU Memory Allocated: 293.92 MB, Reserved: 320.00 MB, Max Allocated: 307.15 MB, Max Reserved: 320.00 MB
[2025-07-01 16:21:37,952][main.py][line:125][INFO] x0. indices [0, 1, 2, 3, 4, 5, 6, 7, 8, 9]
[2025-07-01 16:21:38,023][main.py][line:125][INFO] x1. indices [ 0  1  2  3  4  5  6  7  8  9 10 11 12 13 14 15 16 17 18 19 20 21 22 23
 24 25 26 27 28 29 30 31 32 33 34 35 36 37 38 39]
[2025-07-01 16:21:38,023][main.py][line:125][INFO] x2. indices [ 0  1  2  3  4  5  6  7  8  9 10 11 12 13 14 15 16 17 18 19 20 21 22 23
 24 25 26 27 28 29 30 31 32 33 34 35 36 37 38 39]
[2025-07-01 16:21:38,024][main.py][line:125][INFO] x3. indices [ 0  1  2  3  4  5  6  7  8  9 10 12 13 15 16 17 18 19 20 22 23 24 26 28
 29 30 31 32 33 34 35 36 37 38 39]
[2025-07-01 16:21:38,024][main.py][line:125][INFO] x4. indices [0 1 2 3 4 5 6 7 8 9]
[2025-07-01 16:21:38,030][main.py][line:90][INFO] 
>>> Task #5 --> Model Training
[2025-07-01 16:21:53,564][main.py][line:103][INFO] Task 8. Time 15.53
[2025-07-01 16:21:59,092][method.py][line:181][INFO] 
Accuracy:100	78	91	56	61	63	41	46	43	Avg Acc: 64.81
[2025-07-01 16:22:15,440][main.py][line:103][INFO] Task 8. Time 37.41
[2025-07-01 16:22:22,247][method.py][line:181][INFO] 
Accuracy:100	76	90	56	58	46	31	41	45	Avg Acc: 60.74
[2025-07-01 16:22:38,064][main.py][line:103][INFO] Task 8. Time 60.03
[2025-07-01 16:22:44,706][method.py][line:181][INFO] 
Accuracy:100	76	88	56	56	16	26	35	56	Avg Acc: 57.04
[2025-07-01 16:23:01,257][main.py][line:103][INFO] Task 8. Time 83.23
[2025-07-01 16:23:07,613][method.py][line:181][INFO] 
Accuracy:100	76	88	56	55	11	20	23	61	Avg Acc: 54.81
[2025-07-01 16:23:23,568][main.py][line:103][INFO] Task 8. Time 105.54
[2025-07-01 16:23:29,126][method.py][line:181][INFO] 
Accuracy:100	78	88	56	46	3	11	23	63	Avg Acc: 52.41
[2025-07-01 16:23:44,537][main.py][line:103][INFO] Task 8. Time 126.51
[2025-07-01 16:23:50,722][method.py][line:181][INFO] 
Accuracy:100	80	88	56	41	3	6	23	63	Avg Acc: 51.48
[2025-07-01 16:24:07,842][main.py][line:103][INFO] Task 8. Time 149.81
[2025-07-01 16:24:13,990][method.py][line:181][INFO] 
Accuracy:100	81	86	55	41	5	1	23	68	Avg Acc: 51.48
[2025-07-01 16:24:28,857][main.py][line:103][INFO] Task 8. Time 170.83
[2025-07-01 16:24:34,921][method.py][line:181][INFO] 
Accuracy:100	83	86	53	35	5	1	23	75	Avg Acc: 51.48
[2025-07-01 16:24:50,697][main.py][line:103][INFO] Task 8. Time 192.67
[2025-07-01 16:24:57,141][method.py][line:181][INFO] 
Accuracy:100	83	86	53	35	5	0	21	71	Avg Acc: 50.74
[2025-07-01 16:25:08,278][main.py][line:103][INFO] Task 8. Time 210.25
[2025-07-01 16:25:14,934][method.py][line:181][INFO] 
Accuracy:100	83	86	53	35	5	0	21	73	Avg Acc: 50.93
[2025-07-01 16:25:30,808][main.py][line:103][INFO] Task 8. Time 232.78
[2025-07-01 16:25:37,570][method.py][line:181][INFO] 
Accuracy:100	83	86	53	35	5	0	21	78	Avg Acc: 51.48
[2025-07-01 16:25:53,738][main.py][line:103][INFO] Task 8. Time 255.71
[2025-07-01 16:25:59,976][method.py][line:181][INFO] 
Accuracy:100	83	86	53	35	5	0	21	75	Avg Acc: 51.11
[2025-07-01 16:26:16,288][main.py][line:103][INFO] Task 8. Time 278.26
[2025-07-01 16:26:22,788][method.py][line:181][INFO] 
Accuracy:100	83	86	53	35	5	0	21	76	Avg Acc: 51.30
[2025-07-01 16:26:33,641][main.py][line:103][INFO] Task 8. Time 295.61
[2025-07-01 16:26:40,004][method.py][line:181][INFO] 
Accuracy:100	83	85	53	35	5	0	21	81	Avg Acc: 51.67
[2025-07-01 16:26:55,451][main.py][line:103][INFO] Task 8. Time 317.42
[2025-07-01 16:27:01,886][method.py][line:181][INFO] 
Accuracy:100	83	85	53	38	5	0	21	78	Avg Acc: 51.67
[2025-07-01 16:27:17,916][main.py][line:103][INFO] Task 8. Time 339.89
[2025-07-01 16:27:24,202][method.py][line:181][INFO] 
Accuracy:100	83	85	53	38	5	0	21	78	Avg Acc: 51.67
[2025-07-01 16:27:37,942][main.py][line:103][INFO] Task 8. Time 359.91
[2025-07-01 16:27:44,229][method.py][line:181][INFO] 
Accuracy:100	83	83	53	35	5	0	20	78	Avg Acc: 50.93
[2025-07-01 16:27:59,290][main.py][line:103][INFO] Task 8. Time 381.26
[2025-07-01 16:28:05,754][method.py][line:181][INFO] 
Accuracy:100	83	83	53	38	5	0	21	78	Avg Acc: 51.48
[2025-07-01 16:28:19,752][main.py][line:103][INFO] Task 8. Time 401.72
[2025-07-01 16:28:26,062][method.py][line:181][INFO] 
Accuracy:100	83	83	53	38	5	0	23	80	Avg Acc: 51.85
[2025-07-01 16:28:42,853][main.py][line:103][INFO] Task 8. Time 424.82
[2025-07-01 16:28:49,473][method.py][line:181][INFO] 
Accuracy:100	83	81	53	38	5	0	23	81	Avg Acc: 51.85
[2025-07-01 16:28:49,485][utils.py][line:88][INFO] End training-8 GPU Memory Allocated: 293.99 MB, Reserved: 320.00 MB, Max Allocated: 307.15 MB, Max Reserved: 320.00 MB
[2025-07-01 16:28:50,158][main.py][line:125][INFO] x0. indices [0, 1, 2, 3, 4, 5, 6, 7, 8, 9]
[2025-07-01 16:28:50,158][main.py][line:125][INFO] x1. indices [ 0  1  2  3  4  5  6  7  8  9 10 11 12 13 14 15 16 17 18 19 20 21 22 23
 24 25 26 27 28 29 30 31 32 33 34 35 36 37 38 39]
[2025-07-01 16:28:50,159][main.py][line:125][INFO] x2. indices [ 0  1  2  3  4  5  6  7  8  9 10 11 12 13 14 15 16 17 18 19 20 21 22 23
 24 25 26 27 28 29 30 31 32 33 34 35 36 37 38 39]
[2025-07-01 16:28:50,159][main.py][line:125][INFO] x3. indices [ 0  1  2  3  4  5  6  7  8  9 10 12 13 15 16 17 18 19 20 22 23 24 25 26
 28 29 30 31 32 33 34 35 36 37 38 39]
[2025-07-01 16:28:50,159][main.py][line:125][INFO] x4. indices [0 1 2 3 4 5 6 7 8 9]
[2025-07-01 16:28:50,165][main.py][line:140][INFO] 
Final Results
[2025-07-01 16:28:50,165][main.py][line:141][INFO] Acc:[np.float64(95.0), np.float64(83.0), np.float64(80.56), np.float64(74.29), np.float64(68.96), np.float64(64.81)]- Avg Acc:77.77
