[2025-06-23 12:16:49,238][utils.py][line:63][INFO] Hyperparameters:
[2025-06-23 12:16:49,238][utils.py][line:65][INFO] batch_size: 16
[2025-06-23 12:16:49,238][utils.py][line:65][INFO] data_root: /data1/smy1/lr/work2_compress/data
[2025-06-23 12:16:49,238][utils.py][line:65][INFO] dataset: mmfi
[2025-06-23 12:16:49,238][utils.py][line:65][INFO] num_workers: 8
[2025-06-23 12:16:49,238][utils.py][line:65][INFO] cuda_id: 0
[2025-06-23 12:16:49,238][utils.py][line:65][INFO] seed: 10
[2025-06-23 12:16:49,239][utils.py][line:65][INFO] half_iid: 1
[2025-06-23 12:16:49,239][utils.py][line:65][INFO] n_epochs: 20
[2025-06-23 12:16:49,239][utils.py][line:65][INFO] n_warmup_epochs: 20
[2025-06-23 12:16:49,239][utils.py][line:65][INFO] n_tasks: 9
[2025-06-23 12:16:49,239][utils.py][line:65][INFO] log_path: /data1/smy1/lr/work2_compress/fixhead/mmfi_short/log/
[2025-06-23 12:16:49,239][utils.py][line:65][INFO] lr: 0.0001
[2025-06-23 12:16:50,823][utils.py][line:72][INFO] Model's state_dict:
[2025-06-23 12:16:50,823][utils.py][line:74][INFO] Layer: encoder_0.weight | Size: torch.Size([128, 342, 10]) | Total Parameters: 437760
[2025-06-23 12:16:50,823][utils.py][line:74][INFO] Layer: encoder_1.weight | Size: torch.Size([128, 342, 10]) | Total Parameters: 437760
[2025-06-23 12:16:50,823][utils.py][line:74][INFO] Layer: transformer.model.layers.self_attn.qkv.weight | Size: torch.Size([1026, 342]) | Total Parameters: 350892
[2025-06-23 12:16:50,823][utils.py][line:74][INFO] Layer: transformer.model.layers.self_attn.conPerfix.up.weight | Size: torch.Size([684, 256]) | Total Parameters: 175104
[2025-06-23 12:16:50,823][utils.py][line:74][INFO] Layer: transformer.model.layers.self_attn.prev_conPerfix.up.weight | Size: torch.Size([684, 256]) | Total Parameters: 175104
[2025-06-23 12:16:50,823][utils.py][line:74][INFO] Layer: transformer.model.layers.self_attn.proj.weight | Size: torch.Size([342, 342]) | Total Parameters: 116964
[2025-06-23 12:16:50,823][utils.py][line:74][INFO] Layer: transformer.model.layers.self_attn.conPerfix.down.weight | Size: torch.Size([256, 342]) | Total Parameters: 87552
[2025-06-23 12:16:50,824][utils.py][line:74][INFO] Layer: transformer.model.layers.self_attn.prev_conPerfix.down.weight | Size: torch.Size([256, 342]) | Total Parameters: 87552
[2025-06-23 12:16:50,824][utils.py][line:74][INFO] Layer: feats.0.weight | Size: torch.Size([27, 342]) | Total Parameters: 9234
[2025-06-23 12:16:50,824][utils.py][line:74][INFO] Layer: feats.1.weight | Size: torch.Size([27, 342]) | Total Parameters: 9234
[2025-06-23 12:16:50,824][utils.py][line:74][INFO] Layer: feats.2.weight | Size: torch.Size([27, 342]) | Total Parameters: 9234
[2025-06-23 12:16:50,824][utils.py][line:74][INFO] Layer: feats.3.weight | Size: torch.Size([27, 342]) | Total Parameters: 9234
[2025-06-23 12:16:50,824][utils.py][line:74][INFO] Layer: feats.4.weight | Size: torch.Size([27, 342]) | Total Parameters: 9234
[2025-06-23 12:16:50,824][utils.py][line:74][INFO] Layer: feats.5.weight | Size: torch.Size([27, 342]) | Total Parameters: 9234
[2025-06-23 12:16:50,824][utils.py][line:74][INFO] Layer: pos_encoding.embedding | Size: torch.Size([10, 342]) | Total Parameters: 3420
[2025-06-23 12:16:50,824][utils.py][line:74][INFO] Layer: transformer.model.layers.feed_forward.layer2.weight | Size: torch.Size([40, 40]) | Total Parameters: 1600
[2025-06-23 12:16:50,824][utils.py][line:74][INFO] Layer: transformer.model.layers.feed_forward.layer3.weight | Size: torch.Size([40, 40]) | Total Parameters: 1600
[2025-06-23 12:16:50,824][utils.py][line:74][INFO] Layer: transformer.model.layers.self_attn.conPerfix.up.bias | Size: torch.Size([684]) | Total Parameters: 684
[2025-06-23 12:16:50,824][utils.py][line:74][INFO] Layer: transformer.model.layers.self_attn.prev_conPerfix.up.bias | Size: torch.Size([684]) | Total Parameters: 684
[2025-06-23 12:16:50,825][utils.py][line:74][INFO] Layer: transformer.model.layers.feed_forward.layer1.weight | Size: torch.Size([40, 10]) | Total Parameters: 400
[2025-06-23 12:16:50,825][utils.py][line:74][INFO] Layer: transformer.model.layers.feed_forward.layer4.weight | Size: torch.Size([10, 40]) | Total Parameters: 400
[2025-06-23 12:16:50,825][utils.py][line:74][INFO] Layer: transformer.model.layers.self_attn.proj.bias | Size: torch.Size([342]) | Total Parameters: 342
[2025-06-23 12:16:50,825][utils.py][line:74][INFO] Layer: transformer.model.layers.sublayer.0.norm.a_2 | Size: torch.Size([342]) | Total Parameters: 342
[2025-06-23 12:16:50,825][utils.py][line:74][INFO] Layer: transformer.model.layers.sublayer.0.norm.b_2 | Size: torch.Size([342]) | Total Parameters: 342
[2025-06-23 12:16:50,825][utils.py][line:74][INFO] Layer: transformer.model.layers.sublayer.1.norm.a_2 | Size: torch.Size([342]) | Total Parameters: 342
[2025-06-23 12:16:50,825][utils.py][line:74][INFO] Layer: transformer.model.layers.sublayer.1.norm.b_2 | Size: torch.Size([342]) | Total Parameters: 342
[2025-06-23 12:16:50,825][utils.py][line:74][INFO] Layer: transformer.model.norm.a_2 | Size: torch.Size([342]) | Total Parameters: 342
[2025-06-23 12:16:50,825][utils.py][line:74][INFO] Layer: transformer.model.norm.b_2 | Size: torch.Size([342]) | Total Parameters: 342
[2025-06-23 12:16:50,825][utils.py][line:74][INFO] Layer: transformer.model.layers.self_attn.conPerfix.down.bias | Size: torch.Size([256]) | Total Parameters: 256
[2025-06-23 12:16:50,825][utils.py][line:74][INFO] Layer: transformer.model.layers.self_attn.prev_conPerfix.down.bias | Size: torch.Size([256]) | Total Parameters: 256
[2025-06-23 12:16:50,825][utils.py][line:74][INFO] Layer: encoder_0.bias | Size: torch.Size([128]) | Total Parameters: 128
[2025-06-23 12:16:50,826][utils.py][line:74][INFO] Layer: encoder_1.bias | Size: torch.Size([128]) | Total Parameters: 128
[2025-06-23 12:16:50,826][utils.py][line:74][INFO] Layer: transformer.model.layers.feed_forward.layer1.bias | Size: torch.Size([40]) | Total Parameters: 40
[2025-06-23 12:16:50,826][utils.py][line:74][INFO] Layer: transformer.model.layers.feed_forward.layer2.bias | Size: torch.Size([40]) | Total Parameters: 40
[2025-06-23 12:16:50,826][utils.py][line:74][INFO] Layer: transformer.model.layers.feed_forward.layer3.bias | Size: torch.Size([40]) | Total Parameters: 40
[2025-06-23 12:16:50,826][utils.py][line:74][INFO] Layer: feats.0.bias | Size: torch.Size([27]) | Total Parameters: 27
[2025-06-23 12:16:50,826][utils.py][line:74][INFO] Layer: feats.1.bias | Size: torch.Size([27]) | Total Parameters: 27
[2025-06-23 12:16:50,826][utils.py][line:74][INFO] Layer: feats.2.bias | Size: torch.Size([27]) | Total Parameters: 27
[2025-06-23 12:16:50,826][utils.py][line:74][INFO] Layer: feats.3.bias | Size: torch.Size([27]) | Total Parameters: 27
[2025-06-23 12:16:50,826][utils.py][line:74][INFO] Layer: feats.4.bias | Size: torch.Size([27]) | Total Parameters: 27
[2025-06-23 12:16:50,826][utils.py][line:74][INFO] Layer: feats.5.bias | Size: torch.Size([27]) | Total Parameters: 27
[2025-06-23 12:16:50,826][utils.py][line:74][INFO] Layer: transformer.model.layers.feed_forward.layer4.bias | Size: torch.Size([10]) | Total Parameters: 10
[2025-06-23 12:16:50,826][utils.py][line:74][INFO] Layer: pos_encoding.mu | Size: torch.Size([1, 10]) | Total Parameters: 10
[2025-06-23 12:16:50,827][utils.py][line:74][INFO] Layer: pos_encoding.sigma | Size: torch.Size([1, 10]) | Total Parameters: 10
[2025-06-23 12:16:50,827][utils.py][line:76][INFO] Total number of parameters: 1936354
[2025-06-23 12:16:50,828][utils.py][line:88][INFO] init model GPU Memory Allocated: 7.43 MB, Reserved: 24.00 MB, Max Allocated: 7.43 MB, Max Reserved: 24.00 MB
[2025-06-23 12:16:53,820][main.py][line:71][INFO] 
>>> Task #0 --> Model Training
[2025-06-23 12:16:54,813][main.py][line:84][INFO] Task 3. Time 1.00
[2025-06-23 12:16:56,181][method.py][line:155][INFO] 
Accuracy:100	76	95	58	0	0	0	0	0	Avg Acc: 82.50
[2025-06-23 12:16:57,084][main.py][line:84][INFO] Task 3. Time 3.27
[2025-06-23 12:16:58,440][method.py][line:155][INFO] 
Accuracy:100	80	96	83	0	0	0	0	0	Avg Acc: 90.00
[2025-06-23 12:16:59,211][main.py][line:84][INFO] Task 3. Time 5.39
[2025-06-23 12:17:00,553][method.py][line:155][INFO] 
Accuracy:100	83	98	76	0	0	0	0	0	Avg Acc: 89.58
[2025-06-23 12:17:01,509][main.py][line:84][INFO] Task 3. Time 7.69
[2025-06-23 12:17:02,796][method.py][line:155][INFO] 
Accuracy:100	86	98	83	0	0	0	0	0	Avg Acc: 92.08
[2025-06-23 12:17:03,600][main.py][line:84][INFO] Task 3. Time 9.78
[2025-06-23 12:17:04,906][method.py][line:155][INFO] 
Accuracy:100	88	96	83	0	0	0	0	0	Avg Acc: 92.08
[2025-06-23 12:17:05,701][main.py][line:84][INFO] Task 3. Time 11.88
[2025-06-23 12:17:07,044][method.py][line:155][INFO] 
Accuracy:100	88	98	86	0	0	0	0	0	Avg Acc: 93.33
[2025-06-23 12:17:07,911][main.py][line:84][INFO] Task 3. Time 14.10
[2025-06-23 12:17:09,183][method.py][line:155][INFO] 
Accuracy:100	88	98	85	0	0	0	0	0	Avg Acc: 92.92
[2025-06-23 12:17:10,141][main.py][line:84][INFO] Task 3. Time 16.32
[2025-06-23 12:17:11,515][method.py][line:155][INFO] 
Accuracy:100	90	98	90	0	0	0	0	0	Avg Acc: 94.58
[2025-06-23 12:17:12,340][main.py][line:84][INFO] Task 3. Time 18.52
[2025-06-23 12:17:13,741][method.py][line:155][INFO] 
Accuracy:100	86	98	88	0	0	0	0	0	Avg Acc: 93.33
[2025-06-23 12:17:14,695][main.py][line:84][INFO] Task 3. Time 20.88
[2025-06-23 12:17:15,983][method.py][line:155][INFO] 
Accuracy:100	90	98	86	0	0	0	0	0	Avg Acc: 93.75
[2025-06-23 12:17:16,868][main.py][line:84][INFO] Task 3. Time 23.05
[2025-06-23 12:17:18,120][method.py][line:155][INFO] 
Accuracy:100	86	98	90	0	0	0	0	0	Avg Acc: 93.75
[2025-06-23 12:17:18,962][main.py][line:84][INFO] Task 3. Time 25.15
[2025-06-23 12:17:20,349][method.py][line:155][INFO] 
Accuracy:100	88	98	90	0	0	0	0	0	Avg Acc: 94.17
[2025-06-23 12:17:21,270][main.py][line:84][INFO] Task 3. Time 27.45
[2025-06-23 12:17:22,614][method.py][line:155][INFO] 
Accuracy:100	88	98	90	0	0	0	0	0	Avg Acc: 94.17
[2025-06-23 12:17:23,351][main.py][line:84][INFO] Task 3. Time 29.54
[2025-06-23 12:17:24,720][method.py][line:155][INFO] 
Accuracy:100	90	98	88	0	0	0	0	0	Avg Acc: 94.17
[2025-06-23 12:17:25,609][main.py][line:84][INFO] Task 3. Time 31.79
[2025-06-23 12:17:27,091][method.py][line:155][INFO] 
Accuracy:100	86	98	88	0	0	0	0	0	Avg Acc: 93.33
[2025-06-23 12:17:27,987][main.py][line:84][INFO] Task 3. Time 34.17
[2025-06-23 12:17:29,256][method.py][line:155][INFO] 
Accuracy:100	88	98	88	0	0	0	0	0	Avg Acc: 93.75
[2025-06-23 12:17:30,112][main.py][line:84][INFO] Task 3. Time 36.30
[2025-06-23 12:17:31,420][method.py][line:155][INFO] 
Accuracy:100	88	98	88	0	0	0	0	0	Avg Acc: 93.75
[2025-06-23 12:17:32,316][main.py][line:84][INFO] Task 3. Time 38.50
[2025-06-23 12:17:33,636][method.py][line:155][INFO] 
Accuracy:100	90	98	90	0	0	0	0	0	Avg Acc: 94.58
[2025-06-23 12:17:34,516][main.py][line:84][INFO] Task 3. Time 40.70
[2025-06-23 12:17:35,868][method.py][line:155][INFO] 
Accuracy:100	88	98	90	0	0	0	0	0	Avg Acc: 94.17
[2025-06-23 12:17:36,696][main.py][line:84][INFO] Task 3. Time 42.88
[2025-06-23 12:17:37,890][method.py][line:155][INFO] 
Accuracy:100	88	98	88	0	0	0	0	0	Avg Acc: 93.75
[2025-06-23 12:17:38,724][main.py][line:84][INFO] Task 3. Time 44.91
[2025-06-23 12:17:40,066][method.py][line:155][INFO] 
Accuracy:100	90	98	88	0	0	0	0	0	Avg Acc: 94.17
[2025-06-23 12:17:40,984][main.py][line:84][INFO] Task 3. Time 47.17
[2025-06-23 12:17:42,356][method.py][line:155][INFO] 
Accuracy:100	90	98	88	0	0	0	0	0	Avg Acc: 94.17
[2025-06-23 12:17:43,292][main.py][line:84][INFO] Task 3. Time 49.48
[2025-06-23 12:17:44,605][method.py][line:155][INFO] 
Accuracy:100	90	98	90	0	0	0	0	0	Avg Acc: 94.58
[2025-06-23 12:17:45,507][main.py][line:84][INFO] Task 3. Time 51.69
[2025-06-23 12:17:46,790][method.py][line:155][INFO] 
Accuracy:100	90	98	90	0	0	0	0	0	Avg Acc: 94.58
[2025-06-23 12:17:47,739][main.py][line:84][INFO] Task 3. Time 53.92
[2025-06-23 12:17:49,115][method.py][line:155][INFO] 
Accuracy:100	88	98	90	0	0	0	0	0	Avg Acc: 94.17
[2025-06-23 12:17:49,907][main.py][line:84][INFO] Task 3. Time 56.09
[2025-06-23 12:17:51,217][method.py][line:155][INFO] 
Accuracy:100	88	98	88	0	0	0	0	0	Avg Acc: 93.75
[2025-06-23 12:17:52,089][main.py][line:84][INFO] Task 3. Time 58.27
[2025-06-23 12:17:53,390][method.py][line:155][INFO] 
Accuracy:100	90	98	88	0	0	0	0	0	Avg Acc: 94.17
[2025-06-23 12:17:54,224][main.py][line:84][INFO] Task 3. Time 60.41
[2025-06-23 12:17:55,607][method.py][line:155][INFO] 
Accuracy:100	90	98	90	0	0	0	0	0	Avg Acc: 94.58
[2025-06-23 12:17:56,425][main.py][line:84][INFO] Task 3. Time 62.61
[2025-06-23 12:17:57,839][method.py][line:155][INFO] 
Accuracy:100	90	98	88	0	0	0	0	0	Avg Acc: 94.17
[2025-06-23 12:17:58,601][main.py][line:84][INFO] Task 3. Time 64.79
[2025-06-23 12:18:00,059][method.py][line:155][INFO] 
Accuracy:100	88	98	88	0	0	0	0	0	Avg Acc: 93.75
[2025-06-23 12:18:00,898][main.py][line:84][INFO] Task 3. Time 67.08
[2025-06-23 12:18:02,228][method.py][line:155][INFO] 
Accuracy:100	90	98	90	0	0	0	0	0	Avg Acc: 94.58
[2025-06-23 12:18:03,078][main.py][line:84][INFO] Task 3. Time 69.26
[2025-06-23 12:18:04,408][method.py][line:155][INFO] 
Accuracy:100	90	98	90	0	0	0	0	0	Avg Acc: 94.58
[2025-06-23 12:18:05,306][main.py][line:84][INFO] Task 3. Time 71.49
[2025-06-23 12:18:06,554][method.py][line:155][INFO] 
Accuracy:100	88	98	90	0	0	0	0	0	Avg Acc: 94.17
[2025-06-23 12:18:07,297][main.py][line:84][INFO] Task 3. Time 73.48
[2025-06-23 12:18:08,625][method.py][line:155][INFO] 
Accuracy:100	88	98	90	0	0	0	0	0	Avg Acc: 94.17
[2025-06-23 12:18:09,480][main.py][line:84][INFO] Task 3. Time 75.66
[2025-06-23 12:18:10,908][method.py][line:155][INFO] 
Accuracy:100	88	98	91	0	0	0	0	0	Avg Acc: 94.58
[2025-06-23 12:18:11,786][main.py][line:84][INFO] Task 3. Time 77.97
[2025-06-23 12:18:13,192][method.py][line:155][INFO] 
Accuracy:100	88	98	90	0	0	0	0	0	Avg Acc: 94.17
[2025-06-23 12:18:14,030][main.py][line:84][INFO] Task 3. Time 80.21
[2025-06-23 12:18:15,318][method.py][line:155][INFO] 
Accuracy:100	88	98	90	0	0	0	0	0	Avg Acc: 94.17
[2025-06-23 12:18:16,186][main.py][line:84][INFO] Task 3. Time 82.37
[2025-06-23 12:18:17,563][method.py][line:155][INFO] 
Accuracy:100	88	98	90	0	0	0	0	0	Avg Acc: 94.17
[2025-06-23 12:18:18,481][main.py][line:84][INFO] Task 3. Time 84.67
[2025-06-23 12:18:19,997][method.py][line:155][INFO] 
Accuracy:100	88	98	91	0	0	0	0	0	Avg Acc: 94.58
[2025-06-23 12:18:20,909][main.py][line:84][INFO] Task 3. Time 87.09
[2025-06-23 12:18:22,295][method.py][line:155][INFO] 
Accuracy:100	88	98	91	0	0	0	0	0	Avg Acc: 94.58
[2025-06-23 12:18:22,382][utils.py][line:88][INFO] End training-3 GPU Memory Allocated: 37.59 MB, Reserved: 56.00 MB, Max Allocated: 43.76 MB, Max Reserved: 56.00 MB
[2025-06-23 12:18:22,900][main.py][line:105][INFO] x0. indices [0, 1, 2, 3, 4, 5, 6, 7, 8, 9]
[2025-06-23 12:18:22,900][main.py][line:105][INFO] x1. indices [36, 22, 28, 17, 14, 19, 39]
[2025-06-23 12:18:22,900][main.py][line:105][INFO] x2. indices [2, 27, 14, 37, 22, 30, 9]
[2025-06-23 12:18:22,900][main.py][line:105][INFO] x3. indices [36, 26, 12, 33, 38, 23, 35]
[2025-06-23 12:18:22,901][main.py][line:105][INFO] x4. indices [0, 4]
[2025-06-23 12:18:22,905][main.py][line:71][INFO] 
>>> Task #1 --> Model Training
[2025-06-23 12:18:24,175][main.py][line:84][INFO] Task 4. Time 1.27
[2025-06-23 12:18:30,015][method.py][line:155][INFO] 
Accuracy:100	80	91	56	65	0	0	0	0	Avg Acc: 78.67
[2025-06-23 12:18:31,187][main.py][line:84][INFO] Task 4. Time 8.28
[2025-06-23 12:18:36,406][method.py][line:155][INFO] 
Accuracy:100	76	91	55	65	0	0	0	0	Avg Acc: 77.67
[2025-06-23 12:18:37,355][main.py][line:84][INFO] Task 4. Time 14.45
[2025-06-23 12:18:43,087][method.py][line:155][INFO] 
Accuracy:100	76	91	55	65	0	0	0	0	Avg Acc: 77.67
[2025-06-23 12:18:44,282][main.py][line:84][INFO] Task 4. Time 21.38
[2025-06-23 12:18:50,150][method.py][line:155][INFO] 
Accuracy:100	78	91	55	65	0	0	0	0	Avg Acc: 78.00
[2025-06-23 12:18:51,175][main.py][line:84][INFO] Task 4. Time 28.27
[2025-06-23 12:18:56,568][method.py][line:155][INFO] 
Accuracy:100	78	91	55	65	0	0	0	0	Avg Acc: 78.00
[2025-06-23 12:18:57,769][main.py][line:84][INFO] Task 4. Time 34.86
[2025-06-23 12:19:03,290][method.py][line:155][INFO] 
Accuracy:100	78	91	55	65	0	0	0	0	Avg Acc: 78.00
[2025-06-23 12:19:04,488][main.py][line:84][INFO] Task 4. Time 41.58
[2025-06-23 12:19:10,250][method.py][line:155][INFO] 
Accuracy:100	76	91	55	65	0	0	0	0	Avg Acc: 77.67
[2025-06-23 12:19:11,394][main.py][line:84][INFO] Task 4. Time 48.49
[2025-06-23 12:19:16,949][method.py][line:155][INFO] 
Accuracy:100	76	91	56	65	0	0	0	0	Avg Acc: 78.00
[2025-06-23 12:19:18,160][main.py][line:84][INFO] Task 4. Time 55.26
[2025-06-23 12:19:23,619][method.py][line:155][INFO] 
Accuracy:100	76	91	56	65	0	0	0	0	Avg Acc: 78.00
[2025-06-23 12:19:24,640][main.py][line:84][INFO] Task 4. Time 61.74
[2025-06-23 12:19:30,416][method.py][line:155][INFO] 
Accuracy:100	76	91	56	65	0	0	0	0	Avg Acc: 78.00
[2025-06-23 12:19:31,577][main.py][line:84][INFO] Task 4. Time 68.67
[2025-06-23 12:19:36,901][method.py][line:155][INFO] 
Accuracy:100	76	91	56	65	0	0	0	0	Avg Acc: 78.00
[2025-06-23 12:19:38,003][main.py][line:84][INFO] Task 4. Time 75.10
[2025-06-23 12:19:43,260][method.py][line:155][INFO] 
Accuracy:100	76	91	56	65	0	0	0	0	Avg Acc: 78.00
[2025-06-23 12:19:44,418][main.py][line:84][INFO] Task 4. Time 81.51
[2025-06-23 12:19:50,265][method.py][line:155][INFO] 
Accuracy:100	76	91	56	65	0	0	0	0	Avg Acc: 78.00
[2025-06-23 12:19:51,447][main.py][line:84][INFO] Task 4. Time 88.54
[2025-06-23 12:19:57,311][method.py][line:155][INFO] 
Accuracy:100	76	91	56	65	0	0	0	0	Avg Acc: 78.00
[2025-06-23 12:19:58,270][main.py][line:84][INFO] Task 4. Time 95.37
[2025-06-23 12:20:04,191][method.py][line:155][INFO] 
Accuracy:100	76	91	56	65	0	0	0	0	Avg Acc: 78.00
[2025-06-23 12:20:05,419][main.py][line:84][INFO] Task 4. Time 102.51
[2025-06-23 12:20:11,393][method.py][line:155][INFO] 
Accuracy:100	76	91	56	65	0	0	0	0	Avg Acc: 78.00
[2025-06-23 12:20:12,566][main.py][line:84][INFO] Task 4. Time 109.66
[2025-06-23 12:20:18,535][method.py][line:155][INFO] 
Accuracy:100	76	91	56	65	0	0	0	0	Avg Acc: 78.00
[2025-06-23 12:20:19,654][main.py][line:84][INFO] Task 4. Time 116.75
[2025-06-23 12:20:25,538][method.py][line:155][INFO] 
Accuracy:100	76	91	56	65	0	0	0	0	Avg Acc: 78.00
[2025-06-23 12:20:26,866][main.py][line:84][INFO] Task 4. Time 123.96
[2025-06-23 12:20:32,908][method.py][line:155][INFO] 
Accuracy:100	76	91	56	65	0	0	0	0	Avg Acc: 78.00
[2025-06-23 12:20:34,241][main.py][line:84][INFO] Task 4. Time 131.34
[2025-06-23 12:20:40,257][method.py][line:155][INFO] 
Accuracy:100	76	91	56	65	0	0	0	0	Avg Acc: 78.00
[2025-06-23 12:20:40,337][utils.py][line:88][INFO] End training-4 GPU Memory Allocated: 40.35 MB, Reserved: 62.00 MB, Max Allocated: 52.08 MB, Max Reserved: 62.00 MB
[2025-06-23 12:20:41,178][main.py][line:105][INFO] x0. indices [0, 1, 2, 3, 4, 5, 6, 7, 8, 9]
[2025-06-23 12:20:41,179][main.py][line:105][INFO] x1. indices [ 0  1  2  3  4  5  6  7  8  9 10 11 12 13 14 15 16 17 19 20 22 23 24 25
 26 27 28 29 30 31 32 33 34 35 36 37 38 39]
[2025-06-23 12:20:41,179][main.py][line:105][INFO] x2. indices [ 0  2  3  4  5  6  7  8  9 10 11 12 13 14 15 16 17 18 19 20 21 22 23 24
 26 27 28 29 30 31 32 33 34 35 36 37 38 39]
[2025-06-23 12:20:41,179][main.py][line:105][INFO] x3. indices [ 1  2  3  4  5  6  7  9 12 13 14 15 16 17 18 19 20 22 23 24 26 28 29 30
 31 32 33 34 35 36 37 38 39]
[2025-06-23 12:20:41,179][main.py][line:105][INFO] x4. indices [0 1 2 3 4 5 6 7 8 9]
[2025-06-23 12:20:41,183][main.py][line:71][INFO] 
>>> Task #2 --> Model Training
[2025-06-23 12:20:55,095][main.py][line:84][INFO] Task 5. Time 13.91
[2025-06-23 12:21:02,386][method.py][line:155][INFO] 
Accuracy:100	78	91	56	65	68	0	0	0	Avg Acc: 76.67
[2025-06-23 12:21:15,827][main.py][line:84][INFO] Task 5. Time 34.64
[2025-06-23 12:21:23,052][method.py][line:155][INFO] 
Accuracy:100	80	93	56	65	68	0	0	0	Avg Acc: 77.22
[2025-06-23 12:21:37,095][main.py][line:84][INFO] Task 5. Time 55.91
[2025-06-23 12:21:44,232][method.py][line:155][INFO] 
Accuracy:100	80	93	55	65	68	0	0	0	Avg Acc: 76.94
[2025-06-23 12:21:57,700][main.py][line:84][INFO] Task 5. Time 76.52
[2025-06-23 12:22:04,500][method.py][line:155][INFO] 
Accuracy:100	80	93	55	65	68	0	0	0	Avg Acc: 76.94
[2025-06-23 12:22:17,101][main.py][line:84][INFO] Task 5. Time 95.92
[2025-06-23 12:22:24,119][method.py][line:155][INFO] 
Accuracy:100	80	93	55	63	68	0	0	0	Avg Acc: 76.67
[2025-06-23 12:22:35,975][main.py][line:84][INFO] Task 5. Time 114.79
[2025-06-23 12:22:42,921][method.py][line:155][INFO] 
Accuracy:100	80	93	55	61	68	0	0	0	Avg Acc: 76.39
[2025-06-23 12:22:51,628][main.py][line:84][INFO] Task 5. Time 130.45
[2025-06-23 12:22:58,040][method.py][line:155][INFO] 
Accuracy:100	80	95	55	61	68	0	0	0	Avg Acc: 76.67
[2025-06-23 12:23:10,813][main.py][line:84][INFO] Task 5. Time 149.63
[2025-06-23 12:23:17,907][method.py][line:155][INFO] 
Accuracy:100	80	95	55	61	68	0	0	0	Avg Acc: 76.67
[2025-06-23 12:23:29,605][main.py][line:84][INFO] Task 5. Time 168.42
[2025-06-23 12:23:36,509][method.py][line:155][INFO] 
Accuracy:100	80	95	55	61	68	0	0	0	Avg Acc: 76.67
[2025-06-23 12:23:50,309][main.py][line:84][INFO] Task 5. Time 189.13
[2025-06-23 12:23:57,491][method.py][line:155][INFO] 
Accuracy:100	80	95	55	61	68	0	0	0	Avg Acc: 76.67
[2025-06-23 12:24:11,030][main.py][line:84][INFO] Task 5. Time 209.85
[2025-06-23 12:24:18,833][method.py][line:155][INFO] 
Accuracy:100	80	95	55	61	68	0	0	0	Avg Acc: 76.67
[2025-06-23 12:24:32,319][main.py][line:84][INFO] Task 5. Time 231.14
[2025-06-23 12:24:40,380][method.py][line:155][INFO] 
Accuracy:100	80	95	55	61	68	0	0	0	Avg Acc: 76.67
[2025-06-23 12:24:53,713][main.py][line:84][INFO] Task 5. Time 252.53
[2025-06-23 12:25:01,387][method.py][line:155][INFO] 
Accuracy:100	80	95	55	61	68	0	0	0	Avg Acc: 76.67
[2025-06-23 12:25:15,004][main.py][line:84][INFO] Task 5. Time 273.82
[2025-06-23 12:25:22,747][method.py][line:155][INFO] 
Accuracy:100	80	95	55	61	68	0	0	0	Avg Acc: 76.67
[2025-06-23 12:25:34,912][main.py][line:84][INFO] Task 5. Time 293.73
[2025-06-23 12:25:42,433][method.py][line:155][INFO] 
Accuracy:100	80	95	55	61	68	0	0	0	Avg Acc: 76.67
[2025-06-23 12:25:54,725][main.py][line:84][INFO] Task 5. Time 313.54
[2025-06-23 12:26:01,159][method.py][line:155][INFO] 
Accuracy:100	80	95	55	61	68	0	0	0	Avg Acc: 76.67
[2025-06-23 12:26:13,366][main.py][line:84][INFO] Task 5. Time 332.18
[2025-06-23 12:26:20,466][method.py][line:155][INFO] 
Accuracy:100	80	95	55	61	68	0	0	0	Avg Acc: 76.67
[2025-06-23 12:26:31,444][main.py][line:84][INFO] Task 5. Time 350.26
[2025-06-23 12:26:38,597][method.py][line:155][INFO] 
Accuracy:100	80	95	55	61	68	0	0	0	Avg Acc: 76.67
[2025-06-23 12:26:49,307][main.py][line:84][INFO] Task 5. Time 368.12
[2025-06-23 12:26:56,875][method.py][line:155][INFO] 
Accuracy:100	80	93	55	61	68	0	0	0	Avg Acc: 76.39
[2025-06-23 12:27:08,487][main.py][line:84][INFO] Task 5. Time 387.30
[2025-06-23 12:27:16,280][method.py][line:155][INFO] 
Accuracy:100	80	93	55	61	68	0	0	0	Avg Acc: 76.39
[2025-06-23 12:27:16,423][utils.py][line:88][INFO] End training-5 GPU Memory Allocated: 40.75 MB, Reserved: 64.00 MB, Max Allocated: 54.96 MB, Max Reserved: 64.00 MB
[2025-06-23 12:27:17,515][main.py][line:105][INFO] x0. indices [0, 1, 2, 3, 4, 5, 6, 7, 8, 9]
[2025-06-23 12:27:17,516][main.py][line:105][INFO] x1. indices [ 0  1  2  3  4  5  6  7  8  9 10 11 12 13 14 15 16 17 18 19 20 21 22 23
 24 25 26 27 28 29 30 31 32 33 34 35 36 37 38 39]
[2025-06-23 12:27:17,516][main.py][line:105][INFO] x2. indices [ 0  2  3  4  5  6  7  8  9 10 11 12 13 14 15 16 17 18 19 20 21 22 23 24
 25 26 27 28 29 30 31 32 33 34 35 36 37 38 39]
[2025-06-23 12:27:17,516][main.py][line:105][INFO] x3. indices [ 0  1  2  3  4  5  6  7  8  9 10 12 13 14 15 16 17 18 19 20 22 23 24 26
 28 29 30 31 32 33 34 35 36 37 38 39]
[2025-06-23 12:27:17,516][main.py][line:105][INFO] x4. indices [0 1 2 3 4 5 6 7 8 9]
[2025-06-23 12:27:17,519][main.py][line:71][INFO] 
>>> Task #3 --> Model Training
[2025-06-23 12:27:32,326][main.py][line:84][INFO] Task 6. Time 14.81
[2025-06-23 12:27:41,415][method.py][line:155][INFO] 
Accuracy:100	76	93	53	65	68	35	0	0	Avg Acc: 70.24
[2025-06-23 12:27:56,414][main.py][line:84][INFO] Task 6. Time 38.89
[2025-06-23 12:28:06,046][method.py][line:155][INFO] 
Accuracy:98	76	93	53	65	68	28	0	0	Avg Acc: 69.05
[2025-06-23 12:28:20,709][main.py][line:84][INFO] Task 6. Time 63.19
[2025-06-23 12:28:30,148][method.py][line:155][INFO] 
Accuracy:98	76	93	53	65	68	30	0	0	Avg Acc: 69.29
[2025-06-23 12:28:45,101][main.py][line:84][INFO] Task 6. Time 87.58
[2025-06-23 12:28:53,285][method.py][line:155][INFO] 
Accuracy:96	75	93	53	65	68	30	0	0	Avg Acc: 68.81
[2025-06-23 12:29:06,606][main.py][line:84][INFO] Task 6. Time 109.09
[2025-06-23 12:29:14,801][method.py][line:155][INFO] 
Accuracy:96	75	93	53	65	68	28	0	0	Avg Acc: 68.57
[2025-06-23 12:29:27,884][main.py][line:84][INFO] Task 6. Time 130.37
[2025-06-23 12:29:36,293][method.py][line:155][INFO] 
Accuracy:95	75	93	53	65	68	30	0	0	Avg Acc: 68.57
[2025-06-23 12:29:48,326][main.py][line:84][INFO] Task 6. Time 150.81
[2025-06-23 12:29:56,804][method.py][line:155][INFO] 
Accuracy:95	75	93	53	65	68	30	0	0	Avg Acc: 68.57
[2025-06-23 12:30:09,012][main.py][line:84][INFO] Task 6. Time 171.49
[2025-06-23 12:30:17,803][method.py][line:155][INFO] 
Accuracy:95	75	93	53	65	68	30	0	0	Avg Acc: 68.57
[2025-06-23 12:30:30,288][main.py][line:84][INFO] Task 6. Time 192.77
[2025-06-23 12:30:38,527][method.py][line:155][INFO] 
Accuracy:95	75	93	53	65	68	30	0	0	Avg Acc: 68.57
[2025-06-23 12:30:51,725][main.py][line:84][INFO] Task 6. Time 214.21
[2025-06-23 12:31:01,136][method.py][line:155][INFO] 
Accuracy:95	75	93	53	65	68	28	0	0	Avg Acc: 68.33
[2025-06-23 12:31:15,913][main.py][line:84][INFO] Task 6. Time 238.39
[2025-06-23 12:31:25,074][method.py][line:155][INFO] 
Accuracy:95	75	93	53	65	68	30	0	0	Avg Acc: 68.57
[2025-06-23 12:31:39,689][main.py][line:84][INFO] Task 6. Time 262.17
[2025-06-23 12:31:49,065][method.py][line:155][INFO] 
Accuracy:95	75	93	53	65	68	30	0	0	Avg Acc: 68.57
[2025-06-23 12:32:03,601][main.py][line:84][INFO] Task 6. Time 286.08
[2025-06-23 12:32:12,894][method.py][line:155][INFO] 
Accuracy:95	75	93	53	65	68	30	0	0	Avg Acc: 68.57
[2025-06-23 12:32:27,804][main.py][line:84][INFO] Task 6. Time 310.28
[2025-06-23 12:32:36,319][method.py][line:155][INFO] 
Accuracy:95	75	93	53	65	68	30	0	0	Avg Acc: 68.57
[2025-06-23 12:32:47,437][main.py][line:84][INFO] Task 6. Time 329.92
[2025-06-23 12:32:56,029][method.py][line:155][INFO] 
Accuracy:95	75	93	53	65	68	30	0	0	Avg Acc: 68.57
[2025-06-23 12:33:09,318][main.py][line:84][INFO] Task 6. Time 351.80
[2025-06-23 12:33:18,382][method.py][line:155][INFO] 
Accuracy:95	75	93	53	65	68	30	0	0	Avg Acc: 68.57
[2025-06-23 12:33:30,422][main.py][line:84][INFO] Task 6. Time 372.90
[2025-06-23 12:33:38,801][method.py][line:155][INFO] 
Accuracy:95	75	93	53	65	68	28	0	0	Avg Acc: 68.33
[2025-06-23 12:33:50,309][main.py][line:84][INFO] Task 6. Time 392.79
[2025-06-23 12:33:58,842][method.py][line:155][INFO] 
Accuracy:95	75	93	53	65	68	30	0	0	Avg Acc: 68.57
[2025-06-23 12:34:10,754][main.py][line:84][INFO] Task 6. Time 413.23
[2025-06-23 12:34:18,970][method.py][line:155][INFO] 
Accuracy:95	75	93	53	65	68	30	0	0	Avg Acc: 68.57
[2025-06-23 12:34:32,117][main.py][line:84][INFO] Task 6. Time 434.60
[2025-06-23 12:34:41,214][method.py][line:155][INFO] 
Accuracy:95	75	93	53	65	68	30	0	0	Avg Acc: 68.57
[2025-06-23 12:34:41,431][utils.py][line:88][INFO] End training-6 GPU Memory Allocated: 41.50 MB, Reserved: 64.00 MB, Max Allocated: 54.96 MB, Max Reserved: 64.00 MB
[2025-06-23 12:34:42,808][main.py][line:105][INFO] x0. indices [0, 1, 2, 3, 4, 5, 6, 7, 8, 9]
[2025-06-23 12:34:42,808][main.py][line:105][INFO] x1. indices [ 0  1  2  3  4  5  6  7  8  9 10 11 12 13 14 15 16 17 18 19 20 21 22 23
 24 25 26 27 28 29 30 31 32 33 34 35 36 37 38 39]
[2025-06-23 12:34:42,809][main.py][line:105][INFO] x2. indices [ 0  2  3  4  5  6  7  8  9 10 11 12 13 14 15 16 17 18 19 20 21 22 23 24
 25 26 27 28 29 30 31 32 33 34 35 36 37 38 39]
[2025-06-23 12:34:42,809][main.py][line:105][INFO] x3. indices [ 0  1  2  3  4  5  6  7  8  9 10 12 13 14 15 16 17 18 19 20 21 22 23 24
 26 27 28 29 30 31 32 33 34 35 36 37 38 39]
[2025-06-23 12:34:42,809][main.py][line:105][INFO] x4. indices [0 1 2 3 4 5 6 7 8 9]
[2025-06-23 12:34:42,813][main.py][line:71][INFO] 
>>> Task #4 --> Model Training
[2025-06-23 12:34:57,463][main.py][line:84][INFO] Task 7. Time 14.65
[2025-06-23 12:35:07,974][method.py][line:155][INFO] 
Accuracy:98	71	93	53	61	56	28	38	0	Avg Acc: 62.71
[2025-06-23 12:35:18,723][main.py][line:84][INFO] Task 7. Time 35.91
[2025-06-23 12:35:29,001][method.py][line:155][INFO] 
Accuracy:98	71	93	51	61	45	28	38	0	Avg Acc: 61.04
[2025-06-23 12:35:44,594][main.py][line:84][INFO] Task 7. Time 61.78
[2025-06-23 12:35:54,542][method.py][line:155][INFO] 
Accuracy:98	70	93	51	61	41	28	38	0	Avg Acc: 60.42
[2025-06-23 12:36:08,907][main.py][line:84][INFO] Task 7. Time 86.09
[2025-06-23 12:36:18,825][method.py][line:155][INFO] 
Accuracy:98	70	93	51	61	46	28	36	0	Avg Acc: 60.83
[2025-06-23 12:36:31,400][main.py][line:84][INFO] Task 7. Time 108.59
[2025-06-23 12:36:41,621][method.py][line:155][INFO] 
Accuracy:98	70	93	51	61	45	28	40	0	Avg Acc: 61.04
[2025-06-23 12:36:54,338][main.py][line:84][INFO] Task 7. Time 131.53
[2025-06-23 12:37:03,997][method.py][line:155][INFO] 
Accuracy:98	70	93	51	63	53	28	40	0	Avg Acc: 62.29
[2025-06-23 12:37:16,988][main.py][line:84][INFO] Task 7. Time 154.18
[2025-06-23 12:37:26,392][method.py][line:155][INFO] 
Accuracy:98	70	93	51	63	55	28	38	0	Avg Acc: 62.29
[2025-06-23 12:37:39,069][main.py][line:84][INFO] Task 7. Time 176.26
[2025-06-23 12:37:49,149][method.py][line:155][INFO] 
Accuracy:98	70	93	51	65	55	28	41	0	Avg Acc: 62.92
[2025-06-23 12:38:03,321][main.py][line:84][INFO] Task 7. Time 200.51
[2025-06-23 12:38:13,542][method.py][line:155][INFO] 
Accuracy:98	70	93	51	65	55	30	45	0	Avg Acc: 63.54
[2025-06-23 12:38:28,604][main.py][line:84][INFO] Task 7. Time 225.79
[2025-06-23 12:38:38,857][method.py][line:155][INFO] 
Accuracy:98	70	93	51	65	56	30	48	0	Avg Acc: 64.17
[2025-06-23 12:38:53,745][main.py][line:84][INFO] Task 7. Time 250.93
[2025-06-23 12:39:03,973][method.py][line:155][INFO] 
Accuracy:98	70	93	51	65	58	30	45	0	Avg Acc: 63.96
[2025-06-23 12:39:19,141][main.py][line:84][INFO] Task 7. Time 276.33
[2025-06-23 12:39:29,939][method.py][line:155][INFO] 
Accuracy:98	70	93	51	65	56	31	46	0	Avg Acc: 64.17
[2025-06-23 12:39:43,721][main.py][line:84][INFO] Task 7. Time 300.91
[2025-06-23 12:39:53,371][method.py][line:155][INFO] 
Accuracy:98	70	93	51	65	58	31	45	0	Avg Acc: 64.17
[2025-06-23 12:40:05,463][main.py][line:84][INFO] Task 7. Time 322.65
[2025-06-23 12:40:15,181][method.py][line:155][INFO] 
Accuracy:98	70	93	51	65	58	31	46	0	Avg Acc: 64.38
[2025-06-23 12:40:25,464][main.py][line:84][INFO] Task 7. Time 342.65
[2025-06-23 12:40:34,977][method.py][line:155][INFO] 
Accuracy:98	70	93	51	65	58	31	48	0	Avg Acc: 64.58
[2025-06-23 12:40:48,465][main.py][line:84][INFO] Task 7. Time 365.65
[2025-06-23 12:40:58,195][method.py][line:155][INFO] 
Accuracy:98	70	93	51	65	58	33	48	0	Avg Acc: 64.79
[2025-06-23 12:41:10,810][main.py][line:84][INFO] Task 7. Time 388.00
[2025-06-23 12:41:20,413][method.py][line:155][INFO] 
Accuracy:98	70	93	51	65	60	33	41	0	Avg Acc: 64.17
[2025-06-23 12:41:34,403][main.py][line:84][INFO] Task 7. Time 411.59
[2025-06-23 12:41:44,845][method.py][line:155][INFO] 
Accuracy:98	70	93	51	65	60	33	46	0	Avg Acc: 64.79
[2025-06-23 12:42:00,074][main.py][line:84][INFO] Task 7. Time 437.26
[2025-06-23 12:42:10,610][method.py][line:155][INFO] 
Accuracy:98	71	93	51	65	61	33	48	0	Avg Acc: 65.42
[2025-06-23 12:42:26,303][main.py][line:84][INFO] Task 7. Time 463.49
[2025-06-23 12:42:36,441][method.py][line:155][INFO] 
Accuracy:98	71	93	51	65	61	33	48	0	Avg Acc: 65.42
[2025-06-23 12:42:36,597][utils.py][line:88][INFO] End training-7 GPU Memory Allocated: 40.90 MB, Reserved: 64.00 MB, Max Allocated: 56.11 MB, Max Reserved: 64.00 MB
[2025-06-23 12:42:37,607][main.py][line:105][INFO] x0. indices [0, 1, 2, 3, 4, 5, 6, 7, 8, 9]
[2025-06-23 12:42:37,608][main.py][line:105][INFO] x1. indices [ 0  1  2  3  4  5  6  7  8  9 10 11 12 13 14 15 16 17 18 19 20 21 22 23
 24 25 26 27 28 29 30 31 32 33 34 35 36 37 38 39]
[2025-06-23 12:42:37,608][main.py][line:105][INFO] x2. indices [ 0  1  2  3  4  5  6  7  8  9 10 11 12 13 14 15 16 17 18 19 20 21 22 23
 24 25 26 27 28 29 30 31 32 33 34 35 36 37 38 39]
[2025-06-23 12:42:37,609][main.py][line:105][INFO] x3. indices [ 0  1  2  3  4  5  6  7  8  9 10 12 13 14 15 16 17 18 19 20 21 22 23 24
 26 27 28 29 30 31 32 33 34 35 36 37 38 39]
[2025-06-23 12:42:37,609][main.py][line:105][INFO] x4. indices [0 1 2 3 4 5 6 7 8 9]
[2025-06-23 12:42:37,613][main.py][line:71][INFO] 
>>> Task #5 --> Model Training
[2025-06-23 12:42:53,593][main.py][line:84][INFO] Task 8. Time 15.98
[2025-06-23 12:43:05,002][method.py][line:155][INFO] 
Accuracy:98	70	93	53	63	55	30	41	40	Avg Acc: 60.56
[2025-06-23 12:43:18,130][main.py][line:84][INFO] Task 8. Time 40.52
[2025-06-23 12:43:28,682][method.py][line:155][INFO] 
Accuracy:96	70	93	55	61	60	21	43	48	Avg Acc: 61.11
[2025-06-23 12:43:40,098][main.py][line:84][INFO] Task 8. Time 62.49
[2025-06-23 12:43:50,984][method.py][line:155][INFO] 
Accuracy:96	70	93	55	60	61	20	36	51	Avg Acc: 60.56
[2025-06-23 12:44:04,227][main.py][line:84][INFO] Task 8. Time 86.61
[2025-06-23 12:44:15,570][method.py][line:155][INFO] 
Accuracy:96	70	93	55	60	68	23	35	55	Avg Acc: 61.85
[2025-06-23 12:44:26,926][main.py][line:84][INFO] Task 8. Time 109.31
[2025-06-23 12:44:37,968][method.py][line:155][INFO] 
Accuracy:96	71	93	55	60	70	23	35	53	Avg Acc: 62.04
[2025-06-23 12:44:50,472][main.py][line:84][INFO] Task 8. Time 132.86
[2025-06-23 12:45:02,047][method.py][line:155][INFO] 
Accuracy:96	71	93	53	61	68	23	35	58	Avg Acc: 62.41
[2025-06-23 12:45:17,721][main.py][line:84][INFO] Task 8. Time 160.11
[2025-06-23 12:45:28,645][method.py][line:155][INFO] 
Accuracy:96	71	93	53	61	61	23	35	51	Avg Acc: 60.93
[2025-06-23 12:45:44,127][main.py][line:84][INFO] Task 8. Time 186.51
[2025-06-23 12:45:55,899][method.py][line:155][INFO] 
Accuracy:96	71	93	53	61	60	23	33	56	Avg Acc: 61.11
[2025-06-23 12:46:11,140][main.py][line:84][INFO] Task 8. Time 213.53
[2025-06-23 12:46:22,736][method.py][line:155][INFO] 
Accuracy:96	71	93	53	63	53	25	33	55	Avg Acc: 60.56
[2025-06-23 12:46:37,934][main.py][line:84][INFO] Task 8. Time 240.32
[2025-06-23 12:46:49,011][method.py][line:155][INFO] 
Accuracy:96	71	93	53	65	58	21	33	55	Avg Acc: 60.93
[2025-06-23 12:47:01,648][main.py][line:84][INFO] Task 8. Time 264.04
[2025-06-23 12:47:12,979][method.py][line:155][INFO] 
Accuracy:96	71	93	53	65	55	21	33	56	Avg Acc: 60.74
[2025-06-23 12:47:23,731][main.py][line:84][INFO] Task 8. Time 286.12
[2025-06-23 12:47:34,517][method.py][line:155][INFO] 
Accuracy:96	71	93	53	65	56	21	31	58	Avg Acc: 60.93
[2025-06-23 12:47:47,921][main.py][line:84][INFO] Task 8. Time 310.31
[2025-06-23 12:47:58,358][method.py][line:155][INFO] 
Accuracy:96	71	93	53	65	55	23	31	55	Avg Acc: 60.56
[2025-06-23 12:48:11,101][main.py][line:84][INFO] Task 8. Time 333.49
[2025-06-23 12:48:22,311][method.py][line:155][INFO] 
Accuracy:96	71	93	53	65	56	21	33	58	Avg Acc: 61.11
[2025-06-23 12:48:34,476][main.py][line:84][INFO] Task 8. Time 356.86
[2025-06-23 12:48:46,405][method.py][line:155][INFO] 
Accuracy:96	71	93	53	65	58	21	33	56	Avg Acc: 61.11
[2025-06-23 12:49:01,620][main.py][line:84][INFO] Task 8. Time 384.01
[2025-06-23 12:49:13,373][method.py][line:155][INFO] 
Accuracy:96	71	93	53	65	55	20	33	56	Avg Acc: 60.56
[2025-06-23 12:49:28,954][main.py][line:84][INFO] Task 8. Time 411.34
[2025-06-23 12:49:40,359][method.py][line:155][INFO] 
Accuracy:96	71	93	53	65	60	20	36	58	Avg Acc: 61.67
[2025-06-23 12:49:55,730][main.py][line:84][INFO] Task 8. Time 438.12
[2025-06-23 12:50:07,533][method.py][line:155][INFO] 
Accuracy:96	71	93	51	65	60	20	35	56	Avg Acc: 61.11
[2025-06-23 12:50:22,485][main.py][line:84][INFO] Task 8. Time 464.87
[2025-06-23 12:50:33,543][method.py][line:155][INFO] 
Accuracy:98	71	93	51	65	60	20	35	58	Avg Acc: 61.48
[2025-06-23 12:50:44,908][main.py][line:84][INFO] Task 8. Time 487.30
[2025-06-23 12:50:55,645][method.py][line:155][INFO] 
Accuracy:98	71	93	51	65	60	20	33	58	Avg Acc: 61.30
[2025-06-23 12:50:55,949][utils.py][line:88][INFO] End training-8 GPU Memory Allocated: 41.64 MB, Reserved: 66.00 MB, Max Allocated: 56.11 MB, Max Reserved: 66.00 MB
[2025-06-23 12:50:57,050][main.py][line:105][INFO] x0. indices [0, 1, 2, 3, 4, 5, 6, 7, 8, 9]
[2025-06-23 12:50:57,050][main.py][line:105][INFO] x1. indices [ 0  1  2  3  4  5  6  7  8  9 10 11 12 13 14 15 16 17 18 19 20 21 22 23
 24 25 26 27 28 29 30 31 32 33 34 35 36 37 38 39]
[2025-06-23 12:50:57,051][main.py][line:105][INFO] x2. indices [ 0  1  2  3  4  5  6  7  8  9 10 11 12 13 14 15 16 17 18 19 20 21 22 23
 24 25 26 27 28 29 30 31 32 33 34 35 36 37 38 39]
[2025-06-23 12:50:57,051][main.py][line:105][INFO] x3. indices [ 0  1  2  3  4  5  6  7  8  9 10 12 13 14 15 16 17 18 19 20 21 22 23 24
 26 27 28 29 30 31 32 33 34 35 36 37 38 39]
[2025-06-23 12:50:57,051][main.py][line:105][INFO] x4. indices [0 1 2 3 4 5 6 7 8 9]
[2025-06-23 12:50:57,055][main.py][line:120][INFO] 
Final Results
[2025-06-23 12:50:57,055][main.py][line:121][INFO] Acc:[94.58, 78.67, 77.22, 70.24, 65.42, 62.41]- Avg Acc:74.76
