[2025-01-01 13:00:28,176][utils.py][line:63][INFO] Hyperparameters:
[2025-01-01 13:00:28,176][utils.py][line:65][INFO] batch_size: 16
[2025-01-01 13:00:28,176][utils.py][line:65][INFO] data_root: data
[2025-01-01 13:00:28,176][utils.py][line:65][INFO] dataset: mmfi27
[2025-01-01 13:00:28,176][utils.py][line:65][INFO] num_workers: 8
[2025-01-01 13:00:28,176][utils.py][line:65][INFO] cuda_id: 0
[2025-01-01 13:00:28,176][utils.py][line:65][INFO] seed: 10
[2025-01-01 13:00:28,176][utils.py][line:65][INFO] half_iid: 1
[2025-01-01 13:00:28,176][utils.py][line:65][INFO] n_epochs: 20
[2025-01-01 13:00:28,176][utils.py][line:65][INFO] n_warmup_epochs: 0
[2025-01-01 13:00:28,176][utils.py][line:65][INFO] n_tasks: 9
[2025-01-01 13:00:28,176][utils.py][line:65][INFO] log_path: /data1/smy1/lr/work2_compress/fixhead/mmfi_short/log/
[2025-01-01 13:00:28,176][utils.py][line:65][INFO] lr: 0.0001
[2025-01-01 13:00:32,514][utils.py][line:72][INFO] Model's state_dict:
[2025-01-01 13:00:32,514][utils.py][line:74][INFO] Layer: encoder_0.weight | Size: torch.Size([128, 342, 10]) | Total Parameters: 437760
[2025-01-01 13:00:32,514][utils.py][line:74][INFO] Layer: encoder_1.weight | Size: torch.Size([128, 342, 10]) | Total Parameters: 437760
[2025-01-01 13:00:32,514][utils.py][line:74][INFO] Layer: transformer.model.layers.self_attn.qkv.weight | Size: torch.Size([1026, 342]) | Total Parameters: 350892
[2025-01-01 13:00:32,514][utils.py][line:74][INFO] Layer: transformer.model.layers.self_attn.conPerfix.up.weight | Size: torch.Size([684, 256]) | Total Parameters: 175104
[2025-01-01 13:00:32,514][utils.py][line:74][INFO] Layer: transformer.model.layers.self_attn.prev_conPerfix.up.weight | Size: torch.Size([684, 256]) | Total Parameters: 175104
[2025-01-01 13:00:32,514][utils.py][line:74][INFO] Layer: transformer.model.layers.self_attn.proj.weight | Size: torch.Size([342, 342]) | Total Parameters: 116964
[2025-01-01 13:00:32,514][utils.py][line:74][INFO] Layer: transformer.model.layers.self_attn.conPerfix.down.weight | Size: torch.Size([256, 342]) | Total Parameters: 87552
[2025-01-01 13:00:32,514][utils.py][line:74][INFO] Layer: transformer.model.layers.self_attn.prev_conPerfix.down.weight | Size: torch.Size([256, 342]) | Total Parameters: 87552
[2025-01-01 13:00:32,514][utils.py][line:74][INFO] Layer: feats.0.weight | Size: torch.Size([27, 342]) | Total Parameters: 9234
[2025-01-01 13:00:32,515][utils.py][line:74][INFO] Layer: feats.1.weight | Size: torch.Size([27, 342]) | Total Parameters: 9234
[2025-01-01 13:00:32,515][utils.py][line:74][INFO] Layer: feats.2.weight | Size: torch.Size([27, 342]) | Total Parameters: 9234
[2025-01-01 13:00:32,515][utils.py][line:74][INFO] Layer: feats.3.weight | Size: torch.Size([27, 342]) | Total Parameters: 9234
[2025-01-01 13:00:32,515][utils.py][line:74][INFO] Layer: feats.4.weight | Size: torch.Size([27, 342]) | Total Parameters: 9234
[2025-01-01 13:00:32,515][utils.py][line:74][INFO] Layer: feats.5.weight | Size: torch.Size([27, 342]) | Total Parameters: 9234
[2025-01-01 13:00:32,515][utils.py][line:74][INFO] Layer: pos_encoding.embedding | Size: torch.Size([10, 342]) | Total Parameters: 3420
[2025-01-01 13:00:32,515][utils.py][line:74][INFO] Layer: transformer.model.layers.feed_forward.layer2.weight | Size: torch.Size([40, 40]) | Total Parameters: 1600
[2025-01-01 13:00:32,515][utils.py][line:74][INFO] Layer: transformer.model.layers.feed_forward.layer3.weight | Size: torch.Size([40, 40]) | Total Parameters: 1600
[2025-01-01 13:00:32,515][utils.py][line:74][INFO] Layer: transformer.model.layers.self_attn.conPerfix.up.bias | Size: torch.Size([684]) | Total Parameters: 684
[2025-01-01 13:00:32,515][utils.py][line:74][INFO] Layer: transformer.model.layers.self_attn.prev_conPerfix.up.bias | Size: torch.Size([684]) | Total Parameters: 684
[2025-01-01 13:00:32,515][utils.py][line:74][INFO] Layer: transformer.model.layers.feed_forward.layer1.weight | Size: torch.Size([40, 10]) | Total Parameters: 400
[2025-01-01 13:00:32,515][utils.py][line:74][INFO] Layer: transformer.model.layers.feed_forward.layer4.weight | Size: torch.Size([10, 40]) | Total Parameters: 400
[2025-01-01 13:00:32,515][utils.py][line:74][INFO] Layer: transformer.model.layers.self_attn.proj.bias | Size: torch.Size([342]) | Total Parameters: 342
[2025-01-01 13:00:32,515][utils.py][line:74][INFO] Layer: transformer.model.layers.sublayer.0.norm.a_2 | Size: torch.Size([342]) | Total Parameters: 342
[2025-01-01 13:00:32,515][utils.py][line:74][INFO] Layer: transformer.model.layers.sublayer.0.norm.b_2 | Size: torch.Size([342]) | Total Parameters: 342
[2025-01-01 13:00:32,515][utils.py][line:74][INFO] Layer: transformer.model.layers.sublayer.1.norm.a_2 | Size: torch.Size([342]) | Total Parameters: 342
[2025-01-01 13:00:32,515][utils.py][line:74][INFO] Layer: transformer.model.layers.sublayer.1.norm.b_2 | Size: torch.Size([342]) | Total Parameters: 342
[2025-01-01 13:00:32,515][utils.py][line:74][INFO] Layer: transformer.model.norm.a_2 | Size: torch.Size([342]) | Total Parameters: 342
[2025-01-01 13:00:32,515][utils.py][line:74][INFO] Layer: transformer.model.norm.b_2 | Size: torch.Size([342]) | Total Parameters: 342
[2025-01-01 13:00:32,515][utils.py][line:74][INFO] Layer: transformer.model.layers.self_attn.conPerfix.down.bias | Size: torch.Size([256]) | Total Parameters: 256
[2025-01-01 13:00:32,515][utils.py][line:74][INFO] Layer: transformer.model.layers.self_attn.prev_conPerfix.down.bias | Size: torch.Size([256]) | Total Parameters: 256
[2025-01-01 13:00:32,515][utils.py][line:74][INFO] Layer: encoder_0.bias | Size: torch.Size([128]) | Total Parameters: 128
[2025-01-01 13:00:32,515][utils.py][line:74][INFO] Layer: encoder_1.bias | Size: torch.Size([128]) | Total Parameters: 128
[2025-01-01 13:00:32,516][utils.py][line:74][INFO] Layer: transformer.model.layers.feed_forward.layer1.bias | Size: torch.Size([40]) | Total Parameters: 40
[2025-01-01 13:00:32,516][utils.py][line:74][INFO] Layer: transformer.model.layers.feed_forward.layer2.bias | Size: torch.Size([40]) | Total Parameters: 40
[2025-01-01 13:00:32,516][utils.py][line:74][INFO] Layer: transformer.model.layers.feed_forward.layer3.bias | Size: torch.Size([40]) | Total Parameters: 40
[2025-01-01 13:00:32,516][utils.py][line:74][INFO] Layer: feats.0.bias | Size: torch.Size([27]) | Total Parameters: 27
[2025-01-01 13:00:32,516][utils.py][line:74][INFO] Layer: feats.1.bias | Size: torch.Size([27]) | Total Parameters: 27
[2025-01-01 13:00:32,516][utils.py][line:74][INFO] Layer: feats.2.bias | Size: torch.Size([27]) | Total Parameters: 27
[2025-01-01 13:00:32,516][utils.py][line:74][INFO] Layer: feats.3.bias | Size: torch.Size([27]) | Total Parameters: 27
[2025-01-01 13:00:32,516][utils.py][line:74][INFO] Layer: feats.4.bias | Size: torch.Size([27]) | Total Parameters: 27
[2025-01-01 13:00:32,516][utils.py][line:74][INFO] Layer: feats.5.bias | Size: torch.Size([27]) | Total Parameters: 27
[2025-01-01 13:00:32,516][utils.py][line:74][INFO] Layer: transformer.model.layers.feed_forward.layer4.bias | Size: torch.Size([10]) | Total Parameters: 10
[2025-01-01 13:00:32,516][utils.py][line:74][INFO] Layer: pos_encoding.mu | Size: torch.Size([1, 10]) | Total Parameters: 10
[2025-01-01 13:00:32,516][utils.py][line:74][INFO] Layer: pos_encoding.sigma | Size: torch.Size([1, 10]) | Total Parameters: 10
[2025-01-01 13:00:32,516][utils.py][line:76][INFO] Total number of parameters: 1936354
[2025-01-01 13:00:32,517][utils.py][line:88][INFO] init model GPU Memory Allocated: 7.43 MB, Reserved: 24.00 MB, Max Allocated: 7.43 MB, Max Reserved: 24.00 MB
[2025-01-01 13:00:39,493][main.py][line:70][INFO] 
>>> Task #0 --> Model Training
[2025-01-01 13:00:40,845][main.py][line:83][INFO] Task 3. Time 1.35
[2025-01-01 13:00:43,825][method.py][line:160][INFO] 
Accuracy:100	76	95	58	0	0	0	0	0	Avg Acc: 82.50
[2025-01-01 13:00:45,185][main.py][line:83][INFO] Task 3. Time 5.69
[2025-01-01 13:00:48,207][method.py][line:160][INFO] 
Accuracy:100	80	96	85	0	0	0	0	0	Avg Acc: 90.42
[2025-01-01 13:00:49,642][main.py][line:83][INFO] Task 3. Time 10.15
[2025-01-01 13:00:52,896][method.py][line:160][INFO] 
Accuracy:100	83	98	76	0	0	0	0	0	Avg Acc: 89.58
[2025-01-01 13:00:54,176][main.py][line:83][INFO] Task 3. Time 14.68
[2025-01-01 13:00:57,093][method.py][line:160][INFO] 
Accuracy:100	86	98	83	0	0	0	0	0	Avg Acc: 92.08
[2025-01-01 13:00:58,423][main.py][line:83][INFO] Task 3. Time 18.93
[2025-01-01 13:01:01,155][method.py][line:160][INFO] 
Accuracy:100	88	96	83	0	0	0	0	0	Avg Acc: 92.08
[2025-01-01 13:01:02,541][main.py][line:83][INFO] Task 3. Time 23.05
[2025-01-01 13:01:05,383][method.py][line:160][INFO] 
Accuracy:100	88	100	86	0	0	0	0	0	Avg Acc: 93.75
[2025-01-01 13:01:06,665][main.py][line:83][INFO] Task 3. Time 27.17
[2025-01-01 13:01:09,512][method.py][line:160][INFO] 
Accuracy:100	88	98	85	0	0	0	0	0	Avg Acc: 92.92
[2025-01-01 13:01:10,858][main.py][line:83][INFO] Task 3. Time 31.37
[2025-01-01 13:01:13,948][method.py][line:160][INFO] 
Accuracy:100	90	98	90	0	0	0	0	0	Avg Acc: 94.58
[2025-01-01 13:01:15,277][main.py][line:83][INFO] Task 3. Time 35.78
[2025-01-01 13:01:18,403][method.py][line:160][INFO] 
Accuracy:100	86	98	88	0	0	0	0	0	Avg Acc: 93.33
[2025-01-01 13:01:19,769][main.py][line:83][INFO] Task 3. Time 40.28
[2025-01-01 13:01:22,822][method.py][line:160][INFO] 
Accuracy:100	90	98	86	0	0	0	0	0	Avg Acc: 93.75
[2025-01-01 13:01:24,206][main.py][line:83][INFO] Task 3. Time 44.71
[2025-01-01 13:01:26,947][method.py][line:160][INFO] 
Accuracy:100	86	98	90	0	0	0	0	0	Avg Acc: 93.75
[2025-01-01 13:01:28,255][main.py][line:83][INFO] Task 3. Time 48.76
[2025-01-01 13:01:30,939][method.py][line:160][INFO] 
Accuracy:100	88	98	90	0	0	0	0	0	Avg Acc: 94.17
[2025-01-01 13:01:32,373][main.py][line:83][INFO] Task 3. Time 52.88
[2025-01-01 13:01:35,725][method.py][line:160][INFO] 
Accuracy:100	88	98	88	0	0	0	0	0	Avg Acc: 93.75
[2025-01-01 13:01:37,353][main.py][line:83][INFO] Task 3. Time 57.86
[2025-01-01 13:01:40,894][method.py][line:160][INFO] 
Accuracy:100	90	98	88	0	0	0	0	0	Avg Acc: 94.17
[2025-01-01 13:01:42,553][main.py][line:83][INFO] Task 3. Time 63.06
[2025-01-01 13:01:46,083][method.py][line:160][INFO] 
Accuracy:100	86	98	86	0	0	0	0	0	Avg Acc: 92.92
[2025-01-01 13:01:47,567][main.py][line:83][INFO] Task 3. Time 68.07
[2025-01-01 13:01:51,086][method.py][line:160][INFO] 
Accuracy:100	88	98	90	0	0	0	0	0	Avg Acc: 94.17
[2025-01-01 13:01:52,553][main.py][line:83][INFO] Task 3. Time 73.06
[2025-01-01 13:01:56,101][method.py][line:160][INFO] 
Accuracy:100	88	98	88	0	0	0	0	0	Avg Acc: 93.75
[2025-01-01 13:01:57,615][main.py][line:83][INFO] Task 3. Time 78.12
[2025-01-01 13:02:01,096][method.py][line:160][INFO] 
Accuracy:100	90	98	90	0	0	0	0	0	Avg Acc: 94.58
[2025-01-01 13:02:02,621][main.py][line:83][INFO] Task 3. Time 83.13
[2025-01-01 13:02:06,398][method.py][line:160][INFO] 
Accuracy:100	90	98	90	0	0	0	0	0	Avg Acc: 94.58
[2025-01-01 13:02:07,843][main.py][line:83][INFO] Task 3. Time 88.35
[2025-01-01 13:02:11,216][method.py][line:160][INFO] 
Accuracy:100	88	98	88	0	0	0	0	0	Avg Acc: 93.75
[2025-01-01 13:02:11,228][utils.py][line:88][INFO] End training-3 GPU Memory Allocated: 20.67 MB, Reserved: 56.00 MB, Max Allocated: 32.18 MB, Max Reserved: 56.00 MB
[2025-01-01 13:02:12,217][main.py][line:104][INFO] x0. indices [0, 1, 2, 3, 4, 5, 6, 7, 8, 9]
[2025-01-01 13:02:12,217][main.py][line:104][INFO] x1. indices [36, 22, 28, 17, 14, 19, 39]
[2025-01-01 13:02:12,217][main.py][line:104][INFO] x2. indices [27, 2, 14, 37, 22, 13, 30]
[2025-01-01 13:02:12,217][main.py][line:104][INFO] x3. indices [36, 26, 12, 33, 38, 23, 35]
[2025-01-01 13:02:12,217][main.py][line:104][INFO] x4. indices [0, 9]
[2025-01-01 13:02:12,219][main.py][line:70][INFO] 
>>> Task #1 --> Model Training
[2025-01-01 13:02:13,274][main.py][line:83][INFO] Task 4. Time 1.05
[2025-01-01 13:02:17,521][method.py][line:160][INFO] 
Accuracy:100	83	96	68	76	0	0	0	0	Avg Acc: 85.00
[2025-01-01 13:02:18,626][main.py][line:83][INFO] Task 4. Time 6.41
[2025-01-01 13:02:23,439][method.py][line:160][INFO] 
Accuracy:100	81	96	70	76	0	0	0	0	Avg Acc: 85.00
[2025-01-01 13:02:24,636][main.py][line:83][INFO] Task 4. Time 12.42
[2025-01-01 13:02:29,279][method.py][line:160][INFO] 
Accuracy:100	83	96	70	76	0	0	0	0	Avg Acc: 85.33
[2025-01-01 13:02:30,328][main.py][line:83][INFO] Task 4. Time 18.11
[2025-01-01 13:02:34,811][method.py][line:160][INFO] 
Accuracy:100	81	96	70	76	0	0	0	0	Avg Acc: 85.00
[2025-01-01 13:02:35,850][main.py][line:83][INFO] Task 4. Time 23.63
[2025-01-01 13:02:40,230][method.py][line:160][INFO] 
Accuracy:100	81	96	71	76	0	0	0	0	Avg Acc: 85.33
[2025-01-01 13:02:41,308][main.py][line:83][INFO] Task 4. Time 29.09
[2025-01-01 13:02:45,875][method.py][line:160][INFO] 
Accuracy:100	81	96	71	76	0	0	0	0	Avg Acc: 85.33
[2025-01-01 13:02:46,999][main.py][line:83][INFO] Task 4. Time 34.78
[2025-01-01 13:02:51,738][method.py][line:160][INFO] 
Accuracy:100	81	96	71	76	0	0	0	0	Avg Acc: 85.33
[2025-01-01 13:02:52,779][main.py][line:83][INFO] Task 4. Time 40.56
[2025-01-01 13:02:56,979][method.py][line:160][INFO] 
Accuracy:100	81	96	71	76	0	0	0	0	Avg Acc: 85.33
[2025-01-01 13:02:58,102][main.py][line:83][INFO] Task 4. Time 45.88
[2025-01-01 13:03:02,570][method.py][line:160][INFO] 
Accuracy:100	81	96	71	76	0	0	0	0	Avg Acc: 85.33
[2025-01-01 13:03:03,652][main.py][line:83][INFO] Task 4. Time 51.43
[2025-01-01 13:03:08,388][method.py][line:160][INFO] 
Accuracy:100	81	96	71	76	0	0	0	0	Avg Acc: 85.33
[2025-01-01 13:03:09,438][main.py][line:83][INFO] Task 4. Time 57.22
[2025-01-01 13:03:13,893][method.py][line:160][INFO] 
Accuracy:100	80	96	71	76	0	0	0	0	Avg Acc: 85.00
[2025-01-01 13:03:14,924][main.py][line:83][INFO] Task 4. Time 62.71
[2025-01-01 13:03:19,585][method.py][line:160][INFO] 
Accuracy:100	80	96	70	76	0	0	0	0	Avg Acc: 84.67
[2025-01-01 13:03:20,787][main.py][line:83][INFO] Task 4. Time 68.57
[2025-01-01 13:03:25,377][method.py][line:160][INFO] 
Accuracy:100	80	98	70	76	0	0	0	0	Avg Acc: 85.00
[2025-01-01 13:03:26,494][main.py][line:83][INFO] Task 4. Time 74.27
[2025-01-01 13:03:31,213][method.py][line:160][INFO] 
Accuracy:100	80	98	70	76	0	0	0	0	Avg Acc: 85.00
[2025-01-01 13:03:32,235][main.py][line:83][INFO] Task 4. Time 80.02
[2025-01-01 13:03:36,650][method.py][line:160][INFO] 
Accuracy:100	80	98	70	76	0	0	0	0	Avg Acc: 85.00
[2025-01-01 13:03:37,724][main.py][line:83][INFO] Task 4. Time 85.50
[2025-01-01 13:03:41,967][method.py][line:160][INFO] 
Accuracy:100	80	98	70	76	0	0	0	0	Avg Acc: 85.00
[2025-01-01 13:03:43,042][main.py][line:83][INFO] Task 4. Time 90.82
[2025-01-01 13:03:47,734][method.py][line:160][INFO] 
Accuracy:100	80	98	70	76	0	0	0	0	Avg Acc: 85.00
[2025-01-01 13:03:48,815][main.py][line:83][INFO] Task 4. Time 96.60
[2025-01-01 13:03:53,917][method.py][line:160][INFO] 
Accuracy:100	80	98	70	76	0	0	0	0	Avg Acc: 85.00
[2025-01-01 13:03:54,953][main.py][line:83][INFO] Task 4. Time 102.73
[2025-01-01 13:03:59,272][method.py][line:160][INFO] 
Accuracy:100	80	98	70	76	0	0	0	0	Avg Acc: 85.00
[2025-01-01 13:04:00,413][main.py][line:83][INFO] Task 4. Time 108.19
[2025-01-01 13:04:04,811][method.py][line:160][INFO] 
Accuracy:100	80	98	70	76	0	0	0	0	Avg Acc: 85.00
[2025-01-01 13:04:04,819][utils.py][line:88][INFO] End training-4 GPU Memory Allocated: 25.58 MB, Reserved: 62.00 MB, Max Allocated: 43.38 MB, Max Reserved: 62.00 MB
[2025-01-01 13:04:06,328][main.py][line:104][INFO] x0. indices [0, 1, 2, 3, 4, 5, 6, 7, 8, 9]
[2025-01-01 13:04:06,329][main.py][line:104][INFO] x1. indices [ 0  1  2  3  4  5  6  7  9 10 11 12 13 14 15 16 17 18 19 20 21 22 23 24
 25 26 27 28 29 30 31 32 33 34 35 36 37 38 39]
[2025-01-01 13:04:06,329][main.py][line:104][INFO] x2. indices [ 0  1  2  4  5  6  7  8  9 10 11 12 13 14 15 16 18 19 20 22 23 24 25 26
 27 28 29 30 31 32 33 34 35 36 37 38 39]
[2025-01-01 13:04:06,329][main.py][line:104][INFO] x3. indices [ 0  1  2  3  4  5  7  8  9 10 12 13 14 15 16 17 18 19 20 22 23 24 26 28
 29 30 31 32 33 34 35 36 37 38 39]
[2025-01-01 13:04:06,330][main.py][line:104][INFO] x4. indices [0 1 2 3 4 5 6 7 8 9]
[2025-01-01 13:04:06,331][main.py][line:70][INFO] 
>>> Task #2 --> Model Training
[2025-01-01 13:04:08,525][main.py][line:83][INFO] Task 5. Time 2.19
[2025-01-01 13:04:14,627][method.py][line:160][INFO] 
Accuracy:100	83	96	65	75	75	0	0	0	Avg Acc: 82.50
[2025-01-01 13:04:16,697][main.py][line:83][INFO] Task 5. Time 10.37
[2025-01-01 13:04:22,006][method.py][line:160][INFO] 
Accuracy:100	83	96	66	71	76	0	0	0	Avg Acc: 82.50
[2025-01-01 13:04:24,195][main.py][line:83][INFO] Task 5. Time 17.86
[2025-01-01 13:04:30,230][method.py][line:160][INFO] 
Accuracy:100	83	96	66	73	76	0	0	0	Avg Acc: 82.78
[2025-01-01 13:04:32,493][main.py][line:83][INFO] Task 5. Time 26.16
[2025-01-01 13:04:38,483][method.py][line:160][INFO] 
Accuracy:100	83	96	65	73	76	0	0	0	Avg Acc: 82.50
[2025-01-01 13:04:40,554][main.py][line:83][INFO] Task 5. Time 34.22
[2025-01-01 13:04:45,870][method.py][line:160][INFO] 
Accuracy:100	83	96	65	73	76	0	0	0	Avg Acc: 82.50
[2025-01-01 13:04:47,918][main.py][line:83][INFO] Task 5. Time 41.59
[2025-01-01 13:04:53,550][method.py][line:160][INFO] 
Accuracy:100	83	96	65	73	76	0	0	0	Avg Acc: 82.50
[2025-01-01 13:04:55,769][main.py][line:83][INFO] Task 5. Time 49.44
[2025-01-01 13:05:01,276][method.py][line:160][INFO] 
Accuracy:100	83	96	65	73	76	0	0	0	Avg Acc: 82.50
[2025-01-01 13:05:03,290][main.py][line:83][INFO] Task 5. Time 56.96
[2025-01-01 13:05:08,456][method.py][line:160][INFO] 
Accuracy:100	83	96	65	73	76	0	0	0	Avg Acc: 82.50
[2025-01-01 13:05:10,496][main.py][line:83][INFO] Task 5. Time 64.16
[2025-01-01 13:05:16,396][method.py][line:160][INFO] 
Accuracy:100	83	96	65	73	76	0	0	0	Avg Acc: 82.50
[2025-01-01 13:05:18,624][main.py][line:83][INFO] Task 5. Time 72.29
[2025-01-01 13:05:23,925][method.py][line:160][INFO] 
Accuracy:100	83	96	65	73	76	0	0	0	Avg Acc: 82.50
[2025-01-01 13:05:26,081][main.py][line:83][INFO] Task 5. Time 79.75
[2025-01-01 13:05:31,372][method.py][line:160][INFO] 
Accuracy:100	83	96	65	71	76	0	0	0	Avg Acc: 82.22
[2025-01-01 13:05:33,381][main.py][line:83][INFO] Task 5. Time 87.05
[2025-01-01 13:05:39,099][method.py][line:160][INFO] 
Accuracy:100	83	96	65	68	76	0	0	0	Avg Acc: 81.67
[2025-01-01 13:05:41,311][main.py][line:83][INFO] Task 5. Time 94.98
[2025-01-01 13:05:46,801][method.py][line:160][INFO] 
Accuracy:100	83	96	65	68	76	0	0	0	Avg Acc: 81.67
[2025-01-01 13:05:48,842][main.py][line:83][INFO] Task 5. Time 102.51
[2025-01-01 13:05:54,005][method.py][line:160][INFO] 
Accuracy:100	83	96	65	68	76	0	0	0	Avg Acc: 81.67
[2025-01-01 13:05:55,970][main.py][line:83][INFO] Task 5. Time 109.64
[2025-01-01 13:06:01,251][method.py][line:160][INFO] 
Accuracy:100	83	96	65	68	76	0	0	0	Avg Acc: 81.67
[2025-01-01 13:06:03,442][main.py][line:83][INFO] Task 5. Time 117.11
[2025-01-01 13:06:09,009][method.py][line:160][INFO] 
Accuracy:100	83	96	65	68	76	0	0	0	Avg Acc: 81.67
[2025-01-01 13:06:11,018][main.py][line:83][INFO] Task 5. Time 124.69
[2025-01-01 13:06:16,088][method.py][line:160][INFO] 
Accuracy:100	85	96	65	68	76	0	0	0	Avg Acc: 81.94
[2025-01-01 13:06:18,131][main.py][line:83][INFO] Task 5. Time 131.80
[2025-01-01 13:06:23,751][method.py][line:160][INFO] 
Accuracy:100	85	96	65	68	76	0	0	0	Avg Acc: 81.94
[2025-01-01 13:06:25,917][main.py][line:83][INFO] Task 5. Time 139.59
[2025-01-01 13:06:31,269][method.py][line:160][INFO] 
Accuracy:100	85	96	65	68	76	0	0	0	Avg Acc: 81.94
[2025-01-01 13:06:33,332][main.py][line:83][INFO] Task 5. Time 147.00
[2025-01-01 13:06:38,414][method.py][line:160][INFO] 
Accuracy:100	85	96	65	68	76	0	0	0	Avg Acc: 81.94
[2025-01-01 13:06:38,421][utils.py][line:88][INFO] End training-5 GPU Memory Allocated: 25.91 MB, Reserved: 64.00 MB, Max Allocated: 45.14 MB, Max Reserved: 64.00 MB
[2025-01-01 13:06:40,082][main.py][line:104][INFO] x0. indices [0, 1, 2, 3, 4, 5, 6, 7, 8, 9]
[2025-01-01 13:06:40,082][main.py][line:104][INFO] x1. indices [ 0  1  2  3  4  5  6  7  8  9 10 11 12 13 14 15 16 17 18 19 20 21 22 23
 24 25 26 27 28 29 30 31 32 33 34 35 36 37 38 39]
[2025-01-01 13:06:40,083][main.py][line:104][INFO] x2. indices [ 0  1  2  3  4  5  6  7  8  9 10 11 12 13 14 15 16 17 18 19 20 21 22 23
 24 25 26 27 28 29 30 31 32 33 34 35 36 37 38 39]
[2025-01-01 13:06:40,083][main.py][line:104][INFO] x3. indices [ 0  1  2  3  4  5  7  8  9 10 12 13 14 15 16 17 18 19 20 22 23 24 26 28
 29 30 31 32 33 34 35 36 37 38 39]
[2025-01-01 13:06:40,083][main.py][line:104][INFO] x4. indices [0 1 2 3 4 5 6 7 8 9]
[2025-01-01 13:06:40,087][main.py][line:70][INFO] 
>>> Task #3 --> Model Training
[2025-01-01 13:06:42,177][main.py][line:83][INFO] Task 6. Time 2.09
[2025-01-01 13:06:48,736][method.py][line:160][INFO] 
Accuracy:100	81	91	58	68	73	33	0	0	Avg Acc: 72.38
[2025-01-01 13:06:51,022][main.py][line:83][INFO] Task 6. Time 10.94
[2025-01-01 13:06:57,513][method.py][line:160][INFO] 
Accuracy:100	81	91	56	60	73	33	0	0	Avg Acc: 70.95
[2025-01-01 13:06:59,686][main.py][line:83][INFO] Task 6. Time 19.60
[2025-01-01 13:07:06,158][method.py][line:160][INFO] 
Accuracy:100	80	91	56	68	73	33	0	0	Avg Acc: 71.90
[2025-01-01 13:07:08,507][main.py][line:83][INFO] Task 6. Time 28.42
[2025-01-01 13:07:14,974][method.py][line:160][INFO] 
Accuracy:100	80	91	56	68	73	35	0	0	Avg Acc: 72.14
[2025-01-01 13:07:17,168][main.py][line:83][INFO] Task 6. Time 37.08
[2025-01-01 13:07:23,429][method.py][line:160][INFO] 
Accuracy:100	80	91	56	68	73	35	0	0	Avg Acc: 72.14
[2025-01-01 13:07:25,790][main.py][line:83][INFO] Task 6. Time 45.70
[2025-01-01 13:07:32,767][method.py][line:160][INFO] 
Accuracy:100	80	91	56	68	73	33	0	0	Avg Acc: 71.90
[2025-01-01 13:07:34,940][main.py][line:83][INFO] Task 6. Time 54.85
[2025-01-01 13:07:41,356][method.py][line:160][INFO] 
Accuracy:100	80	91	56	68	73	35	0	0	Avg Acc: 72.14
[2025-01-01 13:07:43,573][main.py][line:83][INFO] Task 6. Time 63.49
[2025-01-01 13:07:50,534][method.py][line:160][INFO] 
Accuracy:100	80	91	56	68	73	35	0	0	Avg Acc: 72.14
[2025-01-01 13:07:52,686][main.py][line:83][INFO] Task 6. Time 72.60
[2025-01-01 13:07:59,161][method.py][line:160][INFO] 
Accuracy:100	80	91	56	68	73	35	0	0	Avg Acc: 72.14
[2025-01-01 13:08:01,398][main.py][line:83][INFO] Task 6. Time 81.31
[2025-01-01 13:08:08,602][method.py][line:160][INFO] 
Accuracy:100	80	91	56	68	73	35	0	0	Avg Acc: 72.14
[2025-01-01 13:08:10,948][main.py][line:83][INFO] Task 6. Time 90.86
[2025-01-01 13:08:17,618][method.py][line:160][INFO] 
Accuracy:100	80	91	56	68	73	35	0	0	Avg Acc: 72.14
[2025-01-01 13:08:19,840][main.py][line:83][INFO] Task 6. Time 99.75
[2025-01-01 13:08:25,874][method.py][line:160][INFO] 
Accuracy:100	80	91	58	68	73	35	0	0	Avg Acc: 72.38
[2025-01-01 13:08:28,125][main.py][line:83][INFO] Task 6. Time 108.04
[2025-01-01 13:08:34,737][method.py][line:160][INFO] 
Accuracy:100	80	91	58	68	73	35	0	0	Avg Acc: 72.38
[2025-01-01 13:08:37,351][main.py][line:83][INFO] Task 6. Time 117.26
[2025-01-01 13:08:43,842][method.py][line:160][INFO] 
Accuracy:100	80	91	58	68	73	35	0	0	Avg Acc: 72.38
[2025-01-01 13:08:46,054][main.py][line:83][INFO] Task 6. Time 125.97
[2025-01-01 13:08:53,047][method.py][line:160][INFO] 
Accuracy:100	80	91	58	68	73	35	0	0	Avg Acc: 72.38
[2025-01-01 13:08:55,242][main.py][line:83][INFO] Task 6. Time 135.16
[2025-01-01 13:09:02,097][method.py][line:160][INFO] 
Accuracy:100	80	91	58	68	73	35	0	0	Avg Acc: 72.38
[2025-01-01 13:09:04,308][main.py][line:83][INFO] Task 6. Time 144.22
[2025-01-01 13:09:10,960][method.py][line:160][INFO] 
Accuracy:100	80	91	58	68	73	35	0	0	Avg Acc: 72.38
[2025-01-01 13:09:13,062][main.py][line:83][INFO] Task 6. Time 152.98
[2025-01-01 13:09:20,371][method.py][line:160][INFO] 
Accuracy:100	80	91	58	68	73	35	0	0	Avg Acc: 72.38
[2025-01-01 13:09:22,711][main.py][line:83][INFO] Task 6. Time 162.62
[2025-01-01 13:09:29,408][method.py][line:160][INFO] 
Accuracy:100	80	93	58	68	73	35	0	0	Avg Acc: 72.62
[2025-01-01 13:09:31,602][main.py][line:83][INFO] Task 6. Time 171.51
[2025-01-01 13:09:38,091][method.py][line:160][INFO] 
Accuracy:100	80	93	58	68	73	35	0	0	Avg Acc: 72.62
[2025-01-01 13:09:38,099][utils.py][line:88][INFO] End training-6 GPU Memory Allocated: 26.80 MB, Reserved: 66.00 MB, Max Allocated: 45.92 MB, Max Reserved: 66.00 MB
[2025-01-01 13:09:39,757][main.py][line:104][INFO] x0. indices [0, 1, 2, 3, 4, 5, 6, 7, 8, 9]
[2025-01-01 13:09:39,758][main.py][line:104][INFO] x1. indices [ 0  1  2  3  4  5  6  7  8  9 10 11 12 13 14 15 16 17 18 19 20 21 22 23
 24 25 26 27 28 29 30 31 32 33 34 35 36 37 38 39]
[2025-01-01 13:09:39,758][main.py][line:104][INFO] x2. indices [ 0  1  2  3  4  5  6  7  8  9 10 11 12 13 14 15 16 17 18 19 20 21 22 23
 24 25 26 27 28 29 30 31 32 33 34 35 36 37 38 39]
[2025-01-01 13:09:39,759][main.py][line:104][INFO] x3. indices [ 0  1  2  3  4  5  6  7  8  9 10 12 13 14 15 16 17 18 19 20 22 23 24 25
 26 28 29 30 31 32 33 34 35 36 37 38 39]
[2025-01-01 13:09:39,759][main.py][line:104][INFO] x4. indices [0 1 2 3 4 5 6 7 8 9]
[2025-01-01 13:09:39,762][main.py][line:70][INFO] 
>>> Task #4 --> Model Training
[2025-01-01 13:09:42,174][main.py][line:83][INFO] Task 7. Time 2.41
[2025-01-01 13:09:49,774][method.py][line:160][INFO] 
Accuracy:100	76	91	55	61	71	28	35	0	Avg Acc: 65.00
[2025-01-01 13:09:52,115][main.py][line:83][INFO] Task 7. Time 12.35
[2025-01-01 13:09:59,882][method.py][line:160][INFO] 
Accuracy:100	73	91	56	63	63	28	38	0	Avg Acc: 64.38
[2025-01-01 13:10:02,167][main.py][line:83][INFO] Task 7. Time 22.40
[2025-01-01 13:10:09,809][method.py][line:160][INFO] 
Accuracy:100	73	91	56	63	65	28	38	0	Avg Acc: 64.58
[2025-01-01 13:10:11,976][main.py][line:83][INFO] Task 7. Time 32.21
[2025-01-01 13:10:19,004][method.py][line:160][INFO] 
Accuracy:100	73	91	56	65	71	28	36	0	Avg Acc: 65.42
[2025-01-01 13:10:21,247][main.py][line:83][INFO] Task 7. Time 41.48
[2025-01-01 13:10:29,304][method.py][line:160][INFO] 
Accuracy:100	73	91	56	65	71	26	36	0	Avg Acc: 65.21
[2025-01-01 13:10:31,546][main.py][line:83][INFO] Task 7. Time 51.78
[2025-01-01 13:10:38,470][method.py][line:160][INFO] 
Accuracy:100	75	91	55	65	71	26	38	0	Avg Acc: 65.42
[2025-01-01 13:10:40,589][main.py][line:83][INFO] Task 7. Time 60.83
[2025-01-01 13:10:48,651][method.py][line:160][INFO] 
Accuracy:100	75	91	55	65	71	28	41	0	Avg Acc: 66.04
[2025-01-01 13:10:51,362][main.py][line:83][INFO] Task 7. Time 71.60
[2025-01-01 13:10:58,783][method.py][line:160][INFO] 
Accuracy:100	75	91	55	65	71	31	45	0	Avg Acc: 66.88
[2025-01-01 13:11:01,037][main.py][line:83][INFO] Task 7. Time 81.27
[2025-01-01 13:11:08,890][method.py][line:160][INFO] 
Accuracy:100	75	91	55	65	71	31	41	0	Avg Acc: 66.46
[2025-01-01 13:11:11,296][main.py][line:83][INFO] Task 7. Time 91.53
[2025-01-01 13:11:18,956][method.py][line:160][INFO] 
Accuracy:100	75	91	55	65	71	31	40	0	Avg Acc: 66.25
[2025-01-01 13:11:21,188][main.py][line:83][INFO] Task 7. Time 101.43
[2025-01-01 13:11:28,811][method.py][line:160][INFO] 
Accuracy:100	75	91	55	65	71	31	46	0	Avg Acc: 67.08
[2025-01-01 13:11:31,268][main.py][line:83][INFO] Task 7. Time 111.51
[2025-01-01 13:11:38,831][method.py][line:160][INFO] 
Accuracy:100	76	91	55	65	71	31	46	0	Avg Acc: 67.29
[2025-01-01 13:11:41,080][main.py][line:83][INFO] Task 7. Time 121.32
[2025-01-01 13:11:48,812][method.py][line:160][INFO] 
Accuracy:100	76	91	55	65	71	31	46	0	Avg Acc: 67.29
[2025-01-01 13:11:51,243][main.py][line:83][INFO] Task 7. Time 131.48
[2025-01-01 13:11:59,430][method.py][line:160][INFO] 
Accuracy:100	76	91	55	65	71	31	46	0	Avg Acc: 67.29
[2025-01-01 13:12:01,868][main.py][line:83][INFO] Task 7. Time 142.11
[2025-01-01 13:12:09,379][method.py][line:160][INFO] 
Accuracy:100	76	91	55	65	71	31	46	0	Avg Acc: 67.29
[2025-01-01 13:12:11,709][main.py][line:83][INFO] Task 7. Time 151.95
[2025-01-01 13:12:19,205][method.py][line:160][INFO] 
Accuracy:100	76	91	55	65	71	30	40	0	Avg Acc: 66.25
[2025-01-01 13:12:21,525][main.py][line:83][INFO] Task 7. Time 161.76
[2025-01-01 13:12:28,895][method.py][line:160][INFO] 
Accuracy:100	76	91	55	65	73	30	46	0	Avg Acc: 67.29
[2025-01-01 13:12:31,150][main.py][line:83][INFO] Task 7. Time 171.39
[2025-01-01 13:12:38,724][method.py][line:160][INFO] 
Accuracy:100	76	91	56	65	71	31	48	0	Avg Acc: 67.71
[2025-01-01 13:12:41,016][main.py][line:83][INFO] Task 7. Time 181.25
[2025-01-01 13:12:48,563][method.py][line:160][INFO] 
Accuracy:100	76	91	55	65	73	30	40	0	Avg Acc: 66.46
[2025-01-01 13:12:50,785][main.py][line:83][INFO] Task 7. Time 191.02
[2025-01-01 13:12:57,609][method.py][line:160][INFO] 
Accuracy:100	76	91	55	65	73	28	46	0	Avg Acc: 67.08
[2025-01-01 13:12:57,618][utils.py][line:88][INFO] End training-7 GPU Memory Allocated: 26.13 MB, Reserved: 66.00 MB, Max Allocated: 46.36 MB, Max Reserved: 66.00 MB
[2025-01-01 13:12:59,291][main.py][line:104][INFO] x0. indices [0, 1, 2, 3, 4, 5, 6, 7, 8, 9]
[2025-01-01 13:12:59,291][main.py][line:104][INFO] x1. indices [ 0  1  2  3  4  5  6  7  8  9 10 11 12 13 14 15 16 17 18 19 20 21 22 23
 24 25 26 27 28 29 30 31 32 33 34 35 36 37 38 39]
[2025-01-01 13:12:59,293][main.py][line:104][INFO] x2. indices [ 0  1  2  3  4  5  6  7  8  9 10 11 12 13 14 15 16 17 18 19 20 21 22 23
 24 25 26 27 28 29 30 31 32 33 34 35 36 37 38 39]
[2025-01-01 13:12:59,293][main.py][line:104][INFO] x3. indices [ 0  1  2  3  4  5  6  7  8  9 10 12 13 14 15 16 17 18 19 20 22 23 24 25
 26 28 29 30 31 32 33 34 35 36 37 38 39]
[2025-01-01 13:12:59,293][main.py][line:104][INFO] x4. indices [0 1 2 3 4 5 6 7 8 9]
[2025-01-01 13:12:59,296][main.py][line:70][INFO] 
>>> Task #5 --> Model Training
[2025-01-01 13:13:01,594][main.py][line:83][INFO] Task 8. Time 2.30
[2025-01-01 13:13:10,738][method.py][line:160][INFO] 
Accuracy:100	71	91	51	58	63	28	45	43	Avg Acc: 61.48
[2025-01-01 13:13:12,969][main.py][line:83][INFO] Task 8. Time 13.67
[2025-01-01 13:13:22,032][method.py][line:160][INFO] 
Accuracy:98	71	91	51	41	43	21	46	46	Avg Acc: 57.04
[2025-01-01 13:13:24,686][main.py][line:83][INFO] Task 8. Time 25.39
[2025-01-01 13:13:34,312][method.py][line:160][INFO] 
Accuracy:98	70	91	51	48	36	16	46	48	Avg Acc: 56.48
[2025-01-01 13:13:36,491][main.py][line:83][INFO] Task 8. Time 37.20
[2025-01-01 13:13:44,463][method.py][line:160][INFO] 
Accuracy:98	71	91	51	53	36	15	38	53	Avg Acc: 56.67
[2025-01-01 13:13:46,725][main.py][line:83][INFO] Task 8. Time 47.43
[2025-01-01 13:13:55,276][method.py][line:160][INFO] 
Accuracy:98	71	91	51	58	36	15	38	58	Avg Acc: 57.78
[2025-01-01 13:13:57,527][main.py][line:83][INFO] Task 8. Time 58.23
[2025-01-01 13:14:05,948][method.py][line:160][INFO] 
Accuracy:98	71	91	51	61	36	15	40	53	Avg Acc: 57.78
[2025-01-01 13:14:08,200][main.py][line:83][INFO] Task 8. Time 68.91
[2025-01-01 13:14:16,853][method.py][line:160][INFO] 
Accuracy:98	71	91	51	61	36	15	40	56	Avg Acc: 58.15
[2025-01-01 13:14:19,086][main.py][line:83][INFO] Task 8. Time 79.79
[2025-01-01 13:14:27,434][method.py][line:160][INFO] 
Accuracy:98	71	91	51	61	36	15	40	53	Avg Acc: 57.78
[2025-01-01 13:14:29,690][main.py][line:83][INFO] Task 8. Time 90.39
[2025-01-01 13:14:38,502][method.py][line:160][INFO] 
Accuracy:98	71	91	51	63	36	15	40	58	Avg Acc: 58.52
[2025-01-01 13:14:40,638][main.py][line:83][INFO] Task 8. Time 101.34
[2025-01-01 13:14:49,310][method.py][line:160][INFO] 
Accuracy:98	71	91	51	63	36	13	40	58	Avg Acc: 58.33
[2025-01-01 13:14:51,529][main.py][line:83][INFO] Task 8. Time 112.23
[2025-01-01 13:15:00,557][method.py][line:160][INFO] 
Accuracy:98	71	91	53	63	36	13	38	58	Avg Acc: 58.33
[2025-01-01 13:15:03,083][main.py][line:83][INFO] Task 8. Time 123.79
[2025-01-01 13:15:11,296][method.py][line:160][INFO] 
Accuracy:98	71	91	53	63	36	15	38	58	Avg Acc: 58.52
[2025-01-01 13:15:13,561][main.py][line:83][INFO] Task 8. Time 134.27
[2025-01-01 13:15:23,342][method.py][line:160][INFO] 
Accuracy:98	73	91	53	65	36	15	38	60	Avg Acc: 59.07
[2025-01-01 13:15:25,676][main.py][line:83][INFO] Task 8. Time 146.38
[2025-01-01 13:15:34,666][method.py][line:160][INFO] 
Accuracy:98	73	91	53	65	36	15	38	56	Avg Acc: 58.70
[2025-01-01 13:15:36,830][main.py][line:83][INFO] Task 8. Time 157.53
[2025-01-01 13:15:45,768][method.py][line:160][INFO] 
Accuracy:98	73	91	53	65	36	16	38	53	Avg Acc: 58.52
[2025-01-01 13:15:48,090][main.py][line:83][INFO] Task 8. Time 168.80
[2025-01-01 13:15:56,565][method.py][line:160][INFO] 
Accuracy:98	73	91	53	65	36	15	38	60	Avg Acc: 59.07
[2025-01-01 13:15:58,799][main.py][line:83][INFO] Task 8. Time 179.50
[2025-01-01 13:16:07,629][method.py][line:160][INFO] 
Accuracy:100	73	91	53	65	36	15	38	58	Avg Acc: 59.07
[2025-01-01 13:16:10,177][main.py][line:83][INFO] Task 8. Time 190.88
[2025-01-01 13:16:19,086][method.py][line:160][INFO] 
Accuracy:100	73	91	53	65	36	18	38	58	Avg Acc: 59.44
[2025-01-01 13:16:21,258][main.py][line:83][INFO] Task 8. Time 201.96
[2025-01-01 13:16:30,546][method.py][line:160][INFO] 
Accuracy:100	73	91	53	63	36	18	38	60	Avg Acc: 59.44
[2025-01-01 13:16:32,913][main.py][line:83][INFO] Task 8. Time 213.62
[2025-01-01 13:16:40,876][method.py][line:160][INFO] 
Accuracy:100	73	91	53	63	38	16	36	58	Avg Acc: 59.07
[2025-01-01 13:16:40,884][utils.py][line:88][INFO] End training-8 GPU Memory Allocated: 27.02 MB, Reserved: 66.00 MB, Max Allocated: 46.36 MB, Max Reserved: 66.00 MB
[2025-01-01 13:16:42,538][main.py][line:104][INFO] x0. indices [0, 1, 2, 3, 4, 5, 6, 7, 8, 9]
[2025-01-01 13:16:42,539][main.py][line:104][INFO] x1. indices [ 0  1  2  3  4  5  6  7  8  9 10 11 12 13 14 15 16 17 18 19 20 21 22 23
 24 25 26 27 28 29 30 31 32 33 34 35 36 37 38 39]
[2025-01-01 13:16:42,539][main.py][line:104][INFO] x2. indices [ 0  1  2  3  4  5  6  7  8  9 10 11 12 13 14 15 16 17 18 19 20 21 22 23
 24 25 26 27 28 29 30 31 32 33 34 35 36 37 38 39]
[2025-01-01 13:16:42,540][main.py][line:104][INFO] x3. indices [ 0  1  2  3  4  5  6  7  8  9 10 12 13 14 15 16 17 18 19 20 22 23 24 25
 26 28 29 30 31 32 33 34 35 36 37 38 39]
[2025-01-01 13:16:42,540][main.py][line:104][INFO] x4. indices [0 1 2 3 4 5 6 7 8 9]
[2025-01-01 13:16:42,544][main.py][line:119][INFO] 
Final Results
[2025-01-01 13:16:42,544][main.py][line:120][INFO] Acc:[94.58, 85.33, 82.78, 72.62, 67.71, 61.48]- Avg Acc:77.42
