[2025-01-12 16:59:18,612][utils.py][line:63][INFO] Hyperparameters:
[2025-01-12 16:59:18,613][utils.py][line:65][INFO] batch_size: 16
[2025-01-12 16:59:18,613][utils.py][line:65][INFO] data_root: data
[2025-01-12 16:59:18,613][utils.py][line:65][INFO] dataset: mmfi27
[2025-01-12 16:59:18,613][utils.py][line:65][INFO] num_workers: 8
[2025-01-12 16:59:18,613][utils.py][line:65][INFO] cuda_id: 0
[2025-01-12 16:59:18,613][utils.py][line:65][INFO] seed: 10
[2025-01-12 16:59:18,613][utils.py][line:65][INFO] half_iid: 0
[2025-01-12 16:59:18,613][utils.py][line:65][INFO] n_epochs: 20
[2025-01-12 16:59:18,613][utils.py][line:65][INFO] n_warmup_epochs: 0
[2025-01-12 16:59:18,613][utils.py][line:65][INFO] n_tasks: 9
[2025-01-12 16:59:18,613][utils.py][line:65][INFO] log_path: /data1/smy1/lr/work2_compress/fixhead/mmfi_long/log/
[2025-01-12 16:59:18,613][utils.py][line:65][INFO] lr: 0.0001
[2025-01-12 16:59:23,477][utils.py][line:72][INFO] Model's state_dict:
[2025-01-12 16:59:23,478][utils.py][line:74][INFO] Layer: encoder_0.weight | Size: torch.Size([128, 342, 10]) | Total Parameters: 437760
[2025-01-12 16:59:23,478][utils.py][line:74][INFO] Layer: encoder_1.weight | Size: torch.Size([128, 342, 10]) | Total Parameters: 437760
[2025-01-12 16:59:23,478][utils.py][line:74][INFO] Layer: transformer.model.layers.self_attn.qkv.weight | Size: torch.Size([1026, 342]) | Total Parameters: 350892
[2025-01-12 16:59:23,478][utils.py][line:74][INFO] Layer: transformer.model.layers.self_attn.conPerfix.up.weight | Size: torch.Size([684, 256]) | Total Parameters: 175104
[2025-01-12 16:59:23,478][utils.py][line:74][INFO] Layer: transformer.model.layers.self_attn.prev_conPerfix.up.weight | Size: torch.Size([684, 256]) | Total Parameters: 175104
[2025-01-12 16:59:23,478][utils.py][line:74][INFO] Layer: transformer.model.layers.self_attn.proj.weight | Size: torch.Size([342, 342]) | Total Parameters: 116964
[2025-01-12 16:59:23,478][utils.py][line:74][INFO] Layer: transformer.model.layers.self_attn.conPerfix.down.weight | Size: torch.Size([256, 342]) | Total Parameters: 87552
[2025-01-12 16:59:23,478][utils.py][line:74][INFO] Layer: transformer.model.layers.self_attn.prev_conPerfix.down.weight | Size: torch.Size([256, 342]) | Total Parameters: 87552
[2025-01-12 16:59:23,478][utils.py][line:74][INFO] Layer: feats.0.weight | Size: torch.Size([27, 342]) | Total Parameters: 9234
[2025-01-12 16:59:23,478][utils.py][line:74][INFO] Layer: feats.1.weight | Size: torch.Size([27, 342]) | Total Parameters: 9234
[2025-01-12 16:59:23,478][utils.py][line:74][INFO] Layer: feats.2.weight | Size: torch.Size([27, 342]) | Total Parameters: 9234
[2025-01-12 16:59:23,478][utils.py][line:74][INFO] Layer: feats.3.weight | Size: torch.Size([27, 342]) | Total Parameters: 9234
[2025-01-12 16:59:23,478][utils.py][line:74][INFO] Layer: feats.4.weight | Size: torch.Size([27, 342]) | Total Parameters: 9234
[2025-01-12 16:59:23,478][utils.py][line:74][INFO] Layer: feats.5.weight | Size: torch.Size([27, 342]) | Total Parameters: 9234
[2025-01-12 16:59:23,478][utils.py][line:74][INFO] Layer: feats.6.weight | Size: torch.Size([27, 342]) | Total Parameters: 9234
[2025-01-12 16:59:23,478][utils.py][line:74][INFO] Layer: feats.7.weight | Size: torch.Size([27, 342]) | Total Parameters: 9234
[2025-01-12 16:59:23,478][utils.py][line:74][INFO] Layer: feats.8.weight | Size: torch.Size([27, 342]) | Total Parameters: 9234
[2025-01-12 16:59:23,478][utils.py][line:74][INFO] Layer: pos_encoding.embedding | Size: torch.Size([10, 342]) | Total Parameters: 3420
[2025-01-12 16:59:23,478][utils.py][line:74][INFO] Layer: transformer.model.layers.feed_forward.layer2.weight | Size: torch.Size([40, 40]) | Total Parameters: 1600
[2025-01-12 16:59:23,478][utils.py][line:74][INFO] Layer: transformer.model.layers.feed_forward.layer3.weight | Size: torch.Size([40, 40]) | Total Parameters: 1600
[2025-01-12 16:59:23,478][utils.py][line:74][INFO] Layer: transformer.model.layers.self_attn.conPerfix.up.bias | Size: torch.Size([684]) | Total Parameters: 684
[2025-01-12 16:59:23,478][utils.py][line:74][INFO] Layer: transformer.model.layers.self_attn.prev_conPerfix.up.bias | Size: torch.Size([684]) | Total Parameters: 684
[2025-01-12 16:59:23,478][utils.py][line:74][INFO] Layer: transformer.model.layers.feed_forward.layer1.weight | Size: torch.Size([40, 10]) | Total Parameters: 400
[2025-01-12 16:59:23,478][utils.py][line:74][INFO] Layer: transformer.model.layers.feed_forward.layer4.weight | Size: torch.Size([10, 40]) | Total Parameters: 400
[2025-01-12 16:59:23,479][utils.py][line:74][INFO] Layer: transformer.model.layers.self_attn.proj.bias | Size: torch.Size([342]) | Total Parameters: 342
[2025-01-12 16:59:23,479][utils.py][line:74][INFO] Layer: transformer.model.layers.sublayer.0.norm.a_2 | Size: torch.Size([342]) | Total Parameters: 342
[2025-01-12 16:59:23,479][utils.py][line:74][INFO] Layer: transformer.model.layers.sublayer.0.norm.b_2 | Size: torch.Size([342]) | Total Parameters: 342
[2025-01-12 16:59:23,479][utils.py][line:74][INFO] Layer: transformer.model.layers.sublayer.1.norm.a_2 | Size: torch.Size([342]) | Total Parameters: 342
[2025-01-12 16:59:23,479][utils.py][line:74][INFO] Layer: transformer.model.layers.sublayer.1.norm.b_2 | Size: torch.Size([342]) | Total Parameters: 342
[2025-01-12 16:59:23,479][utils.py][line:74][INFO] Layer: transformer.model.norm.a_2 | Size: torch.Size([342]) | Total Parameters: 342
[2025-01-12 16:59:23,479][utils.py][line:74][INFO] Layer: transformer.model.norm.b_2 | Size: torch.Size([342]) | Total Parameters: 342
[2025-01-12 16:59:23,479][utils.py][line:74][INFO] Layer: transformer.model.layers.self_attn.conPerfix.down.bias | Size: torch.Size([256]) | Total Parameters: 256
[2025-01-12 16:59:23,479][utils.py][line:74][INFO] Layer: transformer.model.layers.self_attn.prev_conPerfix.down.bias | Size: torch.Size([256]) | Total Parameters: 256
[2025-01-12 16:59:23,479][utils.py][line:74][INFO] Layer: encoder_0.bias | Size: torch.Size([128]) | Total Parameters: 128
[2025-01-12 16:59:23,479][utils.py][line:74][INFO] Layer: encoder_1.bias | Size: torch.Size([128]) | Total Parameters: 128
[2025-01-12 16:59:23,479][utils.py][line:74][INFO] Layer: transformer.model.layers.feed_forward.layer1.bias | Size: torch.Size([40]) | Total Parameters: 40
[2025-01-12 16:59:23,479][utils.py][line:74][INFO] Layer: transformer.model.layers.feed_forward.layer2.bias | Size: torch.Size([40]) | Total Parameters: 40
[2025-01-12 16:59:23,479][utils.py][line:74][INFO] Layer: transformer.model.layers.feed_forward.layer3.bias | Size: torch.Size([40]) | Total Parameters: 40
[2025-01-12 16:59:23,479][utils.py][line:74][INFO] Layer: feats.0.bias | Size: torch.Size([27]) | Total Parameters: 27
[2025-01-12 16:59:23,479][utils.py][line:74][INFO] Layer: feats.1.bias | Size: torch.Size([27]) | Total Parameters: 27
[2025-01-12 16:59:23,479][utils.py][line:74][INFO] Layer: feats.2.bias | Size: torch.Size([27]) | Total Parameters: 27
[2025-01-12 16:59:23,479][utils.py][line:74][INFO] Layer: feats.3.bias | Size: torch.Size([27]) | Total Parameters: 27
[2025-01-12 16:59:23,479][utils.py][line:74][INFO] Layer: feats.4.bias | Size: torch.Size([27]) | Total Parameters: 27
[2025-01-12 16:59:23,479][utils.py][line:74][INFO] Layer: feats.5.bias | Size: torch.Size([27]) | Total Parameters: 27
[2025-01-12 16:59:23,479][utils.py][line:74][INFO] Layer: feats.6.bias | Size: torch.Size([27]) | Total Parameters: 27
[2025-01-12 16:59:23,479][utils.py][line:74][INFO] Layer: feats.7.bias | Size: torch.Size([27]) | Total Parameters: 27
[2025-01-12 16:59:23,479][utils.py][line:74][INFO] Layer: feats.8.bias | Size: torch.Size([27]) | Total Parameters: 27
[2025-01-12 16:59:23,479][utils.py][line:74][INFO] Layer: transformer.model.layers.feed_forward.layer4.bias | Size: torch.Size([10]) | Total Parameters: 10
[2025-01-12 16:59:23,479][utils.py][line:74][INFO] Layer: pos_encoding.mu | Size: torch.Size([1, 10]) | Total Parameters: 10
[2025-01-12 16:59:23,479][utils.py][line:74][INFO] Layer: pos_encoding.sigma | Size: torch.Size([1, 10]) | Total Parameters: 10
[2025-01-12 16:59:23,480][utils.py][line:76][INFO] Total number of parameters: 1964137
[2025-01-12 16:59:23,480][utils.py][line:88][INFO] init model GPU Memory Allocated: 7.54 MB, Reserved: 24.00 MB, Max Allocated: 7.54 MB, Max Reserved: 24.00 MB
[2025-01-12 16:59:32,007][main.py][line:71][INFO] 
>>> Task #-3 --> Model Training
[2025-01-12 16:59:33,177][main.py][line:84][INFO] Task 0. Time 1.17
[2025-01-12 16:59:34,134][method.py][line:154][INFO] 
Accuracy:100	0	0	0	0	0	0	0	0	Avg Acc: 100.00
[2025-01-12 16:59:35,136][main.py][line:84][INFO] Task 0. Time 3.13
[2025-01-12 16:59:35,958][method.py][line:154][INFO] 
Accuracy:100	0	0	0	0	0	0	0	0	Avg Acc: 100.00
[2025-01-12 16:59:36,884][main.py][line:84][INFO] Task 0. Time 4.88
[2025-01-12 16:59:37,749][method.py][line:154][INFO] 
Accuracy:100	0	0	0	0	0	0	0	0	Avg Acc: 100.00
[2025-01-12 16:59:38,693][main.py][line:84][INFO] Task 0. Time 6.69
[2025-01-12 16:59:39,502][method.py][line:154][INFO] 
Accuracy:100	0	0	0	0	0	0	0	0	Avg Acc: 100.00
[2025-01-12 16:59:40,452][main.py][line:84][INFO] Task 0. Time 8.45
[2025-01-12 16:59:41,345][method.py][line:154][INFO] 
Accuracy:100	0	0	0	0	0	0	0	0	Avg Acc: 100.00
[2025-01-12 16:59:42,549][main.py][line:84][INFO] Task 0. Time 10.54
[2025-01-12 16:59:43,501][method.py][line:154][INFO] 
Accuracy:100	0	0	0	0	0	0	0	0	Avg Acc: 100.00
[2025-01-12 16:59:44,607][main.py][line:84][INFO] Task 0. Time 12.60
[2025-01-12 16:59:45,499][method.py][line:154][INFO] 
Accuracy:100	0	0	0	0	0	0	0	0	Avg Acc: 100.00
[2025-01-12 16:59:46,572][main.py][line:84][INFO] Task 0. Time 14.56
[2025-01-12 16:59:47,459][method.py][line:154][INFO] 
Accuracy:100	0	0	0	0	0	0	0	0	Avg Acc: 100.00
[2025-01-12 16:59:48,428][main.py][line:84][INFO] Task 0. Time 16.42
[2025-01-12 16:59:49,347][method.py][line:154][INFO] 
Accuracy:100	0	0	0	0	0	0	0	0	Avg Acc: 100.00
[2025-01-12 16:59:50,552][main.py][line:84][INFO] Task 0. Time 18.55
[2025-01-12 16:59:51,602][method.py][line:154][INFO] 
Accuracy:100	0	0	0	0	0	0	0	0	Avg Acc: 100.00
[2025-01-12 16:59:52,827][main.py][line:84][INFO] Task 0. Time 20.82
[2025-01-12 16:59:53,785][method.py][line:154][INFO] 
Accuracy:100	0	0	0	0	0	0	0	0	Avg Acc: 100.00
[2025-01-12 16:59:54,889][main.py][line:84][INFO] Task 0. Time 22.88
[2025-01-12 16:59:55,887][method.py][line:154][INFO] 
Accuracy:100	0	0	0	0	0	0	0	0	Avg Acc: 100.00
[2025-01-12 16:59:57,035][main.py][line:84][INFO] Task 0. Time 25.03
[2025-01-12 16:59:57,953][method.py][line:154][INFO] 
Accuracy:100	0	0	0	0	0	0	0	0	Avg Acc: 100.00
[2025-01-12 16:59:59,018][main.py][line:84][INFO] Task 0. Time 27.01
[2025-01-12 16:59:59,914][method.py][line:154][INFO] 
Accuracy:100	0	0	0	0	0	0	0	0	Avg Acc: 100.00
[2025-01-12 17:00:00,911][main.py][line:84][INFO] Task 0. Time 28.90
[2025-01-12 17:00:01,774][method.py][line:154][INFO] 
Accuracy:100	0	0	0	0	0	0	0	0	Avg Acc: 100.00
[2025-01-12 17:00:02,753][main.py][line:84][INFO] Task 0. Time 30.75
[2025-01-12 17:00:03,542][method.py][line:154][INFO] 
Accuracy:100	0	0	0	0	0	0	0	0	Avg Acc: 100.00
[2025-01-12 17:00:04,562][main.py][line:84][INFO] Task 0. Time 32.56
[2025-01-12 17:00:05,458][method.py][line:154][INFO] 
Accuracy:100	0	0	0	0	0	0	0	0	Avg Acc: 100.00
[2025-01-12 17:00:06,465][main.py][line:84][INFO] Task 0. Time 34.46
[2025-01-12 17:00:07,278][method.py][line:154][INFO] 
Accuracy:100	0	0	0	0	0	0	0	0	Avg Acc: 100.00
[2025-01-12 17:00:08,191][main.py][line:84][INFO] Task 0. Time 36.18
[2025-01-12 17:00:09,062][method.py][line:154][INFO] 
Accuracy:100	0	0	0	0	0	0	0	0	Avg Acc: 100.00
[2025-01-12 17:00:10,199][main.py][line:84][INFO] Task 0. Time 38.19
[2025-01-12 17:00:11,250][method.py][line:154][INFO] 
Accuracy:100	0	0	0	0	0	0	0	0	Avg Acc: 100.00
[2025-01-12 17:00:11,265][utils.py][line:88][INFO] End training-0 GPU Memory Allocated: 20.88 MB, Reserved: 56.00 MB, Max Allocated: 32.29 MB, Max Reserved: 56.00 MB
[2025-01-12 17:00:12,333][main.py][line:105][INFO] x0. indices [0, 1, 2, 3, 4, 5, 6, 7, 8, 9]
[2025-01-12 17:00:12,333][main.py][line:105][INFO] x1. indices [36, 22, 17, 28, 39, 14, 12]
[2025-01-12 17:00:12,333][main.py][line:105][INFO] x2. indices [27, 2, 14, 13, 22, 37, 28]
[2025-01-12 17:00:12,333][main.py][line:105][INFO] x3. indices [26, 37, 36, 35, 38, 33, 23]
[2025-01-12 17:00:12,333][main.py][line:105][INFO] x4. indices [0, 9]
[2025-01-12 17:00:12,338][main.py][line:71][INFO] 
>>> Task #-2 --> Model Training
[2025-01-12 17:00:13,637][main.py][line:84][INFO] Task 1. Time 1.30
[2025-01-12 17:00:15,647][method.py][line:154][INFO] 
Accuracy:78	31	0	0	0	0	0	0	0	Avg Acc: 55.00
[2025-01-12 17:00:16,870][main.py][line:84][INFO] Task 1. Time 4.53
[2025-01-12 17:00:19,398][method.py][line:154][INFO] 
Accuracy:78	33	0	0	0	0	0	0	0	Avg Acc: 55.83
[2025-01-12 17:00:20,601][main.py][line:84][INFO] Task 1. Time 8.26
[2025-01-12 17:00:22,997][method.py][line:154][INFO] 
Accuracy:78	33	0	0	0	0	0	0	0	Avg Acc: 55.83
[2025-01-12 17:00:24,153][main.py][line:84][INFO] Task 1. Time 11.82
[2025-01-12 17:00:25,949][method.py][line:154][INFO] 
Accuracy:78	33	0	0	0	0	0	0	0	Avg Acc: 55.83
[2025-01-12 17:00:27,029][main.py][line:84][INFO] Task 1. Time 14.69
[2025-01-12 17:00:29,722][method.py][line:154][INFO] 
Accuracy:78	35	0	0	0	0	0	0	0	Avg Acc: 56.67
[2025-01-12 17:00:30,916][main.py][line:84][INFO] Task 1. Time 18.58
[2025-01-12 17:00:33,666][method.py][line:154][INFO] 
Accuracy:78	33	0	0	0	0	0	0	0	Avg Acc: 55.83
[2025-01-12 17:00:34,828][main.py][line:84][INFO] Task 1. Time 22.49
[2025-01-12 17:00:37,182][method.py][line:154][INFO] 
Accuracy:78	35	0	0	0	0	0	0	0	Avg Acc: 56.67
[2025-01-12 17:00:38,398][main.py][line:84][INFO] Task 1. Time 26.06
[2025-01-12 17:00:40,792][method.py][line:154][INFO] 
Accuracy:78	35	0	0	0	0	0	0	0	Avg Acc: 56.67
[2025-01-12 17:00:41,914][main.py][line:84][INFO] Task 1. Time 29.58
[2025-01-12 17:00:44,278][method.py][line:154][INFO] 
Accuracy:78	33	0	0	0	0	0	0	0	Avg Acc: 55.83
[2025-01-12 17:00:45,480][main.py][line:84][INFO] Task 1. Time 33.14
[2025-01-12 17:00:47,842][method.py][line:154][INFO] 
Accuracy:78	35	0	0	0	0	0	0	0	Avg Acc: 56.67
[2025-01-12 17:00:49,004][main.py][line:84][INFO] Task 1. Time 36.67
[2025-01-12 17:00:51,243][method.py][line:154][INFO] 
Accuracy:78	33	0	0	0	0	0	0	0	Avg Acc: 55.83
[2025-01-12 17:00:52,460][main.py][line:84][INFO] Task 1. Time 40.12
[2025-01-12 17:00:54,517][method.py][line:154][INFO] 
Accuracy:78	35	0	0	0	0	0	0	0	Avg Acc: 56.67
[2025-01-12 17:00:55,657][main.py][line:84][INFO] Task 1. Time 43.32
[2025-01-12 17:00:58,059][method.py][line:154][INFO] 
Accuracy:78	35	0	0	0	0	0	0	0	Avg Acc: 56.67
[2025-01-12 17:00:59,334][main.py][line:84][INFO] Task 1. Time 47.00
[2025-01-12 17:01:01,999][method.py][line:154][INFO] 
Accuracy:78	35	0	0	0	0	0	0	0	Avg Acc: 56.67
[2025-01-12 17:01:03,149][main.py][line:84][INFO] Task 1. Time 50.81
[2025-01-12 17:01:05,153][method.py][line:154][INFO] 
Accuracy:78	35	0	0	0	0	0	0	0	Avg Acc: 56.67
[2025-01-12 17:01:06,489][main.py][line:84][INFO] Task 1. Time 54.15
[2025-01-12 17:01:09,076][method.py][line:154][INFO] 
Accuracy:78	35	0	0	0	0	0	0	0	Avg Acc: 56.67
[2025-01-12 17:01:10,316][main.py][line:84][INFO] Task 1. Time 57.98
[2025-01-12 17:01:12,595][method.py][line:154][INFO] 
Accuracy:78	35	0	0	0	0	0	0	0	Avg Acc: 56.67
[2025-01-12 17:01:13,708][main.py][line:84][INFO] Task 1. Time 61.37
[2025-01-12 17:01:15,831][method.py][line:154][INFO] 
Accuracy:78	35	0	0	0	0	0	0	0	Avg Acc: 56.67
[2025-01-12 17:01:16,912][main.py][line:84][INFO] Task 1. Time 64.57
[2025-01-12 17:01:19,544][method.py][line:154][INFO] 
Accuracy:78	35	0	0	0	0	0	0	0	Avg Acc: 56.67
[2025-01-12 17:01:20,671][main.py][line:84][INFO] Task 1. Time 68.33
[2025-01-12 17:01:22,698][method.py][line:154][INFO] 
Accuracy:78	35	0	0	0	0	0	0	0	Avg Acc: 56.67
[2025-01-12 17:01:22,713][utils.py][line:88][INFO] End training-1 GPU Memory Allocated: 25.80 MB, Reserved: 62.00 MB, Max Allocated: 43.60 MB, Max Reserved: 62.00 MB
[2025-01-12 17:01:24,782][main.py][line:105][INFO] x0. indices [0, 1, 2, 3, 4, 5, 6, 7, 8, 9]
[2025-01-12 17:01:24,783][main.py][line:105][INFO] x1. indices [ 0  1  2  3  4  5  6  7  8  9 10 11 12 13 14 15 16 17 18 19 20 21 22 23
 25 27 28 29 30 31 32 33 34 36 37 38 39]
[2025-01-12 17:01:24,783][main.py][line:105][INFO] x2. indices [ 0  1  2  3  4  5  6  7  9 10 11 12 13 14 15 16 17 18 19 20 21 22 23 24
 25 26 27 28 29 30 31 32 33 34 35 36 37 38 39]
[2025-01-12 17:01:24,784][main.py][line:105][INFO] x3. indices [ 0  1  3  4  5  6  8  9 11 12 14 15 17 18 19 20 22 23 24 26 27 28 29 30
 31 32 33 34 35 36 37 38 39]
[2025-01-12 17:01:24,784][main.py][line:105][INFO] x4. indices [0 1 2 3 4 5 6 7 8 9]
[2025-01-12 17:01:24,789][main.py][line:71][INFO] 
>>> Task #-1 --> Model Training
[2025-01-12 17:01:26,930][main.py][line:84][INFO] Task 2. Time 2.14
[2025-01-12 17:01:30,595][method.py][line:154][INFO] 
Accuracy:78	33	85	0	0	0	0	0	0	Avg Acc: 65.56
[2025-01-12 17:01:32,669][main.py][line:84][INFO] Task 2. Time 7.88
[2025-01-12 17:01:36,029][method.py][line:154][INFO] 
Accuracy:78	33	88	0	0	0	0	0	0	Avg Acc: 66.67
[2025-01-12 17:01:38,179][main.py][line:84][INFO] Task 2. Time 13.39
[2025-01-12 17:01:41,965][method.py][line:154][INFO] 
Accuracy:78	33	88	0	0	0	0	0	0	Avg Acc: 66.67
[2025-01-12 17:01:44,118][main.py][line:84][INFO] Task 2. Time 19.33
[2025-01-12 17:01:47,825][method.py][line:154][INFO] 
Accuracy:78	33	88	0	0	0	0	0	0	Avg Acc: 66.67
[2025-01-12 17:01:49,880][main.py][line:84][INFO] Task 2. Time 25.09
[2025-01-12 17:01:52,882][method.py][line:154][INFO] 
Accuracy:78	33	88	0	0	0	0	0	0	Avg Acc: 66.67
[2025-01-12 17:01:55,125][main.py][line:84][INFO] Task 2. Time 30.34
[2025-01-12 17:01:58,864][method.py][line:154][INFO] 
Accuracy:78	33	88	0	0	0	0	0	0	Avg Acc: 66.67
[2025-01-12 17:02:01,021][main.py][line:84][INFO] Task 2. Time 36.23
[2025-01-12 17:02:04,283][method.py][line:154][INFO] 
Accuracy:78	33	88	0	0	0	0	0	0	Avg Acc: 66.67
[2025-01-12 17:02:06,481][main.py][line:84][INFO] Task 2. Time 41.69
[2025-01-12 17:02:10,205][method.py][line:154][INFO] 
Accuracy:78	33	88	0	0	0	0	0	0	Avg Acc: 66.67
[2025-01-12 17:02:12,401][main.py][line:84][INFO] Task 2. Time 47.61
[2025-01-12 17:02:16,111][method.py][line:154][INFO] 
Accuracy:78	33	88	0	0	0	0	0	0	Avg Acc: 66.67
[2025-01-12 17:02:18,379][main.py][line:84][INFO] Task 2. Time 53.59
[2025-01-12 17:02:21,756][method.py][line:154][INFO] 
Accuracy:78	33	88	0	0	0	0	0	0	Avg Acc: 66.67
[2025-01-12 17:02:23,946][main.py][line:84][INFO] Task 2. Time 59.16
[2025-01-12 17:02:27,763][method.py][line:154][INFO] 
Accuracy:78	33	88	0	0	0	0	0	0	Avg Acc: 66.67
[2025-01-12 17:02:29,887][main.py][line:84][INFO] Task 2. Time 65.10
