[2025-01-01 13:01:27,699][utils.py][line:63][INFO] Hyperparameters:
[2025-01-01 13:01:27,700][utils.py][line:65][INFO] batch_size: 16
[2025-01-01 13:01:27,700][utils.py][line:65][INFO] data_root: data
[2025-01-01 13:01:27,700][utils.py][line:65][INFO] dataset: mmfi27
[2025-01-01 13:01:27,700][utils.py][line:65][INFO] num_workers: 8
[2025-01-01 13:01:27,700][utils.py][line:65][INFO] cuda_id: 0
[2025-01-01 13:01:27,700][utils.py][line:65][INFO] seed: 10
[2025-01-01 13:01:27,700][utils.py][line:65][INFO] half_iid: 0
[2025-01-01 13:01:27,700][utils.py][line:65][INFO] n_epochs: 20
[2025-01-01 13:01:27,700][utils.py][line:65][INFO] n_warmup_epochs: 0
[2025-01-01 13:01:27,700][utils.py][line:65][INFO] n_tasks: 9
[2025-01-01 13:01:27,700][utils.py][line:65][INFO] log_path: /data1/smy1/lr/work2_compress/fixhead/mmfi_long/log/
[2025-01-01 13:01:27,700][utils.py][line:65][INFO] lr: 0.0001
[2025-01-01 13:01:33,369][utils.py][line:72][INFO] Model's state_dict:
[2025-01-01 13:01:33,370][utils.py][line:74][INFO] Layer: encoder_0.weight | Size: torch.Size([128, 342, 10]) | Total Parameters: 437760
[2025-01-01 13:01:33,370][utils.py][line:74][INFO] Layer: encoder_1.weight | Size: torch.Size([128, 342, 10]) | Total Parameters: 437760
[2025-01-01 13:01:33,370][utils.py][line:74][INFO] Layer: transformer.model.layers.self_attn.qkv.weight | Size: torch.Size([1026, 342]) | Total Parameters: 350892
[2025-01-01 13:01:33,370][utils.py][line:74][INFO] Layer: transformer.model.layers.self_attn.conPerfix.up.weight | Size: torch.Size([684, 256]) | Total Parameters: 175104
[2025-01-01 13:01:33,370][utils.py][line:74][INFO] Layer: transformer.model.layers.self_attn.prev_conPerfix.up.weight | Size: torch.Size([684, 256]) | Total Parameters: 175104
[2025-01-01 13:01:33,370][utils.py][line:74][INFO] Layer: transformer.model.layers.self_attn.proj.weight | Size: torch.Size([342, 342]) | Total Parameters: 116964
[2025-01-01 13:01:33,370][utils.py][line:74][INFO] Layer: transformer.model.layers.self_attn.conPerfix.down.weight | Size: torch.Size([256, 342]) | Total Parameters: 87552
[2025-01-01 13:01:33,370][utils.py][line:74][INFO] Layer: transformer.model.layers.self_attn.prev_conPerfix.down.weight | Size: torch.Size([256, 342]) | Total Parameters: 87552
[2025-01-01 13:01:33,370][utils.py][line:74][INFO] Layer: feats.0.weight | Size: torch.Size([27, 342]) | Total Parameters: 9234
[2025-01-01 13:01:33,370][utils.py][line:74][INFO] Layer: feats.1.weight | Size: torch.Size([27, 342]) | Total Parameters: 9234
[2025-01-01 13:01:33,370][utils.py][line:74][INFO] Layer: feats.2.weight | Size: torch.Size([27, 342]) | Total Parameters: 9234
[2025-01-01 13:01:33,370][utils.py][line:74][INFO] Layer: feats.3.weight | Size: torch.Size([27, 342]) | Total Parameters: 9234
[2025-01-01 13:01:33,370][utils.py][line:74][INFO] Layer: feats.4.weight | Size: torch.Size([27, 342]) | Total Parameters: 9234
[2025-01-01 13:01:33,370][utils.py][line:74][INFO] Layer: feats.5.weight | Size: torch.Size([27, 342]) | Total Parameters: 9234
[2025-01-01 13:01:33,370][utils.py][line:74][INFO] Layer: feats.6.weight | Size: torch.Size([27, 342]) | Total Parameters: 9234
[2025-01-01 13:01:33,370][utils.py][line:74][INFO] Layer: feats.7.weight | Size: torch.Size([27, 342]) | Total Parameters: 9234
[2025-01-01 13:01:33,370][utils.py][line:74][INFO] Layer: feats.8.weight | Size: torch.Size([27, 342]) | Total Parameters: 9234
[2025-01-01 13:01:33,371][utils.py][line:74][INFO] Layer: pos_encoding.embedding | Size: torch.Size([10, 342]) | Total Parameters: 3420
[2025-01-01 13:01:33,371][utils.py][line:74][INFO] Layer: transformer.model.layers.feed_forward.layer2.weight | Size: torch.Size([40, 40]) | Total Parameters: 1600
[2025-01-01 13:01:33,371][utils.py][line:74][INFO] Layer: transformer.model.layers.feed_forward.layer3.weight | Size: torch.Size([40, 40]) | Total Parameters: 1600
[2025-01-01 13:01:33,371][utils.py][line:74][INFO] Layer: transformer.model.layers.self_attn.conPerfix.up.bias | Size: torch.Size([684]) | Total Parameters: 684
[2025-01-01 13:01:33,371][utils.py][line:74][INFO] Layer: transformer.model.layers.self_attn.prev_conPerfix.up.bias | Size: torch.Size([684]) | Total Parameters: 684
[2025-01-01 13:01:33,371][utils.py][line:74][INFO] Layer: transformer.model.layers.feed_forward.layer1.weight | Size: torch.Size([40, 10]) | Total Parameters: 400
[2025-01-01 13:01:33,371][utils.py][line:74][INFO] Layer: transformer.model.layers.feed_forward.layer4.weight | Size: torch.Size([10, 40]) | Total Parameters: 400
[2025-01-01 13:01:33,371][utils.py][line:74][INFO] Layer: transformer.model.layers.self_attn.proj.bias | Size: torch.Size([342]) | Total Parameters: 342
[2025-01-01 13:01:33,371][utils.py][line:74][INFO] Layer: transformer.model.layers.sublayer.0.norm.a_2 | Size: torch.Size([342]) | Total Parameters: 342
[2025-01-01 13:01:33,371][utils.py][line:74][INFO] Layer: transformer.model.layers.sublayer.0.norm.b_2 | Size: torch.Size([342]) | Total Parameters: 342
[2025-01-01 13:01:33,371][utils.py][line:74][INFO] Layer: transformer.model.layers.sublayer.1.norm.a_2 | Size: torch.Size([342]) | Total Parameters: 342
[2025-01-01 13:01:33,371][utils.py][line:74][INFO] Layer: transformer.model.layers.sublayer.1.norm.b_2 | Size: torch.Size([342]) | Total Parameters: 342
[2025-01-01 13:01:33,371][utils.py][line:74][INFO] Layer: transformer.model.norm.a_2 | Size: torch.Size([342]) | Total Parameters: 342
[2025-01-01 13:01:33,371][utils.py][line:74][INFO] Layer: transformer.model.norm.b_2 | Size: torch.Size([342]) | Total Parameters: 342
[2025-01-01 13:01:33,371][utils.py][line:74][INFO] Layer: transformer.model.layers.self_attn.conPerfix.down.bias | Size: torch.Size([256]) | Total Parameters: 256
[2025-01-01 13:01:33,371][utils.py][line:74][INFO] Layer: transformer.model.layers.self_attn.prev_conPerfix.down.bias | Size: torch.Size([256]) | Total Parameters: 256
[2025-01-01 13:01:33,371][utils.py][line:74][INFO] Layer: encoder_0.bias | Size: torch.Size([128]) | Total Parameters: 128
[2025-01-01 13:01:33,371][utils.py][line:74][INFO] Layer: encoder_1.bias | Size: torch.Size([128]) | Total Parameters: 128
[2025-01-01 13:01:33,371][utils.py][line:74][INFO] Layer: transformer.model.layers.feed_forward.layer1.bias | Size: torch.Size([40]) | Total Parameters: 40
[2025-01-01 13:01:33,371][utils.py][line:74][INFO] Layer: transformer.model.layers.feed_forward.layer2.bias | Size: torch.Size([40]) | Total Parameters: 40
[2025-01-01 13:01:33,371][utils.py][line:74][INFO] Layer: transformer.model.layers.feed_forward.layer3.bias | Size: torch.Size([40]) | Total Parameters: 40
[2025-01-01 13:01:33,371][utils.py][line:74][INFO] Layer: feats.0.bias | Size: torch.Size([27]) | Total Parameters: 27
[2025-01-01 13:01:33,371][utils.py][line:74][INFO] Layer: feats.1.bias | Size: torch.Size([27]) | Total Parameters: 27
[2025-01-01 13:01:33,371][utils.py][line:74][INFO] Layer: feats.2.bias | Size: torch.Size([27]) | Total Parameters: 27
[2025-01-01 13:01:33,371][utils.py][line:74][INFO] Layer: feats.3.bias | Size: torch.Size([27]) | Total Parameters: 27
[2025-01-01 13:01:33,371][utils.py][line:74][INFO] Layer: feats.4.bias | Size: torch.Size([27]) | Total Parameters: 27
[2025-01-01 13:01:33,372][utils.py][line:74][INFO] Layer: feats.5.bias | Size: torch.Size([27]) | Total Parameters: 27
[2025-01-01 13:01:33,372][utils.py][line:74][INFO] Layer: feats.6.bias | Size: torch.Size([27]) | Total Parameters: 27
[2025-01-01 13:01:33,372][utils.py][line:74][INFO] Layer: feats.7.bias | Size: torch.Size([27]) | Total Parameters: 27
[2025-01-01 13:01:33,372][utils.py][line:74][INFO] Layer: feats.8.bias | Size: torch.Size([27]) | Total Parameters: 27
[2025-01-01 13:01:33,372][utils.py][line:74][INFO] Layer: transformer.model.layers.feed_forward.layer4.bias | Size: torch.Size([10]) | Total Parameters: 10
[2025-01-01 13:01:33,372][utils.py][line:74][INFO] Layer: pos_encoding.mu | Size: torch.Size([1, 10]) | Total Parameters: 10
[2025-01-01 13:01:33,372][utils.py][line:74][INFO] Layer: pos_encoding.sigma | Size: torch.Size([1, 10]) | Total Parameters: 10
[2025-01-01 13:01:33,372][utils.py][line:76][INFO] Total number of parameters: 1964137
[2025-01-01 13:01:33,373][utils.py][line:88][INFO] init model GPU Memory Allocated: 7.54 MB, Reserved: 24.00 MB, Max Allocated: 7.54 MB, Max Reserved: 24.00 MB
[2025-01-01 13:01:40,974][main.py][line:70][INFO] 
>>> Task #-3 --> Model Training
[2025-01-01 13:01:42,012][main.py][line:83][INFO] Task 0. Time 1.04
[2025-01-01 13:01:42,817][method.py][line:160][INFO] 
Accuracy:100	0	0	0	0	0	0	0	0	Avg Acc: 100.00
[2025-01-01 13:01:43,772][main.py][line:83][INFO] Task 0. Time 2.80
[2025-01-01 13:01:44,586][method.py][line:160][INFO] 
Accuracy:100	0	0	0	0	0	0	0	0	Avg Acc: 100.00
[2025-01-01 13:01:45,524][main.py][line:83][INFO] Task 0. Time 4.55
[2025-01-01 13:01:46,253][method.py][line:160][INFO] 
Accuracy:100	0	0	0	0	0	0	0	0	Avg Acc: 100.00
[2025-01-01 13:01:47,112][main.py][line:83][INFO] Task 0. Time 6.14
[2025-01-01 13:01:47,797][method.py][line:160][INFO] 
Accuracy:100	0	0	0	0	0	0	0	0	Avg Acc: 100.00
[2025-01-01 13:01:48,817][main.py][line:83][INFO] Task 0. Time 7.84
[2025-01-01 13:01:49,597][method.py][line:160][INFO] 
Accuracy:100	0	0	0	0	0	0	0	0	Avg Acc: 100.00
[2025-01-01 13:01:50,522][main.py][line:83][INFO] Task 0. Time 9.55
[2025-01-01 13:01:51,373][method.py][line:160][INFO] 
Accuracy:100	0	0	0	0	0	0	0	0	Avg Acc: 100.00
[2025-01-01 13:01:52,224][main.py][line:83][INFO] Task 0. Time 11.25
[2025-01-01 13:01:52,895][method.py][line:160][INFO] 
Accuracy:100	0	0	0	0	0	0	0	0	Avg Acc: 100.00
[2025-01-01 13:01:53,854][main.py][line:83][INFO] Task 0. Time 12.88
[2025-01-01 13:01:54,676][method.py][line:160][INFO] 
Accuracy:100	0	0	0	0	0	0	0	0	Avg Acc: 100.00
[2025-01-01 13:01:55,600][main.py][line:83][INFO] Task 0. Time 14.63
[2025-01-01 13:01:56,373][method.py][line:160][INFO] 
Accuracy:100	0	0	0	0	0	0	0	0	Avg Acc: 100.00
[2025-01-01 13:01:57,288][main.py][line:83][INFO] Task 0. Time 16.31
[2025-01-01 13:01:58,125][method.py][line:160][INFO] 
Accuracy:100	0	0	0	0	0	0	0	0	Avg Acc: 100.00
[2025-01-01 13:01:59,076][main.py][line:83][INFO] Task 0. Time 18.10
[2025-01-01 13:01:59,955][method.py][line:160][INFO] 
Accuracy:100	0	0	0	0	0	0	0	0	Avg Acc: 100.00
[2025-01-01 13:02:01,065][main.py][line:83][INFO] Task 0. Time 20.09
[2025-01-01 13:02:02,048][method.py][line:160][INFO] 
Accuracy:100	0	0	0	0	0	0	0	0	Avg Acc: 100.00
[2025-01-01 13:02:02,993][main.py][line:83][INFO] Task 0. Time 22.02
[2025-01-01 13:02:03,890][method.py][line:160][INFO] 
Accuracy:100	0	0	0	0	0	0	0	0	Avg Acc: 100.00
[2025-01-01 13:02:04,824][main.py][line:83][INFO] Task 0. Time 23.85
[2025-01-01 13:02:05,927][method.py][line:160][INFO] 
Accuracy:100	0	0	0	0	0	0	0	0	Avg Acc: 100.00
[2025-01-01 13:02:07,111][main.py][line:83][INFO] Task 0. Time 26.14
[2025-01-01 13:02:07,743][method.py][line:160][INFO] 
Accuracy:100	0	0	0	0	0	0	0	0	Avg Acc: 100.00
[2025-01-01 13:02:08,610][main.py][line:83][INFO] Task 0. Time 27.64
[2025-01-01 13:02:09,359][method.py][line:160][INFO] 
Accuracy:100	0	0	0	0	0	0	0	0	Avg Acc: 100.00
[2025-01-01 13:02:10,236][main.py][line:83][INFO] Task 0. Time 29.26
[2025-01-01 13:02:11,150][method.py][line:160][INFO] 
Accuracy:100	0	0	0	0	0	0	0	0	Avg Acc: 100.00
[2025-01-01 13:02:12,033][main.py][line:83][INFO] Task 0. Time 31.06
[2025-01-01 13:02:12,898][method.py][line:160][INFO] 
Accuracy:100	0	0	0	0	0	0	0	0	Avg Acc: 100.00
[2025-01-01 13:02:13,890][main.py][line:83][INFO] Task 0. Time 32.92
[2025-01-01 13:02:14,777][method.py][line:160][INFO] 
Accuracy:100	0	0	0	0	0	0	0	0	Avg Acc: 100.00
[2025-01-01 13:02:15,672][main.py][line:83][INFO] Task 0. Time 34.70
[2025-01-01 13:02:16,485][method.py][line:160][INFO] 
Accuracy:100	0	0	0	0	0	0	0	0	Avg Acc: 100.00
[2025-01-01 13:02:16,497][utils.py][line:88][INFO] End training-0 GPU Memory Allocated: 20.88 MB, Reserved: 56.00 MB, Max Allocated: 32.29 MB, Max Reserved: 56.00 MB
[2025-01-01 13:02:17,327][main.py][line:104][INFO] x0. indices [0, 1, 2, 3, 4, 5, 6, 7, 8, 9]
[2025-01-01 13:02:17,327][main.py][line:104][INFO] x1. indices [36, 22, 17, 28, 39, 14, 12]
[2025-01-01 13:02:17,327][main.py][line:104][INFO] x2. indices [27, 2, 14, 13, 22, 37, 28]
[2025-01-01 13:02:17,327][main.py][line:104][INFO] x3. indices [26, 37, 36, 35, 38, 33, 23]
[2025-01-01 13:02:17,328][main.py][line:104][INFO] x4. indices [0, 9]
[2025-01-01 13:02:17,329][main.py][line:70][INFO] 
>>> Task #-2 --> Model Training
[2025-01-01 13:02:18,384][main.py][line:83][INFO] Task 1. Time 1.05
[2025-01-01 13:02:19,986][method.py][line:160][INFO] 
Accuracy:98	61	0	0	0	0	0	0	0	Avg Acc: 80.00
[2025-01-01 13:02:21,198][main.py][line:83][INFO] Task 1. Time 3.87
[2025-01-01 13:02:22,967][method.py][line:160][INFO] 
Accuracy:98	68	0	0	0	0	0	0	0	Avg Acc: 83.33
[2025-01-01 13:02:24,090][main.py][line:83][INFO] Task 1. Time 6.76
[2025-01-01 13:02:25,716][method.py][line:160][INFO] 
Accuracy:98	70	0	0	0	0	0	0	0	Avg Acc: 84.17
[2025-01-01 13:02:26,930][main.py][line:83][INFO] Task 1. Time 9.60
[2025-01-01 13:02:28,674][method.py][line:160][INFO] 
Accuracy:98	70	0	0	0	0	0	0	0	Avg Acc: 84.17
[2025-01-01 13:02:29,618][main.py][line:83][INFO] Task 1. Time 12.29
[2025-01-01 13:02:31,120][method.py][line:160][INFO] 
Accuracy:98	73	0	0	0	0	0	0	0	Avg Acc: 85.83
[2025-01-01 13:02:32,282][main.py][line:83][INFO] Task 1. Time 14.95
[2025-01-01 13:02:33,779][method.py][line:160][INFO] 
Accuracy:98	70	0	0	0	0	0	0	0	Avg Acc: 84.17
[2025-01-01 13:02:34,743][main.py][line:83][INFO] Task 1. Time 17.41
[2025-01-01 13:02:36,252][method.py][line:160][INFO] 
Accuracy:98	71	0	0	0	0	0	0	0	Avg Acc: 85.00
[2025-01-01 13:02:37,269][main.py][line:83][INFO] Task 1. Time 19.94
[2025-01-01 13:02:38,826][method.py][line:160][INFO] 
Accuracy:98	71	0	0	0	0	0	0	0	Avg Acc: 85.00
[2025-01-01 13:02:39,925][main.py][line:83][INFO] Task 1. Time 22.60
[2025-01-01 13:02:41,490][method.py][line:160][INFO] 
Accuracy:98	68	0	0	0	0	0	0	0	Avg Acc: 83.33
[2025-01-01 13:02:42,477][main.py][line:83][INFO] Task 1. Time 25.15
[2025-01-01 13:02:44,133][method.py][line:160][INFO] 
Accuracy:98	71	0	0	0	0	0	0	0	Avg Acc: 85.00
[2025-01-01 13:02:45,219][main.py][line:83][INFO] Task 1. Time 27.89
[2025-01-01 13:02:46,941][method.py][line:160][INFO] 
Accuracy:98	68	0	0	0	0	0	0	0	Avg Acc: 83.33
[2025-01-01 13:02:48,201][main.py][line:83][INFO] Task 1. Time 30.87
[2025-01-01 13:02:49,732][method.py][line:160][INFO] 
Accuracy:98	70	0	0	0	0	0	0	0	Avg Acc: 84.17
[2025-01-01 13:02:50,756][main.py][line:83][INFO] Task 1. Time 33.43
[2025-01-01 13:02:52,303][method.py][line:160][INFO] 
Accuracy:98	70	0	0	0	0	0	0	0	Avg Acc: 84.17
[2025-01-01 13:02:53,271][main.py][line:83][INFO] Task 1. Time 35.94
[2025-01-01 13:02:54,845][method.py][line:160][INFO] 
Accuracy:98	70	0	0	0	0	0	0	0	Avg Acc: 84.17
[2025-01-01 13:02:55,852][main.py][line:83][INFO] Task 1. Time 38.52
[2025-01-01 13:02:57,376][method.py][line:160][INFO] 
Accuracy:98	70	0	0	0	0	0	0	0	Avg Acc: 84.17
[2025-01-01 13:02:58,330][main.py][line:83][INFO] Task 1. Time 41.00
[2025-01-01 13:02:59,903][method.py][line:160][INFO] 
Accuracy:98	70	0	0	0	0	0	0	0	Avg Acc: 84.17
[2025-01-01 13:03:00,962][main.py][line:83][INFO] Task 1. Time 43.63
[2025-01-01 13:03:02,445][method.py][line:160][INFO] 
Accuracy:98	70	0	0	0	0	0	0	0	Avg Acc: 84.17
[2025-01-01 13:03:03,471][main.py][line:83][INFO] Task 1. Time 46.14
[2025-01-01 13:03:05,163][method.py][line:160][INFO] 
Accuracy:98	70	0	0	0	0	0	0	0	Avg Acc: 84.17
[2025-01-01 13:03:06,169][main.py][line:83][INFO] Task 1. Time 48.84
[2025-01-01 13:03:07,868][method.py][line:160][INFO] 
Accuracy:98	70	0	0	0	0	0	0	0	Avg Acc: 84.17
[2025-01-01 13:03:09,076][main.py][line:83][INFO] Task 1. Time 51.75
[2025-01-01 13:03:10,801][method.py][line:160][INFO] 
Accuracy:98	70	0	0	0	0	0	0	0	Avg Acc: 84.17
[2025-01-01 13:03:10,814][utils.py][line:88][INFO] End training-1 GPU Memory Allocated: 25.80 MB, Reserved: 62.00 MB, Max Allocated: 43.60 MB, Max Reserved: 62.00 MB
[2025-01-01 13:03:12,329][main.py][line:104][INFO] x0. indices [0, 1, 2, 3, 4, 5, 6, 7, 8, 9]
[2025-01-01 13:03:12,331][main.py][line:104][INFO] x1. indices [ 0  1  2  3  4  5  6  7  8  9 10 11 12 13 14 15 16 17 18 19 20 21 22 23
 25 27 28 29 30 31 32 33 34 36 37 38 39]
[2025-01-01 13:03:12,332][main.py][line:104][INFO] x2. indices [ 0  1  2  3  4  5  6  7  9 10 11 12 13 14 15 16 17 18 19 20 21 22 23 24
 25 26 27 28 29 30 31 32 33 34 35 36 37 38 39]
[2025-01-01 13:03:12,333][main.py][line:104][INFO] x3. indices [ 0  1  3  4  5  6  8  9 11 12 14 15 17 18 19 20 22 23 24 26 27 28 29 30
 31 32 33 34 35 36 37 38 39]
[2025-01-01 13:03:12,333][main.py][line:104][INFO] x4. indices [0 1 2 3 4 5 6 7 8 9]
[2025-01-01 13:03:12,337][main.py][line:70][INFO] 
>>> Task #-1 --> Model Training
[2025-01-01 13:03:14,371][main.py][line:83][INFO] Task 2. Time 2.03
[2025-01-01 13:03:16,518][method.py][line:160][INFO] 
Accuracy:78	36	88	0	0	0	0	0	0	Avg Acc: 67.78
[2025-01-01 13:03:18,487][main.py][line:83][INFO] Task 2. Time 6.15
[2025-01-01 13:03:20,797][method.py][line:160][INFO] 
Accuracy:78	36	91	0	0	0	0	0	0	Avg Acc: 68.89
[2025-01-01 13:03:22,827][main.py][line:83][INFO] Task 2. Time 10.49
[2025-01-01 13:03:25,232][method.py][line:160][INFO] 
Accuracy:78	36	91	0	0	0	0	0	0	Avg Acc: 68.89
[2025-01-01 13:03:27,427][main.py][line:83][INFO] Task 2. Time 15.09
[2025-01-01 13:03:29,825][method.py][line:160][INFO] 
Accuracy:78	36	91	0	0	0	0	0	0	Avg Acc: 68.89
[2025-01-01 13:03:32,079][main.py][line:83][INFO] Task 2. Time 19.74
[2025-01-01 13:03:34,587][method.py][line:160][INFO] 
Accuracy:78	36	91	0	0	0	0	0	0	Avg Acc: 68.89
[2025-01-01 13:03:36,605][main.py][line:83][INFO] Task 2. Time 24.27
[2025-01-01 13:03:38,823][method.py][line:160][INFO] 
Accuracy:78	36	91	0	0	0	0	0	0	Avg Acc: 68.89
[2025-01-01 13:03:40,844][main.py][line:83][INFO] Task 2. Time 28.51
[2025-01-01 13:03:43,026][method.py][line:160][INFO] 
Accuracy:78	36	91	0	0	0	0	0	0	Avg Acc: 68.89
[2025-01-01 13:03:45,143][main.py][line:83][INFO] Task 2. Time 32.81
[2025-01-01 13:03:47,612][method.py][line:160][INFO] 
Accuracy:78	36	91	0	0	0	0	0	0	Avg Acc: 68.89
[2025-01-01 13:03:49,800][main.py][line:83][INFO] Task 2. Time 37.46
[2025-01-01 13:03:52,759][method.py][line:160][INFO] 
Accuracy:78	36	91	0	0	0	0	0	0	Avg Acc: 68.89
[2025-01-01 13:03:54,786][main.py][line:83][INFO] Task 2. Time 42.45
[2025-01-01 13:03:56,958][method.py][line:160][INFO] 
Accuracy:78	36	91	0	0	0	0	0	0	Avg Acc: 68.89
[2025-01-01 13:03:59,074][main.py][line:83][INFO] Task 2. Time 46.74
[2025-01-01 13:04:01,393][method.py][line:160][INFO] 
Accuracy:78	36	91	0	0	0	0	0	0	Avg Acc: 68.89
[2025-01-01 13:04:03,566][main.py][line:83][INFO] Task 2. Time 51.23
[2025-01-01 13:04:05,927][method.py][line:160][INFO] 
Accuracy:78	36	91	0	0	0	0	0	0	Avg Acc: 68.89
[2025-01-01 13:04:08,083][main.py][line:83][INFO] Task 2. Time 55.75
[2025-01-01 13:04:10,699][method.py][line:160][INFO] 
Accuracy:78	36	91	0	0	0	0	0	0	Avg Acc: 68.89
[2025-01-01 13:04:12,925][main.py][line:83][INFO] Task 2. Time 60.59
[2025-01-01 13:04:15,322][method.py][line:160][INFO] 
Accuracy:78	36	91	0	0	0	0	0	0	Avg Acc: 68.89
[2025-01-01 13:04:17,316][main.py][line:83][INFO] Task 2. Time 64.98
[2025-01-01 13:04:19,581][method.py][line:160][INFO] 
Accuracy:78	36	91	0	0	0	0	0	0	Avg Acc: 68.89
[2025-01-01 13:04:21,743][main.py][line:83][INFO] Task 2. Time 69.41
[2025-01-01 13:04:24,241][method.py][line:160][INFO] 
Accuracy:78	36	91	0	0	0	0	0	0	Avg Acc: 68.89
[2025-01-01 13:04:26,366][main.py][line:83][INFO] Task 2. Time 74.03
[2025-01-01 13:04:29,120][method.py][line:160][INFO] 
Accuracy:78	36	91	0	0	0	0	0	0	Avg Acc: 68.89
[2025-01-01 13:04:31,317][main.py][line:83][INFO] Task 2. Time 78.98
[2025-01-01 13:04:33,786][method.py][line:160][INFO] 
Accuracy:78	36	91	0	0	0	0	0	0	Avg Acc: 68.89
[2025-01-01 13:04:35,971][main.py][line:83][INFO] Task 2. Time 83.63
[2025-01-01 13:04:38,381][method.py][line:160][INFO] 
Accuracy:78	36	91	0	0	0	0	0	0	Avg Acc: 68.89
[2025-01-01 13:04:40,339][main.py][line:83][INFO] Task 2. Time 88.00
[2025-01-01 13:04:42,612][method.py][line:160][INFO] 
Accuracy:78	36	91	0	0	0	0	0	0	Avg Acc: 68.89
[2025-01-01 13:04:42,621][utils.py][line:88][INFO] End training-2 GPU Memory Allocated: 26.13 MB, Reserved: 64.00 MB, Max Allocated: 45.36 MB, Max Reserved: 64.00 MB
[2025-01-01 13:04:44,275][main.py][line:104][INFO] x0. indices [0, 1, 2, 3, 4, 5, 6, 7, 8, 9]
[2025-01-01 13:04:44,276][main.py][line:104][INFO] x1. indices [ 0  1  2  3  4  5  6  7  8  9 10 11 12 13 14 15 16 17 18 19 20 21 22 23
 24 25 26 27 28 29 30 31 32 33 34 35 36 37 38 39]
[2025-01-01 13:04:44,277][main.py][line:104][INFO] x2. indices [ 0  1  2  3  4  5  6  7  9 10 11 12 13 14 15 16 17 18 19 20 21 22 23 24
 25 26 27 28 29 30 31 32 33 34 35 36 37 38 39]
[2025-01-01 13:04:44,277][main.py][line:104][INFO] x3. indices [ 0  1  2  3  4  5  6  8  9 10 11 12 13 14 15 16 17 18 19 20 22 23 24 26
 27 28 29 30 31 32 33 34 35 36 37 38 39]
[2025-01-01 13:04:44,277][main.py][line:104][INFO] x4. indices [0 1 2 3 4 5 6 7 8 9]
[2025-01-01 13:04:44,279][main.py][line:70][INFO] 
>>> Task #0 --> Model Training
[2025-01-01 13:04:46,315][main.py][line:83][INFO] Task 3. Time 2.04
[2025-01-01 13:04:49,550][method.py][line:160][INFO] 
Accuracy:78	33	90	43	0	0	0	0	0	Avg Acc: 61.25
[2025-01-01 13:04:52,164][main.py][line:83][INFO] Task 3. Time 7.88
[2025-01-01 13:04:55,791][method.py][line:160][INFO] 
Accuracy:78	33	90	43	0	0	0	0	0	Avg Acc: 61.25
[2025-01-01 13:04:58,183][main.py][line:83][INFO] Task 3. Time 13.90
[2025-01-01 13:05:01,467][method.py][line:160][INFO] 
Accuracy:78	31	90	40	0	0	0	0	0	Avg Acc: 60.00
[2025-01-01 13:05:03,611][main.py][line:83][INFO] Task 3. Time 19.33
[2025-01-01 13:05:06,804][method.py][line:160][INFO] 
Accuracy:78	31	90	43	0	0	0	0	0	Avg Acc: 60.83
[2025-01-01 13:05:09,049][main.py][line:83][INFO] Task 3. Time 24.77
[2025-01-01 13:05:12,367][method.py][line:160][INFO] 
Accuracy:78	31	90	43	0	0	0	0	0	Avg Acc: 60.83
[2025-01-01 13:05:14,912][main.py][line:83][INFO] Task 3. Time 30.63
[2025-01-01 13:05:18,657][method.py][line:160][INFO] 
Accuracy:78	33	90	45	0	0	0	0	0	Avg Acc: 61.67
[2025-01-01 13:05:21,398][main.py][line:83][INFO] Task 3. Time 37.12
[2025-01-01 13:05:24,761][method.py][line:160][INFO] 
Accuracy:78	35	90	43	0	0	0	0	0	Avg Acc: 61.67
[2025-01-01 13:05:26,824][main.py][line:83][INFO] Task 3. Time 42.54
[2025-01-01 13:05:30,253][method.py][line:160][INFO] 
Accuracy:78	35	90	46	0	0	0	0	0	Avg Acc: 62.50
[2025-01-01 13:05:32,477][main.py][line:83][INFO] Task 3. Time 48.20
[2025-01-01 13:05:35,943][method.py][line:160][INFO] 
Accuracy:78	35	90	45	0	0	0	0	0	Avg Acc: 62.08
[2025-01-01 13:05:38,277][main.py][line:83][INFO] Task 3. Time 54.00
[2025-01-01 13:05:41,839][method.py][line:160][INFO] 
Accuracy:78	35	90	46	0	0	0	0	0	Avg Acc: 62.50
[2025-01-01 13:05:44,365][main.py][line:83][INFO] Task 3. Time 60.09
[2025-01-01 13:05:47,688][method.py][line:160][INFO] 
Accuracy:78	35	90	45	0	0	0	0	0	Avg Acc: 62.08
[2025-01-01 13:05:49,676][main.py][line:83][INFO] Task 3. Time 65.40
[2025-01-01 13:05:52,899][method.py][line:160][INFO] 
Accuracy:78	35	90	51	0	0	0	0	0	Avg Acc: 63.75
[2025-01-01 13:05:55,154][main.py][line:83][INFO] Task 3. Time 70.88
[2025-01-01 13:05:58,571][method.py][line:160][INFO] 
Accuracy:78	36	90	46	0	0	0	0	0	Avg Acc: 62.92
[2025-01-01 13:06:01,050][main.py][line:83][INFO] Task 3. Time 76.77
[2025-01-01 13:06:04,681][method.py][line:160][INFO] 
Accuracy:78	36	90	48	0	0	0	0	0	Avg Acc: 63.33
[2025-01-01 13:06:07,150][main.py][line:83][INFO] Task 3. Time 82.87
[2025-01-01 13:06:10,356][method.py][line:160][INFO] 
Accuracy:78	36	90	46	0	0	0	0	0	Avg Acc: 62.92
[2025-01-01 13:06:12,562][main.py][line:83][INFO] Task 3. Time 88.28
[2025-01-01 13:06:15,741][method.py][line:160][INFO] 
Accuracy:78	36	90	46	0	0	0	0	0	Avg Acc: 62.92
[2025-01-01 13:06:17,916][main.py][line:83][INFO] Task 3. Time 93.64
[2025-01-01 13:06:21,138][method.py][line:160][INFO] 
Accuracy:78	36	90	48	0	0	0	0	0	Avg Acc: 63.33
[2025-01-01 13:06:23,507][main.py][line:83][INFO] Task 3. Time 99.23
[2025-01-01 13:06:27,083][method.py][line:160][INFO] 
Accuracy:78	36	90	48	0	0	0	0	0	Avg Acc: 63.33
[2025-01-01 13:06:29,315][main.py][line:83][INFO] Task 3. Time 105.04
[2025-01-01 13:06:32,481][method.py][line:160][INFO] 
Accuracy:78	36	90	48	0	0	0	0	0	Avg Acc: 63.33
[2025-01-01 13:06:34,631][main.py][line:83][INFO] Task 3. Time 110.35
[2025-01-01 13:06:37,645][method.py][line:160][INFO] 
Accuracy:78	36	90	48	0	0	0	0	0	Avg Acc: 63.33
[2025-01-01 13:06:37,654][utils.py][line:88][INFO] End training-3 GPU Memory Allocated: 27.02 MB, Reserved: 66.00 MB, Max Allocated: 46.14 MB, Max Reserved: 66.00 MB
[2025-01-01 13:06:39,262][main.py][line:104][INFO] x0. indices [0, 1, 2, 3, 4, 5, 6, 7, 8, 9]
[2025-01-01 13:06:39,263][main.py][line:104][INFO] x1. indices [ 0  1  2  3  4  5  6  7  8  9 10 11 12 13 14 15 16 17 18 19 20 21 22 23
 24 25 26 27 28 29 30 31 32 33 34 35 36 37 38 39]
[2025-01-01 13:06:39,263][main.py][line:104][INFO] x2. indices [ 0  1  2  3  4  5  6  7  8  9 10 11 12 13 14 15 16 17 18 19 20 21 22 23
 24 25 26 27 28 29 30 31 32 33 34 35 36 37 38 39]
[2025-01-01 13:06:39,263][main.py][line:104][INFO] x3. indices [ 0  1  2  3  4  5  6  7  8  9 10 11 12 13 14 15 16 17 18 19 20 22 23 24
 25 26 27 28 29 30 31 32 33 34 35 36 37 38 39]
[2025-01-01 13:06:39,264][main.py][line:104][INFO] x4. indices [0 1 2 3 4 5 6 7 8 9]
[2025-01-01 13:06:39,266][main.py][line:70][INFO] 
>>> Task #1 --> Model Training
[2025-01-01 13:06:41,648][main.py][line:83][INFO] Task 4. Time 2.38
[2025-01-01 13:06:46,275][method.py][line:160][INFO] 
Accuracy:78	33	75	45	76	0	0	0	0	Avg Acc: 61.67
[2025-01-01 13:06:48,632][main.py][line:83][INFO] Task 4. Time 9.37
[2025-01-01 13:06:52,693][method.py][line:160][INFO] 
Accuracy:78	33	85	41	76	0	0	0	0	Avg Acc: 63.00
[2025-01-01 13:06:54,838][main.py][line:83][INFO] Task 4. Time 15.57
[2025-01-01 13:06:58,984][method.py][line:160][INFO] 
Accuracy:78	33	88	41	76	0	0	0	0	Avg Acc: 63.67
[2025-01-01 13:07:01,107][main.py][line:83][INFO] Task 4. Time 21.84
[2025-01-01 13:07:05,673][method.py][line:160][INFO] 
Accuracy:78	33	88	41	76	0	0	0	0	Avg Acc: 63.67
[2025-01-01 13:07:07,951][main.py][line:83][INFO] Task 4. Time 28.69
[2025-01-01 13:07:12,183][method.py][line:160][INFO] 
Accuracy:78	33	88	40	76	0	0	0	0	Avg Acc: 63.33
[2025-01-01 13:07:14,437][main.py][line:83][INFO] Task 4. Time 35.17
[2025-01-01 13:07:18,434][method.py][line:160][INFO] 
Accuracy:78	33	88	40	76	0	0	0	0	Avg Acc: 63.33
[2025-01-01 13:07:20,638][main.py][line:83][INFO] Task 4. Time 41.37
[2025-01-01 13:07:25,248][method.py][line:160][INFO] 
Accuracy:78	31	88	40	76	0	0	0	0	Avg Acc: 63.00
[2025-01-01 13:07:27,448][main.py][line:83][INFO] Task 4. Time 48.18
[2025-01-01 13:07:31,796][method.py][line:160][INFO] 
Accuracy:78	30	88	40	76	0	0	0	0	Avg Acc: 62.67
[2025-01-01 13:07:33,954][main.py][line:83][INFO] Task 4. Time 54.69
[2025-01-01 13:07:37,966][method.py][line:160][INFO] 
Accuracy:78	30	88	40	76	0	0	0	0	Avg Acc: 62.67
[2025-01-01 13:07:40,059][main.py][line:83][INFO] Task 4. Time 60.79
[2025-01-01 13:07:44,614][method.py][line:160][INFO] 
Accuracy:78	30	88	38	76	0	0	0	0	Avg Acc: 62.33
[2025-01-01 13:07:46,841][main.py][line:83][INFO] Task 4. Time 67.57
[2025-01-01 13:07:51,751][method.py][line:160][INFO] 
Accuracy:78	30	88	38	76	0	0	0	0	Avg Acc: 62.33
[2025-01-01 13:07:53,901][main.py][line:83][INFO] Task 4. Time 74.63
[2025-01-01 13:07:57,795][method.py][line:160][INFO] 
Accuracy:78	30	88	38	76	0	0	0	0	Avg Acc: 62.33
[2025-01-01 13:08:00,032][main.py][line:83][INFO] Task 4. Time 80.77
[2025-01-01 13:08:04,350][method.py][line:160][INFO] 
Accuracy:78	30	88	40	76	0	0	0	0	Avg Acc: 62.67
[2025-01-01 13:08:06,514][main.py][line:83][INFO] Task 4. Time 87.25
[2025-01-01 13:08:10,932][method.py][line:160][INFO] 
Accuracy:78	30	88	38	76	0	0	0	0	Avg Acc: 62.33
[2025-01-01 13:08:13,110][main.py][line:83][INFO] Task 4. Time 93.84
[2025-01-01 13:08:17,434][method.py][line:160][INFO] 
Accuracy:78	30	88	40	76	0	0	0	0	Avg Acc: 62.67
[2025-01-01 13:08:19,666][main.py][line:83][INFO] Task 4. Time 100.40
[2025-01-01 13:08:23,801][method.py][line:160][INFO] 
Accuracy:78	30	88	40	76	0	0	0	0	Avg Acc: 62.67
[2025-01-01 13:08:26,038][main.py][line:83][INFO] Task 4. Time 106.77
[2025-01-01 13:08:30,407][method.py][line:160][INFO] 
Accuracy:78	30	86	40	76	0	0	0	0	Avg Acc: 62.33
[2025-01-01 13:08:32,729][main.py][line:83][INFO] Task 4. Time 113.46
[2025-01-01 13:08:37,374][method.py][line:160][INFO] 
Accuracy:78	30	86	40	76	0	0	0	0	Avg Acc: 62.33
[2025-01-01 13:08:39,546][main.py][line:83][INFO] Task 4. Time 120.28
[2025-01-01 13:08:43,737][method.py][line:160][INFO] 
Accuracy:78	30	86	40	76	0	0	0	0	Avg Acc: 62.33
[2025-01-01 13:08:45,987][main.py][line:83][INFO] Task 4. Time 126.72
[2025-01-01 13:08:50,047][method.py][line:160][INFO] 
Accuracy:78	30	86	40	76	0	0	0	0	Avg Acc: 62.33
[2025-01-01 13:08:50,059][utils.py][line:88][INFO] End training-4 GPU Memory Allocated: 26.35 MB, Reserved: 66.00 MB, Max Allocated: 46.58 MB, Max Reserved: 66.00 MB
[2025-01-01 13:08:51,786][main.py][line:104][INFO] x0. indices [0, 1, 2, 3, 4, 5, 6, 7, 8, 9]
[2025-01-01 13:08:51,787][main.py][line:104][INFO] x1. indices [ 0  1  2  3  4  5  6  7  8  9 10 11 12 13 14 15 16 17 18 19 20 21 22 23
 24 25 26 27 28 29 30 31 32 33 34 35 36 37 38 39]
[2025-01-01 13:08:51,787][main.py][line:104][INFO] x2. indices [ 0  1  2  3  4  5  6  7  8  9 10 11 12 13 14 15 16 17 18 19 20 21 22 23
 24 25 26 27 28 29 30 31 32 33 34 35 36 37 38 39]
[2025-01-01 13:08:51,788][main.py][line:104][INFO] x3. indices [ 0  1  2  3  4  5  6  7  8  9 10 11 12 13 14 15 16 17 18 19 20 22 23 24
 25 26 27 28 29 30 31 32 33 34 35 36 37 38 39]
[2025-01-01 13:08:51,788][main.py][line:104][INFO] x4. indices [0 1 2 3 4 5 6 7 8 9]
[2025-01-01 13:08:51,791][main.py][line:70][INFO] 
>>> Task #2 --> Model Training
[2025-01-01 13:08:54,032][main.py][line:83][INFO] Task 5. Time 2.24
[2025-01-01 13:08:59,479][method.py][line:160][INFO] 
Accuracy:78	30	46	35	71	68	0	0	0	Avg Acc: 55.00
[2025-01-01 13:09:01,769][main.py][line:83][INFO] Task 5. Time 9.98
[2025-01-01 13:09:07,232][method.py][line:160][INFO] 
Accuracy:78	30	35	38	71	68	0	0	0	Avg Acc: 53.61
[2025-01-01 13:09:09,589][main.py][line:83][INFO] Task 5. Time 17.80
[2025-01-01 13:09:15,104][method.py][line:160][INFO] 
Accuracy:78	30	35	38	73	70	0	0	0	Avg Acc: 54.17
[2025-01-01 13:09:17,389][main.py][line:83][INFO] Task 5. Time 25.60
[2025-01-01 13:09:22,980][method.py][line:160][INFO] 
Accuracy:78	31	33	40	73	71	0	0	0	Avg Acc: 54.72
[2025-01-01 13:09:25,214][main.py][line:83][INFO] Task 5. Time 33.42
[2025-01-01 13:09:30,244][method.py][line:160][INFO] 
Accuracy:78	33	35	43	75	76	0	0	0	Avg Acc: 56.94
[2025-01-01 13:09:32,432][main.py][line:83][INFO] Task 5. Time 40.64
[2025-01-01 13:09:37,499][method.py][line:160][INFO] 
Accuracy:78	33	35	45	75	76	0	0	0	Avg Acc: 57.22
[2025-01-01 13:09:39,969][main.py][line:83][INFO] Task 5. Time 48.18
[2025-01-01 13:09:45,710][method.py][line:160][INFO] 
Accuracy:78	33	41	45	75	76	0	0	0	Avg Acc: 58.33
[2025-01-01 13:09:47,918][main.py][line:83][INFO] Task 5. Time 56.13
[2025-01-01 13:09:52,967][method.py][line:160][INFO] 
Accuracy:78	31	45	45	75	76	0	0	0	Avg Acc: 58.61
[2025-01-01 13:09:55,344][main.py][line:83][INFO] Task 5. Time 63.55
[2025-01-01 13:10:00,816][method.py][line:160][INFO] 
Accuracy:78	31	50	45	75	76	0	0	0	Avg Acc: 59.44
[2025-01-01 13:10:03,276][main.py][line:83][INFO] Task 5. Time 71.48
[2025-01-01 13:10:08,444][method.py][line:160][INFO] 
Accuracy:78	31	55	45	75	76	0	0	0	Avg Acc: 60.28
[2025-01-01 13:10:10,611][main.py][line:83][INFO] Task 5. Time 78.82
[2025-01-01 13:10:15,753][method.py][line:160][INFO] 
Accuracy:78	33	58	45	75	76	0	0	0	Avg Acc: 61.11
[2025-01-01 13:10:17,973][main.py][line:83][INFO] Task 5. Time 86.18
[2025-01-01 13:10:23,257][method.py][line:160][INFO] 
Accuracy:78	31	60	45	75	76	0	0	0	Avg Acc: 61.11
[2025-01-01 13:10:25,682][main.py][line:83][INFO] Task 5. Time 93.89
[2025-01-01 13:10:30,950][method.py][line:160][INFO] 
Accuracy:78	31	63	45	76	76	0	0	0	Avg Acc: 61.94
[2025-01-01 13:10:33,075][main.py][line:83][INFO] Task 5. Time 101.28
[2025-01-01 13:10:37,975][method.py][line:160][INFO] 
Accuracy:78	31	63	45	76	76	0	0	0	Avg Acc: 61.94
[2025-01-01 13:10:40,141][main.py][line:83][INFO] Task 5. Time 108.35
[2025-01-01 13:10:45,591][method.py][line:160][INFO] 
Accuracy:78	31	63	45	76	76	0	0	0	Avg Acc: 61.94
[2025-01-01 13:10:48,192][main.py][line:83][INFO] Task 5. Time 116.40
[2025-01-01 13:10:53,460][method.py][line:160][INFO] 
Accuracy:78	31	66	45	76	76	0	0	0	Avg Acc: 62.50
[2025-01-01 13:10:55,757][main.py][line:83][INFO] Task 5. Time 123.97
[2025-01-01 13:11:00,913][method.py][line:160][INFO] 
Accuracy:78	31	68	45	76	76	0	0	0	Avg Acc: 62.78
[2025-01-01 13:11:03,091][main.py][line:83][INFO] Task 5. Time 131.30
[2025-01-01 13:11:08,328][method.py][line:160][INFO] 
Accuracy:78	31	68	45	76	76	0	0	0	Avg Acc: 62.78
[2025-01-01 13:11:10,633][main.py][line:83][INFO] Task 5. Time 138.84
[2025-01-01 13:11:16,045][method.py][line:160][INFO] 
Accuracy:78	31	68	45	76	76	0	0	0	Avg Acc: 62.78
[2025-01-01 13:11:18,367][main.py][line:83][INFO] Task 5. Time 146.58
[2025-01-01 13:11:23,711][method.py][line:160][INFO] 
Accuracy:78	31	68	45	76	76	0	0	0	Avg Acc: 62.78
[2025-01-01 13:11:23,724][utils.py][line:88][INFO] End training-5 GPU Memory Allocated: 27.24 MB, Reserved: 66.00 MB, Max Allocated: 46.58 MB, Max Reserved: 66.00 MB
[2025-01-01 13:11:25,446][main.py][line:104][INFO] x0. indices [0, 1, 2, 3, 4, 5, 6, 7, 8, 9]
[2025-01-01 13:11:25,447][main.py][line:104][INFO] x1. indices [ 0  1  2  3  4  5  6  7  8  9 10 11 12 13 14 15 16 17 18 19 20 21 22 23
 24 25 26 27 28 29 30 31 32 33 34 35 36 37 38 39]
[2025-01-01 13:11:25,447][main.py][line:104][INFO] x2. indices [ 0  1  2  3  4  5  6  7  8  9 10 11 12 13 14 15 16 17 18 19 20 21 22 23
 24 25 26 27 28 29 30 31 32 33 34 35 36 37 38 39]
[2025-01-01 13:11:25,448][main.py][line:104][INFO] x3. indices [ 0  1  2  3  4  5  6  7  8  9 10 11 12 13 14 15 16 17 18 19 20 22 23 24
 25 26 27 28 29 30 31 32 33 34 35 36 37 38 39]
[2025-01-01 13:11:25,448][main.py][line:104][INFO] x4. indices [0 1 2 3 4 5 6 7 8 9]
[2025-01-01 13:11:25,450][main.py][line:70][INFO] 
>>> Task #3 --> Model Training
[2025-01-01 13:11:27,827][main.py][line:83][INFO] Task 6. Time 2.38
[2025-01-01 13:11:34,528][method.py][line:160][INFO] 
Accuracy:78	35	46	35	53	71	30	0	0	Avg Acc: 50.00
[2025-01-01 13:11:36,950][main.py][line:83][INFO] Task 6. Time 11.50
[2025-01-01 13:11:42,900][method.py][line:160][INFO] 
Accuracy:78	38	30	28	58	71	35	0	0	Avg Acc: 48.57
[2025-01-01 13:11:45,121][main.py][line:83][INFO] Task 6. Time 19.67
[2025-01-01 13:11:51,658][method.py][line:160][INFO] 
Accuracy:78	45	21	28	61	73	36	0	0	Avg Acc: 49.29
[2025-01-01 13:11:54,152][main.py][line:83][INFO] Task 6. Time 28.70
[2025-01-01 13:12:00,870][method.py][line:160][INFO] 
Accuracy:78	46	21	30	61	73	36	0	0	Avg Acc: 49.76
[2025-01-01 13:12:03,024][main.py][line:83][INFO] Task 6. Time 37.57
[2025-01-01 13:12:09,322][method.py][line:160][INFO] 
Accuracy:78	48	21	30	61	75	36	0	0	Avg Acc: 50.24
[2025-01-01 13:12:11,586][main.py][line:83][INFO] Task 6. Time 46.14
[2025-01-01 13:12:17,605][method.py][line:160][INFO] 
Accuracy:78	46	20	30	61	75	36	0	0	Avg Acc: 49.76
[2025-01-01 13:12:19,818][main.py][line:83][INFO] Task 6. Time 54.37
[2025-01-01 13:12:26,095][method.py][line:160][INFO] 
Accuracy:78	50	21	31	61	76	36	0	0	Avg Acc: 50.95
[2025-01-01 13:12:28,407][main.py][line:83][INFO] Task 6. Time 62.96
[2025-01-01 13:12:34,436][method.py][line:160][INFO] 
Accuracy:78	48	21	31	61	76	36	0	0	Avg Acc: 50.71
[2025-01-01 13:12:36,701][main.py][line:83][INFO] Task 6. Time 71.25
[2025-01-01 13:12:43,557][method.py][line:160][INFO] 
Accuracy:78	48	21	31	61	78	38	0	0	Avg Acc: 51.19
[2025-01-01 13:12:45,854][main.py][line:83][INFO] Task 6. Time 80.40
[2025-01-01 13:12:51,821][method.py][line:160][INFO] 
Accuracy:78	48	21	33	61	78	36	0	0	Avg Acc: 51.19
[2025-01-01 13:12:54,113][main.py][line:83][INFO] Task 6. Time 88.66
[2025-01-01 13:12:59,863][method.py][line:160][INFO] 
Accuracy:78	45	25	33	63	78	36	0	0	Avg Acc: 51.43
[2025-01-01 13:13:02,057][main.py][line:83][INFO] Task 6. Time 96.61
[2025-01-01 13:13:08,415][method.py][line:160][INFO] 
Accuracy:78	43	28	33	63	78	36	0	0	Avg Acc: 51.67
[2025-01-01 13:13:10,641][main.py][line:83][INFO] Task 6. Time 105.19
[2025-01-01 13:13:16,839][method.py][line:160][INFO] 
Accuracy:78	43	28	33	63	78	38	0	0	Avg Acc: 51.90
[2025-01-01 13:13:19,143][main.py][line:83][INFO] Task 6. Time 113.69
[2025-01-01 13:13:25,826][method.py][line:160][INFO] 
Accuracy:78	41	28	33	63	78	38	0	0	Avg Acc: 51.67
[2025-01-01 13:13:28,279][main.py][line:83][INFO] Task 6. Time 122.83
[2025-01-01 13:13:34,973][method.py][line:160][INFO] 
Accuracy:78	36	33	33	63	78	40	0	0	Avg Acc: 51.90
[2025-01-01 13:13:37,172][main.py][line:83][INFO] Task 6. Time 131.72
[2025-01-01 13:13:43,012][method.py][line:160][INFO] 
Accuracy:78	36	33	33	63	78	38	0	0	Avg Acc: 51.67
[2025-01-01 13:13:45,405][main.py][line:83][INFO] Task 6. Time 139.96
[2025-01-01 13:13:51,681][method.py][line:160][INFO] 
Accuracy:78	35	33	33	63	76	40	0	0	Avg Acc: 51.43
[2025-01-01 13:13:54,015][main.py][line:83][INFO] Task 6. Time 148.57
[2025-01-01 13:14:00,055][method.py][line:160][INFO] 
Accuracy:78	35	38	33	63	76	38	0	0	Avg Acc: 51.90
[2025-01-01 13:14:02,298][main.py][line:83][INFO] Task 6. Time 156.85
[2025-01-01 13:14:08,317][method.py][line:160][INFO] 
Accuracy:78	33	38	33	63	76	38	0	0	Avg Acc: 51.67
[2025-01-01 13:14:10,863][main.py][line:83][INFO] Task 6. Time 165.41
[2025-01-01 13:14:17,347][method.py][line:160][INFO] 
Accuracy:78	33	40	33	63	76	40	0	0	Avg Acc: 52.14
[2025-01-01 13:14:17,362][utils.py][line:88][INFO] End training-6 GPU Memory Allocated: 26.56 MB, Reserved: 66.00 MB, Max Allocated: 46.80 MB, Max Reserved: 66.00 MB
[2025-01-01 13:14:18,812][main.py][line:104][INFO] x0. indices [0, 1, 2, 3, 4, 5, 6, 7, 8, 9]
[2025-01-01 13:14:18,813][main.py][line:104][INFO] x1. indices [ 0  1  2  3  4  5  6  7  8  9 10 11 12 13 14 15 16 17 18 19 20 21 22 23
 24 25 26 27 28 29 30 31 32 33 34 35 36 37 38 39]
[2025-01-01 13:14:18,813][main.py][line:104][INFO] x2. indices [ 0  1  2  3  4  5  6  7  8  9 10 11 12 13 14 15 16 17 18 19 20 21 22 23
 24 25 26 27 28 29 30 31 32 33 34 35 36 37 38 39]
[2025-01-01 13:14:18,814][main.py][line:104][INFO] x3. indices [ 0  1  2  3  4  5  6  7  8  9 10 11 12 13 14 15 16 17 18 19 20 22 23 24
 25 26 27 28 29 30 31 32 33 34 35 36 37 38 39]
[2025-01-01 13:14:18,814][main.py][line:104][INFO] x4. indices [0 1 2 3 4 5 6 7 8 9]
[2025-01-01 13:14:18,818][main.py][line:70][INFO] 
>>> Task #4 --> Model Training
[2025-01-01 13:14:21,049][main.py][line:83][INFO] Task 7. Time 2.23
[2025-01-01 13:14:28,030][method.py][line:160][INFO] 
Accuracy:78	33	50	31	61	73	26	31	0	Avg Acc: 48.33
[2025-01-01 13:14:30,246][main.py][line:83][INFO] Task 7. Time 11.43
[2025-01-01 13:14:37,818][method.py][line:160][INFO] 
Accuracy:78	35	50	31	46	73	26	31	0	Avg Acc: 46.67
[2025-01-01 13:14:40,129][main.py][line:83][INFO] Task 7. Time 21.31
[2025-01-01 13:14:47,030][method.py][line:160][INFO] 
Accuracy:78	35	50	31	36	75	26	35	0	Avg Acc: 46.04
[2025-01-01 13:14:49,359][main.py][line:83][INFO] Task 7. Time 30.54
[2025-01-01 13:14:56,776][method.py][line:160][INFO] 
Accuracy:78	35	50	31	36	75	28	38	0	Avg Acc: 46.67
[2025-01-01 13:14:59,058][main.py][line:83][INFO] Task 7. Time 40.24
[2025-01-01 13:15:06,082][method.py][line:160][INFO] 
Accuracy:78	31	46	31	35	75	28	35	0	Avg Acc: 45.21
[2025-01-01 13:15:08,371][main.py][line:83][INFO] Task 7. Time 49.55
[2025-01-01 13:15:15,563][method.py][line:160][INFO] 
Accuracy:78	35	50	31	35	75	28	35	0	Avg Acc: 46.04
[2025-01-01 13:15:17,915][main.py][line:83][INFO] Task 7. Time 59.10
[2025-01-01 13:15:25,662][method.py][line:160][INFO] 
Accuracy:78	31	48	31	36	75	28	35	0	Avg Acc: 45.62
[2025-01-01 13:15:27,913][main.py][line:83][INFO] Task 7. Time 69.10
[2025-01-01 13:15:35,329][method.py][line:160][INFO] 
Accuracy:78	31	48	31	35	75	28	33	0	Avg Acc: 45.21
[2025-01-01 13:15:37,452][main.py][line:83][INFO] Task 7. Time 78.63
[2025-01-01 13:15:45,252][method.py][line:160][INFO] 
Accuracy:78	31	50	31	36	75	28	33	0	Avg Acc: 45.62
[2025-01-01 13:15:47,608][main.py][line:83][INFO] Task 7. Time 88.79
[2025-01-01 13:15:54,250][method.py][line:160][INFO] 
Accuracy:78	31	51	31	36	75	28	33	0	Avg Acc: 45.83
[2025-01-01 13:15:56,459][main.py][line:83][INFO] Task 7. Time 97.64
[2025-01-01 13:16:03,482][method.py][line:160][INFO] 
Accuracy:78	31	50	31	35	73	28	33	0	Avg Acc: 45.21
[2025-01-01 13:16:05,856][main.py][line:83][INFO] Task 7. Time 107.04
[2025-01-01 13:16:13,106][method.py][line:160][INFO] 
Accuracy:78	35	53	31	36	73	28	35	0	Avg Acc: 46.46
[2025-01-01 13:16:15,362][main.py][line:83][INFO] Task 7. Time 116.55
[2025-01-01 13:16:22,240][method.py][line:160][INFO] 
Accuracy:78	35	58	31	35	73	28	36	0	Avg Acc: 47.08
[2025-01-01 13:16:24,517][main.py][line:83][INFO] Task 7. Time 125.70
[2025-01-01 13:16:32,070][method.py][line:160][INFO] 
Accuracy:78	35	58	31	38	73	28	40	0	Avg Acc: 47.92
[2025-01-01 13:16:34,349][main.py][line:83][INFO] Task 7. Time 135.53
[2025-01-01 13:16:41,309][method.py][line:160][INFO] 
Accuracy:78	36	58	31	38	73	28	40	0	Avg Acc: 48.12
[2025-01-01 13:16:43,618][main.py][line:83][INFO] Task 7. Time 144.80
[2025-01-01 13:16:49,942][method.py][line:160][INFO] 
Accuracy:78	36	58	31	38	73	28	38	0	Avg Acc: 47.92
[2025-01-01 13:16:52,079][main.py][line:83][INFO] Task 7. Time 153.26
[2025-01-01 13:16:58,567][method.py][line:160][INFO] 
Accuracy:78	36	58	31	38	73	28	35	0	Avg Acc: 47.50
[2025-01-01 13:17:00,657][main.py][line:83][INFO] Task 7. Time 161.84
[2025-01-01 13:17:06,550][method.py][line:160][INFO] 
Accuracy:78	36	58	31	38	73	28	40	0	Avg Acc: 48.12
[2025-01-01 13:17:08,760][main.py][line:83][INFO] Task 7. Time 169.94
[2025-01-01 13:17:15,350][method.py][line:160][INFO] 
Accuracy:78	36	58	31	38	73	28	40	0	Avg Acc: 48.12
[2025-01-01 13:17:17,601][main.py][line:83][INFO] Task 7. Time 178.78
[2025-01-01 13:17:23,887][method.py][line:160][INFO] 
Accuracy:78	36	58	31	40	73	28	40	0	Avg Acc: 48.33
[2025-01-01 13:17:23,900][utils.py][line:88][INFO] End training-7 GPU Memory Allocated: 27.45 MB, Reserved: 66.00 MB, Max Allocated: 46.80 MB, Max Reserved: 66.00 MB
[2025-01-01 13:17:25,324][main.py][line:104][INFO] x0. indices [0, 1, 2, 3, 4, 5, 6, 7, 8, 9]
[2025-01-01 13:17:25,325][main.py][line:104][INFO] x1. indices [ 0  1  2  3  4  5  6  7  8  9 10 11 12 13 14 15 16 17 18 19 20 21 22 23
 24 25 26 27 28 29 30 31 32 33 34 35 36 37 38 39]
[2025-01-01 13:17:25,326][main.py][line:104][INFO] x2. indices [ 0  1  2  3  4  5  6  7  8  9 10 11 12 13 14 15 16 17 18 19 20 21 22 23
 24 25 26 27 28 29 30 31 32 33 34 35 36 37 38 39]
[2025-01-01 13:17:25,326][main.py][line:104][INFO] x3. indices [ 0  1  2  3  4  5  6  7  8  9 10 11 12 13 14 15 16 17 18 19 20 22 23 24
 25 26 27 28 29 30 31 32 33 34 35 36 37 38 39]
[2025-01-01 13:17:25,326][main.py][line:104][INFO] x4. indices [0 1 2 3 4 5 6 7 8 9]
[2025-01-01 13:17:25,330][main.py][line:70][INFO] 
>>> Task #5 --> Model Training
[2025-01-01 13:17:27,382][main.py][line:83][INFO] Task 8. Time 2.05
[2025-01-01 13:17:34,738][method.py][line:160][INFO] 
Accuracy:78	36	56	33	31	68	26	28	38	Avg Acc: 44.26
[2025-01-01 13:17:36,863][main.py][line:83][INFO] Task 8. Time 11.53
[2025-01-01 13:17:43,708][method.py][line:160][INFO] 
Accuracy:78	31	56	40	31	68	26	26	40	Avg Acc: 44.44
[2025-01-01 13:17:45,829][main.py][line:83][INFO] Task 8. Time 20.50
[2025-01-01 13:17:52,535][method.py][line:160][INFO] 
Accuracy:78	31	56	40	31	68	25	26	35	Avg Acc: 43.70
[2025-01-01 13:17:54,694][main.py][line:83][INFO] Task 8. Time 29.36
[2025-01-01 13:18:01,950][method.py][line:160][INFO] 
Accuracy:78	33	56	40	31	68	25	26	43	Avg Acc: 44.81
[2025-01-01 13:18:04,073][main.py][line:83][INFO] Task 8. Time 38.74
[2025-01-01 13:18:11,142][method.py][line:160][INFO] 
Accuracy:78	35	56	40	31	66	26	26	46	Avg Acc: 45.37
[2025-01-01 13:18:13,206][main.py][line:83][INFO] Task 8. Time 47.88
[2025-01-01 13:18:20,406][method.py][line:160][INFO] 
Accuracy:78	35	56	40	31	66	25	26	48	Avg Acc: 45.37
[2025-01-01 13:18:22,485][main.py][line:83][INFO] Task 8. Time 57.16
[2025-01-01 13:18:29,349][method.py][line:160][INFO] 
Accuracy:78	35	56	40	31	65	25	26	50	Avg Acc: 45.37
[2025-01-01 13:18:31,448][main.py][line:83][INFO] Task 8. Time 66.12
[2025-01-01 13:18:38,219][method.py][line:160][INFO] 
Accuracy:78	35	56	35	31	65	25	26	53	Avg Acc: 45.19
[2025-01-01 13:18:40,398][main.py][line:83][INFO] Task 8. Time 75.07
[2025-01-01 13:18:47,847][method.py][line:160][INFO] 
Accuracy:78	36	56	31	31	65	26	26	56	Avg Acc: 45.56
[2025-01-01 13:18:50,007][main.py][line:83][INFO] Task 8. Time 84.68
[2025-01-01 13:18:56,998][method.py][line:160][INFO] 
Accuracy:78	36	56	28	33	65	26	25	55	Avg Acc: 45.00
[2025-01-01 13:18:59,103][main.py][line:83][INFO] Task 8. Time 93.77
[2025-01-01 13:19:06,396][method.py][line:160][INFO] 
Accuracy:78	36	56	28	35	63	26	25	55	Avg Acc: 45.00
[2025-01-01 13:19:08,608][main.py][line:83][INFO] Task 8. Time 103.28
[2025-01-01 13:19:15,599][method.py][line:160][INFO] 
Accuracy:78	36	56	28	36	63	26	25	60	Avg Acc: 45.74
[2025-01-01 13:19:17,789][main.py][line:83][INFO] Task 8. Time 112.46
[2025-01-01 13:19:24,881][method.py][line:160][INFO] 
Accuracy:78	36	56	25	38	63	26	23	51	Avg Acc: 44.44
[2025-01-01 13:19:26,994][main.py][line:83][INFO] Task 8. Time 121.66
[2025-01-01 13:19:34,046][method.py][line:160][INFO] 
Accuracy:78	36	56	25	40	63	26	23	58	Avg Acc: 45.37
[2025-01-01 13:19:36,156][main.py][line:83][INFO] Task 8. Time 130.83
[2025-01-01 13:19:42,907][method.py][line:160][INFO] 
Accuracy:78	36	56	23	41	61	26	23	58	Avg Acc: 45.19
[2025-01-01 13:19:45,000][main.py][line:83][INFO] Task 8. Time 139.67
[2025-01-01 13:19:52,216][method.py][line:160][INFO] 
Accuracy:78	35	56	21	41	61	26	23	53	Avg Acc: 44.26
[2025-01-01 13:19:54,471][main.py][line:83][INFO] Task 8. Time 149.14
[2025-01-01 13:20:01,185][method.py][line:160][INFO] 
Accuracy:78	35	56	21	41	61	26	23	58	Avg Acc: 44.81
[2025-01-01 13:20:03,301][main.py][line:83][INFO] Task 8. Time 157.97
[2025-01-01 13:20:10,133][method.py][line:160][INFO] 
Accuracy:78	35	56	20	41	61	26	23	58	Avg Acc: 44.63
[2025-01-01 13:20:12,346][main.py][line:83][INFO] Task 8. Time 167.02
[2025-01-01 13:20:19,455][method.py][line:160][INFO] 
Accuracy:78	36	56	20	41	61	26	23	55	Avg Acc: 44.44
[2025-01-01 13:20:21,526][main.py][line:83][INFO] Task 8. Time 176.20
[2025-01-01 13:20:27,853][method.py][line:160][INFO] 
Accuracy:78	35	56	20	41	61	26	23	58	Avg Acc: 44.63
[2025-01-01 13:20:27,865][utils.py][line:88][INFO] End training-8 GPU Memory Allocated: 26.78 MB, Reserved: 66.00 MB, Max Allocated: 47.01 MB, Max Reserved: 66.00 MB
[2025-01-01 13:20:29,425][main.py][line:104][INFO] x0. indices [0, 1, 2, 3, 4, 5, 6, 7, 8, 9]
[2025-01-01 13:20:29,425][main.py][line:104][INFO] x1. indices [ 0  1  2  3  4  5  6  7  8  9 10 11 12 13 14 15 16 17 18 19 20 21 22 23
 24 25 26 27 28 29 30 31 32 33 34 35 36 37 38 39]
[2025-01-01 13:20:29,426][main.py][line:104][INFO] x2. indices [ 0  1  2  3  4  5  6  7  8  9 10 11 12 13 14 15 16 17 18 19 20 21 22 23
 24 25 26 27 28 29 30 31 32 33 34 35 36 37 38 39]
[2025-01-01 13:20:29,426][main.py][line:104][INFO] x3. indices [ 0  1  2  3  4  5  6  7  8  9 10 11 12 13 14 15 16 17 18 19 20 22 23 24
 25 26 27 28 29 30 31 32 33 34 35 36 37 38 39]
[2025-01-01 13:20:29,426][main.py][line:104][INFO] x4. indices [0 1 2 3 4 5 6 7 8 9]
[2025-01-01 13:20:29,429][main.py][line:119][INFO] 
Final Results
[2025-01-01 13:20:29,429][main.py][line:120][INFO] Acc:[100.0, 85.83, 68.89, 63.75, 63.67, 62.78, 52.14, 48.33, 45.74]- Avg Acc:65.68
